2024-11-29 12:56:57,156 [ERROR] LogOutputStream:75 - [STDERR_REDIRECT] 
2024-11-29 18:56:15,394 [INFO] Activator:176 - 


2024-11-29 18:56:15,399 [INFO] Activator:177 - !SESSION log4j initialized
2024-11-29 18:56:24,114 [ERROR] LogOutputStream:75 - [STDERR_REDIRECT] 
2024-11-29 18:56:27,083 [INFO] LogOutputStream:77 - [STDOUT_REDIRECT] 
2024-11-29 18:56:29,146 [INFO] LogOutputStream:77 - [STDOUT_REDIRECT] 
2024-11-29 18:56:31,974 [INFO] ApplicationProperties:184 - Using Application install path: /Applications/STM32CubeIDE.app/Contents/Eclipse/plugins/com.st.stm32cube.common.mx_6.12.1.202409122256
2024-11-29 18:56:32,005 [INFO] DbMcusXml:78 - Set database path to: /Applications/STM32CubeIDE.app/Contents/Eclipse/plugins/com.st.stm32cube.common.mx_6.12.1.202409122256//db//mcu/
2024-11-29 18:56:32,006 [INFO] ApiDb:274 - Set plugin database path to: /Applications/STM32CubeIDE.app/Contents/Eclipse/plugins/com.st.stm32cube.common.mx_6.12.1.202409122256//db//plugins/boardmanager/
2024-11-29 18:56:32,007 [WARN] ApiDb:259 - Overriding images path with different value:  => /Applications/STM32CubeIDE.app/Contents/Eclipse/plugins/com.st.stm32cube.common.mx_6.12.1.202409122256//db//plugins/mcufinder/images/
2024-11-29 18:56:32,019 [INFO] ApiDb:250 - Set database path to: /Users/Zarina/.stmcufinder/plugins/mcufinder//mcu/
2024-11-29 18:56:32,021 [INFO] DbMcusAds:125 - Set database path to: /Users/Zarina/.stmcufinder/plugins/mcufinder//mcu/
2024-11-29 18:56:32,026 [INFO] CrossReferenceDbSqlite:203 - Set database path to: /Users/Zarina/.stmcufinder/plugins/mcufinder//mcu/cs/
2024-11-29 18:56:32,258 [INFO] RulesReader:64 - Compatibility file has been processed (297 Rules)
2024-11-29 18:56:32,452 [INFO] DbMcusXml:78 - Set database path to: /Applications/STM32CubeIDE.app/Contents/Eclipse/plugins/com.st.stm32cube.common.mx_6.12.1.202409122256//db//mcu/
2024-11-29 18:56:32,452 [INFO] ApiDb:274 - Set plugin database path to: /Applications/STM32CubeIDE.app/Contents/Eclipse/plugins/com.st.stm32cube.common.mx_6.12.1.202409122256//db//plugins/boardmanager/
2024-11-29 18:56:32,452 [INFO] ApiDb:261 - Set plugin images path to: /Applications/STM32CubeIDE.app/Contents/Eclipse/plugins/com.st.stm32cube.common.mx_6.12.1.202409122256//db//plugins/mcufinder/images/
2024-11-29 18:56:32,456 [WARN] DbFile:41 - Overriding database path with different value: /Users/Zarina/.stmcufinder/plugins/mcufinder/ => /Users/Zarina/.stmcufinder/plugins/mcufinder
2024-11-29 18:56:32,456 [INFO] ApiDb:250 - Set database path to: /Users/Zarina/.stmcufinder/plugins/mcufinder//mcu/
2024-11-29 18:56:32,456 [WARN] DbFile:41 - Overriding database path with different value: /Users/Zarina/.stmcufinder/plugins/mcufinder/ => /Users/Zarina/.stmcufinder/plugins/mcufinder
2024-11-29 18:56:32,456 [INFO] DbMcusAds:125 - Set database path to: /Users/Zarina/.stmcufinder/plugins/mcufinder//mcu/
2024-11-29 18:56:32,457 [WARN] DbFile:41 - Overriding database path with different value: /Users/Zarina/.stmcufinder/plugins/mcufinder/ => /Users/Zarina/.stmcufinder/plugins/mcufinder
2024-11-29 18:56:32,457 [WARN] DbFile:41 - Overriding database path with different value: /Users/Zarina/.stmcufinder/plugins/mcufinder/ => /Users/Zarina/.stmcufinder/plugins/mcufinder
2024-11-29 18:56:32,457 [INFO] CrossReferenceDbSqlite:203 - Set database path to: /Users/Zarina/.stmcufinder/plugins/mcufinder//mcu/cs/
2024-11-29 18:56:32,651 [INFO] MainPanel:268 - HeapMemory: 300941312
2024-11-29 18:56:33,966 [INFO] DbMcusXml:78 - Set database path to: /Applications/STM32CubeIDE.app/Contents/Eclipse/plugins/com.st.stm32cube.common.mx_6.12.1.202409122256//db//mcu/
2024-11-29 18:56:33,967 [INFO] ApiDb:274 - Set plugin database path to: /Applications/STM32CubeIDE.app/Contents/Eclipse/plugins/com.st.stm32cube.common.mx_6.12.1.202409122256//db//plugins/boardmanager/
2024-11-29 18:56:33,967 [INFO] ApiDb:261 - Set plugin images path to: /Applications/STM32CubeIDE.app/Contents/Eclipse/plugins/com.st.stm32cube.common.mx_6.12.1.202409122256//db//plugins/mcufinder/images/
2024-11-29 18:56:33,967 [WARN] DbFile:41 - Overriding database path with different value: /Users/Zarina/.stmcufinder/plugins/mcufinder/ => /Users/Zarina/.stmcufinder/plugins/mcufinder
2024-11-29 18:56:33,967 [INFO] ApiDb:250 - Set database path to: /Users/Zarina/.stmcufinder/plugins/mcufinder//mcu/
2024-11-29 18:56:33,968 [WARN] DbFile:41 - Overriding database path with different value: /Users/Zarina/.stmcufinder/plugins/mcufinder/ => /Users/Zarina/.stmcufinder/plugins/mcufinder
2024-11-29 18:56:33,968 [INFO] DbMcusAds:125 - Set database path to: /Users/Zarina/.stmcufinder/plugins/mcufinder//mcu/
2024-11-29 18:56:33,969 [WARN] DbFile:41 - Overriding database path with different value: /Users/Zarina/.stmcufinder/plugins/mcufinder/ => /Users/Zarina/.stmcufinder/plugins/mcufinder
2024-11-29 18:56:33,969 [WARN] DbFile:41 - Overriding database path with different value: /Users/Zarina/.stmcufinder/plugins/mcufinder/ => /Users/Zarina/.stmcufinder/plugins/mcufinder
2024-11-29 18:56:33,969 [INFO] CrossReferenceDbSqlite:203 - Set database path to: /Users/Zarina/.stmcufinder/plugins/mcufinder//mcu/cs/
2024-11-29 18:56:33,996 [INFO] ApplicationProperties:184 - Using Application install path: /Applications/STM32CubeIDE.app/Contents/Eclipse/plugins/com.st.stm32cube.common.mx_6.12.1.202409122256
2024-11-29 18:56:33,999 [INFO] PluginManage:196 - Search for loadable plugins [exclusion list=, ]
2024-11-29 18:56:34,001 [INFO] PluginManage:310 - Check plugin analytics
2024-11-29 18:56:34,391 [INFO] AnalyticsPlugin:253 - Accepted Software Licenses: 
2024-11-29 18:56:34,392 [INFO] AnalyticsPlugin:255 - Accepted CMSIS Pack Licenses: 
2024-11-29 18:56:34,392 [INFO] AnalyticsPlugin:257 - Accepted Firmware Licenses: FW.F4.1.28.0
2024-11-29 18:56:34,399 [INFO] PluginManage:359 - Loaded plugin analytics (category:tool,tabindex:-1)
2024-11-29 18:56:34,400 [INFO] PluginManage:310 - Check plugin cadmodel
2024-11-29 18:56:34,409 [INFO] CADModel:105 - Init CAD model plugin
2024-11-29 18:56:34,409 [INFO] PluginManage:359 - Loaded plugin cadmodel (category:power,tabindex:5)
2024-11-29 18:56:34,410 [INFO] PluginManage:310 - Check plugin clock
2024-11-29 18:56:34,427 [INFO] PluginManage:359 - Loaded plugin clock (category:base,tabindex:2)
2024-11-29 18:56:34,428 [INFO] PluginManage:310 - Check plugin ddr
2024-11-29 18:56:34,432 [INFO] PluginManage:359 - Loaded plugin ddr (category:tool,tabindex:6)
2024-11-29 18:56:34,433 [INFO] PluginManage:310 - Check plugin filemanager
2024-11-29 18:56:34,773 [INFO] PluginManage:359 - Loaded plugin filemanager (category:base,tabindex:10)
2024-11-29 18:56:34,774 [INFO] PluginManage:310 - Check plugin ipmanager
2024-11-29 18:56:34,791 [INFO] PluginManage:359 - Loaded plugin ipmanager (category:base,tabindex:5)
2024-11-29 18:56:34,792 [INFO] PluginManage:310 - Check plugin lpbam
2024-11-29 18:56:34,816 [INFO] PluginManage:359 - Loaded plugin lpbam (category:base,tabindex:0)
2024-11-29 18:56:34,817 [INFO] PluginManage:310 - Check plugin memorymap
2024-11-29 18:56:34,843 [INFO] PluginManage:359 - Loaded plugin memorymap (category:base,tabindex:4)
2024-11-29 18:56:34,843 [INFO] PluginManage:310 - Check plugin pinoutandconfiguration
2024-11-29 18:56:34,861 [INFO] PluginManage:359 - Loaded plugin pinoutandconfiguration (category:base,tabindex:1)
2024-11-29 18:56:34,861 [INFO] PluginManage:310 - Check plugin pinoutconfig
2024-11-29 18:56:35,085 [WARN] SupportedApi:132 - Cannot load RTOS API schema: s4s-elt-must-match.1: The content of 'definitions' must match (annotation?, (simpleType | complexType)?, (unique | key | keyref)*)). A problem was found starting at: attribute.
2024-11-29 18:56:35,394 [INFO] PluginManage:359 - Loaded plugin pinoutconfig (category:base,tabindex:0)
2024-11-29 18:56:35,394 [INFO] PluginManage:310 - Check plugin power
2024-11-29 18:56:35,413 [INFO] PluginManage:359 - Loaded plugin power (category:power,tabindex:4)
2024-11-29 18:56:35,413 [INFO] PluginManage:310 - Check plugin projectmanager
2024-11-29 18:56:35,444 [INFO] PluginManage:359 - Loaded plugin projectmanager (category:projectmanager,tabindex:4)
2024-11-29 18:56:35,445 [INFO] PluginManage:310 - Check plugin rif
2024-11-29 18:56:35,454 [INFO] PluginManage:359 - Loaded plugin rif (category:base,tabindex:3)
2024-11-29 18:56:35,454 [INFO] PluginManage:310 - Check plugin thirdparty
2024-11-29 18:56:35,714 [WARN] IntegrityCheckThread:84 - waiting for thirdparty lock release [integrity check]
2024-11-29 18:56:35,715 [INFO] IntegrityCheckThread:86 - entering critical section [integrity check]
2024-11-29 18:56:35,715 [INFO] PluginManage:359 - Loaded plugin thirdparty (category:base,tabindex:-1)
2024-11-29 18:56:35,716 [INFO] PluginManage:310 - Check plugin tools
2024-11-29 18:56:35,716 [INFO] ThirdPartyUpdaterWithRetryManager:70 - Updater plugin not ready yet. [1/15]
2024-11-29 18:56:35,720 [INFO] PluginManage:359 - Loaded plugin tools (category:base,tabindex:7)
2024-11-29 18:56:35,721 [INFO] PluginManage:310 - Check plugin tutovideos
2024-11-29 18:56:36,147 [INFO] PluginManage:359 - Loaded plugin tutovideos (category:base,tabindex:-1)
2024-11-29 18:56:36,147 [INFO] PluginManage:310 - Check plugin updater
2024-11-29 18:56:36,179 [INFO] PluginManage:359 - Loaded plugin updater (category:base,tabindex:12)
2024-11-29 18:56:36,180 [INFO] PluginManage:310 - Check plugin userauth
2024-11-29 18:56:36,189 [INFO] UserAuth:113 - Init User Auth plugin
2024-11-29 18:56:36,189 [INFO] PluginManage:359 - Loaded plugin userauth (category:base,tabindex:14)
2024-11-29 18:56:36,190 [INFO] PluginManage:283 - PluginManage : Loaded plugins [18]
2024-11-29 18:56:36,590 [INFO] PinOutPanel:1561 - setPackage(No Configuration,No Configuration)
2024-11-29 18:56:36,759 [INFO] CADModel:165 - CPN selected for project level
2024-11-29 18:56:36,759 [INFO] CADModel:114 - Register for checkConnection events
2024-11-29 18:56:36,783 [INFO] IPUIPlugin:80 - create IPUIPlugin
2024-11-29 18:56:36,785 [INFO] PluginManager:220 - loadIPPluginJar : add mdma
2024-11-29 18:56:36,796 [INFO] IPUIPlugin:80 - create IPUIPlugin
2024-11-29 18:56:36,797 [INFO] PluginManager:220 - loadIPPluginJar : add freertos
2024-11-29 18:56:36,805 [INFO] IPUIPlugin:80 - create IPUIPlugin
2024-11-29 18:56:36,806 [INFO] PluginManager:220 - loadIPPluginJar : add gic
2024-11-29 18:56:36,820 [INFO] IPUIPlugin:80 - create IPUIPlugin
2024-11-29 18:56:36,820 [INFO] PluginManager:220 - loadIPPluginJar : add adc
2024-11-29 18:56:36,825 [INFO] IPUIPlugin:80 - create IPUIPlugin
2024-11-29 18:56:36,825 [INFO] PluginManager:220 - loadIPPluginJar : add gtzc
2024-11-29 18:56:36,827 [INFO] IPUIPlugin:80 - create IPUIPlugin
2024-11-29 18:56:36,828 [INFO] PluginManager:220 - loadIPPluginJar : add quadspi
2024-11-29 18:56:36,832 [INFO] IPUIPlugin:80 - create IPUIPlugin
2024-11-29 18:56:36,832 [INFO] PluginManager:220 - loadIPPluginJar : add aes
2024-11-29 18:56:36,837 [INFO] IPUIPlugin:80 - create IPUIPlugin
2024-11-29 18:56:36,838 [INFO] PluginManager:220 - loadIPPluginJar : add pdm2pcm
2024-11-29 18:56:36,841 [INFO] IPUIPlugin:80 - create IPUIPlugin
2024-11-29 18:56:36,841 [INFO] PluginManager:220 - loadIPPluginJar : add hash
2024-11-29 18:56:36,845 [INFO] IPUIPlugin:80 - create IPUIPlugin
2024-11-29 18:56:36,845 [INFO] PluginManager:220 - loadIPPluginJar : add tim
2024-11-29 18:56:36,847 [INFO] IPUIPlugin:80 - create IPUIPlugin
2024-11-29 18:56:36,847 [INFO] PluginManager:220 - loadIPPluginJar : add tsc
2024-11-29 18:56:36,852 [INFO] IPUIPlugin:80 - create IPUIPlugin
2024-11-29 18:56:36,853 [INFO] PluginManager:220 - loadIPPluginJar : add extmemmanager
2024-11-29 18:56:36,856 [INFO] IPUIPlugin:80 - create IPUIPlugin
2024-11-29 18:56:36,856 [INFO] PluginManager:220 - loadIPPluginJar : add ts
2024-11-29 18:56:36,860 [INFO] IPUIPlugin:80 - create IPUIPlugin
2024-11-29 18:56:36,861 [INFO] PluginManager:220 - loadIPPluginJar : add radio
2024-11-29 18:56:36,867 [INFO] IPUIPlugin:80 - create IPUIPlugin
2024-11-29 18:56:36,867 [INFO] PluginManager:220 - loadIPPluginJar : add can
2024-11-29 18:56:36,872 [INFO] IPUIPlugin:80 - create IPUIPlugin
2024-11-29 18:56:36,873 [INFO] PluginManager:220 - loadIPPluginJar : add dma3
2024-11-29 18:56:36,881 [INFO] IPUIPlugin:80 - create IPUIPlugin
2024-11-29 18:56:36,882 [INFO] PluginManager:220 - loadIPPluginJar : add dfsdm
2024-11-29 18:56:36,887 [INFO] IPUIPlugin:80 - create IPUIPlugin
2024-11-29 18:56:36,887 [INFO] PluginManager:220 - loadIPPluginJar : add spi
2024-11-29 18:56:36,892 [INFO] IPUIPlugin:80 - create IPUIPlugin
2024-11-29 18:56:36,892 [INFO] PluginManager:220 - loadIPPluginJar : add gfxmmu
2024-11-29 18:56:36,896 [INFO] IPUIPlugin:80 - create IPUIPlugin
2024-11-29 18:56:36,896 [INFO] PluginManager:220 - loadIPPluginJar : add genericplugin
2024-11-29 18:56:36,901 [INFO] IPUIPlugin:80 - create IPUIPlugin
2024-11-29 18:56:36,902 [INFO] PluginManager:220 - loadIPPluginJar : add cryp
2024-11-29 18:56:36,910 [INFO] IPUIPlugin:80 - create IPUIPlugin
2024-11-29 18:56:36,910 [INFO] PluginManager:220 - loadIPPluginJar : add gpio
2024-11-29 18:56:36,915 [INFO] IPUIPlugin:80 - create IPUIPlugin
2024-11-29 18:56:36,916 [INFO] PluginManager:220 - loadIPPluginJar : add ddr_ctrl_phy
2024-11-29 18:56:36,919 [INFO] IPUIPlugin:80 - create IPUIPlugin
2024-11-29 18:56:36,919 [INFO] PluginManager:220 - loadIPPluginJar : add comp
2024-11-29 18:56:36,922 [INFO] IPUIPlugin:80 - create IPUIPlugin
2024-11-29 18:56:36,923 [INFO] PluginManager:220 - loadIPPluginJar : add tracer_emb
2024-11-29 18:56:36,928 [INFO] IPUIPlugin:80 - create IPUIPlugin
2024-11-29 18:56:36,929 [INFO] PluginManager:220 - loadIPPluginJar : add openamp
2024-11-29 18:56:36,937 [INFO] IPUIPlugin:80 - create IPUIPlugin
2024-11-29 18:56:36,937 [INFO] PluginManager:220 - loadIPPluginJar : add stm32_wpan
2024-11-29 18:56:36,950 [INFO] IPUIPlugin:80 - create IPUIPlugin
2024-11-29 18:56:36,955 [INFO] PluginManager:220 - loadIPPluginJar : add plateformsettings
2024-11-29 18:56:36,960 [INFO] IPUIPlugin:80 - create IPUIPlugin
2024-11-29 18:56:36,960 [INFO] PluginManager:220 - loadIPPluginJar : add ipddr
2024-11-29 18:56:36,964 [INFO] IPUIPlugin:80 - create IPUIPlugin
2024-11-29 18:56:36,964 [INFO] PluginManager:220 - loadIPPluginJar : add usart
2024-11-29 18:56:36,966 [INFO] IPUIPlugin:80 - create IPUIPlugin
2024-11-29 18:56:36,967 [INFO] PluginManager:220 - loadIPPluginJar : add ltdc
2024-11-29 18:56:36,973 [INFO] IPUIPlugin:80 - create IPUIPlugin
2024-11-29 18:56:36,974 [INFO] PluginManager:220 - loadIPPluginJar : add nvic
2024-11-29 18:56:36,976 [INFO] IPUIPlugin:80 - create IPUIPlugin
2024-11-29 18:56:36,976 [INFO] PluginManager:220 - loadIPPluginJar : add fatfs
2024-11-29 18:56:36,987 [INFO] IPUIPlugin:80 - create IPUIPlugin
2024-11-29 18:56:36,988 [INFO] PluginManager:220 - loadIPPluginJar : add linkedlist
2024-11-29 18:56:36,995 [INFO] IPUIPlugin:80 - create IPUIPlugin
2024-11-29 18:56:36,996 [INFO] PluginManager:220 - loadIPPluginJar : add dma
2024-11-29 18:56:37,001 [INFO] IPUIPlugin:80 - create IPUIPlugin
2024-11-29 18:56:37,001 [INFO] PluginManager:220 - loadIPPluginJar : add fmc
2024-11-29 18:56:37,005 [INFO] IPUIPlugin:80 - create IPUIPlugin
2024-11-29 18:56:37,005 [INFO] PluginManager:220 - loadIPPluginJar : add i2s
2024-11-29 18:56:37,008 [INFO] IPUIPlugin:80 - create IPUIPlugin
2024-11-29 18:56:37,008 [INFO] PluginManager:220 - loadIPPluginJar : add ucpd
2024-11-29 18:56:37,012 [INFO] IPUIPlugin:80 - create IPUIPlugin
2024-11-29 18:56:37,012 [INFO] PluginManager:220 - loadIPPluginJar : add lorawan
2024-11-29 18:56:37,016 [INFO] IPUIPlugin:80 - create IPUIPlugin
2024-11-29 18:56:37,016 [INFO] PluginManager:220 - loadIPPluginJar : add opamp
2024-11-29 18:56:37,020 [INFO] IPUIPlugin:80 - create IPUIPlugin
2024-11-29 18:56:37,021 [INFO] PluginManager:220 - loadIPPluginJar : add i3c
2024-11-29 18:56:37,026 [INFO] IPUIPlugin:80 - create IPUIPlugin
2024-11-29 18:56:37,027 [INFO] PluginManager:220 - loadIPPluginJar : add touchsensing
2024-11-29 18:56:37,031 [INFO] IPUIPlugin:80 - create IPUIPlugin
2024-11-29 18:56:37,032 [INFO] PluginManager:220 - loadIPPluginJar : add i2c
2024-11-29 18:56:37,037 [INFO] IPUIPlugin:80 - create IPUIPlugin
2024-11-29 18:56:37,038 [INFO] PluginManager:220 - loadIPPluginJar : add resmgrutility
2024-11-29 18:56:37,043 [INFO] IPUIPlugin:80 - create IPUIPlugin
2024-11-29 18:56:37,043 [INFO] PluginManager:220 - loadIPPluginJar : add sai
2024-11-29 18:56:37,047 [INFO] IPUIPlugin:80 - create IPUIPlugin
2024-11-29 18:56:37,048 [INFO] PluginManager:220 - loadIPPluginJar : add usbx
2024-11-29 18:56:37,187 [INFO] CADModel:165 - CPN selected for project level
2024-11-29 18:56:37,187 [INFO] CADModel:114 - Register for checkConnection events
2024-11-29 18:56:37,188 [FATAL] Updater:334 - Updater called before beeing initialized
2024-11-29 18:56:37,188 [ERROR] CADModel:125 - Updater not yet initialized, retry later 
2024-11-29 18:56:37,442 [INFO] CADModel:165 - CPN selected for project level
2024-11-29 18:56:37,442 [INFO] CADModel:114 - Register for checkConnection events
2024-11-29 18:56:37,442 [FATAL] Updater:334 - Updater called before beeing initialized
2024-11-29 18:56:37,442 [ERROR] CADModel:125 - Updater not yet initialized, retry later 
2024-11-29 18:56:37,448 [FATAL] Updater:334 - Updater called before beeing initialized
2024-11-29 18:56:37,665 [FATAL] Updater:334 - Updater called before beeing initialized
2024-11-29 18:56:37,673 [INFO] DbMcusAds:53 - JSON generation date=Fri Sep 20 06:04:38 PDT 2024 (1726837478367)
2024-11-29 18:56:37,673 [FATAL] Updater:334 - Updater called before beeing initialized
2024-11-29 18:56:37,845 [WARN] DetailPanel:346 - Failed to get advertising image, set to default
2024-11-29 18:56:38,053 [FATAL] Updater:334 - Updater called before beeing initialized
2024-11-29 18:56:38,057 [FATAL] Updater:334 - Updater called before beeing initialized
2024-11-29 18:56:38,057 [FATAL] Updater:334 - Updater called before beeing initialized
2024-11-29 18:56:38,057 [WARN] DetailPanel:346 - Failed to get advertising image, set to default
2024-11-29 18:56:38,059 [FATAL] Updater:334 - Updater called before beeing initialized
2024-11-29 18:56:38,136 [ERROR] Updater:1164 - MainUpdater not yet initialized. External WinMGr cannot be set.
2024-11-29 18:56:38,172 [INFO] Updater:1100 - Updater Version found : 6.12.1
2024-11-29 18:56:38,203 [INFO] ApplicationProperties:184 - Using Application install path: /Applications/STM32CubeIDE.app/Contents/Eclipse/plugins/com.st.stm32cube.common.mx_6.12.1.202409122256
2024-11-29 18:56:38,719 [INFO] ThirdPartyUpdaterWithRetryManager:70 - Updater plugin not ready yet. [2/15]
2024-11-29 18:56:39,090 [INFO] MainUpdater:2873 - connection check result : 10
2024-11-29 18:56:39,092 [INFO] MainUpdater:290 - Updater Check For Update Now.
2024-11-29 18:56:39,092 [INFO] MicroXplorer:498 - Change Database Version : DB.6.0.121
2024-11-29 18:56:39,116 [INFO] McuFinderGlobals:63 - Set McuFinder mode to 2 (CubeIDE integrated)
2024-11-29 18:56:39,117 [INFO] UserAuth:417 - Internet connection configuration mode: 1
2024-11-29 18:56:39,159 [INFO] JxBrowserEngine:152 - Initiate JxBrowser Engine with user profile folder
2024-11-29 18:56:39,446 [INFO] CheckServerUpdateThread:120 - End of CheckServer Thread
2024-11-29 18:56:41,229 [INFO] WebApp:167 - Instantiating new browser for Auth
2024-11-29 18:56:42,291 [WARN] PackLoader:240 - Cannot read IP mode file for STMicroelectronics.FP-SNS-MOTENVWB1.1.4.0
2024-11-29 18:56:42,311 [WARN] PackLoader:240 - Cannot read IP mode file for STMicroelectronics.FP-ATR-ASTRA1.2.0.1
2024-11-29 18:56:42,333 [WARN] PackLoader:240 - Cannot read IP mode file for STMicroelectronics.X-CUBE-SMBUS.2.1.0
2024-11-29 18:56:42,350 [WARN] PackLoader:240 - Cannot read IP mode file for STMicroelectronics.X-CUBE-WB05N.1.1.0
2024-11-29 18:56:42,646 [WARN] PackLoader:240 - Cannot read IP mode file for STMicroelectronics.X-CUBE-AZRTOS-F7.1.1.0
2024-11-29 18:56:43,126 [WARN] PackLoader:240 - Cannot read IP mode file for STMicroelectronics.X-CUBE-MEMS1.11.0.0
2024-11-29 18:56:43,214 [INFO] WebApp:448 - Apply proxy settings
2024-11-29 18:56:43,220 [INFO] WebApp:493 - Chromium authenticates against Manually configured proxy
2024-11-29 18:56:43,261 [INFO] WebApp:501 - Username used for proxy authentication: 
2024-11-29 18:56:43,372 [INFO] WebApp:869 - Register for checkConnection events
2024-11-29 18:56:43,372 [INFO] WebApp:448 - Apply proxy settings
2024-11-29 18:56:43,376 [INFO] WebApp:493 - Chromium authenticates against Manually configured proxy
2024-11-29 18:56:43,378 [INFO] WebApp:501 - Username used for proxy authentication: 
2024-11-29 18:56:43,640 [INFO] WebApp:186 - Connection restablished
2024-11-29 18:56:44,408 [WARN] PackLoader:240 - Cannot read IP mode file for STMicroelectronics.FP-SNS-FLIGHT1.5.0.2
2024-11-29 18:56:44,423 [WARN] PackLoader:240 - Cannot read IP mode file for STMicroelectronics.X-CUBE-DISPLAY.3.0.0
2024-11-29 18:56:44,490 [WARN] PackLoader:240 - Cannot read IP mode file for STMicroelectronics.X-CUBE-BLE1.7.0.0
2024-11-29 18:56:44,495 [INFO] WebApp:220 - Starting web application
2024-11-29 18:56:44,496 [INFO] WebApp:578 - Web application path used /Applications/STM32CubeIDE.app/Contents/Eclipse/plugins/com.st.stm32cube.common.mx_6.12.1.202409122256/db/plugins/mcufinder/reactClient1/index.html
2024-11-29 18:56:44,754 [WARN] PackLoader:240 - Cannot read IP mode file for STMicroelectronics.X-CUBE-NFC10.1.0.0
2024-11-29 18:56:44,777 [INFO] UserAuth:417 - Internet connection configuration mode: 1
2024-11-29 18:56:44,883 [WARN] PackLoader:240 - Cannot read IP mode file for emotas.I-CUBE-CANOPEN.1.3.0
2024-11-29 18:56:44,920 [WARN] PackLoader:240 - Cannot read IP mode file for STMicroelectronics.X-CUBE-BLEMGR.3.1.0
2024-11-29 18:56:44,988 [WARN] PackLoader:240 - Cannot read IP mode file for STMicroelectronics.FP-SNS-SMARTAG2.1.2.0
2024-11-29 18:56:45,103 [INFO] LogOutputStream:77 - [STDOUT_REDIRECT] 1 : Invalid condition id : UX_CORESTACK_Condition cause : null
2024-11-29 18:56:45,105 [INFO] LogOutputStream:77 - [STDOUT_REDIRECT] 1 : Invalid condition id : UX_CORESTACK_Condition cause : null
2024-11-29 18:56:45,105 [INFO] LogOutputStream:77 - [STDOUT_REDIRECT] 1 : Invalid condition id : UX_CORESTACK_Condition cause : null
2024-11-29 18:56:45,106 [INFO] LogOutputStream:77 - [STDOUT_REDIRECT] 1 : Invalid condition id : UX_CORESTACK_Condition cause : null
2024-11-29 18:56:45,107 [INFO] LogOutputStream:77 - [STDOUT_REDIRECT] 1 : Invalid condition id : UX_CORESTACK_Condition cause : null
2024-11-29 18:56:45,123 [WARN] PackLoader:240 - Cannot read IP mode file for STMicroelectronics.X-CUBE-AZRTOS-WL.2.0.0
2024-11-29 18:56:45,180 [WARN] PackLoader:240 - Cannot read IP mode file for STMicroelectronics.FP-SNS-MOTENV1.5.0.0
2024-11-29 18:56:45,190 [WARN] PackLoader:240 - Cannot read IP mode file for wolfSSL.I-CUBE-wolfMQTT.1.19.0
2024-11-29 18:56:45,202 [WARN] PackLoader:240 - Cannot read IP mode file for WES.I-CUBE-Cesium.1.3.0
2024-11-29 18:56:45,212 [WARN] PackLoader:240 - Cannot read IP mode file for STMicroelectronics.X-CUBE-BLE2.3.3.0
2024-11-29 18:56:45,227 [WARN] PackLoader:240 - Cannot read IP mode file for STMicroelectronics.X-CUBE-NFC9.1.0.0
2024-11-29 18:56:45,271 [WARN] PackLoader:240 - Cannot read IP mode file for STMicroelectronics.X-CUBE-TCPP.4.1.0
2024-11-29 18:56:45,362 [WARN] PackLoader:240 - Cannot read IP mode file for STMicroelectronics.X-CUBE-AZRTOS-G0.1.1.0
2024-11-29 18:56:45,424 [WARN] PackLoader:240 - Cannot read IP mode file for STMicroelectronics.X-CUBE-SAFEA1.1.2.2
2024-11-29 18:56:45,436 [WARN] PackLoader:240 - Cannot read IP mode file for STMicroelectronics.X-CUBE-NFC4.3.0.0
2024-11-29 18:56:45,454 [WARN] PackLoader:240 - Cannot read IP mode file for EmbeddedOffice.I-CUBE-FS-RTOS.1.0.1
2024-11-29 18:56:45,455 [ERROR] ConditionMgr:805 - Attr not supported : Dmpu
2024-11-29 18:56:45,456 [ERROR] ConditionMgr:805 - Attr not supported : Dmpu
2024-11-29 18:56:45,456 [ERROR] ConditionMgr:805 - Attr not supported : Dmpu
2024-11-29 18:56:45,456 [ERROR] ConditionMgr:805 - Attr not supported : Dmpu
2024-11-29 18:56:45,456 [ERROR] ConditionMgr:805 - Attr not supported : Dmpu
2024-11-29 18:56:45,456 [ERROR] ConditionMgr:805 - Attr not supported : Dmpu
2024-11-29 18:56:45,457 [ERROR] ConditionMgr:805 - Attr not supported : Dmpu
2024-11-29 18:56:45,457 [ERROR] ConditionMgr:805 - Attr not supported : Dmpu
2024-11-29 18:56:45,457 [ERROR] ConditionMgr:805 - Attr not supported : Dmpu
2024-11-29 18:56:45,457 [ERROR] ConditionMgr:805 - Attr not supported : Dmpu
2024-11-29 18:56:45,458 [ERROR] ConditionMgr:805 - Attr not supported : Dmpu
2024-11-29 18:56:45,458 [ERROR] ConditionMgr:805 - Attr not supported : Dmpu
2024-11-29 18:56:45,458 [ERROR] ConditionMgr:805 - Attr not supported : Dmpu
2024-11-29 18:56:45,458 [ERROR] ConditionMgr:805 - Attr not supported : Dmpu
2024-11-29 18:56:45,458 [ERROR] ConditionMgr:805 - Attr not supported : Dmpu
2024-11-29 18:56:45,459 [ERROR] ConditionMgr:805 - Attr not supported : Dmpu
2024-11-29 18:56:45,459 [ERROR] ConditionMgr:805 - Attr not supported : Dmpu
2024-11-29 18:56:45,459 [ERROR] ConditionMgr:805 - Attr not supported : Dmpu
2024-11-29 18:56:45,459 [ERROR] ConditionMgr:805 - Attr not supported : Dmpu
2024-11-29 18:56:45,459 [ERROR] ConditionMgr:805 - Attr not supported : Dmpu
2024-11-29 18:56:45,459 [ERROR] ConditionMgr:805 - Attr not supported : Dmpu
2024-11-29 18:56:45,459 [ERROR] ConditionMgr:805 - Attr not supported : Dmpu
2024-11-29 18:56:45,460 [ERROR] ConditionMgr:805 - Attr not supported : Dmpu
2024-11-29 18:56:45,460 [ERROR] ConditionMgr:805 - Attr not supported : Dmpu
2024-11-29 18:56:45,460 [ERROR] ConditionMgr:805 - Attr not supported : Dmpu
2024-11-29 18:56:45,460 [ERROR] ConditionMgr:805 - Attr not supported : Dmpu
2024-11-29 18:56:45,460 [ERROR] ConditionMgr:805 - Attr not supported : Dmpu
2024-11-29 18:56:45,460 [ERROR] ConditionMgr:805 - Attr not supported : Dmpu
2024-11-29 18:56:45,460 [ERROR] ConditionMgr:805 - Attr not supported : Dmpu
2024-11-29 18:56:45,460 [ERROR] ConditionMgr:805 - Attr not supported : Dmpu
2024-11-29 18:56:45,461 [ERROR] ConditionMgr:805 - Attr not supported : Dmpu
2024-11-29 18:56:45,461 [ERROR] ConditionMgr:805 - Attr not supported : Dmpu
2024-11-29 18:56:45,461 [ERROR] ConditionMgr:805 - Attr not supported : Dmpu
2024-11-29 18:56:45,461 [ERROR] ConditionMgr:805 - Attr not supported : Dmpu
2024-11-29 18:56:45,461 [ERROR] ConditionMgr:805 - Attr not supported : Dmpu
2024-11-29 18:56:45,461 [ERROR] ConditionMgr:805 - Attr not supported : Dmpu
2024-11-29 18:56:45,461 [ERROR] ConditionMgr:805 - Attr not supported : Dmpu
2024-11-29 18:56:45,462 [ERROR] ConditionMgr:805 - Attr not supported : Dmpu
2024-11-29 18:56:45,462 [ERROR] ConditionMgr:805 - Attr not supported : Dmpu
2024-11-29 18:56:45,462 [ERROR] ConditionMgr:805 - Attr not supported : Dmpu
2024-11-29 18:56:45,462 [ERROR] ConditionMgr:805 - Attr not supported : Dmpu
2024-11-29 18:56:45,462 [ERROR] ConditionMgr:805 - Attr not supported : Dmpu
2024-11-29 18:56:45,462 [ERROR] ConditionMgr:805 - Attr not supported : Dmpu
2024-11-29 18:56:45,463 [ERROR] ConditionMgr:805 - Attr not supported : Dmpu
2024-11-29 18:56:45,463 [ERROR] ConditionMgr:805 - Attr not supported : Dmpu
2024-11-29 18:56:45,463 [ERROR] ConditionMgr:805 - Attr not supported : Dmpu
2024-11-29 18:56:45,463 [ERROR] ConditionMgr:805 - Attr not supported : Dmpu
2024-11-29 18:56:45,463 [ERROR] ConditionMgr:805 - Attr not supported : Dmpu
2024-11-29 18:56:45,464 [ERROR] ConditionMgr:805 - Attr not supported : Dmpu
2024-11-29 18:56:45,464 [ERROR] ConditionMgr:805 - Attr not supported : Dmpu
2024-11-29 18:56:45,464 [ERROR] ConditionMgr:805 - Attr not supported : Dmpu
2024-11-29 18:56:45,464 [ERROR] ConditionMgr:805 - Attr not supported : Dmpu
2024-11-29 18:56:45,464 [ERROR] ConditionMgr:805 - Attr not supported : Dmpu
2024-11-29 18:56:45,464 [ERROR] ConditionMgr:805 - Attr not supported : Dmpu
2024-11-29 18:56:45,464 [ERROR] ConditionMgr:805 - Attr not supported : Dmpu
2024-11-29 18:56:45,465 [ERROR] ConditionMgr:805 - Attr not supported : Dmpu
2024-11-29 18:56:45,465 [ERROR] ConditionMgr:805 - Attr not supported : Dmpu
2024-11-29 18:56:45,465 [ERROR] ConditionMgr:805 - Attr not supported : Dmpu
2024-11-29 18:56:45,465 [ERROR] ConditionMgr:805 - Attr not supported : Dmpu
2024-11-29 18:56:45,465 [ERROR] ConditionMgr:805 - Attr not supported : Dmpu
2024-11-29 18:56:45,465 [ERROR] ConditionMgr:805 - Attr not supported : Dmpu
2024-11-29 18:56:45,465 [ERROR] ConditionMgr:805 - Attr not supported : Dmpu
2024-11-29 18:56:45,466 [ERROR] ConditionMgr:805 - Attr not supported : Dmpu
2024-11-29 18:56:45,466 [ERROR] ConditionMgr:805 - Attr not supported : Dmpu
2024-11-29 18:56:45,508 [WARN] PackLoader:240 - Cannot read IP mode file for RealThread.X-CUBE-RT-Thread_Nano.4.1.1
2024-11-29 18:56:45,519 [WARN] PackLoader:240 - Cannot read IP mode file for STMicroelectronics.FP-ATR-SIGFOX1.3.2.0
2024-11-29 18:56:45,534 [WARN] PackLoader:240 - Cannot read IP mode file for wolfSSL.I-CUBE-wolfSSL.5.7.2
2024-11-29 18:56:45,554 [WARN] ConditionMgr:438 - getConditionDescription Invalid condition id : Cortex-A Device cause : null
2024-11-29 18:56:45,626 [WARN] ConditionMgr:1039 - genDependencies : Invalid condition id : Cortex-A Device cause : null
2024-11-29 18:56:45,627 [WARN] ConditionMgr:1039 - genDependencies : Invalid condition id : Cortex-A Device cause : null
2024-11-29 18:56:45,627 [WARN] ConditionMgr:1039 - genDependencies : Invalid condition id : Cortex-A Device cause : null
2024-11-29 18:56:45,702 [WARN] PackLoader:240 - Cannot read IP mode file for STMicroelectronics.X-CUBE-EEPRMA1.5.1.0
2024-11-29 18:56:45,718 [WARN] PackLoader:240 - Cannot read IP mode file for ITTIA_DB.I-CUBE-ITTIADB.8.9.0
2024-11-29 18:56:45,850 [WARN] PackLoader:240 - Cannot read IP mode file for SEGGER.I-CUBE-embOS.1.3.1
2024-11-29 18:56:45,990 [WARN] PackLoader:240 - Cannot read IP mode file for STMicroelectronics.X-CUBE-ALGOBUILD.1.4.0
2024-11-29 18:56:45,998 [WARN] PackLoader:240 - Cannot read IP mode file for STMicroelectronics.X-CUBE-AI.9.1.0
2024-11-29 18:56:46,046 [WARN] PackLoader:240 - Cannot read IP mode file for STMicroelectronics.X-CUBE-AZRTOS-F4.1.1.0
2024-11-29 18:56:46,062 [WARN] PackLoader:240 - Cannot read IP mode file for STMicroelectronics.X-CUBE-ISPU.2.1.0
2024-11-29 18:56:46,072 [WARN] PackLoader:240 - Cannot read IP mode file for STMicroelectronics.X-CUBE-FREERTOS.1.2.0
2024-11-29 18:56:46,118 [WARN] PackLoader:240 - Cannot read IP mode file for STMicroelectronics.X-CUBE-AZRTOS-L5.2.0.0
2024-11-29 18:56:46,141 [WARN] PackLoader:240 - Cannot read IP mode file for STMicroelectronics.X-CUBE-NFC6.3.1.0
2024-11-29 18:56:46,158 [WARN] PackLoader:240 - Cannot read IP mode file for STMicroelectronics.X-CUBE-DPower.1.2.0
2024-11-29 18:56:46,169 [WARN] PackLoader:240 - Cannot read IP mode file for STMicroelectronics.X-CUBE-NFC7.1.0.1
2024-11-29 18:56:46,216 [WARN] ConditionMgr:438 - getConditionDescription Invalid condition id : LAN8742 Phy interface Condition cause : null
2024-11-29 18:56:46,218 [WARN] PackLoader:240 - Cannot read IP mode file for STMicroelectronics.X-CUBE-AZRTOS-L4.2.0.0
2024-11-29 18:56:46,220 [WARN] ConditionMgr:1039 - genDependencies : Invalid condition id : LAN8742 Phy interface Condition cause : null
2024-11-29 18:56:46,220 [WARN] ConditionMgr:1039 - genDependencies : Invalid condition id : LAN8742 Phy interface Condition cause : null
2024-11-29 18:56:46,221 [WARN] ConditionMgr:1039 - genDependencies : Invalid condition id : LAN8742 Phy interface Condition cause : null
2024-11-29 18:56:46,237 [WARN] PackLoader:240 - Cannot read IP mode file for STMicroelectronics.X-CUBE-SFXS2LP1.4.0.0
2024-11-29 18:56:46,306 [WARN] PackLoader:240 - Cannot read IP mode file for STMicroelectronics.X-CUBE-AZRTOS-H7.3.3.0
2024-11-29 18:56:46,340 [WARN] PackLoader:240 - Cannot read IP mode file for STMicroelectronics.X-CUBE-IPS.3.0.0
2024-11-29 18:56:46,382 [WARN] ConditionMgr:438 - getConditionDescription Invalid condition id : UX DEVICE CLASS RTOS Condition cause : null
2024-11-29 18:56:46,383 [WARN] ConditionMgr:438 - getConditionDescription Invalid condition id : UX DEVICE CLASS RTOS Condition cause : null
2024-11-29 18:56:46,388 [WARN] PackLoader:240 - Cannot read IP mode file for STMicroelectronics.X-CUBE-AZRTOS-WB.2.0.0
2024-11-29 18:56:46,389 [WARN] ConditionMgr:1039 - genDependencies : Invalid condition id : UX DEVICE CLASS RTOS Condition cause : null
2024-11-29 18:56:46,390 [WARN] ConditionMgr:1039 - genDependencies : Invalid condition id : UX DEVICE CLASS RTOS Condition cause : null
2024-11-29 18:56:46,391 [WARN] ConditionMgr:1039 - genDependencies : Invalid condition id : UX DEVICE CLASS RTOS Condition cause : null
2024-11-29 18:56:46,392 [WARN] ConditionMgr:1039 - genDependencies : Invalid condition id : UX DEVICE CLASS RTOS Condition cause : null
2024-11-29 18:56:46,393 [WARN] ConditionMgr:1039 - genDependencies : Invalid condition id : UX DEVICE CLASS RTOS Condition cause : null
2024-11-29 18:56:46,402 [WARN] PackLoader:240 - Cannot read IP mode file for STMicroelectronics.X-CUBE-GNSS1.7.0.0
2024-11-29 18:56:46,415 [WARN] PackLoader:240 - Cannot read IP mode file for STMicroelectronics.FP-SNS-STBOX1.2.0.0
2024-11-29 18:56:46,440 [WARN] PackLoader:240 - Cannot read IP mode file for STMicroelectronics.X-CUBE-SUBG2.5.0.0
2024-11-29 18:56:46,455 [WARN] PackLoader:240 - Cannot read IP mode file for Cesanta.I-CUBE-Mongoose.7.13.0
2024-11-29 18:56:46,495 [WARN] PackLoader:240 - Cannot read IP mode file for STMicroelectronics.X-CUBE-AZRTOS-G4.2.0.0
2024-11-29 18:56:46,514 [WARN] PackLoader:240 - Cannot read IP mode file for STMicroelectronics.X-CUBE-ALS.1.0.2
2024-11-29 18:56:46,521 [WARN] PackLoader:240 - Cannot read IP mode file for STMicroelectronics.X-CUBE-TOUCHGFX.4.24.1
2024-11-29 18:56:46,529 [WARN] PackLoader:240 - Cannot read IP mode file for wolfSSL.I-CUBE-wolfTPM.3.4.0
2024-11-29 18:56:46,537 [WARN] PackLoader:240 - Cannot read IP mode file for portGmbH.I-Cube-SoM-uGOAL.1.1.0
2024-11-29 18:56:46,592 [WARN] PackLoader:240 - Cannot read IP mode file for STMicroelectronics.X-CUBE-AZRTOS-H7RS.1.0.0
2024-11-29 18:56:46,602 [WARN] PackLoader:240 - Cannot read IP mode file for STMicroelectronics.FP-ATR-ASTRA1.2.0.0
2024-11-29 18:56:46,627 [WARN] PackLoader:240 - Cannot read IP mode file for STMicroelectronics.X-CUBE-TOF1.3.4.2
2024-11-29 18:56:46,705 [WARN] PackLoader:240 - Cannot read IP mode file for Infineon.AIROC-Wi-Fi-Bluetooth-STM32.1.6.1
2024-11-29 18:56:46,718 [WARN] PackLoader:240 - Cannot read IP mode file for wolfSSL.I-CUBE-wolfSSH.1.4.17
2024-11-29 18:56:46,719 [INFO] ThirdParty:978 - Integrity check success = true
2024-11-29 18:56:46,720 [INFO] IntegrityCheckThread:100 - exiting critical section [integrity check]
2024-11-29 18:56:46,720 [INFO] IntegrityCheckThread:103 - End integrity checks thread
