2024-11-30 13:03:57,962 [ERROR] LogOutputStream:75 - [STDERR_REDIRECT] 
2024-11-30 15:06:55,434 [INFO] Activator:176 - 


2024-11-30 15:06:55,438 [INFO] Activator:177 - !SESSION log4j initialized
2024-11-30 15:07:01,986 [ERROR] LogOutputStream:75 - [STDERR_REDIRECT] 
2024-11-30 15:07:03,922 [INFO] LogOutputStream:77 - [STDOUT_REDIRECT] 
2024-11-30 15:07:06,297 [INFO] LogOutputStream:77 - [STDOUT_REDIRECT] 
2024-11-30 15:07:07,902 [INFO] ApplicationProperties:184 - Using Application install path: /Applications/STM32CubeIDE.app/Contents/Eclipse/plugins/com.st.stm32cube.common.mx_6.12.1.202409122256
2024-11-30 15:07:07,949 [INFO] DbMcusXml:78 - Set database path to: /Applications/STM32CubeIDE.app/Contents/Eclipse/plugins/com.st.stm32cube.common.mx_6.12.1.202409122256//db//mcu/
2024-11-30 15:07:07,951 [INFO] ApiDb:274 - Set plugin database path to: /Applications/STM32CubeIDE.app/Contents/Eclipse/plugins/com.st.stm32cube.common.mx_6.12.1.202409122256//db//plugins/boardmanager/
2024-11-30 15:07:07,952 [WARN] ApiDb:259 - Overriding images path with different value:  => /Applications/STM32CubeIDE.app/Contents/Eclipse/plugins/com.st.stm32cube.common.mx_6.12.1.202409122256//db//plugins/mcufinder/images/
2024-11-30 15:07:07,965 [INFO] ApiDb:250 - Set database path to: /Users/Zarina/.stmcufinder/plugins/mcufinder//mcu/
2024-11-30 15:07:07,968 [INFO] DbMcusAds:125 - Set database path to: /Users/Zarina/.stmcufinder/plugins/mcufinder//mcu/
2024-11-30 15:07:07,972 [INFO] CrossReferenceDbSqlite:203 - Set database path to: /Users/Zarina/.stmcufinder/plugins/mcufinder//mcu/cs/
2024-11-30 15:07:08,240 [INFO] RulesReader:64 - Compatibility file has been processed (297 Rules)
2024-11-30 15:07:08,384 [INFO] DbMcusXml:78 - Set database path to: /Applications/STM32CubeIDE.app/Contents/Eclipse/plugins/com.st.stm32cube.common.mx_6.12.1.202409122256//db//mcu/
2024-11-30 15:07:08,384 [INFO] ApiDb:274 - Set plugin database path to: /Applications/STM32CubeIDE.app/Contents/Eclipse/plugins/com.st.stm32cube.common.mx_6.12.1.202409122256//db//plugins/boardmanager/
2024-11-30 15:07:08,385 [INFO] ApiDb:261 - Set plugin images path to: /Applications/STM32CubeIDE.app/Contents/Eclipse/plugins/com.st.stm32cube.common.mx_6.12.1.202409122256//db//plugins/mcufinder/images/
2024-11-30 15:07:08,386 [WARN] DbFile:41 - Overriding database path with different value: /Users/Zarina/.stmcufinder/plugins/mcufinder/ => /Users/Zarina/.stmcufinder/plugins/mcufinder
2024-11-30 15:07:08,387 [INFO] ApiDb:250 - Set database path to: /Users/Zarina/.stmcufinder/plugins/mcufinder//mcu/
2024-11-30 15:07:08,387 [WARN] DbFile:41 - Overriding database path with different value: /Users/Zarina/.stmcufinder/plugins/mcufinder/ => /Users/Zarina/.stmcufinder/plugins/mcufinder
2024-11-30 15:07:08,387 [INFO] DbMcusAds:125 - Set database path to: /Users/Zarina/.stmcufinder/plugins/mcufinder//mcu/
2024-11-30 15:07:08,387 [WARN] DbFile:41 - Overriding database path with different value: /Users/Zarina/.stmcufinder/plugins/mcufinder/ => /Users/Zarina/.stmcufinder/plugins/mcufinder
2024-11-30 15:07:08,388 [WARN] DbFile:41 - Overriding database path with different value: /Users/Zarina/.stmcufinder/plugins/mcufinder/ => /Users/Zarina/.stmcufinder/plugins/mcufinder
2024-11-30 15:07:08,388 [INFO] CrossReferenceDbSqlite:203 - Set database path to: /Users/Zarina/.stmcufinder/plugins/mcufinder//mcu/cs/
2024-11-30 15:07:08,556 [INFO] MainPanel:268 - HeapMemory: 300941312
2024-11-30 15:07:09,969 [INFO] DbMcusXml:78 - Set database path to: /Applications/STM32CubeIDE.app/Contents/Eclipse/plugins/com.st.stm32cube.common.mx_6.12.1.202409122256//db//mcu/
2024-11-30 15:07:09,969 [INFO] ApiDb:274 - Set plugin database path to: /Applications/STM32CubeIDE.app/Contents/Eclipse/plugins/com.st.stm32cube.common.mx_6.12.1.202409122256//db//plugins/boardmanager/
2024-11-30 15:07:09,970 [INFO] ApiDb:261 - Set plugin images path to: /Applications/STM32CubeIDE.app/Contents/Eclipse/plugins/com.st.stm32cube.common.mx_6.12.1.202409122256//db//plugins/mcufinder/images/
2024-11-30 15:07:09,970 [WARN] DbFile:41 - Overriding database path with different value: /Users/Zarina/.stmcufinder/plugins/mcufinder/ => /Users/Zarina/.stmcufinder/plugins/mcufinder
2024-11-30 15:07:09,970 [INFO] ApiDb:250 - Set database path to: /Users/Zarina/.stmcufinder/plugins/mcufinder//mcu/
2024-11-30 15:07:09,971 [WARN] DbFile:41 - Overriding database path with different value: /Users/Zarina/.stmcufinder/plugins/mcufinder/ => /Users/Zarina/.stmcufinder/plugins/mcufinder
2024-11-30 15:07:09,971 [INFO] DbMcusAds:125 - Set database path to: /Users/Zarina/.stmcufinder/plugins/mcufinder//mcu/
2024-11-30 15:07:09,971 [WARN] DbFile:41 - Overriding database path with different value: /Users/Zarina/.stmcufinder/plugins/mcufinder/ => /Users/Zarina/.stmcufinder/plugins/mcufinder
2024-11-30 15:07:09,972 [WARN] DbFile:41 - Overriding database path with different value: /Users/Zarina/.stmcufinder/plugins/mcufinder/ => /Users/Zarina/.stmcufinder/plugins/mcufinder
2024-11-30 15:07:09,972 [INFO] CrossReferenceDbSqlite:203 - Set database path to: /Users/Zarina/.stmcufinder/plugins/mcufinder//mcu/cs/
2024-11-30 15:07:10,000 [INFO] ApplicationProperties:184 - Using Application install path: /Applications/STM32CubeIDE.app/Contents/Eclipse/plugins/com.st.stm32cube.common.mx_6.12.1.202409122256
2024-11-30 15:07:10,002 [INFO] PluginManage:196 - Search for loadable plugins [exclusion list=, ]
2024-11-30 15:07:10,005 [INFO] PluginManage:310 - Check plugin analytics
2024-11-30 15:07:10,643 [INFO] AnalyticsPlugin:253 - Accepted Software Licenses: 
2024-11-30 15:07:10,644 [INFO] AnalyticsPlugin:255 - Accepted CMSIS Pack Licenses: 
2024-11-30 15:07:10,644 [INFO] AnalyticsPlugin:257 - Accepted Firmware Licenses: FW.F4.1.28.0
2024-11-30 15:07:10,651 [INFO] PluginManage:359 - Loaded plugin analytics (category:tool,tabindex:-1)
2024-11-30 15:07:10,651 [INFO] PluginManage:310 - Check plugin cadmodel
2024-11-30 15:07:10,658 [INFO] CADModel:105 - Init CAD model plugin
2024-11-30 15:07:10,658 [INFO] PluginManage:359 - Loaded plugin cadmodel (category:power,tabindex:5)
2024-11-30 15:07:10,658 [INFO] PluginManage:310 - Check plugin clock
2024-11-30 15:07:10,673 [INFO] PluginManage:359 - Loaded plugin clock (category:base,tabindex:2)
2024-11-30 15:07:10,673 [INFO] PluginManage:310 - Check plugin ddr
2024-11-30 15:07:10,676 [INFO] PluginManage:359 - Loaded plugin ddr (category:tool,tabindex:6)
2024-11-30 15:07:10,677 [INFO] PluginManage:310 - Check plugin filemanager
2024-11-30 15:07:10,977 [INFO] PluginManage:359 - Loaded plugin filemanager (category:base,tabindex:10)
2024-11-30 15:07:10,977 [INFO] PluginManage:310 - Check plugin ipmanager
2024-11-30 15:07:10,992 [INFO] PluginManage:359 - Loaded plugin ipmanager (category:base,tabindex:5)
2024-11-30 15:07:10,992 [INFO] PluginManage:310 - Check plugin lpbam
2024-11-30 15:07:11,016 [INFO] PluginManage:359 - Loaded plugin lpbam (category:base,tabindex:0)
2024-11-30 15:07:11,016 [INFO] PluginManage:310 - Check plugin memorymap
2024-11-30 15:07:11,055 [INFO] PluginManage:359 - Loaded plugin memorymap (category:base,tabindex:4)
2024-11-30 15:07:11,055 [INFO] PluginManage:310 - Check plugin pinoutandconfiguration
2024-11-30 15:07:11,082 [INFO] PluginManage:359 - Loaded plugin pinoutandconfiguration (category:base,tabindex:1)
2024-11-30 15:07:11,083 [INFO] PluginManage:310 - Check plugin pinoutconfig
2024-11-30 15:07:11,254 [WARN] SupportedApi:132 - Cannot load RTOS API schema: s4s-elt-must-match.1: The content of 'definitions' must match (annotation?, (simpleType | complexType)?, (unique | key | keyref)*)). A problem was found starting at: attribute.
2024-11-30 15:07:11,551 [INFO] PluginManage:359 - Loaded plugin pinoutconfig (category:base,tabindex:0)
2024-11-30 15:07:11,551 [INFO] PluginManage:310 - Check plugin power
2024-11-30 15:07:11,570 [INFO] PluginManage:359 - Loaded plugin power (category:power,tabindex:4)
2024-11-30 15:07:11,570 [INFO] PluginManage:310 - Check plugin projectmanager
2024-11-30 15:07:11,621 [INFO] PluginManage:359 - Loaded plugin projectmanager (category:projectmanager,tabindex:4)
2024-11-30 15:07:11,622 [INFO] PluginManage:310 - Check plugin rif
2024-11-30 15:07:11,631 [INFO] PluginManage:359 - Loaded plugin rif (category:base,tabindex:3)
2024-11-30 15:07:11,631 [INFO] PluginManage:310 - Check plugin thirdparty
2024-11-30 15:07:11,905 [WARN] IntegrityCheckThread:84 - waiting for thirdparty lock release [integrity check]
2024-11-30 15:07:11,906 [INFO] IntegrityCheckThread:86 - entering critical section [integrity check]
2024-11-30 15:07:11,906 [INFO] PluginManage:359 - Loaded plugin thirdparty (category:base,tabindex:-1)
2024-11-30 15:07:11,907 [INFO] PluginManage:310 - Check plugin tools
2024-11-30 15:07:11,907 [INFO] ThirdPartyUpdaterWithRetryManager:70 - Updater plugin not ready yet. [1/15]
2024-11-30 15:07:11,910 [INFO] PluginManage:359 - Loaded plugin tools (category:base,tabindex:7)
2024-11-30 15:07:11,911 [INFO] PluginManage:310 - Check plugin tutovideos
2024-11-30 15:07:12,404 [INFO] PluginManage:359 - Loaded plugin tutovideos (category:base,tabindex:-1)
2024-11-30 15:07:12,404 [INFO] PluginManage:310 - Check plugin updater
2024-11-30 15:07:12,446 [INFO] PluginManage:359 - Loaded plugin updater (category:base,tabindex:12)
2024-11-30 15:07:12,446 [INFO] PluginManage:310 - Check plugin userauth
2024-11-30 15:07:12,457 [INFO] UserAuth:113 - Init User Auth plugin
2024-11-30 15:07:12,457 [INFO] PluginManage:359 - Loaded plugin userauth (category:base,tabindex:14)
2024-11-30 15:07:12,458 [INFO] PluginManage:283 - PluginManage : Loaded plugins [18]
2024-11-30 15:07:12,841 [INFO] PinOutPanel:1561 - setPackage(No Configuration,No Configuration)
2024-11-30 15:07:13,026 [INFO] CADModel:165 - CPN selected for project level
2024-11-30 15:07:13,027 [INFO] CADModel:114 - Register for checkConnection events
2024-11-30 15:07:13,055 [INFO] IPUIPlugin:80 - create IPUIPlugin
2024-11-30 15:07:13,056 [INFO] PluginManager:220 - loadIPPluginJar : add mdma
2024-11-30 15:07:13,067 [INFO] IPUIPlugin:80 - create IPUIPlugin
2024-11-30 15:07:13,067 [INFO] PluginManager:220 - loadIPPluginJar : add freertos
2024-11-30 15:07:13,076 [INFO] IPUIPlugin:80 - create IPUIPlugin
2024-11-30 15:07:13,077 [INFO] PluginManager:220 - loadIPPluginJar : add gic
2024-11-30 15:07:13,095 [INFO] IPUIPlugin:80 - create IPUIPlugin
2024-11-30 15:07:13,095 [INFO] PluginManager:220 - loadIPPluginJar : add adc
2024-11-30 15:07:13,100 [INFO] IPUIPlugin:80 - create IPUIPlugin
2024-11-30 15:07:13,100 [INFO] PluginManager:220 - loadIPPluginJar : add gtzc
2024-11-30 15:07:13,103 [INFO] IPUIPlugin:80 - create IPUIPlugin
2024-11-30 15:07:13,103 [INFO] PluginManager:220 - loadIPPluginJar : add quadspi
2024-11-30 15:07:13,109 [INFO] IPUIPlugin:80 - create IPUIPlugin
2024-11-30 15:07:13,110 [INFO] PluginManager:220 - loadIPPluginJar : add aes
2024-11-30 15:07:13,115 [INFO] IPUIPlugin:80 - create IPUIPlugin
2024-11-30 15:07:13,116 [INFO] PluginManager:220 - loadIPPluginJar : add pdm2pcm
2024-11-30 15:07:13,119 [INFO] IPUIPlugin:80 - create IPUIPlugin
2024-11-30 15:07:13,120 [INFO] PluginManager:220 - loadIPPluginJar : add hash
2024-11-30 15:07:13,123 [INFO] IPUIPlugin:80 - create IPUIPlugin
2024-11-30 15:07:13,124 [INFO] PluginManager:220 - loadIPPluginJar : add tim
2024-11-30 15:07:13,126 [INFO] IPUIPlugin:80 - create IPUIPlugin
2024-11-30 15:07:13,126 [INFO] PluginManager:220 - loadIPPluginJar : add tsc
2024-11-30 15:07:13,132 [INFO] IPUIPlugin:80 - create IPUIPlugin
2024-11-30 15:07:13,132 [INFO] PluginManager:220 - loadIPPluginJar : add extmemmanager
2024-11-30 15:07:13,137 [INFO] IPUIPlugin:80 - create IPUIPlugin
2024-11-30 15:07:13,138 [INFO] PluginManager:220 - loadIPPluginJar : add ts
2024-11-30 15:07:13,140 [INFO] IPUIPlugin:80 - create IPUIPlugin
2024-11-30 15:07:13,142 [INFO] PluginManager:220 - loadIPPluginJar : add radio
2024-11-30 15:07:13,146 [INFO] IPUIPlugin:80 - create IPUIPlugin
2024-11-30 15:07:13,147 [INFO] PluginManager:220 - loadIPPluginJar : add can
2024-11-30 15:07:13,152 [INFO] IPUIPlugin:80 - create IPUIPlugin
2024-11-30 15:07:13,153 [INFO] PluginManager:220 - loadIPPluginJar : add dma3
2024-11-30 15:07:13,156 [INFO] IPUIPlugin:80 - create IPUIPlugin
2024-11-30 15:07:13,156 [INFO] PluginManager:220 - loadIPPluginJar : add dfsdm
2024-11-30 15:07:13,161 [INFO] IPUIPlugin:80 - create IPUIPlugin
2024-11-30 15:07:13,161 [INFO] PluginManager:220 - loadIPPluginJar : add spi
2024-11-30 15:07:13,165 [INFO] IPUIPlugin:80 - create IPUIPlugin
2024-11-30 15:07:13,166 [INFO] PluginManager:220 - loadIPPluginJar : add gfxmmu
2024-11-30 15:07:13,168 [INFO] IPUIPlugin:80 - create IPUIPlugin
2024-11-30 15:07:13,169 [INFO] PluginManager:220 - loadIPPluginJar : add genericplugin
2024-11-30 15:07:13,173 [INFO] IPUIPlugin:80 - create IPUIPlugin
2024-11-30 15:07:13,173 [INFO] PluginManager:220 - loadIPPluginJar : add cryp
2024-11-30 15:07:13,181 [INFO] IPUIPlugin:80 - create IPUIPlugin
2024-11-30 15:07:13,182 [INFO] PluginManager:220 - loadIPPluginJar : add gpio
2024-11-30 15:07:13,187 [INFO] IPUIPlugin:80 - create IPUIPlugin
2024-11-30 15:07:13,187 [INFO] PluginManager:220 - loadIPPluginJar : add ddr_ctrl_phy
2024-11-30 15:07:13,190 [INFO] IPUIPlugin:80 - create IPUIPlugin
2024-11-30 15:07:13,190 [INFO] PluginManager:220 - loadIPPluginJar : add comp
2024-11-30 15:07:13,195 [INFO] IPUIPlugin:80 - create IPUIPlugin
2024-11-30 15:07:13,196 [INFO] PluginManager:220 - loadIPPluginJar : add tracer_emb
2024-11-30 15:07:13,201 [INFO] IPUIPlugin:80 - create IPUIPlugin
2024-11-30 15:07:13,202 [INFO] PluginManager:220 - loadIPPluginJar : add openamp
2024-11-30 15:07:13,212 [INFO] IPUIPlugin:80 - create IPUIPlugin
2024-11-30 15:07:13,213 [INFO] PluginManager:220 - loadIPPluginJar : add stm32_wpan
2024-11-30 15:07:13,229 [INFO] IPUIPlugin:80 - create IPUIPlugin
2024-11-30 15:07:13,235 [INFO] PluginManager:220 - loadIPPluginJar : add plateformsettings
2024-11-30 15:07:13,241 [INFO] IPUIPlugin:80 - create IPUIPlugin
2024-11-30 15:07:13,241 [INFO] PluginManager:220 - loadIPPluginJar : add ipddr
2024-11-30 15:07:13,245 [INFO] IPUIPlugin:80 - create IPUIPlugin
2024-11-30 15:07:13,245 [INFO] PluginManager:220 - loadIPPluginJar : add usart
2024-11-30 15:07:13,248 [INFO] IPUIPlugin:80 - create IPUIPlugin
2024-11-30 15:07:13,248 [INFO] PluginManager:220 - loadIPPluginJar : add ltdc
2024-11-30 15:07:13,258 [INFO] IPUIPlugin:80 - create IPUIPlugin
2024-11-30 15:07:13,258 [INFO] PluginManager:220 - loadIPPluginJar : add nvic
2024-11-30 15:07:13,260 [INFO] IPUIPlugin:80 - create IPUIPlugin
2024-11-30 15:07:13,261 [INFO] PluginManager:220 - loadIPPluginJar : add fatfs
2024-11-30 15:07:13,273 [INFO] IPUIPlugin:80 - create IPUIPlugin
2024-11-30 15:07:13,273 [INFO] PluginManager:220 - loadIPPluginJar : add linkedlist
2024-11-30 15:07:13,283 [INFO] IPUIPlugin:80 - create IPUIPlugin
2024-11-30 15:07:13,284 [INFO] PluginManager:220 - loadIPPluginJar : add dma
2024-11-30 15:07:13,292 [INFO] IPUIPlugin:80 - create IPUIPlugin
2024-11-30 15:07:13,293 [INFO] PluginManager:220 - loadIPPluginJar : add fmc
2024-11-30 15:07:13,296 [INFO] IPUIPlugin:80 - create IPUIPlugin
2024-11-30 15:07:13,296 [INFO] PluginManager:220 - loadIPPluginJar : add i2s
2024-11-30 15:07:13,299 [INFO] IPUIPlugin:80 - create IPUIPlugin
2024-11-30 15:07:13,299 [INFO] PluginManager:220 - loadIPPluginJar : add ucpd
2024-11-30 15:07:13,303 [INFO] IPUIPlugin:80 - create IPUIPlugin
2024-11-30 15:07:13,304 [INFO] PluginManager:220 - loadIPPluginJar : add lorawan
2024-11-30 15:07:13,309 [INFO] IPUIPlugin:80 - create IPUIPlugin
2024-11-30 15:07:13,309 [INFO] PluginManager:220 - loadIPPluginJar : add opamp
2024-11-30 15:07:13,314 [INFO] IPUIPlugin:80 - create IPUIPlugin
2024-11-30 15:07:13,314 [INFO] PluginManager:220 - loadIPPluginJar : add i3c
2024-11-30 15:07:13,321 [INFO] IPUIPlugin:80 - create IPUIPlugin
2024-11-30 15:07:13,322 [INFO] PluginManager:220 - loadIPPluginJar : add touchsensing
2024-11-30 15:07:13,329 [INFO] IPUIPlugin:80 - create IPUIPlugin
2024-11-30 15:07:13,330 [INFO] PluginManager:220 - loadIPPluginJar : add i2c
2024-11-30 15:07:13,336 [INFO] IPUIPlugin:80 - create IPUIPlugin
2024-11-30 15:07:13,337 [INFO] PluginManager:220 - loadIPPluginJar : add resmgrutility
2024-11-30 15:07:13,343 [INFO] IPUIPlugin:80 - create IPUIPlugin
2024-11-30 15:07:13,343 [INFO] PluginManager:220 - loadIPPluginJar : add sai
2024-11-30 15:07:13,352 [INFO] IPUIPlugin:80 - create IPUIPlugin
2024-11-30 15:07:13,353 [INFO] PluginManager:220 - loadIPPluginJar : add usbx
2024-11-30 15:07:13,493 [INFO] CADModel:165 - CPN selected for project level
2024-11-30 15:07:13,494 [INFO] CADModel:114 - Register for checkConnection events
2024-11-30 15:07:13,494 [FATAL] Updater:334 - Updater called before beeing initialized
2024-11-30 15:07:13,494 [ERROR] CADModel:125 - Updater not yet initialized, retry later 
2024-11-30 15:07:13,798 [INFO] CADModel:165 - CPN selected for project level
2024-11-30 15:07:13,798 [INFO] CADModel:114 - Register for checkConnection events
2024-11-30 15:07:13,799 [FATAL] Updater:334 - Updater called before beeing initialized
2024-11-30 15:07:13,799 [ERROR] CADModel:125 - Updater not yet initialized, retry later 
2024-11-30 15:07:13,808 [FATAL] Updater:334 - Updater called before beeing initialized
2024-11-30 15:07:14,008 [FATAL] Updater:334 - Updater called before beeing initialized
2024-11-30 15:07:14,016 [INFO] DbMcusAds:53 - JSON generation date=Fri Sep 20 06:04:38 PDT 2024 (1726837478367)
2024-11-30 15:07:14,017 [FATAL] Updater:334 - Updater called before beeing initialized
2024-11-30 15:07:14,189 [WARN] DetailPanel:346 - Failed to get advertising image, set to default
2024-11-30 15:07:14,335 [FATAL] Updater:334 - Updater called before beeing initialized
2024-11-30 15:07:14,338 [FATAL] Updater:334 - Updater called before beeing initialized
2024-11-30 15:07:14,338 [FATAL] Updater:334 - Updater called before beeing initialized
2024-11-30 15:07:14,338 [WARN] DetailPanel:346 - Failed to get advertising image, set to default
2024-11-30 15:07:14,339 [FATAL] Updater:334 - Updater called before beeing initialized
2024-11-30 15:07:14,408 [ERROR] Updater:1164 - MainUpdater not yet initialized. External WinMGr cannot be set.
2024-11-30 15:07:14,462 [INFO] Updater:1100 - Updater Version found : 6.12.1
2024-11-30 15:07:14,501 [INFO] ApplicationProperties:184 - Using Application install path: /Applications/STM32CubeIDE.app/Contents/Eclipse/plugins/com.st.stm32cube.common.mx_6.12.1.202409122256
2024-11-30 15:07:14,911 [INFO] ThirdPartyUpdaterWithRetryManager:70 - Updater plugin not ready yet. [2/15]
2024-11-30 15:07:15,144 [INFO] MainUpdater:2873 - connection check result : 10
2024-11-30 15:07:15,145 [INFO] MainUpdater:290 - Updater Check For Update Now.
2024-11-30 15:07:15,146 [INFO] MicroXplorer:498 - Change Database Version : DB.6.0.121
2024-11-30 15:07:15,154 [INFO] McuFinderGlobals:63 - Set McuFinder mode to 2 (CubeIDE integrated)
2024-11-30 15:07:15,156 [INFO] UserAuth:417 - Internet connection configuration mode: 1
2024-11-30 15:07:15,180 [INFO] JxBrowserEngine:152 - Initiate JxBrowser Engine with user profile folder
2024-11-30 15:07:15,436 [INFO] CheckServerUpdateThread:120 - End of CheckServer Thread
2024-11-30 15:07:17,106 [INFO] WebApp:167 - Instantiating new browser for Auth
2024-11-30 15:07:18,753 [INFO] WebApp:448 - Apply proxy settings
2024-11-30 15:07:18,763 [INFO] WebApp:493 - Chromium authenticates against Manually configured proxy
2024-11-30 15:07:18,798 [INFO] WebApp:501 - Username used for proxy authentication: 
2024-11-30 15:07:18,923 [INFO] WebApp:869 - Register for checkConnection events
2024-11-30 15:07:18,925 [INFO] WebApp:448 - Apply proxy settings
2024-11-30 15:07:18,929 [INFO] WebApp:493 - Chromium authenticates against Manually configured proxy
2024-11-30 15:07:18,934 [INFO] WebApp:501 - Username used for proxy authentication: 
2024-11-30 15:07:19,073 [WARN] PackLoader:240 - Cannot read IP mode file for STMicroelectronics.FP-SNS-MOTENVWB1.1.4.0
2024-11-30 15:07:19,105 [WARN] PackLoader:240 - Cannot read IP mode file for STMicroelectronics.FP-ATR-ASTRA1.2.0.1
2024-11-30 15:07:19,119 [WARN] PackLoader:240 - Cannot read IP mode file for STMicroelectronics.X-CUBE-SMBUS.2.1.0
2024-11-30 15:07:19,137 [WARN] PackLoader:240 - Cannot read IP mode file for STMicroelectronics.X-CUBE-WB05N.1.1.0
2024-11-30 15:07:19,318 [INFO] WebApp:186 - Connection restablished
2024-11-30 15:07:19,521 [WARN] PackLoader:240 - Cannot read IP mode file for STMicroelectronics.X-CUBE-AZRTOS-F7.1.1.0
2024-11-30 15:07:19,999 [WARN] PackLoader:240 - Cannot read IP mode file for STMicroelectronics.X-CUBE-MEMS1.11.0.0
2024-11-30 15:07:20,064 [INFO] WebApp:220 - Starting web application
2024-11-30 15:07:20,065 [INFO] WebApp:578 - Web application path used /Applications/STM32CubeIDE.app/Contents/Eclipse/plugins/com.st.stm32cube.common.mx_6.12.1.202409122256/db/plugins/mcufinder/reactClient1/index.html
2024-11-30 15:07:20,271 [INFO] UserAuth:417 - Internet connection configuration mode: 1
2024-11-30 15:07:21,581 [WARN] PackLoader:240 - Cannot read IP mode file for STMicroelectronics.FP-SNS-FLIGHT1.5.0.2
2024-11-30 15:07:21,597 [WARN] PackLoader:240 - Cannot read IP mode file for STMicroelectronics.X-CUBE-DISPLAY.3.0.0
2024-11-30 15:07:21,634 [WARN] PackLoader:240 - Cannot read IP mode file for STMicroelectronics.X-CUBE-BLE1.7.0.0
2024-11-30 15:07:21,650 [WARN] PackLoader:240 - Cannot read IP mode file for STMicroelectronics.X-CUBE-NFC10.1.0.0
2024-11-30 15:07:21,677 [WARN] PackLoader:240 - Cannot read IP mode file for emotas.I-CUBE-CANOPEN.1.3.0
2024-11-30 15:07:21,699 [WARN] PackLoader:240 - Cannot read IP mode file for STMicroelectronics.X-CUBE-BLEMGR.3.1.0
2024-11-30 15:07:21,714 [WARN] PackLoader:240 - Cannot read IP mode file for STMicroelectronics.FP-SNS-SMARTAG2.1.2.0
2024-11-30 15:07:21,736 [INFO] LogOutputStream:77 - [STDOUT_REDIRECT] 1 : Invalid condition id : UX_CORESTACK_Condition cause : null
2024-11-30 15:07:21,738 [INFO] LogOutputStream:77 - [STDOUT_REDIRECT] 1 : Invalid condition id : UX_CORESTACK_Condition cause : null
2024-11-30 15:07:21,738 [INFO] LogOutputStream:77 - [STDOUT_REDIRECT] 1 : Invalid condition id : UX_CORESTACK_Condition cause : null
2024-11-30 15:07:21,739 [INFO] LogOutputStream:77 - [STDOUT_REDIRECT] 1 : Invalid condition id : UX_CORESTACK_Condition cause : null
2024-11-30 15:07:21,739 [INFO] LogOutputStream:77 - [STDOUT_REDIRECT] 1 : Invalid condition id : UX_CORESTACK_Condition cause : null
2024-11-30 15:07:21,751 [WARN] PackLoader:240 - Cannot read IP mode file for STMicroelectronics.X-CUBE-AZRTOS-WL.2.0.0
2024-11-30 15:07:21,764 [WARN] PackLoader:240 - Cannot read IP mode file for STMicroelectronics.FP-SNS-MOTENV1.5.0.0
2024-11-30 15:07:21,793 [WARN] PackLoader:240 - Cannot read IP mode file for wolfSSL.I-CUBE-wolfMQTT.1.19.0
2024-11-30 15:07:21,805 [WARN] PackLoader:240 - Cannot read IP mode file for WES.I-CUBE-Cesium.1.3.0
2024-11-30 15:07:21,815 [WARN] PackLoader:240 - Cannot read IP mode file for STMicroelectronics.X-CUBE-BLE2.3.3.0
2024-11-30 15:07:21,831 [WARN] PackLoader:240 - Cannot read IP mode file for STMicroelectronics.X-CUBE-NFC9.1.0.0
2024-11-30 15:07:21,860 [WARN] PackLoader:240 - Cannot read IP mode file for STMicroelectronics.X-CUBE-TCPP.4.1.0
2024-11-30 15:07:21,915 [WARN] PackLoader:240 - Cannot read IP mode file for STMicroelectronics.X-CUBE-AZRTOS-G0.1.1.0
2024-11-30 15:07:21,953 [WARN] PackLoader:240 - Cannot read IP mode file for STMicroelectronics.X-CUBE-SAFEA1.1.2.2
2024-11-30 15:07:21,966 [WARN] PackLoader:240 - Cannot read IP mode file for STMicroelectronics.X-CUBE-NFC4.3.0.0
2024-11-30 15:07:21,987 [WARN] PackLoader:240 - Cannot read IP mode file for EmbeddedOffice.I-CUBE-FS-RTOS.1.0.1
2024-11-30 15:07:21,987 [ERROR] ConditionMgr:805 - Attr not supported : Dmpu
2024-11-30 15:07:21,989 [ERROR] ConditionMgr:805 - Attr not supported : Dmpu
2024-11-30 15:07:21,989 [ERROR] ConditionMgr:805 - Attr not supported : Dmpu
2024-11-30 15:07:21,989 [ERROR] ConditionMgr:805 - Attr not supported : Dmpu
2024-11-30 15:07:21,989 [ERROR] ConditionMgr:805 - Attr not supported : Dmpu
2024-11-30 15:07:21,990 [ERROR] ConditionMgr:805 - Attr not supported : Dmpu
2024-11-30 15:07:21,990 [ERROR] ConditionMgr:805 - Attr not supported : Dmpu
2024-11-30 15:07:21,990 [ERROR] ConditionMgr:805 - Attr not supported : Dmpu
2024-11-30 15:07:21,990 [ERROR] ConditionMgr:805 - Attr not supported : Dmpu
2024-11-30 15:07:21,990 [ERROR] ConditionMgr:805 - Attr not supported : Dmpu
2024-11-30 15:07:21,990 [ERROR] ConditionMgr:805 - Attr not supported : Dmpu
2024-11-30 15:07:21,990 [ERROR] ConditionMgr:805 - Attr not supported : Dmpu
2024-11-30 15:07:21,991 [ERROR] ConditionMgr:805 - Attr not supported : Dmpu
2024-11-30 15:07:21,991 [ERROR] ConditionMgr:805 - Attr not supported : Dmpu
2024-11-30 15:07:21,991 [ERROR] ConditionMgr:805 - Attr not supported : Dmpu
2024-11-30 15:07:21,991 [ERROR] ConditionMgr:805 - Attr not supported : Dmpu
2024-11-30 15:07:21,991 [ERROR] ConditionMgr:805 - Attr not supported : Dmpu
2024-11-30 15:07:21,991 [ERROR] ConditionMgr:805 - Attr not supported : Dmpu
2024-11-30 15:07:21,992 [ERROR] ConditionMgr:805 - Attr not supported : Dmpu
2024-11-30 15:07:21,992 [ERROR] ConditionMgr:805 - Attr not supported : Dmpu
2024-11-30 15:07:21,992 [ERROR] ConditionMgr:805 - Attr not supported : Dmpu
2024-11-30 15:07:21,993 [ERROR] ConditionMgr:805 - Attr not supported : Dmpu
2024-11-30 15:07:21,993 [ERROR] ConditionMgr:805 - Attr not supported : Dmpu
2024-11-30 15:07:21,993 [ERROR] ConditionMgr:805 - Attr not supported : Dmpu
2024-11-30 15:07:21,995 [ERROR] ConditionMgr:805 - Attr not supported : Dmpu
2024-11-30 15:07:21,995 [ERROR] ConditionMgr:805 - Attr not supported : Dmpu
2024-11-30 15:07:21,995 [ERROR] ConditionMgr:805 - Attr not supported : Dmpu
2024-11-30 15:07:21,995 [ERROR] ConditionMgr:805 - Attr not supported : Dmpu
2024-11-30 15:07:21,995 [ERROR] ConditionMgr:805 - Attr not supported : Dmpu
2024-11-30 15:07:21,996 [ERROR] ConditionMgr:805 - Attr not supported : Dmpu
2024-11-30 15:07:21,996 [ERROR] ConditionMgr:805 - Attr not supported : Dmpu
2024-11-30 15:07:21,996 [ERROR] ConditionMgr:805 - Attr not supported : Dmpu
2024-11-30 15:07:21,996 [ERROR] ConditionMgr:805 - Attr not supported : Dmpu
2024-11-30 15:07:21,996 [ERROR] ConditionMgr:805 - Attr not supported : Dmpu
2024-11-30 15:07:21,996 [ERROR] ConditionMgr:805 - Attr not supported : Dmpu
2024-11-30 15:07:21,997 [ERROR] ConditionMgr:805 - Attr not supported : Dmpu
2024-11-30 15:07:21,997 [ERROR] ConditionMgr:805 - Attr not supported : Dmpu
2024-11-30 15:07:21,998 [ERROR] ConditionMgr:805 - Attr not supported : Dmpu
2024-11-30 15:07:21,999 [ERROR] ConditionMgr:805 - Attr not supported : Dmpu
2024-11-30 15:07:21,999 [ERROR] ConditionMgr:805 - Attr not supported : Dmpu
2024-11-30 15:07:21,999 [ERROR] ConditionMgr:805 - Attr not supported : Dmpu
2024-11-30 15:07:21,999 [ERROR] ConditionMgr:805 - Attr not supported : Dmpu
2024-11-30 15:07:21,999 [ERROR] ConditionMgr:805 - Attr not supported : Dmpu
2024-11-30 15:07:22,000 [ERROR] ConditionMgr:805 - Attr not supported : Dmpu
2024-11-30 15:07:22,000 [ERROR] ConditionMgr:805 - Attr not supported : Dmpu
2024-11-30 15:07:22,000 [ERROR] ConditionMgr:805 - Attr not supported : Dmpu
2024-11-30 15:07:22,000 [ERROR] ConditionMgr:805 - Attr not supported : Dmpu
2024-11-30 15:07:22,000 [ERROR] ConditionMgr:805 - Attr not supported : Dmpu
2024-11-30 15:07:22,001 [ERROR] ConditionMgr:805 - Attr not supported : Dmpu
2024-11-30 15:07:22,001 [ERROR] ConditionMgr:805 - Attr not supported : Dmpu
2024-11-30 15:07:22,001 [ERROR] ConditionMgr:805 - Attr not supported : Dmpu
2024-11-30 15:07:22,001 [ERROR] ConditionMgr:805 - Attr not supported : Dmpu
2024-11-30 15:07:22,001 [ERROR] ConditionMgr:805 - Attr not supported : Dmpu
2024-11-30 15:07:22,001 [ERROR] ConditionMgr:805 - Attr not supported : Dmpu
2024-11-30 15:07:22,001 [ERROR] ConditionMgr:805 - Attr not supported : Dmpu
2024-11-30 15:07:22,003 [ERROR] ConditionMgr:805 - Attr not supported : Dmpu
2024-11-30 15:07:22,004 [ERROR] ConditionMgr:805 - Attr not supported : Dmpu
2024-11-30 15:07:22,004 [ERROR] ConditionMgr:805 - Attr not supported : Dmpu
2024-11-30 15:07:22,004 [ERROR] ConditionMgr:805 - Attr not supported : Dmpu
2024-11-30 15:07:22,005 [ERROR] ConditionMgr:805 - Attr not supported : Dmpu
2024-11-30 15:07:22,005 [ERROR] ConditionMgr:805 - Attr not supported : Dmpu
2024-11-30 15:07:22,005 [ERROR] ConditionMgr:805 - Attr not supported : Dmpu
2024-11-30 15:07:22,005 [ERROR] ConditionMgr:805 - Attr not supported : Dmpu
2024-11-30 15:07:22,005 [ERROR] ConditionMgr:805 - Attr not supported : Dmpu
2024-11-30 15:07:22,013 [WARN] PackLoader:240 - Cannot read IP mode file for RealThread.X-CUBE-RT-Thread_Nano.4.1.1
2024-11-30 15:07:22,023 [WARN] PackLoader:240 - Cannot read IP mode file for STMicroelectronics.FP-ATR-SIGFOX1.3.2.0
2024-11-30 15:07:22,029 [WARN] PackLoader:240 - Cannot read IP mode file for wolfSSL.I-CUBE-wolfSSL.5.7.2
2024-11-30 15:07:22,042 [WARN] ConditionMgr:438 - getConditionDescription Invalid condition id : Cortex-A Device cause : null
2024-11-30 15:07:22,084 [WARN] ConditionMgr:1039 - genDependencies : Invalid condition id : Cortex-A Device cause : null
2024-11-30 15:07:22,086 [WARN] ConditionMgr:1039 - genDependencies : Invalid condition id : Cortex-A Device cause : null
2024-11-30 15:07:22,089 [WARN] ConditionMgr:1039 - genDependencies : Invalid condition id : Cortex-A Device cause : null
2024-11-30 15:07:22,101 [WARN] PackLoader:240 - Cannot read IP mode file for STMicroelectronics.X-CUBE-EEPRMA1.5.1.0
2024-11-30 15:07:22,118 [WARN] PackLoader:240 - Cannot read IP mode file for ITTIA_DB.I-CUBE-ITTIADB.8.9.0
2024-11-30 15:07:22,199 [WARN] PackLoader:240 - Cannot read IP mode file for SEGGER.I-CUBE-embOS.1.3.1
2024-11-30 15:07:22,320 [WARN] PackLoader:240 - Cannot read IP mode file for STMicroelectronics.X-CUBE-ALGOBUILD.1.4.0
2024-11-30 15:07:22,327 [WARN] PackLoader:240 - Cannot read IP mode file for STMicroelectronics.X-CUBE-AI.9.1.0
2024-11-30 15:07:22,367 [WARN] PackLoader:240 - Cannot read IP mode file for STMicroelectronics.X-CUBE-AZRTOS-F4.1.1.0
2024-11-30 15:07:22,388 [WARN] PackLoader:240 - Cannot read IP mode file for STMicroelectronics.X-CUBE-ISPU.2.1.0
2024-11-30 15:07:22,398 [WARN] PackLoader:240 - Cannot read IP mode file for STMicroelectronics.X-CUBE-FREERTOS.1.2.0
2024-11-30 15:07:22,449 [WARN] PackLoader:240 - Cannot read IP mode file for STMicroelectronics.X-CUBE-AZRTOS-L5.2.0.0
2024-11-30 15:07:22,471 [WARN] PackLoader:240 - Cannot read IP mode file for STMicroelectronics.X-CUBE-NFC6.3.1.0
2024-11-30 15:07:22,485 [WARN] PackLoader:240 - Cannot read IP mode file for STMicroelectronics.X-CUBE-DPower.1.2.0
2024-11-30 15:07:22,507 [WARN] PackLoader:240 - Cannot read IP mode file for STMicroelectronics.X-CUBE-NFC7.1.0.1
2024-11-30 15:07:22,550 [WARN] ConditionMgr:438 - getConditionDescription Invalid condition id : LAN8742 Phy interface Condition cause : null
2024-11-30 15:07:22,552 [WARN] PackLoader:240 - Cannot read IP mode file for STMicroelectronics.X-CUBE-AZRTOS-L4.2.0.0
2024-11-30 15:07:22,555 [WARN] ConditionMgr:1039 - genDependencies : Invalid condition id : LAN8742 Phy interface Condition cause : null
2024-11-30 15:07:22,555 [WARN] ConditionMgr:1039 - genDependencies : Invalid condition id : LAN8742 Phy interface Condition cause : null
2024-11-30 15:07:22,557 [WARN] ConditionMgr:1039 - genDependencies : Invalid condition id : LAN8742 Phy interface Condition cause : null
2024-11-30 15:07:22,576 [WARN] PackLoader:240 - Cannot read IP mode file for STMicroelectronics.X-CUBE-SFXS2LP1.4.0.0
2024-11-30 15:07:22,634 [WARN] PackLoader:240 - Cannot read IP mode file for STMicroelectronics.X-CUBE-AZRTOS-H7.3.3.0
2024-11-30 15:07:22,670 [WARN] PackLoader:240 - Cannot read IP mode file for STMicroelectronics.X-CUBE-IPS.3.0.0
2024-11-30 15:07:22,714 [WARN] ConditionMgr:438 - getConditionDescription Invalid condition id : UX DEVICE CLASS RTOS Condition cause : null
2024-11-30 15:07:22,714 [WARN] ConditionMgr:438 - getConditionDescription Invalid condition id : UX DEVICE CLASS RTOS Condition cause : null
2024-11-30 15:07:22,719 [WARN] PackLoader:240 - Cannot read IP mode file for STMicroelectronics.X-CUBE-AZRTOS-WB.2.0.0
2024-11-30 15:07:22,721 [WARN] ConditionMgr:1039 - genDependencies : Invalid condition id : UX DEVICE CLASS RTOS Condition cause : null
2024-11-30 15:07:22,721 [WARN] ConditionMgr:1039 - genDependencies : Invalid condition id : UX DEVICE CLASS RTOS Condition cause : null
2024-11-30 15:07:22,722 [WARN] ConditionMgr:1039 - genDependencies : Invalid condition id : UX DEVICE CLASS RTOS Condition cause : null
2024-11-30 15:07:22,722 [WARN] ConditionMgr:1039 - genDependencies : Invalid condition id : UX DEVICE CLASS RTOS Condition cause : null
2024-11-30 15:07:22,723 [WARN] ConditionMgr:1039 - genDependencies : Invalid condition id : UX DEVICE CLASS RTOS Condition cause : null
2024-11-30 15:07:22,741 [WARN] PackLoader:240 - Cannot read IP mode file for STMicroelectronics.X-CUBE-GNSS1.7.0.0
2024-11-30 15:07:22,764 [WARN] PackLoader:240 - Cannot read IP mode file for STMicroelectronics.FP-SNS-STBOX1.2.0.0
2024-11-30 15:07:22,788 [WARN] PackLoader:240 - Cannot read IP mode file for STMicroelectronics.X-CUBE-SUBG2.5.0.0
2024-11-30 15:07:22,805 [WARN] PackLoader:240 - Cannot read IP mode file for Cesanta.I-CUBE-Mongoose.7.13.0
2024-11-30 15:07:22,836 [WARN] PackLoader:240 - Cannot read IP mode file for STMicroelectronics.X-CUBE-AZRTOS-G4.2.0.0
2024-11-30 15:07:22,852 [WARN] PackLoader:240 - Cannot read IP mode file for STMicroelectronics.X-CUBE-ALS.1.0.2
2024-11-30 15:07:22,862 [WARN] PackLoader:240 - Cannot read IP mode file for STMicroelectronics.X-CUBE-TOUCHGFX.4.24.1
2024-11-30 15:07:22,869 [WARN] PackLoader:240 - Cannot read IP mode file for wolfSSL.I-CUBE-wolfTPM.3.4.0
2024-11-30 15:07:22,880 [WARN] PackLoader:240 - Cannot read IP mode file for portGmbH.I-Cube-SoM-uGOAL.1.1.0
2024-11-30 15:07:22,920 [WARN] PackLoader:240 - Cannot read IP mode file for STMicroelectronics.X-CUBE-AZRTOS-H7RS.1.0.0
2024-11-30 15:07:22,932 [WARN] PackLoader:240 - Cannot read IP mode file for STMicroelectronics.FP-ATR-ASTRA1.2.0.0
2024-11-30 15:07:22,955 [WARN] PackLoader:240 - Cannot read IP mode file for STMicroelectronics.X-CUBE-TOF1.3.4.2
2024-11-30 15:07:23,021 [WARN] PackLoader:240 - Cannot read IP mode file for Infineon.AIROC-Wi-Fi-Bluetooth-STM32.1.6.1
2024-11-30 15:07:23,052 [WARN] PackLoader:240 - Cannot read IP mode file for wolfSSL.I-CUBE-wolfSSH.1.4.17
2024-11-30 15:07:23,053 [INFO] ThirdParty:978 - Integrity check success = true
2024-11-30 15:07:23,053 [INFO] IntegrityCheckThread:100 - exiting critical section [integrity check]
2024-11-30 15:07:23,054 [INFO] IntegrityCheckThread:103 - End integrity checks thread
