2025-03-20 23:30:17,011 [INFO] Activator:176 - 


2025-03-20 23:30:17,019 [INFO] Activator:177 - !SESSION log4j initialized
2025-03-20 23:30:22,588 [ERROR] LogOutputStream:75 - [STDERR_REDIRECT] 
2025-03-20 23:30:23,458 [INFO] LogOutputStream:77 - [STDOUT_REDIRECT] 
2025-03-20 23:30:25,432 [INFO] LogOutputStream:77 - [STDOUT_REDIRECT] 
2025-03-20 23:30:26,728 [INFO] ApplicationProperties:184 - Using Application install path: /Applications/STM32CubeIDE.app/Contents/Eclipse/plugins/com.st.stm32cube.common.mx_6.12.1.202409122256
2025-03-20 23:30:26,755 [INFO] DbMcusXml:78 - Set database path to: /Applications/STM32CubeIDE.app/Contents/Eclipse/plugins/com.st.stm32cube.common.mx_6.12.1.202409122256//db//mcu/
2025-03-20 23:30:26,755 [INFO] ApiDb:274 - Set plugin database path to: /Applications/STM32CubeIDE.app/Contents/Eclipse/plugins/com.st.stm32cube.common.mx_6.12.1.202409122256//db//plugins/boardmanager/
2025-03-20 23:30:26,756 [WARN] ApiDb:259 - Overriding images path with different value:  => /Applications/STM32CubeIDE.app/Contents/Eclipse/plugins/com.st.stm32cube.common.mx_6.12.1.202409122256//db//plugins/mcufinder/images/
2025-03-20 23:30:26,771 [INFO] ApiDb:250 - Set database path to: /Users/Zarina/.stmcufinder/plugins/mcufinder//mcu/
2025-03-20 23:30:26,774 [INFO] DbMcusAds:125 - Set database path to: /Users/Zarina/.stmcufinder/plugins/mcufinder//mcu/
2025-03-20 23:30:26,779 [INFO] CrossReferenceDbSqlite:203 - Set database path to: /Users/Zarina/.stmcufinder/plugins/mcufinder//mcu/cs/
2025-03-20 23:30:27,003 [INFO] RulesReader:64 - Compatibility file has been processed (297 Rules)
2025-03-20 23:30:27,122 [INFO] DbMcusXml:78 - Set database path to: /Applications/STM32CubeIDE.app/Contents/Eclipse/plugins/com.st.stm32cube.common.mx_6.12.1.202409122256//db//mcu/
2025-03-20 23:30:27,123 [INFO] ApiDb:274 - Set plugin database path to: /Applications/STM32CubeIDE.app/Contents/Eclipse/plugins/com.st.stm32cube.common.mx_6.12.1.202409122256//db//plugins/boardmanager/
2025-03-20 23:30:27,123 [INFO] ApiDb:261 - Set plugin images path to: /Applications/STM32CubeIDE.app/Contents/Eclipse/plugins/com.st.stm32cube.common.mx_6.12.1.202409122256//db//plugins/mcufinder/images/
2025-03-20 23:30:27,123 [WARN] DbFile:41 - Overriding database path with different value: /Users/Zarina/.stmcufinder/plugins/mcufinder/ => /Users/Zarina/.stmcufinder/plugins/mcufinder
2025-03-20 23:30:27,123 [INFO] ApiDb:250 - Set database path to: /Users/Zarina/.stmcufinder/plugins/mcufinder//mcu/
2025-03-20 23:30:27,123 [WARN] DbFile:41 - Overriding database path with different value: /Users/Zarina/.stmcufinder/plugins/mcufinder/ => /Users/Zarina/.stmcufinder/plugins/mcufinder
2025-03-20 23:30:27,124 [INFO] DbMcusAds:125 - Set database path to: /Users/Zarina/.stmcufinder/plugins/mcufinder//mcu/
2025-03-20 23:30:27,124 [WARN] DbFile:41 - Overriding database path with different value: /Users/Zarina/.stmcufinder/plugins/mcufinder/ => /Users/Zarina/.stmcufinder/plugins/mcufinder
2025-03-20 23:30:27,124 [WARN] DbFile:41 - Overriding database path with different value: /Users/Zarina/.stmcufinder/plugins/mcufinder/ => /Users/Zarina/.stmcufinder/plugins/mcufinder
2025-03-20 23:30:27,124 [INFO] CrossReferenceDbSqlite:203 - Set database path to: /Users/Zarina/.stmcufinder/plugins/mcufinder//mcu/cs/
2025-03-20 23:30:27,266 [INFO] MainPanel:268 - HeapMemory: 268435456
2025-03-20 23:30:28,103 [INFO] DbMcusXml:78 - Set database path to: /Applications/STM32CubeIDE.app/Contents/Eclipse/plugins/com.st.stm32cube.common.mx_6.12.1.202409122256//db//mcu/
2025-03-20 23:30:28,104 [INFO] ApiDb:274 - Set plugin database path to: /Applications/STM32CubeIDE.app/Contents/Eclipse/plugins/com.st.stm32cube.common.mx_6.12.1.202409122256//db//plugins/boardmanager/
2025-03-20 23:30:28,104 [INFO] ApiDb:261 - Set plugin images path to: /Applications/STM32CubeIDE.app/Contents/Eclipse/plugins/com.st.stm32cube.common.mx_6.12.1.202409122256//db//plugins/mcufinder/images/
2025-03-20 23:30:28,105 [WARN] DbFile:41 - Overriding database path with different value: /Users/Zarina/.stmcufinder/plugins/mcufinder/ => /Users/Zarina/.stmcufinder/plugins/mcufinder
2025-03-20 23:30:28,105 [INFO] ApiDb:250 - Set database path to: /Users/Zarina/.stmcufinder/plugins/mcufinder//mcu/
2025-03-20 23:30:28,105 [WARN] DbFile:41 - Overriding database path with different value: /Users/Zarina/.stmcufinder/plugins/mcufinder/ => /Users/Zarina/.stmcufinder/plugins/mcufinder
2025-03-20 23:30:28,106 [INFO] DbMcusAds:125 - Set database path to: /Users/Zarina/.stmcufinder/plugins/mcufinder//mcu/
2025-03-20 23:30:28,106 [WARN] DbFile:41 - Overriding database path with different value: /Users/Zarina/.stmcufinder/plugins/mcufinder/ => /Users/Zarina/.stmcufinder/plugins/mcufinder
2025-03-20 23:30:28,106 [WARN] DbFile:41 - Overriding database path with different value: /Users/Zarina/.stmcufinder/plugins/mcufinder/ => /Users/Zarina/.stmcufinder/plugins/mcufinder
2025-03-20 23:30:28,106 [INFO] CrossReferenceDbSqlite:203 - Set database path to: /Users/Zarina/.stmcufinder/plugins/mcufinder//mcu/cs/
2025-03-20 23:30:28,131 [INFO] ApplicationProperties:184 - Using Application install path: /Applications/STM32CubeIDE.app/Contents/Eclipse/plugins/com.st.stm32cube.common.mx_6.12.1.202409122256
2025-03-20 23:30:28,133 [INFO] PluginManage:196 - Search for loadable plugins [exclusion list=, ]
2025-03-20 23:30:28,136 [INFO] PluginManage:310 - Check plugin analytics
2025-03-20 23:30:28,425 [INFO] AnalyticsPlugin:253 - Accepted Software Licenses: 
2025-03-20 23:30:28,425 [INFO] AnalyticsPlugin:255 - Accepted CMSIS Pack Licenses: 
2025-03-20 23:30:28,426 [INFO] AnalyticsPlugin:257 - Accepted Firmware Licenses: FW.F4.1.28.0
2025-03-20 23:30:28,430 [INFO] PluginManage:359 - Loaded plugin analytics (category:tool,tabindex:-1)
2025-03-20 23:30:28,430 [INFO] PluginManage:310 - Check plugin cadmodel
2025-03-20 23:30:28,438 [INFO] CADModel:105 - Init CAD model plugin
2025-03-20 23:30:28,438 [INFO] PluginManage:359 - Loaded plugin cadmodel (category:power,tabindex:5)
2025-03-20 23:30:28,438 [INFO] PluginManage:310 - Check plugin clock
2025-03-20 23:30:28,450 [INFO] PluginManage:359 - Loaded plugin clock (category:base,tabindex:2)
2025-03-20 23:30:28,450 [INFO] PluginManage:310 - Check plugin ddr
2025-03-20 23:30:28,454 [INFO] PluginManage:359 - Loaded plugin ddr (category:tool,tabindex:6)
2025-03-20 23:30:28,455 [INFO] PluginManage:310 - Check plugin filemanager
2025-03-20 23:30:28,664 [INFO] PluginManage:359 - Loaded plugin filemanager (category:base,tabindex:10)
2025-03-20 23:30:28,665 [INFO] PluginManage:310 - Check plugin ipmanager
2025-03-20 23:30:28,673 [INFO] PluginManage:359 - Loaded plugin ipmanager (category:base,tabindex:5)
2025-03-20 23:30:28,673 [INFO] PluginManage:310 - Check plugin lpbam
2025-03-20 23:30:28,687 [INFO] PluginManage:359 - Loaded plugin lpbam (category:base,tabindex:0)
2025-03-20 23:30:28,687 [INFO] PluginManage:310 - Check plugin memorymap
2025-03-20 23:30:28,702 [INFO] PluginManage:359 - Loaded plugin memorymap (category:base,tabindex:4)
2025-03-20 23:30:28,703 [INFO] PluginManage:310 - Check plugin pinoutandconfiguration
2025-03-20 23:30:28,714 [INFO] PluginManage:359 - Loaded plugin pinoutandconfiguration (category:base,tabindex:1)
2025-03-20 23:30:28,715 [INFO] PluginManage:310 - Check plugin pinoutconfig
2025-03-20 23:30:28,846 [WARN] SupportedApi:132 - Cannot load RTOS API schema: s4s-elt-must-match.1: The content of 'definitions' must match (annotation?, (simpleType | complexType)?, (unique | key | keyref)*)). A problem was found starting at: attribute.
2025-03-20 23:30:29,052 [INFO] PluginManage:359 - Loaded plugin pinoutconfig (category:base,tabindex:0)
2025-03-20 23:30:29,052 [INFO] PluginManage:310 - Check plugin power
2025-03-20 23:30:29,065 [INFO] PluginManage:359 - Loaded plugin power (category:power,tabindex:4)
2025-03-20 23:30:29,065 [INFO] PluginManage:310 - Check plugin projectmanager
2025-03-20 23:30:29,088 [INFO] PluginManage:359 - Loaded plugin projectmanager (category:projectmanager,tabindex:4)
2025-03-20 23:30:29,089 [INFO] PluginManage:310 - Check plugin rif
2025-03-20 23:30:29,095 [INFO] PluginManage:359 - Loaded plugin rif (category:base,tabindex:3)
2025-03-20 23:30:29,096 [INFO] PluginManage:310 - Check plugin thirdparty
2025-03-20 23:30:29,300 [INFO] PluginManage:359 - Loaded plugin thirdparty (category:base,tabindex:-1)
2025-03-20 23:30:29,300 [INFO] PluginManage:310 - Check plugin tools
2025-03-20 23:30:29,301 [WARN] IntegrityCheckThread:84 - waiting for thirdparty lock release [integrity check]
2025-03-20 23:30:29,302 [INFO] IntegrityCheckThread:86 - entering critical section [integrity check]
2025-03-20 23:30:29,302 [INFO] ThirdPartyUpdaterWithRetryManager:70 - Updater plugin not ready yet. [1/15]
2025-03-20 23:30:29,305 [INFO] PluginManage:359 - Loaded plugin tools (category:base,tabindex:7)
2025-03-20 23:30:29,306 [INFO] PluginManage:310 - Check plugin tutovideos
2025-03-20 23:30:29,641 [INFO] PluginManage:359 - Loaded plugin tutovideos (category:base,tabindex:-1)
2025-03-20 23:30:29,641 [INFO] PluginManage:310 - Check plugin updater
2025-03-20 23:30:29,695 [INFO] PluginManage:359 - Loaded plugin updater (category:base,tabindex:12)
2025-03-20 23:30:29,696 [INFO] PluginManage:310 - Check plugin userauth
2025-03-20 23:30:29,704 [INFO] UserAuth:113 - Init User Auth plugin
2025-03-20 23:30:29,704 [INFO] PluginManage:359 - Loaded plugin userauth (category:base,tabindex:14)
2025-03-20 23:30:29,705 [INFO] PluginManage:283 - PluginManage : Loaded plugins [18]
2025-03-20 23:30:30,003 [INFO] PinOutPanel:1561 - setPackage(No Configuration,No Configuration)
2025-03-20 23:30:30,116 [INFO] CADModel:165 - CPN selected for project level
2025-03-20 23:30:30,117 [INFO] CADModel:114 - Register for checkConnection events
2025-03-20 23:30:30,136 [INFO] IPUIPlugin:80 - create IPUIPlugin
2025-03-20 23:30:30,137 [INFO] PluginManager:220 - loadIPPluginJar : add mdma
2025-03-20 23:30:30,145 [INFO] IPUIPlugin:80 - create IPUIPlugin
2025-03-20 23:30:30,146 [INFO] PluginManager:220 - loadIPPluginJar : add freertos
2025-03-20 23:30:30,154 [INFO] IPUIPlugin:80 - create IPUIPlugin
2025-03-20 23:30:30,154 [INFO] PluginManager:220 - loadIPPluginJar : add gic
2025-03-20 23:30:30,170 [INFO] IPUIPlugin:80 - create IPUIPlugin
2025-03-20 23:30:30,170 [INFO] PluginManager:220 - loadIPPluginJar : add adc
2025-03-20 23:30:30,175 [INFO] IPUIPlugin:80 - create IPUIPlugin
2025-03-20 23:30:30,176 [INFO] PluginManager:220 - loadIPPluginJar : add gtzc
2025-03-20 23:30:30,178 [INFO] IPUIPlugin:80 - create IPUIPlugin
2025-03-20 23:30:30,179 [INFO] PluginManager:220 - loadIPPluginJar : add quadspi
2025-03-20 23:30:30,183 [INFO] IPUIPlugin:80 - create IPUIPlugin
2025-03-20 23:30:30,183 [INFO] PluginManager:220 - loadIPPluginJar : add aes
2025-03-20 23:30:30,188 [INFO] IPUIPlugin:80 - create IPUIPlugin
2025-03-20 23:30:30,188 [INFO] PluginManager:220 - loadIPPluginJar : add pdm2pcm
2025-03-20 23:30:30,191 [INFO] IPUIPlugin:80 - create IPUIPlugin
2025-03-20 23:30:30,191 [INFO] PluginManager:220 - loadIPPluginJar : add hash
2025-03-20 23:30:30,194 [INFO] IPUIPlugin:80 - create IPUIPlugin
2025-03-20 23:30:30,194 [INFO] PluginManager:220 - loadIPPluginJar : add tim
2025-03-20 23:30:30,197 [INFO] IPUIPlugin:80 - create IPUIPlugin
2025-03-20 23:30:30,197 [INFO] PluginManager:220 - loadIPPluginJar : add tsc
2025-03-20 23:30:30,201 [INFO] IPUIPlugin:80 - create IPUIPlugin
2025-03-20 23:30:30,202 [INFO] PluginManager:220 - loadIPPluginJar : add extmemmanager
2025-03-20 23:30:30,205 [INFO] IPUIPlugin:80 - create IPUIPlugin
2025-03-20 23:30:30,205 [INFO] PluginManager:220 - loadIPPluginJar : add ts
2025-03-20 23:30:30,208 [INFO] IPUIPlugin:80 - create IPUIPlugin
2025-03-20 23:30:30,209 [INFO] PluginManager:220 - loadIPPluginJar : add radio
2025-03-20 23:30:30,213 [INFO] IPUIPlugin:80 - create IPUIPlugin
2025-03-20 23:30:30,213 [INFO] PluginManager:220 - loadIPPluginJar : add can
2025-03-20 23:30:30,217 [INFO] IPUIPlugin:80 - create IPUIPlugin
2025-03-20 23:30:30,217 [INFO] PluginManager:220 - loadIPPluginJar : add dma3
2025-03-20 23:30:30,220 [INFO] IPUIPlugin:80 - create IPUIPlugin
2025-03-20 23:30:30,220 [INFO] PluginManager:220 - loadIPPluginJar : add dfsdm
2025-03-20 23:30:30,224 [INFO] IPUIPlugin:80 - create IPUIPlugin
2025-03-20 23:30:30,224 [INFO] PluginManager:220 - loadIPPluginJar : add spi
2025-03-20 23:30:30,228 [INFO] IPUIPlugin:80 - create IPUIPlugin
2025-03-20 23:30:30,228 [INFO] PluginManager:220 - loadIPPluginJar : add gfxmmu
2025-03-20 23:30:30,230 [INFO] IPUIPlugin:80 - create IPUIPlugin
2025-03-20 23:30:30,230 [INFO] PluginManager:220 - loadIPPluginJar : add genericplugin
2025-03-20 23:30:30,235 [INFO] IPUIPlugin:80 - create IPUIPlugin
2025-03-20 23:30:30,235 [INFO] PluginManager:220 - loadIPPluginJar : add cryp
2025-03-20 23:30:30,242 [INFO] IPUIPlugin:80 - create IPUIPlugin
2025-03-20 23:30:30,243 [INFO] PluginManager:220 - loadIPPluginJar : add gpio
2025-03-20 23:30:30,246 [INFO] IPUIPlugin:80 - create IPUIPlugin
2025-03-20 23:30:30,246 [INFO] PluginManager:220 - loadIPPluginJar : add ddr_ctrl_phy
2025-03-20 23:30:30,249 [INFO] IPUIPlugin:80 - create IPUIPlugin
2025-03-20 23:30:30,249 [INFO] PluginManager:220 - loadIPPluginJar : add comp
2025-03-20 23:30:30,252 [INFO] IPUIPlugin:80 - create IPUIPlugin
2025-03-20 23:30:30,252 [INFO] PluginManager:220 - loadIPPluginJar : add tracer_emb
2025-03-20 23:30:30,257 [INFO] IPUIPlugin:80 - create IPUIPlugin
2025-03-20 23:30:30,257 [INFO] PluginManager:220 - loadIPPluginJar : add openamp
2025-03-20 23:30:30,265 [INFO] IPUIPlugin:80 - create IPUIPlugin
2025-03-20 23:30:30,266 [INFO] PluginManager:220 - loadIPPluginJar : add stm32_wpan
2025-03-20 23:30:30,275 [INFO] IPUIPlugin:80 - create IPUIPlugin
2025-03-20 23:30:30,280 [INFO] PluginManager:220 - loadIPPluginJar : add plateformsettings
2025-03-20 23:30:30,284 [INFO] IPUIPlugin:80 - create IPUIPlugin
2025-03-20 23:30:30,284 [INFO] PluginManager:220 - loadIPPluginJar : add ipddr
2025-03-20 23:30:30,288 [INFO] IPUIPlugin:80 - create IPUIPlugin
2025-03-20 23:30:30,288 [INFO] PluginManager:220 - loadIPPluginJar : add usart
2025-03-20 23:30:30,290 [INFO] IPUIPlugin:80 - create IPUIPlugin
2025-03-20 23:30:30,290 [INFO] PluginManager:220 - loadIPPluginJar : add ltdc
2025-03-20 23:30:30,295 [INFO] IPUIPlugin:80 - create IPUIPlugin
2025-03-20 23:30:30,295 [INFO] PluginManager:220 - loadIPPluginJar : add nvic
2025-03-20 23:30:30,297 [INFO] IPUIPlugin:80 - create IPUIPlugin
2025-03-20 23:30:30,297 [INFO] PluginManager:220 - loadIPPluginJar : add fatfs
2025-03-20 23:30:30,308 [INFO] IPUIPlugin:80 - create IPUIPlugin
2025-03-20 23:30:30,308 [INFO] PluginManager:220 - loadIPPluginJar : add linkedlist
2025-03-20 23:30:30,315 [INFO] IPUIPlugin:80 - create IPUIPlugin
2025-03-20 23:30:30,315 [INFO] PluginManager:220 - loadIPPluginJar : add dma
2025-03-20 23:30:30,321 [INFO] IPUIPlugin:80 - create IPUIPlugin
2025-03-20 23:30:30,321 [INFO] PluginManager:220 - loadIPPluginJar : add fmc
2025-03-20 23:30:30,325 [INFO] IPUIPlugin:80 - create IPUIPlugin
2025-03-20 23:30:30,325 [INFO] PluginManager:220 - loadIPPluginJar : add i2s
2025-03-20 23:30:30,328 [INFO] IPUIPlugin:80 - create IPUIPlugin
2025-03-20 23:30:30,328 [INFO] PluginManager:220 - loadIPPluginJar : add ucpd
2025-03-20 23:30:30,332 [INFO] IPUIPlugin:80 - create IPUIPlugin
2025-03-20 23:30:30,332 [INFO] PluginManager:220 - loadIPPluginJar : add lorawan
2025-03-20 23:30:30,336 [INFO] IPUIPlugin:80 - create IPUIPlugin
2025-03-20 23:30:30,336 [INFO] PluginManager:220 - loadIPPluginJar : add opamp
2025-03-20 23:30:30,339 [INFO] IPUIPlugin:80 - create IPUIPlugin
2025-03-20 23:30:30,339 [INFO] PluginManager:220 - loadIPPluginJar : add i3c
2025-03-20 23:30:30,343 [INFO] IPUIPlugin:80 - create IPUIPlugin
2025-03-20 23:30:30,344 [INFO] PluginManager:220 - loadIPPluginJar : add touchsensing
2025-03-20 23:30:30,347 [INFO] IPUIPlugin:80 - create IPUIPlugin
2025-03-20 23:30:30,347 [INFO] PluginManager:220 - loadIPPluginJar : add i2c
2025-03-20 23:30:30,353 [INFO] IPUIPlugin:80 - create IPUIPlugin
2025-03-20 23:30:30,353 [INFO] PluginManager:220 - loadIPPluginJar : add resmgrutility
2025-03-20 23:30:30,357 [INFO] IPUIPlugin:80 - create IPUIPlugin
2025-03-20 23:30:30,357 [INFO] PluginManager:220 - loadIPPluginJar : add sai
2025-03-20 23:30:30,360 [INFO] IPUIPlugin:80 - create IPUIPlugin
2025-03-20 23:30:30,361 [INFO] PluginManager:220 - loadIPPluginJar : add usbx
2025-03-20 23:30:30,483 [INFO] CADModel:165 - CPN selected for project level
2025-03-20 23:30:30,483 [INFO] CADModel:114 - Register for checkConnection events
2025-03-20 23:30:30,483 [FATAL] Updater:334 - Updater called before beeing initialized
2025-03-20 23:30:30,483 [ERROR] CADModel:125 - Updater not yet initialized, retry later 
2025-03-20 23:30:30,773 [INFO] CADModel:165 - CPN selected for project level
2025-03-20 23:30:30,774 [INFO] CADModel:114 - Register for checkConnection events
2025-03-20 23:30:30,774 [FATAL] Updater:334 - Updater called before beeing initialized
2025-03-20 23:30:30,774 [ERROR] CADModel:125 - Updater not yet initialized, retry later 
2025-03-20 23:30:30,781 [FATAL] Updater:334 - Updater called before beeing initialized
2025-03-20 23:30:30,938 [FATAL] Updater:334 - Updater called before beeing initialized
2025-03-20 23:30:30,946 [INFO] DbMcusAds:53 - JSON generation date=Fri Sep 20 06:04:23 PDT 2024 (1726837463113)
2025-03-20 23:30:30,946 [FATAL] Updater:334 - Updater called before beeing initialized
2025-03-20 23:30:31,092 [WARN] DetailPanel:346 - Failed to get advertising image, set to default
2025-03-20 23:30:31,262 [FATAL] Updater:334 - Updater called before beeing initialized
2025-03-20 23:30:31,265 [FATAL] Updater:334 - Updater called before beeing initialized
2025-03-20 23:30:31,266 [FATAL] Updater:334 - Updater called before beeing initialized
2025-03-20 23:30:31,266 [WARN] DetailPanel:346 - Failed to get advertising image, set to default
2025-03-20 23:30:31,268 [FATAL] Updater:334 - Updater called before beeing initialized
2025-03-20 23:30:31,324 [ERROR] Updater:1164 - MainUpdater not yet initialized. External WinMGr cannot be set.
2025-03-20 23:30:31,359 [INFO] Updater:1100 - Updater Version found : 6.12.1
2025-03-20 23:30:31,386 [INFO] ApplicationProperties:184 - Using Application install path: /Applications/STM32CubeIDE.app/Contents/Eclipse/plugins/com.st.stm32cube.common.mx_6.12.1.202409122256
2025-03-20 23:30:31,813 [INFO] MainUpdater:2873 - connection check result : 10
2025-03-20 23:30:31,814 [INFO] MainUpdater:3567 - Updater definition file requires update
2025-03-20 23:30:31,815 [INFO] MainUpdater:290 - Updater Check For Update Now.
2025-03-20 23:30:31,815 [INFO] MicroXplorer:498 - Change Database Version : DB.6.0.121
2025-03-20 23:30:31,825 [INFO] McuFinderGlobals:63 - Set McuFinder mode to 2 (CubeIDE integrated)
2025-03-20 23:30:31,827 [INFO] UserAuth:417 - Internet connection configuration mode: 1
2025-03-20 23:30:31,841 [INFO] ServerAccessManage:473 - Download File updaters.zip
2025-03-20 23:30:31,854 [INFO] JxBrowserEngine:152 - Initiate JxBrowser Engine with user profile folder
2025-03-20 23:30:31,971 [INFO] FileExtend:240 - Unzip File : updaters.zip
2025-03-20 23:30:31,971 [INFO] FileExtend:255 - Standard Zip Deflate
2025-03-20 23:30:32,305 [WARN] MainUpdater:1194 - Updater busy. Cannot search thirdparties
2025-03-20 23:30:32,306 [INFO] ThirdPartyUpdaterWithRetryManager:96 - Updater plugin is busy. [1/15]
2025-03-20 23:30:32,403 [INFO] ServerAccessManage:473 - Download File PacksControlFlags.xml
2025-03-20 23:30:32,730 [INFO] ServerAccessManage:473 - Download File cubemx.pidx
2025-03-20 23:30:34,432 [INFO] WebApp:167 - Instantiating new browser for Auth
2025-03-20 23:30:35,307 [WARN] MainUpdater:1194 - Updater busy. Cannot search thirdparties
2025-03-20 23:30:35,307 [INFO] ThirdPartyUpdaterWithRetryManager:96 - Updater plugin is busy. [2/15]
2025-03-20 23:30:35,664 [INFO] ServerAccessManage:473 - Download File STMicroelectronics.X-CUBE-AZRTOS-H7RS.pdsc
2025-03-20 23:30:36,444 [INFO] WebApp:448 - Apply proxy settings
2025-03-20 23:30:36,455 [INFO] WebApp:493 - Chromium authenticates against Manually configured proxy
2025-03-20 23:30:36,483 [INFO] WebApp:501 - Username used for proxy authentication: 
2025-03-20 23:30:36,564 [INFO] WebApp:869 - Register for checkConnection events
2025-03-20 23:30:36,564 [INFO] WebApp:448 - Apply proxy settings
2025-03-20 23:30:36,570 [INFO] WebApp:493 - Chromium authenticates against Manually configured proxy
2025-03-20 23:30:36,571 [INFO] WebApp:501 - Username used for proxy authentication: 
2025-03-20 23:30:36,735 [INFO] WebApp:186 - Connection restablished
2025-03-20 23:30:37,826 [INFO] WebApp:220 - Starting web application
2025-03-20 23:30:37,827 [INFO] WebApp:578 - Web application path used /Applications/STM32CubeIDE.app/Contents/Eclipse/plugins/com.st.stm32cube.common.mx_6.12.1.202409122256/db/plugins/mcufinder/reactClient1/index.html
2025-03-20 23:30:38,311 [WARN] MainUpdater:1194 - Updater busy. Cannot search thirdparties
2025-03-20 23:30:38,312 [INFO] ThirdPartyUpdaterWithRetryManager:96 - Updater plugin is busy. [3/15]
2025-03-20 23:30:38,331 [INFO] UserAuth:417 - Internet connection configuration mode: 1
2025-03-20 23:30:39,460 [WARN] PackLoader:240 - Cannot read IP mode file for STMicroelectronics.X-CUBE-AZRTOS-H7RS.1.1.0
2025-03-20 23:30:39,477 [INFO] PopulateThirdPartyThread:66 - Ending populate Thread
2025-03-20 23:30:39,483 [INFO] ThirdParty:1030 - CMSIS Pack Vendor :STMicroelectronics X-CUBE-AZRTOS-H7RS 1.1.0
2025-03-20 23:30:39,484 [INFO] LoadServerUpdatesThread:375 - End of LoadServerUpdate Thread
2025-03-20 23:30:39,514 [INFO] CheckServerUpdateThread:120 - End of CheckServer Thread
2025-03-20 23:30:41,564 [WARN] PackLoader:240 - Cannot read IP mode file for STMicroelectronics.FP-SNS-MOTENVWB1.1.4.0
2025-03-20 23:30:41,591 [WARN] PackLoader:240 - Cannot read IP mode file for STMicroelectronics.FP-ATR-ASTRA1.2.0.2
2025-03-20 23:30:41,598 [WARN] PackLoader:240 - Cannot read IP mode file for STMicroelectronics.FP-ATR-ASTRA1.2.0.1
2025-03-20 23:30:41,610 [WARN] PackLoader:240 - Cannot read IP mode file for STMicroelectronics.X-CUBE-SMBUS.2.1.0
2025-03-20 23:30:41,624 [WARN] PackLoader:240 - Cannot read IP mode file for STMicroelectronics.X-CUBE-WB05N.1.1.0
2025-03-20 23:30:41,673 [WARN] PackLoader:240 - Cannot read IP mode file for STMicroelectronics.X-CUBE-AZRTOS-F7.1.1.0
2025-03-20 23:30:41,883 [WARN] PackLoader:240 - Cannot read IP mode file for STMicroelectronics.X-CUBE-MEMS1.11.0.0
2025-03-20 23:30:42,259 [WARN] PackLoader:240 - Cannot read IP mode file for STMicroelectronics.FP-SNS-FLIGHT1.5.0.2
2025-03-20 23:30:42,269 [WARN] PackLoader:240 - Cannot read IP mode file for STMicroelectronics.X-CUBE-DISPLAY.3.0.0
2025-03-20 23:30:42,284 [WARN] PackLoader:240 - Cannot read IP mode file for STMicroelectronics.X-CUBE-BLE1.7.0.0
2025-03-20 23:30:42,294 [WARN] PackLoader:240 - Cannot read IP mode file for STMicroelectronics.X-CUBE-NFC10.1.0.0
2025-03-20 23:30:42,313 [WARN] PackLoader:240 - Cannot read IP mode file for STMicroelectronics.X-CUBE-BLEMGR.4.0.0
2025-03-20 23:30:42,324 [WARN] PackLoader:240 - Cannot read IP mode file for emotas.I-CUBE-CANOPEN.1.3.0
2025-03-20 23:30:42,339 [WARN] PackLoader:240 - Cannot read IP mode file for STMicroelectronics.X-CUBE-BLEMGR.3.1.0
2025-03-20 23:30:42,349 [WARN] PackLoader:240 - Cannot read IP mode file for STMicroelectronics.X-CUBE-AI.10.0.0
2025-03-20 23:30:42,354 [WARN] PackLoader:240 - Cannot read IP mode file for STMicroelectronics.FP-SNS-SMARTAG2.1.2.0
2025-03-20 23:30:42,359 [ERROR] Engine:466 - /Users/Zarina/.stm32cubemx/thirdparties/pdsc/STMicroelectronics.FP-SNS-FLIGHT1.5.1.0.pdsc: PDSC version is not supported
2025-03-20 23:30:42,478 [WARN] PackLoader:240 - Cannot read IP mode file for STMicroelectronics.X-CUBE-MEMS1.11.1.0
2025-03-20 23:30:42,725 [INFO] LogOutputStream:77 - [STDOUT_REDIRECT] 1 : Invalid condition id : UX_CORESTACK_Condition cause : null
2025-03-20 23:30:42,726 [INFO] LogOutputStream:77 - [STDOUT_REDIRECT] 1 : Invalid condition id : UX_CORESTACK_Condition cause : null
2025-03-20 23:30:42,726 [INFO] LogOutputStream:77 - [STDOUT_REDIRECT] 1 : Invalid condition id : UX_CORESTACK_Condition cause : null
2025-03-20 23:30:42,727 [INFO] LogOutputStream:77 - [STDOUT_REDIRECT] 1 : Invalid condition id : UX_CORESTACK_Condition cause : null
2025-03-20 23:30:42,727 [INFO] LogOutputStream:77 - [STDOUT_REDIRECT] 1 : Invalid condition id : UX_CORESTACK_Condition cause : null
2025-03-20 23:30:42,733 [WARN] PackLoader:240 - Cannot read IP mode file for STMicroelectronics.X-CUBE-AZRTOS-WL.2.0.0
2025-03-20 23:30:42,742 [WARN] PackLoader:240 - Cannot read IP mode file for STMicroelectronics.FP-SNS-MOTENV1.5.0.0
2025-03-20 23:30:42,750 [WARN] PackLoader:240 - Cannot read IP mode file for wolfSSL.I-CUBE-wolfMQTT.1.19.0
2025-03-20 23:30:42,761 [WARN] PackLoader:240 - Cannot read IP mode file for WES.I-CUBE-Cesium.1.3.0
2025-03-20 23:30:42,769 [WARN] PackLoader:240 - Cannot read IP mode file for STMicroelectronics.X-CUBE-BLE2.3.3.0
2025-03-20 23:30:42,783 [WARN] PackLoader:240 - Cannot read IP mode file for STMicroelectronics.X-CUBE-NFC9.1.0.0
2025-03-20 23:30:42,801 [WARN] PackLoader:240 - Cannot read IP mode file for STMicroelectronics.X-CUBE-BLE1.7.1.0
2025-03-20 23:30:42,817 [WARN] PackLoader:240 - Cannot read IP mode file for STMicroelectronics.X-CUBE-TCPP.4.1.0
2025-03-20 23:30:42,847 [WARN] PackLoader:240 - Cannot read IP mode file for STMicroelectronics.X-CUBE-AZRTOS-G0.1.1.0
2025-03-20 23:30:42,863 [WARN] PackLoader:240 - Cannot read IP mode file for STMicroelectronics.X-CUBE-SAFEA1.1.2.2
2025-03-20 23:30:42,874 [WARN] PackLoader:240 - Cannot read IP mode file for STMicroelectronics.X-CUBE-NFC4.3.0.0
2025-03-20 23:30:42,892 [WARN] PackLoader:240 - Cannot read IP mode file for EmbeddedOffice.I-CUBE-FS-RTOS.1.0.1
2025-03-20 23:30:42,892 [ERROR] ConditionMgr:805 - Attr not supported : Dmpu
2025-03-20 23:30:42,892 [ERROR] ConditionMgr:805 - Attr not supported : Dmpu
2025-03-20 23:30:42,893 [ERROR] ConditionMgr:805 - Attr not supported : Dmpu
2025-03-20 23:30:42,893 [ERROR] ConditionMgr:805 - Attr not supported : Dmpu
2025-03-20 23:30:42,893 [ERROR] ConditionMgr:805 - Attr not supported : Dmpu
2025-03-20 23:30:42,893 [ERROR] ConditionMgr:805 - Attr not supported : Dmpu
2025-03-20 23:30:42,893 [ERROR] ConditionMgr:805 - Attr not supported : Dmpu
2025-03-20 23:30:42,893 [ERROR] ConditionMgr:805 - Attr not supported : Dmpu
2025-03-20 23:30:42,893 [ERROR] ConditionMgr:805 - Attr not supported : Dmpu
2025-03-20 23:30:42,893 [ERROR] ConditionMgr:805 - Attr not supported : Dmpu
2025-03-20 23:30:42,894 [ERROR] ConditionMgr:805 - Attr not supported : Dmpu
2025-03-20 23:30:42,894 [ERROR] ConditionMgr:805 - Attr not supported : Dmpu
2025-03-20 23:30:42,894 [ERROR] ConditionMgr:805 - Attr not supported : Dmpu
2025-03-20 23:30:42,894 [ERROR] ConditionMgr:805 - Attr not supported : Dmpu
2025-03-20 23:30:42,894 [ERROR] ConditionMgr:805 - Attr not supported : Dmpu
2025-03-20 23:30:42,894 [ERROR] ConditionMgr:805 - Attr not supported : Dmpu
2025-03-20 23:30:42,894 [ERROR] ConditionMgr:805 - Attr not supported : Dmpu
2025-03-20 23:30:42,894 [ERROR] ConditionMgr:805 - Attr not supported : Dmpu
2025-03-20 23:30:42,894 [ERROR] ConditionMgr:805 - Attr not supported : Dmpu
2025-03-20 23:30:42,894 [ERROR] ConditionMgr:805 - Attr not supported : Dmpu
2025-03-20 23:30:42,894 [ERROR] ConditionMgr:805 - Attr not supported : Dmpu
2025-03-20 23:30:42,895 [ERROR] ConditionMgr:805 - Attr not supported : Dmpu
2025-03-20 23:30:42,895 [ERROR] ConditionMgr:805 - Attr not supported : Dmpu
2025-03-20 23:30:42,895 [ERROR] ConditionMgr:805 - Attr not supported : Dmpu
2025-03-20 23:30:42,895 [ERROR] ConditionMgr:805 - Attr not supported : Dmpu
2025-03-20 23:30:42,895 [ERROR] ConditionMgr:805 - Attr not supported : Dmpu
2025-03-20 23:30:42,895 [ERROR] ConditionMgr:805 - Attr not supported : Dmpu
2025-03-20 23:30:42,895 [ERROR] ConditionMgr:805 - Attr not supported : Dmpu
2025-03-20 23:30:42,895 [ERROR] ConditionMgr:805 - Attr not supported : Dmpu
2025-03-20 23:30:42,895 [ERROR] ConditionMgr:805 - Attr not supported : Dmpu
2025-03-20 23:30:42,896 [ERROR] ConditionMgr:805 - Attr not supported : Dmpu
2025-03-20 23:30:42,896 [ERROR] ConditionMgr:805 - Attr not supported : Dmpu
2025-03-20 23:30:42,896 [ERROR] ConditionMgr:805 - Attr not supported : Dmpu
2025-03-20 23:30:42,896 [ERROR] ConditionMgr:805 - Attr not supported : Dmpu
2025-03-20 23:30:42,896 [ERROR] ConditionMgr:805 - Attr not supported : Dmpu
2025-03-20 23:30:42,896 [ERROR] ConditionMgr:805 - Attr not supported : Dmpu
2025-03-20 23:30:42,896 [ERROR] ConditionMgr:805 - Attr not supported : Dmpu
2025-03-20 23:30:42,896 [ERROR] ConditionMgr:805 - Attr not supported : Dmpu
2025-03-20 23:30:42,897 [ERROR] ConditionMgr:805 - Attr not supported : Dmpu
2025-03-20 23:30:42,897 [ERROR] ConditionMgr:805 - Attr not supported : Dmpu
2025-03-20 23:30:42,897 [ERROR] ConditionMgr:805 - Attr not supported : Dmpu
2025-03-20 23:30:42,897 [ERROR] ConditionMgr:805 - Attr not supported : Dmpu
2025-03-20 23:30:42,897 [ERROR] ConditionMgr:805 - Attr not supported : Dmpu
2025-03-20 23:30:42,897 [ERROR] ConditionMgr:805 - Attr not supported : Dmpu
2025-03-20 23:30:42,897 [ERROR] ConditionMgr:805 - Attr not supported : Dmpu
2025-03-20 23:30:42,898 [ERROR] ConditionMgr:805 - Attr not supported : Dmpu
2025-03-20 23:30:42,898 [ERROR] ConditionMgr:805 - Attr not supported : Dmpu
2025-03-20 23:30:42,898 [ERROR] ConditionMgr:805 - Attr not supported : Dmpu
2025-03-20 23:30:42,898 [ERROR] ConditionMgr:805 - Attr not supported : Dmpu
2025-03-20 23:30:42,898 [ERROR] ConditionMgr:805 - Attr not supported : Dmpu
2025-03-20 23:30:42,898 [ERROR] ConditionMgr:805 - Attr not supported : Dmpu
2025-03-20 23:30:42,898 [ERROR] ConditionMgr:805 - Attr not supported : Dmpu
2025-03-20 23:30:42,898 [ERROR] ConditionMgr:805 - Attr not supported : Dmpu
2025-03-20 23:30:42,899 [ERROR] ConditionMgr:805 - Attr not supported : Dmpu
2025-03-20 23:30:42,899 [ERROR] ConditionMgr:805 - Attr not supported : Dmpu
2025-03-20 23:30:42,899 [ERROR] ConditionMgr:805 - Attr not supported : Dmpu
2025-03-20 23:30:42,899 [ERROR] ConditionMgr:805 - Attr not supported : Dmpu
2025-03-20 23:30:42,899 [ERROR] ConditionMgr:805 - Attr not supported : Dmpu
2025-03-20 23:30:42,899 [ERROR] ConditionMgr:805 - Attr not supported : Dmpu
2025-03-20 23:30:42,899 [ERROR] ConditionMgr:805 - Attr not supported : Dmpu
2025-03-20 23:30:42,899 [ERROR] ConditionMgr:805 - Attr not supported : Dmpu
2025-03-20 23:30:42,900 [ERROR] ConditionMgr:805 - Attr not supported : Dmpu
2025-03-20 23:30:42,900 [ERROR] ConditionMgr:805 - Attr not supported : Dmpu
2025-03-20 23:30:42,900 [ERROR] ConditionMgr:805 - Attr not supported : Dmpu
2025-03-20 23:30:42,904 [ERROR] Engine:466 - /Users/Zarina/.stm32cubemx/thirdparties/pdsc/STMicroelectronics.X-CUBE-TCPP.4.2.0.pdsc: PDSC version is not supported
2025-03-20 23:30:42,910 [WARN] PackLoader:240 - Cannot read IP mode file for RealThread.X-CUBE-RT-Thread_Nano.4.1.1
2025-03-20 23:30:42,915 [WARN] PackLoader:240 - Cannot read IP mode file for STMicroelectronics.FP-ATR-SIGFOX1.3.2.0
2025-03-20 23:30:42,920 [WARN] PackLoader:240 - Cannot read IP mode file for wolfSSL.I-CUBE-wolfSSL.5.7.2
2025-03-20 23:30:42,924 [WARN] ConditionMgr:438 - getConditionDescription Invalid condition id : Cortex-A Device cause : null
2025-03-20 23:30:42,937 [WARN] ConditionMgr:1039 - genDependencies : Invalid condition id : Cortex-A Device cause : null
2025-03-20 23:30:42,937 [WARN] ConditionMgr:1039 - genDependencies : Invalid condition id : Cortex-A Device cause : null
2025-03-20 23:30:42,937 [WARN] ConditionMgr:1039 - genDependencies : Invalid condition id : Cortex-A Device cause : null
2025-03-20 23:30:42,946 [WARN] PackLoader:240 - Cannot read IP mode file for STMicroelectronics.X-CUBE-EEPRMA1.5.1.0
2025-03-20 23:30:42,957 [WARN] PackLoader:240 - Cannot read IP mode file for ITTIA_DB.I-CUBE-ITTIADB.8.9.0
2025-03-20 23:30:43,038 [WARN] PackLoader:240 - Cannot read IP mode file for SEGGER.I-CUBE-embOS.1.3.1
2025-03-20 23:30:43,123 [WARN] PackLoader:240 - Cannot read IP mode file for STMicroelectronics.X-CUBE-ALGOBUILD.1.4.0
2025-03-20 23:30:43,127 [WARN] PackLoader:240 - Cannot read IP mode file for STMicroelectronics.X-CUBE-AI.9.1.0
2025-03-20 23:30:43,163 [WARN] PackLoader:240 - Cannot read IP mode file for STMicroelectronics.X-CUBE-AZRTOS-F4.1.1.0
2025-03-20 23:30:43,175 [WARN] PackLoader:240 - Cannot read IP mode file for STMicroelectronics.X-CUBE-ISPU.2.1.0
2025-03-20 23:30:43,183 [WARN] PackLoader:240 - Cannot read IP mode file for STMicroelectronics.X-CUBE-FREERTOS.1.2.0
2025-03-20 23:30:43,221 [WARN] PackLoader:240 - Cannot read IP mode file for STMicroelectronics.X-CUBE-AZRTOS-L5.2.0.0
2025-03-20 23:30:43,240 [WARN] PackLoader:240 - Cannot read IP mode file for STMicroelectronics.X-CUBE-NFC6.3.1.0
2025-03-20 23:30:43,252 [WARN] PackLoader:240 - Cannot read IP mode file for STMicroelectronics.X-CUBE-DPower.1.2.0
2025-03-20 23:30:43,259 [WARN] PackLoader:240 - Cannot read IP mode file for STMicroelectronics.X-CUBE-FREERTOS.1.3.0
2025-03-20 23:30:43,266 [WARN] PackLoader:240 - Cannot read IP mode file for STMicroelectronics.X-CUBE-NFC7.1.0.1
2025-03-20 23:30:43,305 [WARN] ConditionMgr:438 - getConditionDescription Invalid condition id : LAN8742 Phy interface Condition cause : null
2025-03-20 23:30:43,308 [WARN] PackLoader:240 - Cannot read IP mode file for STMicroelectronics.X-CUBE-AZRTOS-L4.2.0.0
2025-03-20 23:30:43,312 [WARN] ConditionMgr:1039 - genDependencies : Invalid condition id : LAN8742 Phy interface Condition cause : null
2025-03-20 23:30:43,313 [WARN] ConditionMgr:1039 - genDependencies : Invalid condition id : LAN8742 Phy interface Condition cause : null
2025-03-20 23:30:43,315 [WARN] ConditionMgr:1039 - genDependencies : Invalid condition id : LAN8742 Phy interface Condition cause : null
2025-03-20 23:30:43,330 [WARN] PackLoader:240 - Cannot read IP mode file for STMicroelectronics.X-CUBE-SFXS2LP1.4.0.0
2025-03-20 23:30:43,363 [WARN] PackLoader:240 - Cannot read IP mode file for STMicroelectronics.X-CUBE-AZRTOS-H7.3.3.0
2025-03-20 23:30:43,387 [WARN] PackLoader:240 - Cannot read IP mode file for STMicroelectronics.X-CUBE-IPS.3.0.0
2025-03-20 23:30:43,424 [WARN] ConditionMgr:438 - getConditionDescription Invalid condition id : UX DEVICE CLASS RTOS Condition cause : null
2025-03-20 23:30:43,424 [WARN] ConditionMgr:438 - getConditionDescription Invalid condition id : UX DEVICE CLASS RTOS Condition cause : null
2025-03-20 23:30:43,431 [WARN] PackLoader:240 - Cannot read IP mode file for STMicroelectronics.X-CUBE-AZRTOS-WB.2.0.0
2025-03-20 23:30:43,431 [WARN] ConditionMgr:1039 - genDependencies : Invalid condition id : UX DEVICE CLASS RTOS Condition cause : null
2025-03-20 23:30:43,432 [WARN] ConditionMgr:1039 - genDependencies : Invalid condition id : UX DEVICE CLASS RTOS Condition cause : null
2025-03-20 23:30:43,432 [WARN] ConditionMgr:1039 - genDependencies : Invalid condition id : UX DEVICE CLASS RTOS Condition cause : null
2025-03-20 23:30:43,432 [WARN] ConditionMgr:1039 - genDependencies : Invalid condition id : UX DEVICE CLASS RTOS Condition cause : null
2025-03-20 23:30:43,433 [WARN] ConditionMgr:1039 - genDependencies : Invalid condition id : UX DEVICE CLASS RTOS Condition cause : null
2025-03-20 23:30:43,440 [WARN] PackLoader:240 - Cannot read IP mode file for STMicroelectronics.X-CUBE-GNSS1.7.0.0
2025-03-20 23:30:43,473 [WARN] PackLoader:240 - Cannot read IP mode file for STMicroelectronics.X-CUBE-GNSS1.7.0.1
2025-03-20 23:30:43,484 [WARN] PackLoader:240 - Cannot read IP mode file for STMicroelectronics.X-CUBE-TOUCHGFX.4.25.0
2025-03-20 23:30:43,493 [WARN] PackLoader:240 - Cannot read IP mode file for STMicroelectronics.FP-SNS-STBOX1.2.0.0
2025-03-20 23:30:43,515 [WARN] PackLoader:240 - Cannot read IP mode file for STMicroelectronics.X-CUBE-SUBG2.5.0.0
2025-03-20 23:30:43,551 [WARN] PackLoader:240 - Cannot read IP mode file for STMicroelectronics.X-CUBE-AZRTOS-H7RS.1.1.0
2025-03-20 23:30:43,557 [WARN] PackLoader:240 - Cannot read IP mode file for Cesanta.I-CUBE-Mongoose.7.13.0
2025-03-20 23:30:43,619 [WARN] PackLoader:240 - Cannot read IP mode file for STMicroelectronics.X-CUBE-AZRTOS-G4.2.0.0
2025-03-20 23:30:43,634 [ERROR] Engine:466 - /Users/Zarina/.stm32cubemx/thirdparties/pdsc/STMicroelectronics.X-CUBE-IPS.3.1.0.pdsc: PDSC version is not supported
2025-03-20 23:30:43,644 [WARN] PackLoader:240 - Cannot read IP mode file for STMicroelectronics.X-CUBE-ALS.1.0.2
2025-03-20 23:30:43,657 [WARN] PackLoader:240 - Cannot read IP mode file for STMicroelectronics.X-CUBE-TOUCHGFX.4.24.2
2025-03-20 23:30:43,668 [WARN] PackLoader:240 - Cannot read IP mode file for STMicroelectronics.X-CUBE-TOUCHGFX.4.24.1
2025-03-20 23:30:43,679 [WARN] PackLoader:240 - Cannot read IP mode file for wolfSSL.I-CUBE-wolfTPM.3.4.0
2025-03-20 23:30:43,690 [WARN] PackLoader:240 - Cannot read IP mode file for portGmbH.I-Cube-SoM-uGOAL.1.1.0
2025-03-20 23:30:43,743 [WARN] PackLoader:240 - Cannot read IP mode file for STMicroelectronics.X-CUBE-AZRTOS-H7RS.1.0.0
2025-03-20 23:30:43,752 [WARN] PackLoader:240 - Cannot read IP mode file for STMicroelectronics.FP-ATR-ASTRA1.2.0.0
2025-03-20 23:30:43,796 [WARN] PackLoader:240 - Cannot read IP mode file for STMicroelectronics.X-CUBE-TOF1.3.4.2
2025-03-20 23:30:43,853 [WARN] PackLoader:240 - Cannot read IP mode file for Infineon.AIROC-Wi-Fi-Bluetooth-STM32.1.6.1
2025-03-20 23:30:43,871 [WARN] PackLoader:240 - Cannot read IP mode file for wolfSSL.I-CUBE-wolfSSH.1.4.17
2025-03-20 23:30:43,872 [INFO] ThirdParty:978 - Integrity check success = true
2025-03-20 23:30:43,872 [INFO] IntegrityCheckThread:100 - exiting critical section [integrity check]
2025-03-20 23:30:43,872 [INFO] IntegrityCheckThread:103 - End integrity checks thread
