2025-01-16 20:18:31,516 [INFO] Activator:176 - 


2025-01-16 20:18:31,526 [INFO] Activator:177 - !SESSION log4j initialized
2025-01-16 20:18:37,691 [ERROR] LogOutputStream:75 - [STDERR_REDIRECT] 
2025-01-16 20:18:39,622 [INFO] LogOutputStream:77 - [STDOUT_REDIRECT] 
2025-01-16 20:18:42,101 [INFO] LogOutputStream:77 - [STDOUT_REDIRECT] 
2025-01-16 20:18:43,940 [INFO] ApplicationProperties:184 - Using Application install path: /Applications/STM32CubeIDE.app/Contents/Eclipse/plugins/com.st.stm32cube.common.mx_6.12.1.202409122256
2025-01-16 20:18:43,979 [INFO] DbMcusXml:78 - Set database path to: /Applications/STM32CubeIDE.app/Contents/Eclipse/plugins/com.st.stm32cube.common.mx_6.12.1.202409122256//db//mcu/
2025-01-16 20:18:43,979 [INFO] ApiDb:274 - Set plugin database path to: /Applications/STM32CubeIDE.app/Contents/Eclipse/plugins/com.st.stm32cube.common.mx_6.12.1.202409122256//db//plugins/boardmanager/
2025-01-16 20:18:43,980 [WARN] ApiDb:259 - Overriding images path with different value:  => /Applications/STM32CubeIDE.app/Contents/Eclipse/plugins/com.st.stm32cube.common.mx_6.12.1.202409122256//db//plugins/mcufinder/images/
2025-01-16 20:18:43,994 [INFO] ApiDb:250 - Set database path to: /Users/Zarina/.stmcufinder/plugins/mcufinder//mcu/
2025-01-16 20:18:43,996 [INFO] DbMcusAds:125 - Set database path to: /Users/Zarina/.stmcufinder/plugins/mcufinder//mcu/
2025-01-16 20:18:44,020 [INFO] CrossReferenceDbSqlite:203 - Set database path to: /Users/Zarina/.stmcufinder/plugins/mcufinder//mcu/cs/
2025-01-16 20:18:44,343 [INFO] RulesReader:64 - Compatibility file has been processed (297 Rules)
2025-01-16 20:18:44,485 [INFO] DbMcusXml:78 - Set database path to: /Applications/STM32CubeIDE.app/Contents/Eclipse/plugins/com.st.stm32cube.common.mx_6.12.1.202409122256//db//mcu/
2025-01-16 20:18:44,485 [INFO] ApiDb:274 - Set plugin database path to: /Applications/STM32CubeIDE.app/Contents/Eclipse/plugins/com.st.stm32cube.common.mx_6.12.1.202409122256//db//plugins/boardmanager/
2025-01-16 20:18:44,485 [INFO] ApiDb:261 - Set plugin images path to: /Applications/STM32CubeIDE.app/Contents/Eclipse/plugins/com.st.stm32cube.common.mx_6.12.1.202409122256//db//plugins/mcufinder/images/
2025-01-16 20:18:44,486 [WARN] DbFile:41 - Overriding database path with different value: /Users/Zarina/.stmcufinder/plugins/mcufinder/ => /Users/Zarina/.stmcufinder/plugins/mcufinder
2025-01-16 20:18:44,486 [INFO] ApiDb:250 - Set database path to: /Users/Zarina/.stmcufinder/plugins/mcufinder//mcu/
2025-01-16 20:18:44,486 [WARN] DbFile:41 - Overriding database path with different value: /Users/Zarina/.stmcufinder/plugins/mcufinder/ => /Users/Zarina/.stmcufinder/plugins/mcufinder
2025-01-16 20:18:44,486 [INFO] DbMcusAds:125 - Set database path to: /Users/Zarina/.stmcufinder/plugins/mcufinder//mcu/
2025-01-16 20:18:44,486 [WARN] DbFile:41 - Overriding database path with different value: /Users/Zarina/.stmcufinder/plugins/mcufinder/ => /Users/Zarina/.stmcufinder/plugins/mcufinder
2025-01-16 20:18:44,486 [WARN] DbFile:41 - Overriding database path with different value: /Users/Zarina/.stmcufinder/plugins/mcufinder/ => /Users/Zarina/.stmcufinder/plugins/mcufinder
2025-01-16 20:18:44,487 [INFO] CrossReferenceDbSqlite:203 - Set database path to: /Users/Zarina/.stmcufinder/plugins/mcufinder//mcu/cs/
2025-01-16 20:18:44,643 [INFO] MainPanel:268 - HeapMemory: 300941312
2025-01-16 20:18:46,638 [INFO] DbMcusXml:78 - Set database path to: /Applications/STM32CubeIDE.app/Contents/Eclipse/plugins/com.st.stm32cube.common.mx_6.12.1.202409122256//db//mcu/
2025-01-16 20:18:46,638 [INFO] ApiDb:274 - Set plugin database path to: /Applications/STM32CubeIDE.app/Contents/Eclipse/plugins/com.st.stm32cube.common.mx_6.12.1.202409122256//db//plugins/boardmanager/
2025-01-16 20:18:46,638 [INFO] ApiDb:261 - Set plugin images path to: /Applications/STM32CubeIDE.app/Contents/Eclipse/plugins/com.st.stm32cube.common.mx_6.12.1.202409122256//db//plugins/mcufinder/images/
2025-01-16 20:18:46,639 [WARN] DbFile:41 - Overriding database path with different value: /Users/Zarina/.stmcufinder/plugins/mcufinder/ => /Users/Zarina/.stmcufinder/plugins/mcufinder
2025-01-16 20:18:46,639 [INFO] ApiDb:250 - Set database path to: /Users/Zarina/.stmcufinder/plugins/mcufinder//mcu/
2025-01-16 20:18:46,640 [WARN] DbFile:41 - Overriding database path with different value: /Users/Zarina/.stmcufinder/plugins/mcufinder/ => /Users/Zarina/.stmcufinder/plugins/mcufinder
2025-01-16 20:18:46,640 [INFO] DbMcusAds:125 - Set database path to: /Users/Zarina/.stmcufinder/plugins/mcufinder//mcu/
2025-01-16 20:18:46,640 [WARN] DbFile:41 - Overriding database path with different value: /Users/Zarina/.stmcufinder/plugins/mcufinder/ => /Users/Zarina/.stmcufinder/plugins/mcufinder
2025-01-16 20:18:46,640 [WARN] DbFile:41 - Overriding database path with different value: /Users/Zarina/.stmcufinder/plugins/mcufinder/ => /Users/Zarina/.stmcufinder/plugins/mcufinder
2025-01-16 20:18:46,641 [INFO] CrossReferenceDbSqlite:203 - Set database path to: /Users/Zarina/.stmcufinder/plugins/mcufinder//mcu/cs/
2025-01-16 20:18:46,674 [INFO] ApplicationProperties:184 - Using Application install path: /Applications/STM32CubeIDE.app/Contents/Eclipse/plugins/com.st.stm32cube.common.mx_6.12.1.202409122256
2025-01-16 20:18:46,677 [INFO] PluginManage:196 - Search for loadable plugins [exclusion list=, ]
2025-01-16 20:18:46,679 [INFO] PluginManage:310 - Check plugin analytics
2025-01-16 20:18:47,160 [INFO] AnalyticsPlugin:253 - Accepted Software Licenses: 
2025-01-16 20:18:47,161 [INFO] AnalyticsPlugin:255 - Accepted CMSIS Pack Licenses: 
2025-01-16 20:18:47,161 [INFO] AnalyticsPlugin:257 - Accepted Firmware Licenses: FW.F4.1.28.0
2025-01-16 20:18:47,165 [INFO] PluginManage:359 - Loaded plugin analytics (category:tool,tabindex:-1)
2025-01-16 20:18:47,166 [INFO] PluginManage:310 - Check plugin cadmodel
2025-01-16 20:18:47,202 [INFO] CADModel:105 - Init CAD model plugin
2025-01-16 20:18:47,202 [INFO] PluginManage:359 - Loaded plugin cadmodel (category:power,tabindex:5)
2025-01-16 20:18:47,203 [INFO] PluginManage:310 - Check plugin clock
2025-01-16 20:18:47,227 [INFO] PluginManage:359 - Loaded plugin clock (category:base,tabindex:2)
2025-01-16 20:18:47,228 [INFO] PluginManage:310 - Check plugin ddr
2025-01-16 20:18:47,233 [INFO] PluginManage:359 - Loaded plugin ddr (category:tool,tabindex:6)
2025-01-16 20:18:47,233 [INFO] PluginManage:310 - Check plugin filemanager
2025-01-16 20:18:47,728 [INFO] PluginManage:359 - Loaded plugin filemanager (category:base,tabindex:10)
2025-01-16 20:18:47,728 [INFO] PluginManage:310 - Check plugin ipmanager
2025-01-16 20:18:47,743 [INFO] PluginManage:359 - Loaded plugin ipmanager (category:base,tabindex:5)
2025-01-16 20:18:47,746 [INFO] PluginManage:310 - Check plugin lpbam
2025-01-16 20:18:47,769 [INFO] PluginManage:359 - Loaded plugin lpbam (category:base,tabindex:0)
2025-01-16 20:18:47,770 [INFO] PluginManage:310 - Check plugin memorymap
2025-01-16 20:18:47,844 [INFO] PluginManage:359 - Loaded plugin memorymap (category:base,tabindex:4)
2025-01-16 20:18:47,845 [INFO] PluginManage:310 - Check plugin pinoutandconfiguration
2025-01-16 20:18:47,906 [INFO] PluginManage:359 - Loaded plugin pinoutandconfiguration (category:base,tabindex:1)
2025-01-16 20:18:47,906 [INFO] PluginManage:310 - Check plugin pinoutconfig
2025-01-16 20:18:48,346 [WARN] SupportedApi:132 - Cannot load RTOS API schema: s4s-elt-must-match.1: The content of 'definitions' must match (annotation?, (simpleType | complexType)?, (unique | key | keyref)*)). A problem was found starting at: attribute.
2025-01-16 20:18:48,660 [INFO] PluginManage:359 - Loaded plugin pinoutconfig (category:base,tabindex:0)
2025-01-16 20:18:48,660 [INFO] PluginManage:310 - Check plugin power
2025-01-16 20:18:48,676 [INFO] PluginManage:359 - Loaded plugin power (category:power,tabindex:4)
2025-01-16 20:18:48,676 [INFO] PluginManage:310 - Check plugin projectmanager
2025-01-16 20:18:48,703 [INFO] PluginManage:359 - Loaded plugin projectmanager (category:projectmanager,tabindex:4)
2025-01-16 20:18:48,704 [INFO] PluginManage:310 - Check plugin rif
2025-01-16 20:18:48,714 [INFO] PluginManage:359 - Loaded plugin rif (category:base,tabindex:3)
2025-01-16 20:18:48,714 [INFO] PluginManage:310 - Check plugin thirdparty
2025-01-16 20:18:49,020 [INFO] PluginManage:359 - Loaded plugin thirdparty (category:base,tabindex:-1)
2025-01-16 20:18:49,020 [WARN] IntegrityCheckThread:84 - waiting for thirdparty lock release [integrity check]
2025-01-16 20:18:49,021 [INFO] PluginManage:310 - Check plugin tools
2025-01-16 20:18:49,021 [INFO] IntegrityCheckThread:86 - entering critical section [integrity check]
2025-01-16 20:18:49,021 [INFO] ThirdPartyUpdaterWithRetryManager:70 - Updater plugin not ready yet. [1/15]
2025-01-16 20:18:49,038 [INFO] PluginManage:359 - Loaded plugin tools (category:base,tabindex:7)
2025-01-16 20:18:49,038 [INFO] PluginManage:310 - Check plugin tutovideos
2025-01-16 20:18:49,443 [INFO] PluginManage:359 - Loaded plugin tutovideos (category:base,tabindex:-1)
2025-01-16 20:18:49,443 [INFO] PluginManage:310 - Check plugin updater
2025-01-16 20:18:49,478 [INFO] PluginManage:359 - Loaded plugin updater (category:base,tabindex:12)
2025-01-16 20:18:49,479 [INFO] PluginManage:310 - Check plugin userauth
2025-01-16 20:18:49,488 [INFO] UserAuth:113 - Init User Auth plugin
2025-01-16 20:18:49,489 [INFO] PluginManage:359 - Loaded plugin userauth (category:base,tabindex:14)
2025-01-16 20:18:49,491 [INFO] PluginManage:283 - PluginManage : Loaded plugins [18]
2025-01-16 20:18:50,224 [INFO] PinOutPanel:1561 - setPackage(No Configuration,No Configuration)
2025-01-16 20:18:50,486 [INFO] CADModel:165 - CPN selected for project level
2025-01-16 20:18:50,493 [INFO] CADModel:114 - Register for checkConnection events
2025-01-16 20:18:50,521 [INFO] IPUIPlugin:80 - create IPUIPlugin
2025-01-16 20:18:50,522 [INFO] PluginManager:220 - loadIPPluginJar : add mdma
2025-01-16 20:18:50,539 [INFO] IPUIPlugin:80 - create IPUIPlugin
2025-01-16 20:18:50,541 [INFO] PluginManager:220 - loadIPPluginJar : add freertos
2025-01-16 20:18:50,559 [INFO] IPUIPlugin:80 - create IPUIPlugin
2025-01-16 20:18:50,559 [INFO] PluginManager:220 - loadIPPluginJar : add gic
2025-01-16 20:18:50,598 [INFO] IPUIPlugin:80 - create IPUIPlugin
2025-01-16 20:18:50,598 [INFO] PluginManager:220 - loadIPPluginJar : add adc
2025-01-16 20:18:50,608 [INFO] IPUIPlugin:80 - create IPUIPlugin
2025-01-16 20:18:50,608 [INFO] PluginManager:220 - loadIPPluginJar : add gtzc
2025-01-16 20:18:50,614 [INFO] IPUIPlugin:80 - create IPUIPlugin
2025-01-16 20:18:50,614 [INFO] PluginManager:220 - loadIPPluginJar : add quadspi
2025-01-16 20:18:50,625 [INFO] IPUIPlugin:80 - create IPUIPlugin
2025-01-16 20:18:50,625 [INFO] PluginManager:220 - loadIPPluginJar : add aes
2025-01-16 20:18:50,660 [INFO] IPUIPlugin:80 - create IPUIPlugin
2025-01-16 20:18:50,661 [INFO] PluginManager:220 - loadIPPluginJar : add pdm2pcm
2025-01-16 20:18:50,671 [INFO] IPUIPlugin:80 - create IPUIPlugin
2025-01-16 20:18:50,671 [INFO] PluginManager:220 - loadIPPluginJar : add hash
2025-01-16 20:18:50,682 [INFO] IPUIPlugin:80 - create IPUIPlugin
2025-01-16 20:18:50,683 [INFO] PluginManager:220 - loadIPPluginJar : add tim
2025-01-16 20:18:50,689 [INFO] IPUIPlugin:80 - create IPUIPlugin
2025-01-16 20:18:50,689 [INFO] PluginManager:220 - loadIPPluginJar : add tsc
2025-01-16 20:18:50,699 [INFO] IPUIPlugin:80 - create IPUIPlugin
2025-01-16 20:18:50,700 [INFO] PluginManager:220 - loadIPPluginJar : add extmemmanager
2025-01-16 20:18:50,710 [INFO] IPUIPlugin:80 - create IPUIPlugin
2025-01-16 20:18:50,711 [INFO] PluginManager:220 - loadIPPluginJar : add ts
2025-01-16 20:18:50,717 [INFO] IPUIPlugin:80 - create IPUIPlugin
2025-01-16 20:18:50,718 [INFO] PluginManager:220 - loadIPPluginJar : add radio
2025-01-16 20:18:50,725 [INFO] IPUIPlugin:80 - create IPUIPlugin
2025-01-16 20:18:50,726 [INFO] PluginManager:220 - loadIPPluginJar : add can
2025-01-16 20:18:50,732 [INFO] IPUIPlugin:80 - create IPUIPlugin
2025-01-16 20:18:50,732 [INFO] PluginManager:220 - loadIPPluginJar : add dma3
2025-01-16 20:18:50,736 [INFO] IPUIPlugin:80 - create IPUIPlugin
2025-01-16 20:18:50,736 [INFO] PluginManager:220 - loadIPPluginJar : add dfsdm
2025-01-16 20:18:50,743 [INFO] IPUIPlugin:80 - create IPUIPlugin
2025-01-16 20:18:50,743 [INFO] PluginManager:220 - loadIPPluginJar : add spi
2025-01-16 20:18:50,748 [INFO] IPUIPlugin:80 - create IPUIPlugin
2025-01-16 20:18:50,748 [INFO] PluginManager:220 - loadIPPluginJar : add gfxmmu
2025-01-16 20:18:50,751 [INFO] IPUIPlugin:80 - create IPUIPlugin
2025-01-16 20:18:50,751 [INFO] PluginManager:220 - loadIPPluginJar : add genericplugin
2025-01-16 20:18:50,757 [INFO] IPUIPlugin:80 - create IPUIPlugin
2025-01-16 20:18:50,758 [INFO] PluginManager:220 - loadIPPluginJar : add cryp
2025-01-16 20:18:50,773 [INFO] IPUIPlugin:80 - create IPUIPlugin
2025-01-16 20:18:50,776 [INFO] PluginManager:220 - loadIPPluginJar : add gpio
2025-01-16 20:18:50,783 [INFO] IPUIPlugin:80 - create IPUIPlugin
2025-01-16 20:18:50,783 [INFO] PluginManager:220 - loadIPPluginJar : add ddr_ctrl_phy
2025-01-16 20:18:50,785 [INFO] IPUIPlugin:80 - create IPUIPlugin
2025-01-16 20:18:50,786 [INFO] PluginManager:220 - loadIPPluginJar : add comp
2025-01-16 20:18:50,795 [INFO] IPUIPlugin:80 - create IPUIPlugin
2025-01-16 20:18:50,796 [INFO] PluginManager:220 - loadIPPluginJar : add tracer_emb
2025-01-16 20:18:50,801 [INFO] IPUIPlugin:80 - create IPUIPlugin
2025-01-16 20:18:50,801 [INFO] PluginManager:220 - loadIPPluginJar : add openamp
2025-01-16 20:18:50,824 [INFO] IPUIPlugin:80 - create IPUIPlugin
2025-01-16 20:18:50,824 [INFO] PluginManager:220 - loadIPPluginJar : add stm32_wpan
2025-01-16 20:18:50,835 [INFO] IPUIPlugin:80 - create IPUIPlugin
2025-01-16 20:18:50,860 [INFO] PluginManager:220 - loadIPPluginJar : add plateformsettings
2025-01-16 20:18:50,868 [INFO] IPUIPlugin:80 - create IPUIPlugin
2025-01-16 20:18:50,869 [INFO] PluginManager:220 - loadIPPluginJar : add ipddr
2025-01-16 20:18:50,874 [INFO] IPUIPlugin:80 - create IPUIPlugin
2025-01-16 20:18:50,874 [INFO] PluginManager:220 - loadIPPluginJar : add usart
2025-01-16 20:18:50,877 [INFO] IPUIPlugin:80 - create IPUIPlugin
2025-01-16 20:18:50,877 [INFO] PluginManager:220 - loadIPPluginJar : add ltdc
2025-01-16 20:18:50,884 [INFO] IPUIPlugin:80 - create IPUIPlugin
2025-01-16 20:18:50,885 [INFO] PluginManager:220 - loadIPPluginJar : add nvic
2025-01-16 20:18:50,888 [INFO] IPUIPlugin:80 - create IPUIPlugin
2025-01-16 20:18:50,888 [INFO] PluginManager:220 - loadIPPluginJar : add fatfs
2025-01-16 20:18:50,900 [INFO] IPUIPlugin:80 - create IPUIPlugin
2025-01-16 20:18:50,900 [INFO] PluginManager:220 - loadIPPluginJar : add linkedlist
2025-01-16 20:18:50,911 [INFO] IPUIPlugin:80 - create IPUIPlugin
2025-01-16 20:18:50,911 [INFO] PluginManager:220 - loadIPPluginJar : add dma
2025-01-16 20:18:50,918 [INFO] IPUIPlugin:80 - create IPUIPlugin
2025-01-16 20:18:50,918 [INFO] PluginManager:220 - loadIPPluginJar : add fmc
2025-01-16 20:18:50,923 [INFO] IPUIPlugin:80 - create IPUIPlugin
2025-01-16 20:18:50,923 [INFO] PluginManager:220 - loadIPPluginJar : add i2s
2025-01-16 20:18:50,926 [INFO] IPUIPlugin:80 - create IPUIPlugin
2025-01-16 20:18:50,926 [INFO] PluginManager:220 - loadIPPluginJar : add ucpd
2025-01-16 20:18:50,930 [INFO] IPUIPlugin:80 - create IPUIPlugin
2025-01-16 20:18:50,931 [INFO] PluginManager:220 - loadIPPluginJar : add lorawan
2025-01-16 20:18:50,935 [INFO] IPUIPlugin:80 - create IPUIPlugin
2025-01-16 20:18:50,935 [INFO] PluginManager:220 - loadIPPluginJar : add opamp
2025-01-16 20:18:50,940 [INFO] IPUIPlugin:80 - create IPUIPlugin
2025-01-16 20:18:50,941 [INFO] PluginManager:220 - loadIPPluginJar : add i3c
2025-01-16 20:18:50,946 [INFO] IPUIPlugin:80 - create IPUIPlugin
2025-01-16 20:18:50,947 [INFO] PluginManager:220 - loadIPPluginJar : add touchsensing
2025-01-16 20:18:50,953 [INFO] IPUIPlugin:80 - create IPUIPlugin
2025-01-16 20:18:50,954 [INFO] PluginManager:220 - loadIPPluginJar : add i2c
2025-01-16 20:18:50,964 [INFO] IPUIPlugin:80 - create IPUIPlugin
2025-01-16 20:18:50,964 [INFO] PluginManager:220 - loadIPPluginJar : add resmgrutility
2025-01-16 20:18:50,979 [INFO] IPUIPlugin:80 - create IPUIPlugin
2025-01-16 20:18:50,979 [INFO] PluginManager:220 - loadIPPluginJar : add sai
2025-01-16 20:18:50,986 [INFO] IPUIPlugin:80 - create IPUIPlugin
2025-01-16 20:18:50,986 [INFO] PluginManager:220 - loadIPPluginJar : add usbx
2025-01-16 20:18:51,127 [INFO] CADModel:165 - CPN selected for project level
2025-01-16 20:18:51,127 [INFO] CADModel:114 - Register for checkConnection events
2025-01-16 20:18:51,127 [FATAL] Updater:334 - Updater called before beeing initialized
2025-01-16 20:18:51,128 [ERROR] CADModel:125 - Updater not yet initialized, retry later 
2025-01-16 20:18:51,515 [INFO] CADModel:165 - CPN selected for project level
2025-01-16 20:18:51,515 [INFO] CADModel:114 - Register for checkConnection events
2025-01-16 20:18:51,515 [FATAL] Updater:334 - Updater called before beeing initialized
2025-01-16 20:18:51,515 [ERROR] CADModel:125 - Updater not yet initialized, retry later 
2025-01-16 20:18:51,521 [FATAL] Updater:334 - Updater called before beeing initialized
2025-01-16 20:18:51,748 [FATAL] Updater:334 - Updater called before beeing initialized
2025-01-16 20:18:51,755 [INFO] DbMcusAds:53 - JSON generation date=Fri Sep 20 06:04:23 PDT 2024 (1726837463113)
2025-01-16 20:18:51,756 [FATAL] Updater:334 - Updater called before beeing initialized
2025-01-16 20:18:52,024 [INFO] ThirdPartyUpdaterWithRetryManager:70 - Updater plugin not ready yet. [2/15]
2025-01-16 20:18:52,291 [WARN] DetailPanel:346 - Failed to get advertising image, set to default
2025-01-16 20:18:52,413 [FATAL] Updater:334 - Updater called before beeing initialized
2025-01-16 20:18:52,415 [FATAL] Updater:334 - Updater called before beeing initialized
2025-01-16 20:18:52,415 [FATAL] Updater:334 - Updater called before beeing initialized
2025-01-16 20:18:52,415 [WARN] DetailPanel:346 - Failed to get advertising image, set to default
2025-01-16 20:18:52,417 [FATAL] Updater:334 - Updater called before beeing initialized
2025-01-16 20:18:52,477 [ERROR] Updater:1164 - MainUpdater not yet initialized. External WinMGr cannot be set.
2025-01-16 20:18:52,523 [INFO] Updater:1100 - Updater Version found : 6.12.1
2025-01-16 20:18:52,560 [INFO] ApplicationProperties:184 - Using Application install path: /Applications/STM32CubeIDE.app/Contents/Eclipse/plugins/com.st.stm32cube.common.mx_6.12.1.202409122256
2025-01-16 20:18:53,238 [INFO] MainUpdater:2873 - connection check result : 10
2025-01-16 20:18:53,239 [INFO] MainUpdater:3567 - Updater definition file requires update
2025-01-16 20:18:53,240 [INFO] MainUpdater:290 - Updater Check For Update Now.
2025-01-16 20:18:53,241 [INFO] MicroXplorer:498 - Change Database Version : DB.6.0.121
2025-01-16 20:18:53,252 [INFO] McuFinderGlobals:63 - Set McuFinder mode to 2 (CubeIDE integrated)
2025-01-16 20:18:53,254 [INFO] UserAuth:417 - Internet connection configuration mode: 1
2025-01-16 20:18:53,283 [INFO] JxBrowserEngine:152 - Initiate JxBrowser Engine with user profile folder
2025-01-16 20:18:53,518 [INFO] ServerAccessManage:473 - Download File updaters.zip
2025-01-16 20:18:53,772 [INFO] FileExtend:240 - Unzip File : updaters.zip
2025-01-16 20:18:53,773 [INFO] FileExtend:255 - Standard Zip Deflate
2025-01-16 20:18:54,600 [INFO] ServerAccessManage:473 - Download File PacksControlFlags.xml
2025-01-16 20:18:54,775 [INFO] ServerAccessManage:473 - Download File cubemx.pidx
2025-01-16 20:18:55,025 [WARN] MainUpdater:1194 - Updater busy. Cannot search thirdparties
2025-01-16 20:18:55,025 [INFO] ThirdPartyUpdaterWithRetryManager:96 - Updater plugin is busy. [1/15]
2025-01-16 20:18:56,384 [INFO] ServerAccessManage:473 - Download File STMicroelectronics.X-CUBE-IPS.pdsc
2025-01-16 20:18:57,382 [INFO] ServerAccessManage:473 - Download File STMicroelectronics.X-CUBE-TOUCHGFX.pdsc
2025-01-16 20:18:58,027 [WARN] MainUpdater:1194 - Updater busy. Cannot search thirdparties
2025-01-16 20:18:58,027 [INFO] ThirdPartyUpdaterWithRetryManager:96 - Updater plugin is busy. [2/15]
2025-01-16 20:18:59,992 [WARN] PopulateThirdPartyThread:106 - Error when creating pack: /Users/Zarina/.stm32cubemx/thirdparties/pdsc/STMicroelectronics.X-CUBE-IPS.pdsc
2025-01-16 20:19:00,044 [WARN] PackLoader:240 - Cannot read IP mode file for STMicroelectronics.X-CUBE-TOUCHGFX.4.24.2
2025-01-16 20:19:00,046 [INFO] PopulateThirdPartyThread:66 - Ending populate Thread
2025-01-16 20:19:00,048 [INFO] ThirdParty:1030 - CMSIS Pack Vendor :STMicroelectronics X-CUBE-TOUCHGFX 4.24.2
2025-01-16 20:19:00,049 [INFO] LoadServerUpdatesThread:375 - End of LoadServerUpdate Thread
2025-01-16 20:19:00,135 [INFO] CheckServerUpdateThread:120 - End of CheckServer Thread
2025-01-16 20:19:01,570 [WARN] PackLoader:240 - Cannot read IP mode file for STMicroelectronics.FP-SNS-MOTENVWB1.1.4.0
2025-01-16 20:19:01,581 [WARN] PackLoader:240 - Cannot read IP mode file for STMicroelectronics.FP-ATR-ASTRA1.2.0.1
2025-01-16 20:19:01,596 [WARN] PackLoader:240 - Cannot read IP mode file for STMicroelectronics.X-CUBE-SMBUS.2.1.0
2025-01-16 20:19:01,613 [WARN] PackLoader:240 - Cannot read IP mode file for STMicroelectronics.X-CUBE-WB05N.1.1.0
2025-01-16 20:19:01,700 [WARN] PackLoader:240 - Cannot read IP mode file for STMicroelectronics.X-CUBE-AZRTOS-F7.1.1.0
2025-01-16 20:19:01,882 [WARN] PackLoader:240 - Cannot read IP mode file for STMicroelectronics.X-CUBE-MEMS1.11.0.0
2025-01-16 20:19:02,325 [WARN] PackLoader:240 - Cannot read IP mode file for STMicroelectronics.FP-SNS-FLIGHT1.5.0.2
2025-01-16 20:19:02,339 [WARN] PackLoader:240 - Cannot read IP mode file for STMicroelectronics.X-CUBE-DISPLAY.3.0.0
2025-01-16 20:19:02,352 [WARN] PackLoader:240 - Cannot read IP mode file for STMicroelectronics.X-CUBE-BLE1.7.0.0
2025-01-16 20:19:02,362 [WARN] PackLoader:240 - Cannot read IP mode file for STMicroelectronics.X-CUBE-NFC10.1.0.0
2025-01-16 20:19:02,390 [WARN] PackLoader:240 - Cannot read IP mode file for STMicroelectronics.X-CUBE-BLEMGR.4.0.0
2025-01-16 20:19:02,407 [WARN] PackLoader:240 - Cannot read IP mode file for emotas.I-CUBE-CANOPEN.1.3.0
2025-01-16 20:19:02,422 [WARN] PackLoader:240 - Cannot read IP mode file for STMicroelectronics.X-CUBE-BLEMGR.3.1.0
2025-01-16 20:19:02,432 [WARN] PackLoader:240 - Cannot read IP mode file for STMicroelectronics.FP-SNS-SMARTAG2.1.2.0
2025-01-16 20:19:02,580 [WARN] PackLoader:240 - Cannot read IP mode file for STMicroelectronics.X-CUBE-MEMS1.11.1.0
2025-01-16 20:19:03,088 [INFO] LogOutputStream:77 - [STDOUT_REDIRECT] 1 : Invalid condition id : UX_CORESTACK_Condition cause : null
2025-01-16 20:19:03,089 [INFO] LogOutputStream:77 - [STDOUT_REDIRECT] 1 : Invalid condition id : UX_CORESTACK_Condition cause : null
2025-01-16 20:19:03,089 [INFO] LogOutputStream:77 - [STDOUT_REDIRECT] 1 : Invalid condition id : UX_CORESTACK_Condition cause : null
2025-01-16 20:19:03,090 [INFO] LogOutputStream:77 - [STDOUT_REDIRECT] 1 : Invalid condition id : UX_CORESTACK_Condition cause : null
2025-01-16 20:19:03,090 [INFO] LogOutputStream:77 - [STDOUT_REDIRECT] 1 : Invalid condition id : UX_CORESTACK_Condition cause : null
2025-01-16 20:19:03,096 [WARN] PackLoader:240 - Cannot read IP mode file for STMicroelectronics.X-CUBE-AZRTOS-WL.2.0.0
2025-01-16 20:19:03,106 [WARN] PackLoader:240 - Cannot read IP mode file for STMicroelectronics.FP-SNS-MOTENV1.5.0.0
2025-01-16 20:19:03,114 [WARN] PackLoader:240 - Cannot read IP mode file for wolfSSL.I-CUBE-wolfMQTT.1.19.0
2025-01-16 20:19:03,122 [WARN] PackLoader:240 - Cannot read IP mode file for WES.I-CUBE-Cesium.1.3.0
2025-01-16 20:19:03,129 [WARN] PackLoader:240 - Cannot read IP mode file for STMicroelectronics.X-CUBE-BLE2.3.3.0
2025-01-16 20:19:03,138 [WARN] PackLoader:240 - Cannot read IP mode file for STMicroelectronics.X-CUBE-NFC9.1.0.0
2025-01-16 20:19:03,150 [WARN] PackLoader:240 - Cannot read IP mode file for STMicroelectronics.X-CUBE-TCPP.4.1.0
2025-01-16 20:19:03,187 [WARN] PackLoader:240 - Cannot read IP mode file for STMicroelectronics.X-CUBE-AZRTOS-G0.1.1.0
2025-01-16 20:19:03,205 [WARN] PackLoader:240 - Cannot read IP mode file for STMicroelectronics.X-CUBE-SAFEA1.1.2.2
2025-01-16 20:19:03,216 [WARN] PackLoader:240 - Cannot read IP mode file for STMicroelectronics.X-CUBE-NFC4.3.0.0
2025-01-16 20:19:03,238 [WARN] PackLoader:240 - Cannot read IP mode file for EmbeddedOffice.I-CUBE-FS-RTOS.1.0.1
2025-01-16 20:19:03,265 [ERROR] ConditionMgr:805 - Attr not supported : Dmpu
2025-01-16 20:19:03,265 [ERROR] ConditionMgr:805 - Attr not supported : Dmpu
2025-01-16 20:19:03,265 [ERROR] ConditionMgr:805 - Attr not supported : Dmpu
2025-01-16 20:19:03,266 [ERROR] ConditionMgr:805 - Attr not supported : Dmpu
2025-01-16 20:19:03,266 [ERROR] ConditionMgr:805 - Attr not supported : Dmpu
2025-01-16 20:19:03,266 [ERROR] ConditionMgr:805 - Attr not supported : Dmpu
2025-01-16 20:19:03,266 [ERROR] ConditionMgr:805 - Attr not supported : Dmpu
2025-01-16 20:19:03,266 [ERROR] ConditionMgr:805 - Attr not supported : Dmpu
2025-01-16 20:19:03,266 [ERROR] ConditionMgr:805 - Attr not supported : Dmpu
2025-01-16 20:19:03,267 [ERROR] ConditionMgr:805 - Attr not supported : Dmpu
2025-01-16 20:19:03,267 [ERROR] ConditionMgr:805 - Attr not supported : Dmpu
2025-01-16 20:19:03,267 [ERROR] ConditionMgr:805 - Attr not supported : Dmpu
2025-01-16 20:19:03,268 [ERROR] ConditionMgr:805 - Attr not supported : Dmpu
2025-01-16 20:19:03,268 [ERROR] ConditionMgr:805 - Attr not supported : Dmpu
2025-01-16 20:19:03,269 [ERROR] ConditionMgr:805 - Attr not supported : Dmpu
2025-01-16 20:19:03,269 [ERROR] ConditionMgr:805 - Attr not supported : Dmpu
2025-01-16 20:19:03,269 [ERROR] ConditionMgr:805 - Attr not supported : Dmpu
2025-01-16 20:19:03,269 [ERROR] ConditionMgr:805 - Attr not supported : Dmpu
2025-01-16 20:19:03,269 [ERROR] ConditionMgr:805 - Attr not supported : Dmpu
2025-01-16 20:19:03,269 [ERROR] ConditionMgr:805 - Attr not supported : Dmpu
2025-01-16 20:19:03,269 [ERROR] ConditionMgr:805 - Attr not supported : Dmpu
2025-01-16 20:19:03,269 [ERROR] ConditionMgr:805 - Attr not supported : Dmpu
2025-01-16 20:19:03,270 [ERROR] ConditionMgr:805 - Attr not supported : Dmpu
2025-01-16 20:19:03,271 [ERROR] ConditionMgr:805 - Attr not supported : Dmpu
2025-01-16 20:19:03,271 [ERROR] ConditionMgr:805 - Attr not supported : Dmpu
2025-01-16 20:19:03,271 [ERROR] ConditionMgr:805 - Attr not supported : Dmpu
2025-01-16 20:19:03,271 [ERROR] ConditionMgr:805 - Attr not supported : Dmpu
2025-01-16 20:19:03,272 [ERROR] ConditionMgr:805 - Attr not supported : Dmpu
2025-01-16 20:19:03,272 [ERROR] ConditionMgr:805 - Attr not supported : Dmpu
2025-01-16 20:19:03,272 [ERROR] ConditionMgr:805 - Attr not supported : Dmpu
2025-01-16 20:19:03,272 [ERROR] ConditionMgr:805 - Attr not supported : Dmpu
2025-01-16 20:19:03,272 [ERROR] ConditionMgr:805 - Attr not supported : Dmpu
2025-01-16 20:19:03,272 [ERROR] ConditionMgr:805 - Attr not supported : Dmpu
2025-01-16 20:19:03,272 [ERROR] ConditionMgr:805 - Attr not supported : Dmpu
2025-01-16 20:19:03,272 [ERROR] ConditionMgr:805 - Attr not supported : Dmpu
2025-01-16 20:19:03,273 [ERROR] ConditionMgr:805 - Attr not supported : Dmpu
2025-01-16 20:19:03,273 [ERROR] ConditionMgr:805 - Attr not supported : Dmpu
2025-01-16 20:19:03,273 [ERROR] ConditionMgr:805 - Attr not supported : Dmpu
2025-01-16 20:19:03,273 [ERROR] ConditionMgr:805 - Attr not supported : Dmpu
2025-01-16 20:19:03,273 [ERROR] ConditionMgr:805 - Attr not supported : Dmpu
2025-01-16 20:19:03,274 [ERROR] ConditionMgr:805 - Attr not supported : Dmpu
2025-01-16 20:19:03,274 [ERROR] ConditionMgr:805 - Attr not supported : Dmpu
2025-01-16 20:19:03,274 [ERROR] ConditionMgr:805 - Attr not supported : Dmpu
2025-01-16 20:19:03,274 [ERROR] ConditionMgr:805 - Attr not supported : Dmpu
2025-01-16 20:19:03,274 [ERROR] ConditionMgr:805 - Attr not supported : Dmpu
2025-01-16 20:19:03,274 [ERROR] ConditionMgr:805 - Attr not supported : Dmpu
2025-01-16 20:19:03,275 [ERROR] ConditionMgr:805 - Attr not supported : Dmpu
2025-01-16 20:19:03,275 [ERROR] ConditionMgr:805 - Attr not supported : Dmpu
2025-01-16 20:19:03,275 [ERROR] ConditionMgr:805 - Attr not supported : Dmpu
2025-01-16 20:19:03,275 [ERROR] ConditionMgr:805 - Attr not supported : Dmpu
2025-01-16 20:19:03,275 [ERROR] ConditionMgr:805 - Attr not supported : Dmpu
2025-01-16 20:19:03,275 [ERROR] ConditionMgr:805 - Attr not supported : Dmpu
2025-01-16 20:19:03,275 [ERROR] ConditionMgr:805 - Attr not supported : Dmpu
2025-01-16 20:19:03,276 [ERROR] ConditionMgr:805 - Attr not supported : Dmpu
2025-01-16 20:19:03,276 [ERROR] ConditionMgr:805 - Attr not supported : Dmpu
2025-01-16 20:19:03,276 [ERROR] ConditionMgr:805 - Attr not supported : Dmpu
2025-01-16 20:19:03,276 [ERROR] ConditionMgr:805 - Attr not supported : Dmpu
2025-01-16 20:19:03,276 [ERROR] ConditionMgr:805 - Attr not supported : Dmpu
2025-01-16 20:19:03,276 [ERROR] ConditionMgr:805 - Attr not supported : Dmpu
2025-01-16 20:19:03,276 [ERROR] ConditionMgr:805 - Attr not supported : Dmpu
2025-01-16 20:19:03,277 [ERROR] ConditionMgr:805 - Attr not supported : Dmpu
2025-01-16 20:19:03,277 [ERROR] ConditionMgr:805 - Attr not supported : Dmpu
2025-01-16 20:19:03,277 [ERROR] ConditionMgr:805 - Attr not supported : Dmpu
2025-01-16 20:19:03,277 [ERROR] ConditionMgr:805 - Attr not supported : Dmpu
2025-01-16 20:19:03,294 [ERROR] Engine:466 - /Users/Zarina/.stm32cubemx/thirdparties/pdsc/STMicroelectronics.X-CUBE-TCPP.4.2.0.pdsc: PDSC version is not supported
2025-01-16 20:19:03,304 [WARN] PackLoader:240 - Cannot read IP mode file for RealThread.X-CUBE-RT-Thread_Nano.4.1.1
2025-01-16 20:19:03,315 [WARN] PackLoader:240 - Cannot read IP mode file for STMicroelectronics.FP-ATR-SIGFOX1.3.2.0
2025-01-16 20:19:03,339 [WARN] PackLoader:240 - Cannot read IP mode file for wolfSSL.I-CUBE-wolfSSL.5.7.2
2025-01-16 20:19:03,346 [WARN] ConditionMgr:438 - getConditionDescription Invalid condition id : Cortex-A Device cause : null
2025-01-16 20:19:03,374 [WARN] ConditionMgr:1039 - genDependencies : Invalid condition id : Cortex-A Device cause : null
2025-01-16 20:19:03,375 [WARN] ConditionMgr:1039 - genDependencies : Invalid condition id : Cortex-A Device cause : null
2025-01-16 20:19:03,376 [WARN] ConditionMgr:1039 - genDependencies : Invalid condition id : Cortex-A Device cause : null
2025-01-16 20:19:03,388 [WARN] PackLoader:240 - Cannot read IP mode file for STMicroelectronics.X-CUBE-EEPRMA1.5.1.0
2025-01-16 20:19:03,414 [WARN] PackLoader:240 - Cannot read IP mode file for ITTIA_DB.I-CUBE-ITTIADB.8.9.0
2025-01-16 20:19:03,518 [WARN] PackLoader:240 - Cannot read IP mode file for SEGGER.I-CUBE-embOS.1.3.1
2025-01-16 20:19:03,715 [WARN] PackLoader:240 - Cannot read IP mode file for STMicroelectronics.X-CUBE-ALGOBUILD.1.4.0
2025-01-16 20:19:03,725 [WARN] PackLoader:240 - Cannot read IP mode file for STMicroelectronics.X-CUBE-AI.9.1.0
2025-01-16 20:19:03,764 [WARN] PackLoader:240 - Cannot read IP mode file for STMicroelectronics.X-CUBE-AZRTOS-F4.1.1.0
2025-01-16 20:19:03,781 [WARN] PackLoader:240 - Cannot read IP mode file for STMicroelectronics.X-CUBE-ISPU.2.1.0
2025-01-16 20:19:03,797 [WARN] PackLoader:240 - Cannot read IP mode file for STMicroelectronics.X-CUBE-FREERTOS.1.2.0
2025-01-16 20:19:03,838 [WARN] PackLoader:240 - Cannot read IP mode file for STMicroelectronics.X-CUBE-AZRTOS-L5.2.0.0
2025-01-16 20:19:03,853 [WARN] PackLoader:240 - Cannot read IP mode file for STMicroelectronics.X-CUBE-NFC6.3.1.0
2025-01-16 20:19:03,864 [WARN] PackLoader:240 - Cannot read IP mode file for STMicroelectronics.X-CUBE-DPower.1.2.0
2025-01-16 20:19:03,874 [WARN] PackLoader:240 - Cannot read IP mode file for STMicroelectronics.X-CUBE-FREERTOS.1.3.0
2025-01-16 20:19:03,880 [WARN] PackLoader:240 - Cannot read IP mode file for STMicroelectronics.X-CUBE-NFC7.1.0.1
2025-01-16 20:19:03,910 [WARN] ConditionMgr:438 - getConditionDescription Invalid condition id : LAN8742 Phy interface Condition cause : null
2025-01-16 20:19:03,912 [WARN] PackLoader:240 - Cannot read IP mode file for STMicroelectronics.X-CUBE-AZRTOS-L4.2.0.0
2025-01-16 20:19:03,914 [WARN] ConditionMgr:1039 - genDependencies : Invalid condition id : LAN8742 Phy interface Condition cause : null
2025-01-16 20:19:03,914 [WARN] ConditionMgr:1039 - genDependencies : Invalid condition id : LAN8742 Phy interface Condition cause : null
2025-01-16 20:19:03,915 [WARN] ConditionMgr:1039 - genDependencies : Invalid condition id : LAN8742 Phy interface Condition cause : null
2025-01-16 20:19:03,927 [WARN] PackLoader:240 - Cannot read IP mode file for STMicroelectronics.X-CUBE-SFXS2LP1.4.0.0
2025-01-16 20:19:03,962 [WARN] PackLoader:240 - Cannot read IP mode file for STMicroelectronics.X-CUBE-AZRTOS-H7.3.3.0
2025-01-16 20:19:03,997 [WARN] PackLoader:240 - Cannot read IP mode file for STMicroelectronics.X-CUBE-IPS.3.0.0
2025-01-16 20:19:04,024 [WARN] ConditionMgr:438 - getConditionDescription Invalid condition id : UX DEVICE CLASS RTOS Condition cause : null
2025-01-16 20:19:04,025 [WARN] ConditionMgr:438 - getConditionDescription Invalid condition id : UX DEVICE CLASS RTOS Condition cause : null
2025-01-16 20:19:04,029 [WARN] PackLoader:240 - Cannot read IP mode file for STMicroelectronics.X-CUBE-AZRTOS-WB.2.0.0
2025-01-16 20:19:04,030 [WARN] ConditionMgr:1039 - genDependencies : Invalid condition id : UX DEVICE CLASS RTOS Condition cause : null
2025-01-16 20:19:04,031 [WARN] ConditionMgr:1039 - genDependencies : Invalid condition id : UX DEVICE CLASS RTOS Condition cause : null
2025-01-16 20:19:04,032 [WARN] ConditionMgr:1039 - genDependencies : Invalid condition id : UX DEVICE CLASS RTOS Condition cause : null
2025-01-16 20:19:04,032 [WARN] ConditionMgr:1039 - genDependencies : Invalid condition id : UX DEVICE CLASS RTOS Condition cause : null
2025-01-16 20:19:04,032 [WARN] ConditionMgr:1039 - genDependencies : Invalid condition id : UX DEVICE CLASS RTOS Condition cause : null
2025-01-16 20:19:04,041 [WARN] PackLoader:240 - Cannot read IP mode file for STMicroelectronics.X-CUBE-GNSS1.7.0.0
2025-01-16 20:19:04,048 [WARN] PackLoader:240 - Cannot read IP mode file for STMicroelectronics.X-CUBE-GNSS1.7.0.1
2025-01-16 20:19:04,067 [WARN] PackLoader:240 - Cannot read IP mode file for STMicroelectronics.FP-SNS-STBOX1.2.0.0
2025-01-16 20:19:04,087 [WARN] PackLoader:240 - Cannot read IP mode file for STMicroelectronics.X-CUBE-SUBG2.5.0.0
2025-01-16 20:19:04,101 [WARN] PackLoader:240 - Cannot read IP mode file for Cesanta.I-CUBE-Mongoose.7.13.0
2025-01-16 20:19:04,123 [WARN] PackLoader:240 - Cannot read IP mode file for STMicroelectronics.X-CUBE-AZRTOS-G4.2.0.0
2025-01-16 20:19:04,136 [ERROR] Engine:466 - /Users/Zarina/.stm32cubemx/thirdparties/pdsc/STMicroelectronics.X-CUBE-IPS.3.1.0.pdsc: PDSC version is not supported
2025-01-16 20:19:04,142 [WARN] PackLoader:240 - Cannot read IP mode file for STMicroelectronics.X-CUBE-ALS.1.0.2
2025-01-16 20:19:04,146 [WARN] PackLoader:240 - Cannot read IP mode file for STMicroelectronics.X-CUBE-TOUCHGFX.4.24.2
2025-01-16 20:19:04,149 [WARN] PackLoader:240 - Cannot read IP mode file for STMicroelectronics.X-CUBE-TOUCHGFX.4.24.1
2025-01-16 20:19:04,154 [WARN] PackLoader:240 - Cannot read IP mode file for wolfSSL.I-CUBE-wolfTPM.3.4.0
2025-01-16 20:19:04,160 [WARN] PackLoader:240 - Cannot read IP mode file for portGmbH.I-Cube-SoM-uGOAL.1.1.0
2025-01-16 20:19:04,189 [WARN] PackLoader:240 - Cannot read IP mode file for STMicroelectronics.X-CUBE-AZRTOS-H7RS.1.0.0
2025-01-16 20:19:04,197 [WARN] PackLoader:240 - Cannot read IP mode file for STMicroelectronics.FP-ATR-ASTRA1.2.0.0
2025-01-16 20:19:04,213 [WARN] PackLoader:240 - Cannot read IP mode file for STMicroelectronics.X-CUBE-TOF1.3.4.2
2025-01-16 20:19:04,264 [WARN] PackLoader:240 - Cannot read IP mode file for Infineon.AIROC-Wi-Fi-Bluetooth-STM32.1.6.1
2025-01-16 20:19:04,275 [WARN] PackLoader:240 - Cannot read IP mode file for wolfSSL.I-CUBE-wolfSSH.1.4.17
2025-01-16 20:19:04,276 [INFO] ThirdParty:978 - Integrity check success = true
2025-01-16 20:19:04,276 [INFO] IntegrityCheckThread:100 - exiting critical section [integrity check]
2025-01-16 20:19:04,277 [INFO] IntegrityCheckThread:103 - End integrity checks thread
2025-01-16 20:19:08,689 [INFO] WebApp:167 - Instantiating new browser for Auth
2025-01-16 20:19:10,063 [INFO] WebApp:448 - Apply proxy settings
2025-01-16 20:19:10,069 [INFO] WebApp:493 - Chromium authenticates against Manually configured proxy
2025-01-16 20:19:10,090 [INFO] WebApp:501 - Username used for proxy authentication: 
2025-01-16 20:19:10,186 [INFO] WebApp:869 - Register for checkConnection events
2025-01-16 20:19:10,188 [INFO] WebApp:448 - Apply proxy settings
2025-01-16 20:19:10,191 [INFO] WebApp:493 - Chromium authenticates against Manually configured proxy
2025-01-16 20:19:10,194 [INFO] WebApp:501 - Username used for proxy authentication: 
2025-01-16 20:19:10,578 [INFO] WebApp:186 - Connection restablished
2025-01-16 20:19:10,809 [INFO] WebApp:220 - Starting web application
2025-01-16 20:19:10,810 [INFO] WebApp:578 - Web application path used /Applications/STM32CubeIDE.app/Contents/Eclipse/plugins/com.st.stm32cube.common.mx_6.12.1.202409122256/db/plugins/mcufinder/reactClient1/index.html
2025-01-16 20:19:11,001 [INFO] UserAuth:417 - Internet connection configuration mode: 1
2025-01-16 21:07:41,880 [INFO] WebApp:189 - Connection lost
2025-01-16 21:07:43,325 [INFO] WebApp:186 - Connection restablished
