2025-01-23 23:16:42,620 [INFO] LogOutputStream:77 - [STDOUT_REDIRECT] ***WARNING: Display must be created on main thread due to Cocoa restrictions. Use vmarg -XstartOnFirstThread
2025-01-23 23:17:08,982 [INFO] Activator:176 - 


2025-01-23 23:17:08,985 [INFO] Activator:177 - !SESSION log4j initialized
2025-01-23 23:17:16,049 [ERROR] LogOutputStream:75 - [STDERR_REDIRECT] 
2025-01-23 23:17:17,318 [INFO] LogOutputStream:77 - [STDOUT_REDIRECT] 
2025-01-23 23:17:19,382 [INFO] LogOutputStream:77 - [STDOUT_REDIRECT] 
2025-01-23 23:17:20,827 [INFO] ApplicationProperties:184 - Using Application install path: /Applications/STM32CubeIDE.app/Contents/Eclipse/plugins/com.st.stm32cube.common.mx_6.12.1.202409122256
2025-01-23 23:17:20,865 [INFO] DbMcusXml:78 - Set database path to: /Applications/STM32CubeIDE.app/Contents/Eclipse/plugins/com.st.stm32cube.common.mx_6.12.1.202409122256//db//mcu/
2025-01-23 23:17:20,866 [INFO] ApiDb:274 - Set plugin database path to: /Applications/STM32CubeIDE.app/Contents/Eclipse/plugins/com.st.stm32cube.common.mx_6.12.1.202409122256//db//plugins/boardmanager/
2025-01-23 23:17:20,866 [WARN] ApiDb:259 - Overriding images path with different value:  => /Applications/STM32CubeIDE.app/Contents/Eclipse/plugins/com.st.stm32cube.common.mx_6.12.1.202409122256//db//plugins/mcufinder/images/
2025-01-23 23:17:20,884 [INFO] ApiDb:250 - Set database path to: /Users/Zarina/.stmcufinder/plugins/mcufinder//mcu/
2025-01-23 23:17:20,886 [INFO] DbMcusAds:125 - Set database path to: /Users/Zarina/.stmcufinder/plugins/mcufinder//mcu/
2025-01-23 23:17:20,893 [INFO] CrossReferenceDbSqlite:203 - Set database path to: /Users/Zarina/.stmcufinder/plugins/mcufinder//mcu/cs/
2025-01-23 23:17:21,233 [INFO] RulesReader:64 - Compatibility file has been processed (297 Rules)
2025-01-23 23:17:21,431 [INFO] DbMcusXml:78 - Set database path to: /Applications/STM32CubeIDE.app/Contents/Eclipse/plugins/com.st.stm32cube.common.mx_6.12.1.202409122256//db//mcu/
2025-01-23 23:17:21,432 [INFO] ApiDb:274 - Set plugin database path to: /Applications/STM32CubeIDE.app/Contents/Eclipse/plugins/com.st.stm32cube.common.mx_6.12.1.202409122256//db//plugins/boardmanager/
2025-01-23 23:17:21,432 [INFO] ApiDb:261 - Set plugin images path to: /Applications/STM32CubeIDE.app/Contents/Eclipse/plugins/com.st.stm32cube.common.mx_6.12.1.202409122256//db//plugins/mcufinder/images/
2025-01-23 23:17:21,432 [WARN] DbFile:41 - Overriding database path with different value: /Users/Zarina/.stmcufinder/plugins/mcufinder/ => /Users/Zarina/.stmcufinder/plugins/mcufinder
2025-01-23 23:17:21,433 [INFO] ApiDb:250 - Set database path to: /Users/Zarina/.stmcufinder/plugins/mcufinder//mcu/
2025-01-23 23:17:21,433 [WARN] DbFile:41 - Overriding database path with different value: /Users/Zarina/.stmcufinder/plugins/mcufinder/ => /Users/Zarina/.stmcufinder/plugins/mcufinder
2025-01-23 23:17:21,433 [INFO] DbMcusAds:125 - Set database path to: /Users/Zarina/.stmcufinder/plugins/mcufinder//mcu/
2025-01-23 23:17:21,433 [WARN] DbFile:41 - Overriding database path with different value: /Users/Zarina/.stmcufinder/plugins/mcufinder/ => /Users/Zarina/.stmcufinder/plugins/mcufinder
2025-01-23 23:17:21,435 [WARN] DbFile:41 - Overriding database path with different value: /Users/Zarina/.stmcufinder/plugins/mcufinder/ => /Users/Zarina/.stmcufinder/plugins/mcufinder
2025-01-23 23:17:21,436 [INFO] CrossReferenceDbSqlite:203 - Set database path to: /Users/Zarina/.stmcufinder/plugins/mcufinder//mcu/cs/
2025-01-23 23:17:21,612 [INFO] MainPanel:268 - HeapMemory: 268435456
2025-01-23 23:17:22,677 [INFO] DbMcusXml:78 - Set database path to: /Applications/STM32CubeIDE.app/Contents/Eclipse/plugins/com.st.stm32cube.common.mx_6.12.1.202409122256//db//mcu/
2025-01-23 23:17:22,680 [INFO] ApiDb:274 - Set plugin database path to: /Applications/STM32CubeIDE.app/Contents/Eclipse/plugins/com.st.stm32cube.common.mx_6.12.1.202409122256//db//plugins/boardmanager/
2025-01-23 23:17:22,681 [INFO] ApiDb:261 - Set plugin images path to: /Applications/STM32CubeIDE.app/Contents/Eclipse/plugins/com.st.stm32cube.common.mx_6.12.1.202409122256//db//plugins/mcufinder/images/
2025-01-23 23:17:22,684 [WARN] DbFile:41 - Overriding database path with different value: /Users/Zarina/.stmcufinder/plugins/mcufinder/ => /Users/Zarina/.stmcufinder/plugins/mcufinder
2025-01-23 23:17:22,684 [INFO] ApiDb:250 - Set database path to: /Users/Zarina/.stmcufinder/plugins/mcufinder//mcu/
2025-01-23 23:17:22,684 [WARN] DbFile:41 - Overriding database path with different value: /Users/Zarina/.stmcufinder/plugins/mcufinder/ => /Users/Zarina/.stmcufinder/plugins/mcufinder
2025-01-23 23:17:22,684 [INFO] DbMcusAds:125 - Set database path to: /Users/Zarina/.stmcufinder/plugins/mcufinder//mcu/
2025-01-23 23:17:22,685 [WARN] DbFile:41 - Overriding database path with different value: /Users/Zarina/.stmcufinder/plugins/mcufinder/ => /Users/Zarina/.stmcufinder/plugins/mcufinder
2025-01-23 23:17:22,685 [WARN] DbFile:41 - Overriding database path with different value: /Users/Zarina/.stmcufinder/plugins/mcufinder/ => /Users/Zarina/.stmcufinder/plugins/mcufinder
2025-01-23 23:17:22,685 [INFO] CrossReferenceDbSqlite:203 - Set database path to: /Users/Zarina/.stmcufinder/plugins/mcufinder//mcu/cs/
2025-01-23 23:17:22,724 [INFO] ApplicationProperties:184 - Using Application install path: /Applications/STM32CubeIDE.app/Contents/Eclipse/plugins/com.st.stm32cube.common.mx_6.12.1.202409122256
2025-01-23 23:17:22,728 [INFO] PluginManage:196 - Search for loadable plugins [exclusion list=, ]
2025-01-23 23:17:22,739 [INFO] PluginManage:310 - Check plugin analytics
2025-01-23 23:17:23,190 [INFO] AnalyticsPlugin:253 - Accepted Software Licenses: 
2025-01-23 23:17:23,191 [INFO] AnalyticsPlugin:255 - Accepted CMSIS Pack Licenses: 
2025-01-23 23:17:23,191 [INFO] AnalyticsPlugin:257 - Accepted Firmware Licenses: FW.F4.1.28.0
2025-01-23 23:17:23,194 [INFO] PluginManage:359 - Loaded plugin analytics (category:tool,tabindex:-1)
2025-01-23 23:17:23,196 [INFO] PluginManage:310 - Check plugin cadmodel
2025-01-23 23:17:23,201 [INFO] CADModel:105 - Init CAD model plugin
2025-01-23 23:17:23,202 [INFO] PluginManage:359 - Loaded plugin cadmodel (category:power,tabindex:5)
2025-01-23 23:17:23,202 [INFO] PluginManage:310 - Check plugin clock
2025-01-23 23:17:23,214 [INFO] PluginManage:359 - Loaded plugin clock (category:base,tabindex:2)
2025-01-23 23:17:23,214 [INFO] PluginManage:310 - Check plugin ddr
2025-01-23 23:17:23,218 [INFO] PluginManage:359 - Loaded plugin ddr (category:tool,tabindex:6)
2025-01-23 23:17:23,218 [INFO] PluginManage:310 - Check plugin filemanager
2025-01-23 23:17:23,542 [INFO] PluginManage:359 - Loaded plugin filemanager (category:base,tabindex:10)
2025-01-23 23:17:23,551 [INFO] PluginManage:310 - Check plugin ipmanager
2025-01-23 23:17:23,572 [INFO] PluginManage:359 - Loaded plugin ipmanager (category:base,tabindex:5)
2025-01-23 23:17:23,572 [INFO] PluginManage:310 - Check plugin lpbam
2025-01-23 23:17:23,587 [INFO] PluginManage:359 - Loaded plugin lpbam (category:base,tabindex:0)
2025-01-23 23:17:23,587 [INFO] PluginManage:310 - Check plugin memorymap
2025-01-23 23:17:23,609 [INFO] PluginManage:359 - Loaded plugin memorymap (category:base,tabindex:4)
2025-01-23 23:17:23,609 [INFO] PluginManage:310 - Check plugin pinoutandconfiguration
2025-01-23 23:17:23,623 [INFO] PluginManage:359 - Loaded plugin pinoutandconfiguration (category:base,tabindex:1)
2025-01-23 23:17:23,623 [INFO] PluginManage:310 - Check plugin pinoutconfig
2025-01-23 23:17:23,835 [WARN] SupportedApi:132 - Cannot load RTOS API schema: s4s-elt-must-match.1: The content of 'definitions' must match (annotation?, (simpleType | complexType)?, (unique | key | keyref)*)). A problem was found starting at: attribute.
2025-01-23 23:17:24,164 [INFO] PluginManage:359 - Loaded plugin pinoutconfig (category:base,tabindex:0)
2025-01-23 23:17:24,164 [INFO] PluginManage:310 - Check plugin power
2025-01-23 23:17:24,180 [INFO] PluginManage:359 - Loaded plugin power (category:power,tabindex:4)
2025-01-23 23:17:24,180 [INFO] PluginManage:310 - Check plugin projectmanager
2025-01-23 23:17:24,211 [INFO] PluginManage:359 - Loaded plugin projectmanager (category:projectmanager,tabindex:4)
2025-01-23 23:17:24,211 [INFO] PluginManage:310 - Check plugin rif
2025-01-23 23:17:24,220 [INFO] PluginManage:359 - Loaded plugin rif (category:base,tabindex:3)
2025-01-23 23:17:24,223 [INFO] PluginManage:310 - Check plugin thirdparty
2025-01-23 23:17:24,582 [WARN] IntegrityCheckThread:84 - waiting for thirdparty lock release [integrity check]
2025-01-23 23:17:24,583 [INFO] IntegrityCheckThread:86 - entering critical section [integrity check]
2025-01-23 23:17:24,583 [INFO] PluginManage:359 - Loaded plugin thirdparty (category:base,tabindex:-1)
2025-01-23 23:17:24,583 [INFO] PluginManage:310 - Check plugin tools
2025-01-23 23:17:24,583 [INFO] ThirdPartyUpdaterWithRetryManager:70 - Updater plugin not ready yet. [1/15]
2025-01-23 23:17:24,587 [INFO] PluginManage:359 - Loaded plugin tools (category:base,tabindex:7)
2025-01-23 23:17:24,587 [INFO] PluginManage:310 - Check plugin tutovideos
2025-01-23 23:17:24,934 [INFO] PluginManage:359 - Loaded plugin tutovideos (category:base,tabindex:-1)
2025-01-23 23:17:24,945 [INFO] PluginManage:310 - Check plugin updater
2025-01-23 23:17:25,011 [INFO] PluginManage:359 - Loaded plugin updater (category:base,tabindex:12)
2025-01-23 23:17:25,013 [INFO] PluginManage:310 - Check plugin userauth
2025-01-23 23:17:25,020 [INFO] UserAuth:113 - Init User Auth plugin
2025-01-23 23:17:25,021 [INFO] PluginManage:359 - Loaded plugin userauth (category:base,tabindex:14)
2025-01-23 23:17:25,021 [INFO] PluginManage:283 - PluginManage : Loaded plugins [18]
2025-01-23 23:17:25,469 [INFO] PinOutPanel:1561 - setPackage(No Configuration,No Configuration)
2025-01-23 23:17:25,646 [INFO] CADModel:165 - CPN selected for project level
2025-01-23 23:17:25,646 [INFO] CADModel:114 - Register for checkConnection events
2025-01-23 23:17:25,692 [INFO] IPUIPlugin:80 - create IPUIPlugin
2025-01-23 23:17:25,693 [INFO] PluginManager:220 - loadIPPluginJar : add mdma
2025-01-23 23:17:25,709 [INFO] IPUIPlugin:80 - create IPUIPlugin
2025-01-23 23:17:25,710 [INFO] PluginManager:220 - loadIPPluginJar : add freertos
2025-01-23 23:17:25,719 [INFO] IPUIPlugin:80 - create IPUIPlugin
2025-01-23 23:17:25,720 [INFO] PluginManager:220 - loadIPPluginJar : add gic
2025-01-23 23:17:25,735 [INFO] IPUIPlugin:80 - create IPUIPlugin
2025-01-23 23:17:25,735 [INFO] PluginManager:220 - loadIPPluginJar : add adc
2025-01-23 23:17:25,740 [INFO] IPUIPlugin:80 - create IPUIPlugin
2025-01-23 23:17:25,740 [INFO] PluginManager:220 - loadIPPluginJar : add gtzc
2025-01-23 23:17:25,742 [INFO] IPUIPlugin:80 - create IPUIPlugin
2025-01-23 23:17:25,742 [INFO] PluginManager:220 - loadIPPluginJar : add quadspi
2025-01-23 23:17:25,746 [INFO] IPUIPlugin:80 - create IPUIPlugin
2025-01-23 23:17:25,746 [INFO] PluginManager:220 - loadIPPluginJar : add aes
2025-01-23 23:17:25,751 [INFO] IPUIPlugin:80 - create IPUIPlugin
2025-01-23 23:17:25,751 [INFO] PluginManager:220 - loadIPPluginJar : add pdm2pcm
2025-01-23 23:17:25,754 [INFO] IPUIPlugin:80 - create IPUIPlugin
2025-01-23 23:17:25,754 [INFO] PluginManager:220 - loadIPPluginJar : add hash
2025-01-23 23:17:25,757 [INFO] IPUIPlugin:80 - create IPUIPlugin
2025-01-23 23:17:25,757 [INFO] PluginManager:220 - loadIPPluginJar : add tim
2025-01-23 23:17:25,759 [INFO] IPUIPlugin:80 - create IPUIPlugin
2025-01-23 23:17:25,759 [INFO] PluginManager:220 - loadIPPluginJar : add tsc
2025-01-23 23:17:25,764 [INFO] IPUIPlugin:80 - create IPUIPlugin
2025-01-23 23:17:25,775 [INFO] PluginManager:220 - loadIPPluginJar : add extmemmanager
2025-01-23 23:17:25,777 [INFO] IPUIPlugin:80 - create IPUIPlugin
2025-01-23 23:17:25,777 [INFO] PluginManager:220 - loadIPPluginJar : add ts
2025-01-23 23:17:25,780 [INFO] IPUIPlugin:80 - create IPUIPlugin
2025-01-23 23:17:25,781 [INFO] PluginManager:220 - loadIPPluginJar : add radio
2025-01-23 23:17:25,786 [INFO] IPUIPlugin:80 - create IPUIPlugin
2025-01-23 23:17:25,787 [INFO] PluginManager:220 - loadIPPluginJar : add can
2025-01-23 23:17:25,792 [INFO] IPUIPlugin:80 - create IPUIPlugin
2025-01-23 23:17:25,793 [INFO] PluginManager:220 - loadIPPluginJar : add dma3
2025-01-23 23:17:25,796 [INFO] IPUIPlugin:80 - create IPUIPlugin
2025-01-23 23:17:25,796 [INFO] PluginManager:220 - loadIPPluginJar : add dfsdm
2025-01-23 23:17:25,799 [INFO] IPUIPlugin:80 - create IPUIPlugin
2025-01-23 23:17:25,802 [INFO] PluginManager:220 - loadIPPluginJar : add spi
2025-01-23 23:17:25,813 [INFO] IPUIPlugin:80 - create IPUIPlugin
2025-01-23 23:17:25,814 [INFO] PluginManager:220 - loadIPPluginJar : add gfxmmu
2025-01-23 23:17:25,816 [INFO] IPUIPlugin:80 - create IPUIPlugin
2025-01-23 23:17:25,816 [INFO] PluginManager:220 - loadIPPluginJar : add genericplugin
2025-01-23 23:17:25,820 [INFO] IPUIPlugin:80 - create IPUIPlugin
2025-01-23 23:17:25,820 [INFO] PluginManager:220 - loadIPPluginJar : add cryp
2025-01-23 23:17:25,836 [INFO] IPUIPlugin:80 - create IPUIPlugin
2025-01-23 23:17:25,837 [INFO] PluginManager:220 - loadIPPluginJar : add gpio
2025-01-23 23:17:25,842 [INFO] IPUIPlugin:80 - create IPUIPlugin
2025-01-23 23:17:25,842 [INFO] PluginManager:220 - loadIPPluginJar : add ddr_ctrl_phy
2025-01-23 23:17:25,844 [INFO] IPUIPlugin:80 - create IPUIPlugin
2025-01-23 23:17:25,845 [INFO] PluginManager:220 - loadIPPluginJar : add comp
2025-01-23 23:17:25,849 [INFO] IPUIPlugin:80 - create IPUIPlugin
2025-01-23 23:17:25,849 [INFO] PluginManager:220 - loadIPPluginJar : add tracer_emb
2025-01-23 23:17:25,853 [INFO] IPUIPlugin:80 - create IPUIPlugin
2025-01-23 23:17:25,854 [INFO] PluginManager:220 - loadIPPluginJar : add openamp
2025-01-23 23:17:25,862 [INFO] IPUIPlugin:80 - create IPUIPlugin
2025-01-23 23:17:25,862 [INFO] PluginManager:220 - loadIPPluginJar : add stm32_wpan
2025-01-23 23:17:25,873 [INFO] IPUIPlugin:80 - create IPUIPlugin
2025-01-23 23:17:25,878 [INFO] PluginManager:220 - loadIPPluginJar : add plateformsettings
2025-01-23 23:17:25,885 [INFO] IPUIPlugin:80 - create IPUIPlugin
2025-01-23 23:17:25,886 [INFO] PluginManager:220 - loadIPPluginJar : add ipddr
2025-01-23 23:17:25,893 [INFO] IPUIPlugin:80 - create IPUIPlugin
2025-01-23 23:17:25,893 [INFO] PluginManager:220 - loadIPPluginJar : add usart
2025-01-23 23:17:25,896 [INFO] IPUIPlugin:80 - create IPUIPlugin
2025-01-23 23:17:25,896 [INFO] PluginManager:220 - loadIPPluginJar : add ltdc
2025-01-23 23:17:25,901 [INFO] IPUIPlugin:80 - create IPUIPlugin
2025-01-23 23:17:25,902 [INFO] PluginManager:220 - loadIPPluginJar : add nvic
2025-01-23 23:17:25,904 [INFO] IPUIPlugin:80 - create IPUIPlugin
2025-01-23 23:17:25,904 [INFO] PluginManager:220 - loadIPPluginJar : add fatfs
2025-01-23 23:17:25,923 [INFO] IPUIPlugin:80 - create IPUIPlugin
2025-01-23 23:17:25,924 [INFO] PluginManager:220 - loadIPPluginJar : add linkedlist
2025-01-23 23:17:25,933 [INFO] IPUIPlugin:80 - create IPUIPlugin
2025-01-23 23:17:25,934 [INFO] PluginManager:220 - loadIPPluginJar : add dma
2025-01-23 23:17:25,941 [INFO] IPUIPlugin:80 - create IPUIPlugin
2025-01-23 23:17:25,941 [INFO] PluginManager:220 - loadIPPluginJar : add fmc
2025-01-23 23:17:25,945 [INFO] IPUIPlugin:80 - create IPUIPlugin
2025-01-23 23:17:25,945 [INFO] PluginManager:220 - loadIPPluginJar : add i2s
2025-01-23 23:17:25,947 [INFO] IPUIPlugin:80 - create IPUIPlugin
2025-01-23 23:17:25,948 [INFO] PluginManager:220 - loadIPPluginJar : add ucpd
2025-01-23 23:17:25,959 [INFO] IPUIPlugin:80 - create IPUIPlugin
2025-01-23 23:17:25,959 [INFO] PluginManager:220 - loadIPPluginJar : add lorawan
2025-01-23 23:17:25,962 [INFO] IPUIPlugin:80 - create IPUIPlugin
2025-01-23 23:17:25,962 [INFO] PluginManager:220 - loadIPPluginJar : add opamp
2025-01-23 23:17:25,966 [INFO] IPUIPlugin:80 - create IPUIPlugin
2025-01-23 23:17:25,967 [INFO] PluginManager:220 - loadIPPluginJar : add i3c
2025-01-23 23:17:25,973 [INFO] IPUIPlugin:80 - create IPUIPlugin
2025-01-23 23:17:25,973 [INFO] PluginManager:220 - loadIPPluginJar : add touchsensing
2025-01-23 23:17:25,977 [INFO] IPUIPlugin:80 - create IPUIPlugin
2025-01-23 23:17:25,978 [INFO] PluginManager:220 - loadIPPluginJar : add i2c
2025-01-23 23:17:25,984 [INFO] IPUIPlugin:80 - create IPUIPlugin
2025-01-23 23:17:25,984 [INFO] PluginManager:220 - loadIPPluginJar : add resmgrutility
2025-01-23 23:17:25,988 [INFO] IPUIPlugin:80 - create IPUIPlugin
2025-01-23 23:17:25,988 [INFO] PluginManager:220 - loadIPPluginJar : add sai
2025-01-23 23:17:25,993 [INFO] IPUIPlugin:80 - create IPUIPlugin
2025-01-23 23:17:25,993 [INFO] PluginManager:220 - loadIPPluginJar : add usbx
2025-01-23 23:17:26,138 [INFO] CADModel:165 - CPN selected for project level
2025-01-23 23:17:26,138 [INFO] CADModel:114 - Register for checkConnection events
2025-01-23 23:17:26,138 [FATAL] Updater:334 - Updater called before beeing initialized
2025-01-23 23:17:26,139 [ERROR] CADModel:125 - Updater not yet initialized, retry later 
2025-01-23 23:17:26,423 [INFO] CADModel:165 - CPN selected for project level
2025-01-23 23:17:26,423 [INFO] CADModel:114 - Register for checkConnection events
2025-01-23 23:17:26,423 [FATAL] Updater:334 - Updater called before beeing initialized
2025-01-23 23:17:26,423 [ERROR] CADModel:125 - Updater not yet initialized, retry later 
2025-01-23 23:17:26,430 [FATAL] Updater:334 - Updater called before beeing initialized
2025-01-23 23:17:26,631 [FATAL] Updater:334 - Updater called before beeing initialized
2025-01-23 23:17:26,639 [INFO] DbMcusAds:53 - JSON generation date=Fri Sep 20 06:04:23 PDT 2024 (1726837463113)
2025-01-23 23:17:26,639 [FATAL] Updater:334 - Updater called before beeing initialized
2025-01-23 23:17:26,802 [WARN] DetailPanel:346 - Failed to get advertising image, set to default
2025-01-23 23:17:27,027 [FATAL] Updater:334 - Updater called before beeing initialized
2025-01-23 23:17:27,030 [FATAL] Updater:334 - Updater called before beeing initialized
2025-01-23 23:17:27,032 [FATAL] Updater:334 - Updater called before beeing initialized
2025-01-23 23:17:27,033 [WARN] DetailPanel:346 - Failed to get advertising image, set to default
2025-01-23 23:17:27,039 [FATAL] Updater:334 - Updater called before beeing initialized
2025-01-23 23:17:27,097 [ERROR] Updater:1164 - MainUpdater not yet initialized. External WinMGr cannot be set.
2025-01-23 23:17:27,141 [INFO] Updater:1100 - Updater Version found : 6.12.1
2025-01-23 23:17:27,187 [INFO] ApplicationProperties:184 - Using Application install path: /Applications/STM32CubeIDE.app/Contents/Eclipse/plugins/com.st.stm32cube.common.mx_6.12.1.202409122256
2025-01-23 23:17:27,585 [INFO] ThirdPartyUpdaterWithRetryManager:70 - Updater plugin not ready yet. [2/15]
2025-01-23 23:17:27,847 [INFO] MainUpdater:2873 - connection check result : 10
2025-01-23 23:17:27,848 [INFO] MainUpdater:290 - Updater Check For Update Now.
2025-01-23 23:17:27,848 [INFO] MicroXplorer:498 - Change Database Version : DB.6.0.121
2025-01-23 23:17:27,856 [INFO] McuFinderGlobals:63 - Set McuFinder mode to 2 (CubeIDE integrated)
2025-01-23 23:17:27,858 [INFO] UserAuth:417 - Internet connection configuration mode: 1
2025-01-23 23:17:27,879 [INFO] JxBrowserEngine:152 - Initiate JxBrowser Engine with user profile folder
2025-01-23 23:17:28,130 [INFO] CheckServerUpdateThread:120 - End of CheckServer Thread
2025-01-23 23:17:29,754 [INFO] WebApp:167 - Instantiating new browser for Auth
2025-01-23 23:17:31,362 [INFO] WebApp:448 - Apply proxy settings
2025-01-23 23:17:31,375 [INFO] WebApp:493 - Chromium authenticates against Manually configured proxy
2025-01-23 23:17:31,398 [INFO] WebApp:501 - Username used for proxy authentication: 
2025-01-23 23:17:31,490 [INFO] WebApp:869 - Register for checkConnection events
2025-01-23 23:17:31,490 [INFO] WebApp:448 - Apply proxy settings
2025-01-23 23:17:31,494 [INFO] WebApp:493 - Chromium authenticates against Manually configured proxy
2025-01-23 23:17:31,495 [INFO] WebApp:501 - Username used for proxy authentication: 
2025-01-23 23:17:31,582 [WARN] PackLoader:240 - Cannot read IP mode file for STMicroelectronics.FP-SNS-MOTENVWB1.1.4.0
2025-01-23 23:17:31,812 [INFO] WebApp:186 - Connection restablished
2025-01-23 23:17:31,841 [WARN] PackLoader:240 - Cannot read IP mode file for STMicroelectronics.FP-ATR-ASTRA1.2.0.1
2025-01-23 23:17:31,860 [WARN] PackLoader:240 - Cannot read IP mode file for STMicroelectronics.X-CUBE-SMBUS.2.1.0
2025-01-23 23:17:31,889 [WARN] PackLoader:240 - Cannot read IP mode file for STMicroelectronics.X-CUBE-WB05N.1.1.0
2025-01-23 23:17:32,169 [WARN] PackLoader:240 - Cannot read IP mode file for STMicroelectronics.X-CUBE-AZRTOS-F7.1.1.0
2025-01-23 23:17:32,548 [INFO] WebApp:220 - Starting web application
2025-01-23 23:17:32,549 [INFO] WebApp:578 - Web application path used /Applications/STM32CubeIDE.app/Contents/Eclipse/plugins/com.st.stm32cube.common.mx_6.12.1.202409122256/db/plugins/mcufinder/reactClient1/index.html
2025-01-23 23:17:32,781 [INFO] UserAuth:417 - Internet connection configuration mode: 1
2025-01-23 23:17:32,804 [WARN] PackLoader:240 - Cannot read IP mode file for STMicroelectronics.X-CUBE-MEMS1.11.0.0
2025-01-23 23:17:33,641 [WARN] PackLoader:240 - Cannot read IP mode file for STMicroelectronics.FP-SNS-FLIGHT1.5.0.2
2025-01-23 23:17:33,654 [WARN] PackLoader:240 - Cannot read IP mode file for STMicroelectronics.X-CUBE-DISPLAY.3.0.0
2025-01-23 23:17:33,679 [WARN] PackLoader:240 - Cannot read IP mode file for STMicroelectronics.X-CUBE-BLE1.7.0.0
2025-01-23 23:17:33,733 [WARN] PackLoader:240 - Cannot read IP mode file for STMicroelectronics.X-CUBE-NFC10.1.0.0
2025-01-23 23:17:33,762 [WARN] PackLoader:240 - Cannot read IP mode file for STMicroelectronics.X-CUBE-BLEMGR.4.0.0
2025-01-23 23:17:33,782 [WARN] PackLoader:240 - Cannot read IP mode file for emotas.I-CUBE-CANOPEN.1.3.0
2025-01-23 23:17:33,801 [WARN] PackLoader:240 - Cannot read IP mode file for STMicroelectronics.X-CUBE-BLEMGR.3.1.0
2025-01-23 23:17:33,818 [WARN] PackLoader:240 - Cannot read IP mode file for STMicroelectronics.X-CUBE-AI.10.0.0
2025-01-23 23:17:33,826 [WARN] PackLoader:240 - Cannot read IP mode file for STMicroelectronics.FP-SNS-SMARTAG2.1.2.0
2025-01-23 23:17:33,971 [WARN] PackLoader:240 - Cannot read IP mode file for STMicroelectronics.X-CUBE-MEMS1.11.1.0
2025-01-23 23:17:34,483 [INFO] LogOutputStream:77 - [STDOUT_REDIRECT] 1 : Invalid condition id : UX_CORESTACK_Condition cause : null
2025-01-23 23:17:34,484 [INFO] LogOutputStream:77 - [STDOUT_REDIRECT] 1 : Invalid condition id : UX_CORESTACK_Condition cause : null
2025-01-23 23:17:34,484 [INFO] LogOutputStream:77 - [STDOUT_REDIRECT] 1 : Invalid condition id : UX_CORESTACK_Condition cause : null
2025-01-23 23:17:34,485 [INFO] LogOutputStream:77 - [STDOUT_REDIRECT] 1 : Invalid condition id : UX_CORESTACK_Condition cause : null
2025-01-23 23:17:34,485 [INFO] LogOutputStream:77 - [STDOUT_REDIRECT] 1 : Invalid condition id : UX_CORESTACK_Condition cause : null
2025-01-23 23:17:34,494 [WARN] PackLoader:240 - Cannot read IP mode file for STMicroelectronics.X-CUBE-AZRTOS-WL.2.0.0
2025-01-23 23:17:34,505 [WARN] PackLoader:240 - Cannot read IP mode file for STMicroelectronics.FP-SNS-MOTENV1.5.0.0
2025-01-23 23:17:34,514 [WARN] PackLoader:240 - Cannot read IP mode file for wolfSSL.I-CUBE-wolfMQTT.1.19.0
2025-01-23 23:17:34,528 [WARN] PackLoader:240 - Cannot read IP mode file for WES.I-CUBE-Cesium.1.3.0
2025-01-23 23:17:34,537 [WARN] PackLoader:240 - Cannot read IP mode file for STMicroelectronics.X-CUBE-BLE2.3.3.0
2025-01-23 23:17:34,552 [WARN] PackLoader:240 - Cannot read IP mode file for STMicroelectronics.X-CUBE-NFC9.1.0.0
2025-01-23 23:17:34,567 [WARN] PackLoader:240 - Cannot read IP mode file for STMicroelectronics.X-CUBE-TCPP.4.1.0
2025-01-23 23:17:34,633 [WARN] PackLoader:240 - Cannot read IP mode file for STMicroelectronics.X-CUBE-AZRTOS-G0.1.1.0
2025-01-23 23:17:34,665 [WARN] PackLoader:240 - Cannot read IP mode file for STMicroelectronics.X-CUBE-SAFEA1.1.2.2
2025-01-23 23:17:34,676 [WARN] PackLoader:240 - Cannot read IP mode file for STMicroelectronics.X-CUBE-NFC4.3.0.0
2025-01-23 23:17:34,720 [WARN] PackLoader:240 - Cannot read IP mode file for EmbeddedOffice.I-CUBE-FS-RTOS.1.0.1
2025-01-23 23:17:34,721 [ERROR] ConditionMgr:805 - Attr not supported : Dmpu
2025-01-23 23:17:34,722 [ERROR] ConditionMgr:805 - Attr not supported : Dmpu
2025-01-23 23:17:34,722 [ERROR] ConditionMgr:805 - Attr not supported : Dmpu
2025-01-23 23:17:34,723 [ERROR] ConditionMgr:805 - Attr not supported : Dmpu
2025-01-23 23:17:34,723 [ERROR] ConditionMgr:805 - Attr not supported : Dmpu
2025-01-23 23:17:34,724 [ERROR] ConditionMgr:805 - Attr not supported : Dmpu
2025-01-23 23:17:34,724 [ERROR] ConditionMgr:805 - Attr not supported : Dmpu
2025-01-23 23:17:34,725 [ERROR] ConditionMgr:805 - Attr not supported : Dmpu
2025-01-23 23:17:34,725 [ERROR] ConditionMgr:805 - Attr not supported : Dmpu
2025-01-23 23:17:34,725 [ERROR] ConditionMgr:805 - Attr not supported : Dmpu
2025-01-23 23:17:34,725 [ERROR] ConditionMgr:805 - Attr not supported : Dmpu
2025-01-23 23:17:34,725 [ERROR] ConditionMgr:805 - Attr not supported : Dmpu
2025-01-23 23:17:34,725 [ERROR] ConditionMgr:805 - Attr not supported : Dmpu
2025-01-23 23:17:34,726 [ERROR] ConditionMgr:805 - Attr not supported : Dmpu
2025-01-23 23:17:34,726 [ERROR] ConditionMgr:805 - Attr not supported : Dmpu
2025-01-23 23:17:34,726 [ERROR] ConditionMgr:805 - Attr not supported : Dmpu
2025-01-23 23:17:34,726 [ERROR] ConditionMgr:805 - Attr not supported : Dmpu
2025-01-23 23:17:34,726 [ERROR] ConditionMgr:805 - Attr not supported : Dmpu
2025-01-23 23:17:34,726 [ERROR] ConditionMgr:805 - Attr not supported : Dmpu
2025-01-23 23:17:34,727 [ERROR] ConditionMgr:805 - Attr not supported : Dmpu
2025-01-23 23:17:34,727 [ERROR] ConditionMgr:805 - Attr not supported : Dmpu
2025-01-23 23:17:34,727 [ERROR] ConditionMgr:805 - Attr not supported : Dmpu
2025-01-23 23:17:34,727 [ERROR] ConditionMgr:805 - Attr not supported : Dmpu
2025-01-23 23:17:34,727 [ERROR] ConditionMgr:805 - Attr not supported : Dmpu
2025-01-23 23:17:34,727 [ERROR] ConditionMgr:805 - Attr not supported : Dmpu
2025-01-23 23:17:34,727 [ERROR] ConditionMgr:805 - Attr not supported : Dmpu
2025-01-23 23:17:34,727 [ERROR] ConditionMgr:805 - Attr not supported : Dmpu
2025-01-23 23:17:34,728 [ERROR] ConditionMgr:805 - Attr not supported : Dmpu
2025-01-23 23:17:34,728 [ERROR] ConditionMgr:805 - Attr not supported : Dmpu
2025-01-23 23:17:34,728 [ERROR] ConditionMgr:805 - Attr not supported : Dmpu
2025-01-23 23:17:34,728 [ERROR] ConditionMgr:805 - Attr not supported : Dmpu
2025-01-23 23:17:34,728 [ERROR] ConditionMgr:805 - Attr not supported : Dmpu
2025-01-23 23:17:34,728 [ERROR] ConditionMgr:805 - Attr not supported : Dmpu
2025-01-23 23:17:34,728 [ERROR] ConditionMgr:805 - Attr not supported : Dmpu
2025-01-23 23:17:34,728 [ERROR] ConditionMgr:805 - Attr not supported : Dmpu
2025-01-23 23:17:34,728 [ERROR] ConditionMgr:805 - Attr not supported : Dmpu
2025-01-23 23:17:34,734 [ERROR] ConditionMgr:805 - Attr not supported : Dmpu
2025-01-23 23:17:34,735 [ERROR] ConditionMgr:805 - Attr not supported : Dmpu
2025-01-23 23:17:34,735 [ERROR] ConditionMgr:805 - Attr not supported : Dmpu
2025-01-23 23:17:34,735 [ERROR] ConditionMgr:805 - Attr not supported : Dmpu
2025-01-23 23:17:34,735 [ERROR] ConditionMgr:805 - Attr not supported : Dmpu
2025-01-23 23:17:34,735 [ERROR] ConditionMgr:805 - Attr not supported : Dmpu
2025-01-23 23:17:34,736 [ERROR] ConditionMgr:805 - Attr not supported : Dmpu
2025-01-23 23:17:34,736 [ERROR] ConditionMgr:805 - Attr not supported : Dmpu
2025-01-23 23:17:34,736 [ERROR] ConditionMgr:805 - Attr not supported : Dmpu
2025-01-23 23:17:34,736 [ERROR] ConditionMgr:805 - Attr not supported : Dmpu
2025-01-23 23:17:34,736 [ERROR] ConditionMgr:805 - Attr not supported : Dmpu
2025-01-23 23:17:34,736 [ERROR] ConditionMgr:805 - Attr not supported : Dmpu
2025-01-23 23:17:34,736 [ERROR] ConditionMgr:805 - Attr not supported : Dmpu
2025-01-23 23:17:34,737 [ERROR] ConditionMgr:805 - Attr not supported : Dmpu
2025-01-23 23:17:34,737 [ERROR] ConditionMgr:805 - Attr not supported : Dmpu
2025-01-23 23:17:34,737 [ERROR] ConditionMgr:805 - Attr not supported : Dmpu
2025-01-23 23:17:34,737 [ERROR] ConditionMgr:805 - Attr not supported : Dmpu
2025-01-23 23:17:34,738 [ERROR] ConditionMgr:805 - Attr not supported : Dmpu
2025-01-23 23:17:34,738 [ERROR] ConditionMgr:805 - Attr not supported : Dmpu
2025-01-23 23:17:34,738 [ERROR] ConditionMgr:805 - Attr not supported : Dmpu
2025-01-23 23:17:34,738 [ERROR] ConditionMgr:805 - Attr not supported : Dmpu
2025-01-23 23:17:34,738 [ERROR] ConditionMgr:805 - Attr not supported : Dmpu
2025-01-23 23:17:34,738 [ERROR] ConditionMgr:805 - Attr not supported : Dmpu
2025-01-23 23:17:34,739 [ERROR] ConditionMgr:805 - Attr not supported : Dmpu
2025-01-23 23:17:34,739 [ERROR] ConditionMgr:805 - Attr not supported : Dmpu
2025-01-23 23:17:34,739 [ERROR] ConditionMgr:805 - Attr not supported : Dmpu
2025-01-23 23:17:34,739 [ERROR] ConditionMgr:805 - Attr not supported : Dmpu
2025-01-23 23:17:34,739 [ERROR] ConditionMgr:805 - Attr not supported : Dmpu
2025-01-23 23:17:34,746 [ERROR] Engine:466 - /Users/Zarina/.stm32cubemx/thirdparties/pdsc/STMicroelectronics.X-CUBE-TCPP.4.2.0.pdsc: PDSC version is not supported
2025-01-23 23:17:34,753 [WARN] PackLoader:240 - Cannot read IP mode file for RealThread.X-CUBE-RT-Thread_Nano.4.1.1
2025-01-23 23:17:34,759 [WARN] PackLoader:240 - Cannot read IP mode file for STMicroelectronics.FP-ATR-SIGFOX1.3.2.0
2025-01-23 23:17:34,765 [WARN] PackLoader:240 - Cannot read IP mode file for wolfSSL.I-CUBE-wolfSSL.5.7.2
2025-01-23 23:17:34,770 [WARN] ConditionMgr:438 - getConditionDescription Invalid condition id : Cortex-A Device cause : null
2025-01-23 23:17:34,804 [WARN] ConditionMgr:1039 - genDependencies : Invalid condition id : Cortex-A Device cause : null
2025-01-23 23:17:34,804 [WARN] ConditionMgr:1039 - genDependencies : Invalid condition id : Cortex-A Device cause : null
2025-01-23 23:17:34,805 [WARN] ConditionMgr:1039 - genDependencies : Invalid condition id : Cortex-A Device cause : null
2025-01-23 23:17:34,821 [WARN] PackLoader:240 - Cannot read IP mode file for STMicroelectronics.X-CUBE-EEPRMA1.5.1.0
2025-01-23 23:17:34,835 [WARN] PackLoader:240 - Cannot read IP mode file for ITTIA_DB.I-CUBE-ITTIADB.8.9.0
2025-01-23 23:17:34,936 [WARN] PackLoader:240 - Cannot read IP mode file for SEGGER.I-CUBE-embOS.1.3.1
2025-01-23 23:17:35,067 [WARN] PackLoader:240 - Cannot read IP mode file for STMicroelectronics.X-CUBE-ALGOBUILD.1.4.0
2025-01-23 23:17:35,079 [WARN] PackLoader:240 - Cannot read IP mode file for STMicroelectronics.X-CUBE-AI.9.1.0
2025-01-23 23:17:35,120 [WARN] PackLoader:240 - Cannot read IP mode file for STMicroelectronics.X-CUBE-AZRTOS-F4.1.1.0
2025-01-23 23:17:35,137 [WARN] PackLoader:240 - Cannot read IP mode file for STMicroelectronics.X-CUBE-ISPU.2.1.0
2025-01-23 23:17:35,145 [WARN] PackLoader:240 - Cannot read IP mode file for STMicroelectronics.X-CUBE-FREERTOS.1.2.0
2025-01-23 23:17:35,187 [WARN] PackLoader:240 - Cannot read IP mode file for STMicroelectronics.X-CUBE-AZRTOS-L5.2.0.0
2025-01-23 23:17:35,203 [WARN] PackLoader:240 - Cannot read IP mode file for STMicroelectronics.X-CUBE-NFC6.3.1.0
2025-01-23 23:17:35,219 [WARN] PackLoader:240 - Cannot read IP mode file for STMicroelectronics.X-CUBE-DPower.1.2.0
2025-01-23 23:17:35,226 [WARN] PackLoader:240 - Cannot read IP mode file for STMicroelectronics.X-CUBE-FREERTOS.1.3.0
2025-01-23 23:17:35,233 [WARN] PackLoader:240 - Cannot read IP mode file for STMicroelectronics.X-CUBE-NFC7.1.0.1
2025-01-23 23:17:35,293 [WARN] ConditionMgr:438 - getConditionDescription Invalid condition id : LAN8742 Phy interface Condition cause : null
2025-01-23 23:17:35,294 [WARN] PackLoader:240 - Cannot read IP mode file for STMicroelectronics.X-CUBE-AZRTOS-L4.2.0.0
2025-01-23 23:17:35,296 [WARN] ConditionMgr:1039 - genDependencies : Invalid condition id : LAN8742 Phy interface Condition cause : null
2025-01-23 23:17:35,296 [WARN] ConditionMgr:1039 - genDependencies : Invalid condition id : LAN8742 Phy interface Condition cause : null
2025-01-23 23:17:35,297 [WARN] ConditionMgr:1039 - genDependencies : Invalid condition id : LAN8742 Phy interface Condition cause : null
2025-01-23 23:17:35,309 [WARN] PackLoader:240 - Cannot read IP mode file for STMicroelectronics.X-CUBE-SFXS2LP1.4.0.0
2025-01-23 23:17:35,367 [WARN] PackLoader:240 - Cannot read IP mode file for STMicroelectronics.X-CUBE-AZRTOS-H7.3.3.0
2025-01-23 23:17:35,410 [WARN] PackLoader:240 - Cannot read IP mode file for STMicroelectronics.X-CUBE-IPS.3.0.0
2025-01-23 23:17:35,457 [WARN] ConditionMgr:438 - getConditionDescription Invalid condition id : UX DEVICE CLASS RTOS Condition cause : null
2025-01-23 23:17:35,457 [WARN] ConditionMgr:438 - getConditionDescription Invalid condition id : UX DEVICE CLASS RTOS Condition cause : null
2025-01-23 23:17:35,462 [WARN] PackLoader:240 - Cannot read IP mode file for STMicroelectronics.X-CUBE-AZRTOS-WB.2.0.0
2025-01-23 23:17:35,463 [WARN] ConditionMgr:1039 - genDependencies : Invalid condition id : UX DEVICE CLASS RTOS Condition cause : null
2025-01-23 23:17:35,464 [WARN] ConditionMgr:1039 - genDependencies : Invalid condition id : UX DEVICE CLASS RTOS Condition cause : null
2025-01-23 23:17:35,465 [WARN] ConditionMgr:1039 - genDependencies : Invalid condition id : UX DEVICE CLASS RTOS Condition cause : null
2025-01-23 23:17:35,465 [WARN] ConditionMgr:1039 - genDependencies : Invalid condition id : UX DEVICE CLASS RTOS Condition cause : null
2025-01-23 23:17:35,466 [WARN] ConditionMgr:1039 - genDependencies : Invalid condition id : UX DEVICE CLASS RTOS Condition cause : null
2025-01-23 23:17:35,477 [WARN] PackLoader:240 - Cannot read IP mode file for STMicroelectronics.X-CUBE-GNSS1.7.0.0
2025-01-23 23:17:35,487 [WARN] PackLoader:240 - Cannot read IP mode file for STMicroelectronics.X-CUBE-GNSS1.7.0.1
2025-01-23 23:17:35,500 [WARN] PackLoader:240 - Cannot read IP mode file for STMicroelectronics.FP-SNS-STBOX1.2.0.0
2025-01-23 23:17:35,531 [WARN] PackLoader:240 - Cannot read IP mode file for STMicroelectronics.X-CUBE-SUBG2.5.0.0
2025-01-23 23:17:35,563 [WARN] PackLoader:240 - Cannot read IP mode file for Cesanta.I-CUBE-Mongoose.7.13.0
2025-01-23 23:17:35,599 [WARN] PackLoader:240 - Cannot read IP mode file for STMicroelectronics.X-CUBE-AZRTOS-G4.2.0.0
2025-01-23 23:17:35,613 [ERROR] Engine:466 - /Users/Zarina/.stm32cubemx/thirdparties/pdsc/STMicroelectronics.X-CUBE-IPS.3.1.0.pdsc: PDSC version is not supported
2025-01-23 23:17:35,618 [WARN] PackLoader:240 - Cannot read IP mode file for STMicroelectronics.X-CUBE-ALS.1.0.2
2025-01-23 23:17:35,624 [WARN] PackLoader:240 - Cannot read IP mode file for STMicroelectronics.X-CUBE-TOUCHGFX.4.24.2
2025-01-23 23:17:35,627 [WARN] PackLoader:240 - Cannot read IP mode file for STMicroelectronics.X-CUBE-TOUCHGFX.4.24.1
2025-01-23 23:17:35,632 [WARN] PackLoader:240 - Cannot read IP mode file for wolfSSL.I-CUBE-wolfTPM.3.4.0
2025-01-23 23:17:35,639 [WARN] PackLoader:240 - Cannot read IP mode file for portGmbH.I-Cube-SoM-uGOAL.1.1.0
2025-01-23 23:17:35,680 [WARN] PackLoader:240 - Cannot read IP mode file for STMicroelectronics.X-CUBE-AZRTOS-H7RS.1.0.0
2025-01-23 23:17:35,690 [WARN] PackLoader:240 - Cannot read IP mode file for STMicroelectronics.FP-ATR-ASTRA1.2.0.0
2025-01-23 23:17:35,709 [WARN] PackLoader:240 - Cannot read IP mode file for STMicroelectronics.X-CUBE-TOF1.3.4.2
2025-01-23 23:17:35,783 [WARN] PackLoader:240 - Cannot read IP mode file for Infineon.AIROC-Wi-Fi-Bluetooth-STM32.1.6.1
2025-01-23 23:17:35,793 [WARN] PackLoader:240 - Cannot read IP mode file for wolfSSL.I-CUBE-wolfSSH.1.4.17
2025-01-23 23:17:35,794 [INFO] ThirdParty:978 - Integrity check success = true
2025-01-23 23:17:35,794 [INFO] IntegrityCheckThread:100 - exiting critical section [integrity check]
2025-01-23 23:17:35,794 [INFO] IntegrityCheckThread:103 - End integrity checks thread
