2024-12-23 00:46:31,439 [INFO] WebApp:189 - Connection lost
2024-12-23 00:46:37,144 [INFO] WebApp:186 - Connection restablished
2024-12-23 11:02:48,067 [INFO] WebApp:189 - Connection lost
2024-12-23 11:02:53,126 [INFO] WebApp:186 - Connection restablished
2024-12-23 14:28:21,403 [INFO] MainUpdater:2873 - connection check result : 10
2024-12-23 14:28:21,404 [INFO] MainUpdater:2873 - connection check result : 10
2024-12-23 14:28:22,142 [INFO] MicroXplorer:468 - Change Database Path : 
2024-12-23 14:28:22,142 [INFO] MicroXplorer:498 - Change Database Version : DB.6.0.121
2024-12-23 14:28:22,154 [ERROR] ProjectManagerView:394 - 
java.lang.NullPointerException: Cannot invoke "javax.swing.JTextField.getText()" because the return value of "java.util.List.get(int)" is null
	at com.st.microxplorer.plugins.projectmanager.gui.ProjectChoiceTab$10.caretUpdate(ProjectChoiceTab.java:2622) ~[filemanager.jar:?]
	at javax.swing.text.JTextComponent.fireCaretUpdate(JTextComponent.java:412) ~[?:?]
	at javax.swing.text.JTextComponent$MutableCaretEvent.fire(JTextComponent.java:4491) ~[?:?]
	at javax.swing.text.JTextComponent$MutableCaretEvent.stateChanged(JTextComponent.java:4513) ~[?:?]
	at javax.swing.text.DefaultCaret.fireStateChanged(DefaultCaret.java:842) ~[?:?]
	at javax.swing.text.DefaultCaret.changeCaretPosition(DefaultCaret.java:1313) ~[?:?]
	at javax.swing.text.DefaultCaret.handleSetDot(DefaultCaret.java:1212) ~[?:?]
	at javax.swing.text.DefaultCaret.setDot(DefaultCaret.java:1193) ~[?:?]
	at javax.swing.text.DefaultCaret$Handler.insertUpdate(DefaultCaret.java:1789) ~[?:?]
	at javax.swing.text.AbstractDocument.fireInsertUpdate(AbstractDocument.java:226) ~[?:?]
	at javax.swing.text.AbstractDocument.handleInsertString(AbstractDocument.java:780) ~[?:?]
	at javax.swing.text.AbstractDocument.insertString(AbstractDocument.java:739) ~[?:?]
	at javax.swing.text.PlainDocument.insertString(PlainDocument.java:131) ~[?:?]
	at javax.swing.text.AbstractDocument.replace(AbstractDocument.java:698) ~[?:?]
	at javax.swing.text.JTextComponent.setText(JTextComponent.java:1729) ~[?:?]
	at com.st.microxplorer.plugins.projectmanager.gui.ProjectChoiceTab.createHeapStackFields(ProjectChoiceTab.java:972) ~[filemanager.jar:?]
	at com.st.microxplorer.plugins.projectmanager.gui.ProjectChoiceTab.buildLinkSettingsPanel(ProjectChoiceTab.java:3597) ~[filemanager.jar:?]
	at com.st.microxplorer.plugins.projectmanager.gui.ProjectChoiceTab.defineWindowsFields(ProjectChoiceTab.java:1940) ~[filemanager.jar:?]
	at com.st.microxplorer.plugins.projectmanager.gui.ProjectChoiceTab.updateSettings(ProjectChoiceTab.java:550) ~[filemanager.jar:?]
	at com.st.microxplorer.plugins.projectmanager.gui.ProjectSettingsPanel.UpdateDialog(ProjectSettingsPanel.java:245) ~[filemanager.jar:?]
	at com.st.microxplorer.plugins.projectmanager.ProjectManagerView.propertyChange(ProjectManagerView.java:391) ~[filemanager.jar:?]
	at java.beans.PropertyChangeSupport.fire(PropertyChangeSupport.java:343) ~[?:?]
	at java.beans.PropertyChangeSupport.firePropertyChange(PropertyChangeSupport.java:335) ~[?:?]
	at java.beans.PropertyChangeSupport.firePropertyChange(PropertyChangeSupport.java:268) ~[?:?]
	at com.st.microxplorer.util.MXPropertyChangeSupport.firePropertyChange(MXPropertyChangeSupport.java:54) ~[STM32CubeMX.jar:?]
	at com.st.microxplorer.mxsystem.MxSystem.closeConfig(MxSystem.java:900) ~[STM32CubeMX.jar:?]
	at com.st.microxplorer.maingui.MainPanel.closeConfig(MainPanel.java:781) ~[STM32CubeMX.jar:?]
	at com.st.microxplorer.plugins.filemanager.engine.OpenFileManager.loadConfigurationFile(OpenFileManager.java:265) ~[filemanager.jar:?]
	at com.st.microxplorer.plugins.filemanager.engine.MainFileManager.userLoadConfig(MainFileManager.java:352) ~[filemanager.jar:?]
	at com.st.microxplorer.plugins.filemanager.engine.MainFileManager.userLoadConfig(MainFileManager.java:330) ~[filemanager.jar:?]
	at com.st.microxplorer.plugins.filemanager.FileManagerView.getSpecificTask(FileManagerView.java:246) ~[filemanager.jar:?]
	at com.st.stm32cube.common.mx.editor.CubeMxEditor.getMxTabbedPaneInstance(CubeMxEditor.java:1198) ~[com.st.stm32cube.common.mx_6.12.1.202409122256/:?]
	at com.st.stm32cube.common.mx.editor.CubeMxEditor$12$1.createSwingComponent(CubeMxEditor.java:1068) ~[com.st.stm32cube.common.mx_6.12.1.202409122256/:?]
	at com.st.stm32cube.common.mx.oss.core.awtswtbridge.EmbeddedSwingComposite.doComponentCreation(EmbeddedSwingComposite.java:492) ~[com.st.stm32cube.common.mx.oss_6.12.1.202409122256/:?]
	at com.st.stm32cube.common.mx.oss.core.awtswtbridge.EmbeddedSwingComposite$4.run(EmbeddedSwingComposite.java:291) ~[com.st.stm32cube.common.mx.oss_6.12.1.202409122256/:?]
	at com.st.stm32cube.common.mx.oss.core.awtswtbridge.AwtEnvironment$2.run(AwtEnvironment.java:166) ~[com.st.stm32cube.common.mx.oss_6.12.1.202409122256/:?]
	at java.awt.event.InvocationEvent.dispatch(InvocationEvent.java:318) ~[?:?]
	at java.awt.EventQueue.dispatchEventImpl(EventQueue.java:773) ~[?:?]
	at java.awt.EventQueue$4.run(EventQueue.java:720) ~[?:?]
	at java.awt.EventQueue$4.run(EventQueue.java:714) ~[?:?]
	at java.security.AccessController.doPrivileged(AccessController.java:399) ~[?:?]
	at java.security.ProtectionDomain$JavaSecurityAccessImpl.doIntersectionPrivilege(ProtectionDomain.java:86) ~[?:?]
	at java.awt.EventQueue.dispatchEvent(EventQueue.java:742) ~[?:?]
	at java.awt.EventDispatchThread.pumpOneEventForFilters(EventDispatchThread.java:203) ~[?:?]
	at java.awt.EventDispatchThread.pumpEventsForFilter(EventDispatchThread.java:124) ~[?:?]
	at java.awt.EventDispatchThread.pumpEventsForHierarchy(EventDispatchThread.java:113) ~[?:?]
	at java.awt.EventDispatchThread.pumpEvents(EventDispatchThread.java:109) ~[?:?]
	at java.awt.EventDispatchThread.pumpEvents(EventDispatchThread.java:101) ~[?:?]
	at java.awt.EventDispatchThread.run(EventDispatchThread.java:90) ~[?:?]
2024-12-23 14:28:22,161 [WARN] ThirdParty:871 - waiting for thirdparty lock release [close project]
2024-12-23 14:28:22,161 [INFO] ThirdParty:873 - entering critical section [close project]
2024-12-23 14:28:22,161 [INFO] ThirdParty:883 - exiting critical section [close project]
2024-12-23 14:28:22,162 [INFO] PinOutPanel:1561 - setPackage(No Configuration,No Configuration)
2024-12-23 14:28:22,181 [WARN] IpParametersView:151 - Warning: This peripheral hasn't parameters
2024-12-23 14:28:22,197 [WARN] MainPanel:284 - <html><b><center>Warning: This peripheral has no parameters to be configured<br></b></html>
2024-12-23 14:28:22,209 [INFO] UtilMem:75 - Begin LoadConfig() Used Memory: 838550232 Bytes (1073741824)
2024-12-23 14:28:22,209 [INFO] MicroXplorer:468 - Change Database Path : 
2024-12-23 14:28:22,209 [INFO] MicroXplorer:498 - Change Database Version : DB.6.0.121
2024-12-23 14:28:22,209 [INFO] OpenFileManager:332 - Change cursor
2024-12-23 14:28:22,220 [INFO] Mcu:2032 - Initializing MCU STM32F411C(C-E)Ux STM32F411CEUx STM32F411CEU6
2024-12-23 14:28:23,173 [INFO] Context:742 - Trying to add GPIOservice into a context  which must be forbidden
2024-12-23 14:28:23,704 [INFO] RtosManager:555 - Registered RTOS mode: class=CMSIS, group=RTOS, mode=CMSIS_V1, owner=FREERTOS
2024-12-23 14:28:23,704 [INFO] RtosManager:555 - Registered RTOS mode: class=CMSIS, group=RTOS2, mode=CMSIS_V2, owner=FREERTOS
2024-12-23 14:28:23,705 [INFO] RtosManager:555 - Registered RTOS mode: class=RTOS, group=Core, mode=CMSIS_V1, owner=FREERTOS
2024-12-23 14:28:23,705 [INFO] RtosManager:555 - Registered RTOS mode: class=RTOS, group=Core, mode=CMSIS_V2, owner=FREERTOS
2024-12-23 14:28:23,705 [WARN] ModelIntegratedComponent:184 - Missing modes for component STMicroelectronics:FreeRTOS:0.0.1:STMicroelectronics:RTOS:FreeRTOS:Core:::10.2.0:
2024-12-23 14:28:23,711 [WARN] ModelIntegratedComponent:182 - Modes not found for component STMicroelectronics:USB_HOST:1.0.0:STMicroelectronics:USB::USB Host:Audio HS::1.0:USB_HOST_1_0_RESTRICTED_HS
2024-12-23 14:28:23,711 [WARN] ModelIntegratedComponent:188 - Modes not found for component STMicroelectronics:USB_HOST:1.0.0:STMicroelectronics:USB::USB Host:Audio HS::1.0:USB_HOST_1_0_RESTRICTED_HS
2024-12-23 14:28:23,711 [WARN] ModelIntegratedComponent:182 - Modes not found for component STMicroelectronics:USB_HOST:1.0.0:STMicroelectronics:USB::USB Host:CDC HS::1.0:USB_HOST_1_0_RESTRICTED_HS
2024-12-23 14:28:23,711 [WARN] ModelIntegratedComponent:188 - Modes not found for component STMicroelectronics:USB_HOST:1.0.0:STMicroelectronics:USB::USB Host:CDC HS::1.0:USB_HOST_1_0_RESTRICTED_HS
2024-12-23 14:28:23,711 [WARN] ModelIntegratedComponent:182 - Modes not found for component STMicroelectronics:USB_HOST:1.0.0:STMicroelectronics:USB::USB Host:MSC HS::1.0:USB_HOST_1_0_RESTRICTED_HS
2024-12-23 14:28:23,711 [WARN] ModelIntegratedComponent:188 - Modes not found for component STMicroelectronics:USB_HOST:1.0.0:STMicroelectronics:USB::USB Host:MSC HS::1.0:USB_HOST_1_0_RESTRICTED_HS
2024-12-23 14:28:23,711 [WARN] ModelIntegratedComponent:182 - Modes not found for component STMicroelectronics:USB_HOST:1.0.0:STMicroelectronics:USB::USB Host:HID HS::1.0:USB_HOST_1_0_RESTRICTED_HS
2024-12-23 14:28:23,711 [WARN] ModelIntegratedComponent:188 - Modes not found for component STMicroelectronics:USB_HOST:1.0.0:STMicroelectronics:USB::USB Host:HID HS::1.0:USB_HOST_1_0_RESTRICTED_HS
2024-12-23 14:28:23,712 [WARN] ModelIntegratedComponent:182 - Modes not found for component STMicroelectronics:USB_HOST:1.0.0:STMicroelectronics:USB::USB Host:MTP HS::1.0:USB_HOST_1_0_RESTRICTED_HS
2024-12-23 14:28:23,712 [WARN] ModelIntegratedComponent:188 - Modes not found for component STMicroelectronics:USB_HOST:1.0.0:STMicroelectronics:USB::USB Host:MTP HS::1.0:USB_HOST_1_0_RESTRICTED_HS
2024-12-23 14:28:23,723 [WARN] ModelIntegratedComponent:63 - No mode defined for component null
2024-12-23 14:28:23,724 [WARN] ModelIntegratedComponent:63 - No mode defined for component null
2024-12-23 14:28:23,724 [WARN] ModelIntegratedComponent:63 - No mode defined for component null
2024-12-23 14:28:23,724 [WARN] ModelIntegratedComponent:63 - No mode defined for component null
2024-12-23 14:28:23,724 [WARN] ModelIntegratedComponent:63 - No mode defined for component null
2024-12-23 14:28:23,724 [WARN] ModelIntegratedComponent:63 - No mode defined for component null
2024-12-23 14:28:23,724 [WARN] ModelIntegratedComponent:63 - No mode defined for component null
2024-12-23 14:28:23,724 [WARN] ModelIntegratedComponent:63 - No mode defined for component null
2024-12-23 14:28:23,724 [WARN] ModelIntegratedComponent:63 - No mode defined for component null
2024-12-23 14:28:23,725 [WARN] ModelIntegratedComponent:63 - No mode defined for component null
2024-12-23 14:28:23,725 [WARN] ModelIntegratedComponent:63 - No mode defined for component null
2024-12-23 14:28:23,725 [WARN] ModelIntegratedComponent:63 - No mode defined for component null
2024-12-23 14:28:23,725 [WARN] ModelIntegratedComponent:63 - No mode defined for component null
2024-12-23 14:28:23,725 [WARN] ModelIntegratedComponent:63 - No mode defined for component null
2024-12-23 14:28:23,725 [WARN] ModelIntegratedComponent:63 - No mode defined for component null
2024-12-23 14:28:23,725 [WARN] ModelIntegratedComponent:63 - No mode defined for component null
2024-12-23 14:28:23,725 [WARN] ModelIntegratedComponent:63 - No mode defined for component null
2024-12-23 14:28:23,725 [WARN] ModelIntegratedComponent:63 - No mode defined for component null
2024-12-23 14:28:23,725 [WARN] ModelIntegratedComponent:63 - No mode defined for component null
2024-12-23 14:28:23,725 [WARN] ModelIntegratedComponent:63 - No mode defined for component null
2024-12-23 14:28:23,725 [WARN] ModelIntegratedComponent:63 - No mode defined for component null
2024-12-23 14:28:23,726 [WARN] ModelIntegratedComponent:63 - No mode defined for component null
2024-12-23 14:28:23,726 [WARN] ModelIntegratedComponent:63 - No mode defined for component null
2024-12-23 14:28:23,726 [WARN] ModelIntegratedComponent:63 - No mode defined for component null
2024-12-23 14:28:23,726 [WARN] ModelIntegratedComponent:63 - No mode defined for component null
2024-12-23 14:28:23,726 [WARN] ModelIntegratedComponent:63 - No mode defined for component null
2024-12-23 14:28:23,726 [WARN] ModelIntegratedComponent:63 - No mode defined for component null
2024-12-23 14:28:23,726 [WARN] ModelIntegratedComponent:63 - No mode defined for component null
2024-12-23 14:28:23,726 [WARN] ModelIntegratedComponent:63 - No mode defined for component null
2024-12-23 14:28:23,726 [WARN] ModelIntegratedComponent:63 - No mode defined for component null
2024-12-23 14:28:23,726 [WARN] ModelIntegratedComponent:63 - No mode defined for component null
2024-12-23 14:28:23,726 [WARN] ModelIntegratedComponent:63 - No mode defined for component null
2024-12-23 14:28:23,726 [WARN] ModelIntegratedComponent:63 - No mode defined for component null
2024-12-23 14:28:23,727 [WARN] ModelIntegratedComponent:63 - No mode defined for component null
2024-12-23 14:28:23,727 [WARN] ModelIntegratedComponent:63 - No mode defined for component null
2024-12-23 14:28:23,727 [WARN] ModelPack:524 - Component already loaded: STMicroelectronics:HAL Drivers:0.0.0:STMicroelectronics:Device:STMicro_Driver:XSPI:HAL::0.0.1:HAL_XSPI
2024-12-23 14:28:23,907 [WARN] ModelIntegratedComponent:182 - Modes not found for component STMicroelectronics:USB_DEVICE:1.0.0:STMicroelectronics:USB::USB Device:Audio HS::1.0:USB_DEVICE_1_0_RESTRICTED_HS
2024-12-23 14:28:23,907 [WARN] ModelIntegratedComponent:188 - Modes not found for component STMicroelectronics:USB_DEVICE:1.0.0:STMicroelectronics:USB::USB Device:Audio HS::1.0:USB_DEVICE_1_0_RESTRICTED_HS
2024-12-23 14:28:23,907 [WARN] ModelIntegratedComponent:182 - Modes not found for component STMicroelectronics:USB_DEVICE:1.0.0:STMicroelectronics:USB::USB Device:CDC HS::1.0:USB_DEVICE_1_0_RESTRICTED_HS
2024-12-23 14:28:23,907 [WARN] ModelIntegratedComponent:188 - Modes not found for component STMicroelectronics:USB_DEVICE:1.0.0:STMicroelectronics:USB::USB Device:CDC HS::1.0:USB_DEVICE_1_0_RESTRICTED_HS
2024-12-23 14:28:23,907 [WARN] ModelIntegratedComponent:182 - Modes not found for component STMicroelectronics:USB_DEVICE:1.0.0:STMicroelectronics:USB::USB Device:DFU HS::1.0:USB_DEVICE_1_0_RESTRICTED_HS
2024-12-23 14:28:23,907 [WARN] ModelIntegratedComponent:188 - Modes not found for component STMicroelectronics:USB_DEVICE:1.0.0:STMicroelectronics:USB::USB Device:DFU HS::1.0:USB_DEVICE_1_0_RESTRICTED_HS
2024-12-23 14:28:23,908 [WARN] ModelIntegratedComponent:182 - Modes not found for component STMicroelectronics:USB_DEVICE:1.0.0:STMicroelectronics:USB::USB Device:HID HS::1.0:USB_DEVICE_1_0_RESTRICTED_HS
2024-12-23 14:28:23,908 [WARN] ModelIntegratedComponent:188 - Modes not found for component STMicroelectronics:USB_DEVICE:1.0.0:STMicroelectronics:USB::USB Device:HID HS::1.0:USB_DEVICE_1_0_RESTRICTED_HS
2024-12-23 14:28:23,908 [WARN] ModelIntegratedComponent:182 - Modes not found for component STMicroelectronics:USB_DEVICE:1.0.0:STMicroelectronics:USB::USB Device:Custom HID HS::1.0:USB_DEVICE_1_0_RESTRICTED_HS
2024-12-23 14:28:23,908 [WARN] ModelIntegratedComponent:188 - Modes not found for component STMicroelectronics:USB_DEVICE:1.0.0:STMicroelectronics:USB::USB Device:Custom HID HS::1.0:USB_DEVICE_1_0_RESTRICTED_HS
2024-12-23 14:28:23,908 [WARN] ModelIntegratedComponent:182 - Modes not found for component STMicroelectronics:USB_DEVICE:1.0.0:STMicroelectronics:USB::USB Device:MSC HS::1.0:USB_DEVICE_1_0_RESTRICTED_HS
2024-12-23 14:28:23,908 [WARN] ModelIntegratedComponent:188 - Modes not found for component STMicroelectronics:USB_DEVICE:1.0.0:STMicroelectronics:USB::USB Device:MSC HS::1.0:USB_DEVICE_1_0_RESTRICTED_HS
2024-12-23 14:28:23,937 [INFO] ThirdPartyModel:298 - Start build external matchings
2024-12-23 14:28:25,675 [INFO] ThirdPartyModel:316 - End build external matchings
2024-12-23 14:28:25,693 [INFO] ImportTextPane:205 - (OptionalMessage_ERROR) IP (RCC) : Parameter (RTCHSEDivFreq_Value) has invalid value (12500000)
2024-12-23 14:28:25,695 [WARN] IP:2191 - DEVICE_SERIAL0_CDC_FS not found: check if there is a RefParameter without a condition.
2024-12-23 14:28:25,695 [WARN] IP:2191 - DEVICE_SERIAL1_CDC_FS not found: check if there is a RefParameter without a condition.
2024-12-23 14:28:25,695 [WARN] IP:2191 - DEVICE_SERIAL2_CDC_FS not found: check if there is a RefParameter without a condition.
2024-12-23 14:28:25,871 [INFO] UtilMem:75 - End LoadConfig() Used Memory: 644735000 Bytes (1073741824)
2024-12-23 14:28:25,891 [WARN] ThirdParty:833 - waiting for thirdparty lock release [change project]
2024-12-23 14:28:25,892 [INFO] ThirdParty:835 - entering critical section [change project]
2024-12-23 14:28:25,893 [INFO] ThirdParty:1030 - CMSIS Pack Vendor :STMicroelectronics USBPD 4.1
2024-12-23 14:28:25,894 [INFO] ThirdParty:1030 - CMSIS Pack Vendor :STMicroelectronics X-CUBE-AZRTOS-H7 3.3.0
2024-12-23 14:28:25,895 [INFO] ThirdParty:1030 - CMSIS Pack Vendor :STMicroelectronics X-CUBE-NFC9 1.0.0
2024-12-23 14:28:25,895 [INFO] ThirdParty:1030 - CMSIS Pack Vendor :STMicroelectronics USB_HOST 2.0.0
2024-12-23 14:28:25,895 [INFO] ThirdParty:1030 - CMSIS Pack Vendor :STMicroelectronics FP-SNS-MOTENVWB1 1.4.0
2024-12-23 14:28:25,895 [INFO] ThirdParty:1030 - CMSIS Pack Vendor :STMicroelectronics X-CUBE-AZRTOS-F4 1.1.0
2024-12-23 14:28:25,895 [INFO] ThirdParty:1030 - CMSIS Pack Vendor :STMicroelectronics LIBJPEG 8.0.0
2024-12-23 14:28:25,895 [INFO] ThirdParty:1030 - CMSIS Pack Vendor :STMicroelectronics FP-ATR-ASTRA1 2.0.1
2024-12-23 14:28:25,895 [INFO] ThirdParty:1030 - CMSIS Pack Vendor :STMicroelectronics X-CUBE-SMBUS 2.1.0
2024-12-23 14:28:25,895 [INFO] ThirdParty:1030 - CMSIS Pack Vendor :STMicroelectronics X-CUBE-WB05N 1.1.0
2024-12-23 14:28:25,895 [INFO] ThirdParty:1030 - CMSIS Pack Vendor :STMicroelectronics USB_DEVICE 3.0.0
2024-12-23 14:28:25,895 [INFO] ThirdParty:1030 - CMSIS Pack Vendor :STMicroelectronics X-CUBE-TCPP 4.1.0
2024-12-23 14:28:25,895 [INFO] ThirdParty:1030 - CMSIS Pack Vendor :STMicroelectronics X-CUBE-ISPU 2.1.0
2024-12-23 14:28:25,896 [INFO] ThirdParty:1030 - CMSIS Pack Vendor :STMicroelectronics X-CUBE-FREERTOS 1.2.0
2024-12-23 14:28:25,896 [INFO] ThirdParty:1030 - CMSIS Pack Vendor :STMicroelectronics X-CUBE-IPS 3.0.0
2024-12-23 14:28:25,896 [INFO] ThirdParty:1030 - CMSIS Pack Vendor :STMicroelectronics X-CUBE-AZRTOS-WB 2.0.0
2024-12-23 14:28:25,896 [INFO] ThirdParty:1030 - CMSIS Pack Vendor :STMicroelectronics X-CUBE-GNSS1 7.0.0
2024-12-23 14:28:25,896 [INFO] ThirdParty:1030 - CMSIS Pack Vendor :STMicroelectronics X-CUBE-GNSS1 7.0.1
2024-12-23 14:28:25,896 [INFO] ThirdParty:1030 - CMSIS Pack Vendor :STMicroelectronics X-CUBE-AZRTOS-F7 1.1.0
2024-12-23 14:28:25,897 [INFO] ThirdParty:1030 - CMSIS Pack Vendor :STMicroelectronics X-CUBE-AZRTOS-L5 2.0.0
2024-12-23 14:28:25,897 [INFO] ThirdParty:1030 - CMSIS Pack Vendor :STMicroelectronics USB_DEVICE 2.0.0
2024-12-23 14:28:25,897 [INFO] ThirdParty:1030 - CMSIS Pack Vendor :STMicroelectronics X-CUBE-NFC6 3.1.0
2024-12-23 14:28:25,898 [INFO] ThirdParty:1030 - CMSIS Pack Vendor :STMicroelectronics FP-SNS-STBOX1 2.0.0
2024-12-23 14:28:25,898 [INFO] ThirdParty:1030 - CMSIS Pack Vendor :STMicroelectronics X-CUBE-MEMS1 11.0.0
2024-12-23 14:28:25,898 [INFO] ThirdParty:1030 - CMSIS Pack Vendor :STMicroelectronics FreeRTOS 0.0.1
2024-12-23 14:28:25,898 [INFO] ThirdParty:1030 - CMSIS Pack Vendor :STMicroelectronics X-CUBE-AZRTOS-G0 1.1.0
2024-12-23 14:28:25,898 [INFO] ThirdParty:1030 - CMSIS Pack Vendor :STMicroelectronics X-CUBE-SAFEA1 1.2.2
2024-12-23 14:28:25,898 [INFO] ThirdParty:1030 - CMSIS Pack Vendor :STMicroelectronics X-CUBE-NFC4 3.0.0
2024-12-23 14:28:25,898 [INFO] ThirdParty:1030 - CMSIS Pack Vendor :STMicroelectronics X-CUBE-DPower 1.2.0
2024-12-23 14:28:25,898 [INFO] ThirdParty:1030 - CMSIS Pack Vendor :STMicroelectronics X-CUBE-SUBG2 5.0.0
2024-12-23 14:28:25,898 [INFO] ThirdParty:1030 - CMSIS Pack Vendor :STMicroelectronics STM32_WPAN 1.0.0
2024-12-23 14:28:25,898 [INFO] ThirdParty:1030 - CMSIS Pack Vendor :EmbeddedOffice I-CUBE-FS-RTOS 1.0.1
2024-12-23 14:28:25,898 [INFO] ThirdParty:1030 - CMSIS Pack Vendor :STMicroelectronics lwIP 2.0.3
2024-12-23 14:28:25,898 [INFO] ThirdParty:1030 - CMSIS Pack Vendor :STMicroelectronics FP-SNS-FLIGHT1 5.0.2
2024-12-23 14:28:25,899 [INFO] ThirdParty:1030 - CMSIS Pack Vendor :Cesanta I-CUBE-Mongoose 7.13.0
2024-12-23 14:28:25,899 [INFO] ThirdParty:1030 - CMSIS Pack Vendor :STMicroelectronics USB_HOST 1.0.0
2024-12-23 14:28:25,899 [INFO] ThirdParty:1030 - CMSIS Pack Vendor :STMicroelectronics X-CUBE-AZRTOS-G4 2.0.0
2024-12-23 14:28:25,899 [INFO] ThirdParty:1030 - CMSIS Pack Vendor :STMicroelectronics PDM2PCM 3.1.0
2024-12-23 14:28:25,899 [INFO] ThirdParty:1030 - CMSIS Pack Vendor :STMicroelectronics PDM2PCM 3.3.0
2024-12-23 14:28:25,900 [INFO] ThirdParty:1030 - CMSIS Pack Vendor :STMicroelectronics X-CUBE-DISPLAY 3.0.0
2024-12-23 14:28:25,902 [INFO] ThirdParty:1030 - CMSIS Pack Vendor :RealThread X-CUBE-RT-Thread_Nano 4.1.1
2024-12-23 14:28:25,902 [INFO] ThirdParty:1030 - CMSIS Pack Vendor :STMicroelectronics X-CUBE-BLE1 7.0.0
2024-12-23 14:28:25,902 [INFO] ThirdParty:1030 - CMSIS Pack Vendor :STMicroelectronics FP-ATR-SIGFOX1 3.2.0
2024-12-23 14:28:25,902 [INFO] ThirdParty:1030 - CMSIS Pack Vendor :STMicroelectronics X-CUBE-NFC10 1.0.0
2024-12-23 14:28:25,902 [INFO] ThirdParty:1030 - CMSIS Pack Vendor :wolfSSL I-CUBE-wolfSSL 5.7.2
2024-12-23 14:28:25,902 [INFO] ThirdParty:1030 - CMSIS Pack Vendor :quantropi X-CUBE-qispace-sdk-base 1.9.3
2024-12-23 14:28:25,902 [INFO] ThirdParty:1030 - CMSIS Pack Vendor :STMicroelectronics X-CUBE-BLEMGR 4.0.0
2024-12-23 14:28:25,902 [INFO] ThirdParty:1030 - CMSIS Pack Vendor :STMicroelectronics X-CUBE-EEPRMA1 5.1.0
2024-12-23 14:28:25,902 [INFO] ThirdParty:1030 - CMSIS Pack Vendor :STMicroelectronics HAL Drivers 0.0.0
2024-12-23 14:28:25,903 [INFO] ThirdParty:1030 - CMSIS Pack Vendor :STMicroelectronics MBEDTLS 2.16.2
2024-12-23 14:28:25,903 [INFO] ThirdParty:1030 - CMSIS Pack Vendor :STMicroelectronics X-CUBE-ALS 1.0.2
2024-12-23 14:28:25,903 [INFO] ThirdParty:1030 - CMSIS Pack Vendor :emotas I-CUBE-CANOPEN 1.3.0
2024-12-23 14:28:25,903 [INFO] ThirdParty:1030 - CMSIS Pack Vendor :STMicroelectronics X-CUBE-FREERTOS 1.3.0
2024-12-23 14:28:25,903 [INFO] ThirdParty:1030 - CMSIS Pack Vendor :STMicroelectronics X-CUBE-NFC7 1.0.1
2024-12-23 14:28:25,904 [INFO] ThirdParty:1030 - CMSIS Pack Vendor :STMicroelectronics MBEDTLS 2.14.1
2024-12-23 14:28:25,904 [INFO] ThirdParty:1030 - CMSIS Pack Vendor :ITTIA_DB I-CUBE-ITTIADB 8.9.0
2024-12-23 14:28:25,904 [INFO] ThirdParty:1030 - CMSIS Pack Vendor :STMicroelectronics X-CUBE-TOUCHGFX 4.24.1
2024-12-23 14:28:25,904 [INFO] ThirdParty:1030 - CMSIS Pack Vendor :wolfSSL I-CUBE-wolfTPM 3.4.0
2024-12-23 14:28:25,904 [INFO] ThirdParty:1030 - CMSIS Pack Vendor :portGmbH I-Cube-SoM-uGOAL 1.1.0
2024-12-23 14:28:25,904 [INFO] ThirdParty:1030 - CMSIS Pack Vendor :STMicroelectronics X-CUBE-BLEMGR 3.1.0
2024-12-23 14:28:25,904 [INFO] ThirdParty:1030 - CMSIS Pack Vendor :STMicroelectronics ThreadX 1.0.0
2024-12-23 14:28:25,904 [INFO] ThirdParty:1030 - CMSIS Pack Vendor :STMicroelectronics FP-SNS-SMARTAG2 1.2.0
2024-12-23 14:28:25,904 [INFO] ThirdParty:1030 - CMSIS Pack Vendor :STMicroelectronics X-CUBE-MEMS1 11.1.0
2024-12-23 14:28:25,905 [INFO] ThirdParty:1030 - CMSIS Pack Vendor :STMicroelectronics X-CUBE-AZRTOS-WL 2.0.0
2024-12-23 14:28:25,905 [INFO] ThirdParty:1030 - CMSIS Pack Vendor :SEGGER I-CUBE-embOS 1.3.1
2024-12-23 14:28:25,905 [INFO] ThirdParty:1030 - CMSIS Pack Vendor :STMicroelectronics X-CUBE-ALGOBUILD 1.4.0
2024-12-23 14:28:25,909 [INFO] ThirdParty:1030 - CMSIS Pack Vendor :STMicroelectronics FP-SNS-MOTENV1 5.0.0
2024-12-23 14:28:25,909 [INFO] ThirdParty:1030 - CMSIS Pack Vendor :STMicroelectronics USB_DEVICE 1.0.0
2024-12-23 14:28:25,910 [INFO] ThirdParty:1030 - CMSIS Pack Vendor :STMicroelectronics X-CUBE-AZRTOS-H7RS 1.0.0
2024-12-23 14:28:25,910 [INFO] ThirdParty:1030 - CMSIS Pack Vendor :wolfSSL I-CUBE-wolfMQTT 1.19.0
2024-12-23 14:28:25,910 [INFO] ThirdParty:1030 - CMSIS Pack Vendor :STMicroelectronics X-CUBE-AZRTOS-L4 2.0.0
2024-12-23 14:28:25,910 [INFO] ThirdParty:1030 - CMSIS Pack Vendor :STMicroelectronics ThreadX 0.0.2
2024-12-23 14:28:25,910 [INFO] ThirdParty:1030 - CMSIS Pack Vendor :WES I-CUBE-Cesium 1.3.0
2024-12-23 14:28:25,910 [INFO] ThirdParty:1030 - CMSIS Pack Vendor :STMicroelectronics FP-ATR-ASTRA1 2.0.0
2024-12-23 14:28:25,910 [INFO] ThirdParty:1030 - CMSIS Pack Vendor :STMicroelectronics lwIP 2.1.2
2024-12-23 14:28:25,910 [INFO] ThirdParty:1030 - CMSIS Pack Vendor :STMicroelectronics X-CUBE-SFXS2LP1 4.0.0
2024-12-23 14:28:25,911 [INFO] ThirdParty:1030 - CMSIS Pack Vendor :STMicroelectronics X-CUBE-BLE2 3.3.0
2024-12-23 14:28:25,911 [INFO] ThirdParty:1030 - CMSIS Pack Vendor :STMicroelectronics X-CUBE-TOF1 3.4.2
2024-12-23 14:28:25,911 [INFO] ThirdParty:1030 - CMSIS Pack Vendor :STMicroelectronics X-CUBE-AI 9.1.0
2024-12-23 14:28:25,911 [INFO] ThirdParty:1030 - CMSIS Pack Vendor :Infineon AIROC-Wi-Fi-Bluetooth-STM32 1.6.1
2024-12-23 14:28:25,911 [INFO] ThirdParty:1030 - CMSIS Pack Vendor :STMicroelectronics PDM2PCM 3.2.0
2024-12-23 14:28:25,911 [INFO] ThirdParty:1030 - CMSIS Pack Vendor :wolfSSL I-CUBE-wolfSSH 1.4.17
2024-12-23 14:28:25,912 [INFO] ThirdParty:841 - exiting critical section [change project]
2024-12-23 14:28:26,277 [INFO] PinOutPanel:1561 - setPackage(No Configuration,No Configuration)
2024-12-23 14:28:26,278 [INFO] PinOutPanel:1561 - setPackage(STM32F411CEUx,UFQFPN48)
2024-12-23 14:28:26,543 [INFO] UtilMem:75 - Before build in PCC Used Memory: 658969440 Bytes (1073741824)
2024-12-23 14:28:27,080 [INFO] UtilMem:75 - After build in PCC Used Memory: 704058208 Bytes (1073741824)
2024-12-23 14:28:27,094 [INFO] ApiDbMcu:508 - Load IP Config File for USB_DEVICE
2024-12-23 14:28:27,133 [INFO] IPUIPlugin:80 - create IPUIPlugin
2024-12-23 14:28:27,133 [INFO] IPUIPlugin:80 - create IPUIPlugin
2024-12-23 14:28:27,133 [INFO] IPUIPlugin:80 - create IPUIPlugin
2024-12-23 14:28:27,134 [INFO] IPUIPlugin:80 - create IPUIPlugin
2024-12-23 14:28:27,134 [INFO] IPUIPlugin:80 - create IPUIPlugin
2024-12-23 14:28:27,134 [INFO] IPUIPlugin:80 - create IPUIPlugin
2024-12-23 14:28:27,134 [INFO] IPUIPlugin:80 - create IPUIPlugin
2024-12-23 14:28:27,135 [INFO] IPUIPlugin:80 - create IPUIPlugin
2024-12-23 14:28:27,135 [INFO] IPUIPlugin:80 - create IPUIPlugin
2024-12-23 14:28:27,136 [INFO] IPUIPlugin:80 - create IPUIPlugin
2024-12-23 14:28:27,136 [INFO] IPUIPlugin:80 - create IPUIPlugin
2024-12-23 14:28:27,136 [INFO] IPUIPlugin:80 - create IPUIPlugin
2024-12-23 14:28:27,136 [INFO] IPUIPlugin:80 - create IPUIPlugin
2024-12-23 14:28:27,137 [INFO] IPUIPlugin:80 - create IPUIPlugin
2024-12-23 14:28:27,137 [INFO] IPUIPlugin:80 - create IPUIPlugin
2024-12-23 14:28:27,137 [INFO] IPUIPlugin:80 - create IPUIPlugin
2024-12-23 14:28:27,137 [INFO] IPUIPlugin:80 - create IPUIPlugin
2024-12-23 14:28:27,137 [INFO] IPUIPlugin:80 - create IPUIPlugin
2024-12-23 14:28:27,137 [INFO] IPUIPlugin:80 - create IPUIPlugin
2024-12-23 14:28:27,138 [INFO] IPUIPlugin:80 - create IPUIPlugin
2024-12-23 14:28:27,138 [INFO] IPUIPlugin:80 - create IPUIPlugin
2024-12-23 14:28:27,138 [INFO] IPUIPlugin:80 - create IPUIPlugin
2024-12-23 14:28:27,138 [INFO] IPUIPlugin:80 - create IPUIPlugin
2024-12-23 14:28:27,138 [INFO] IPUIPlugin:80 - create IPUIPlugin
2024-12-23 14:28:27,138 [INFO] IPUIPlugin:80 - create IPUIPlugin
2024-12-23 14:28:27,139 [INFO] IPUIPlugin:80 - create IPUIPlugin
2024-12-23 14:28:27,139 [INFO] IPUIPlugin:80 - create IPUIPlugin
2024-12-23 14:28:27,139 [INFO] IPUIPlugin:80 - create IPUIPlugin
2024-12-23 14:28:27,139 [INFO] IPUIPlugin:80 - create IPUIPlugin
2024-12-23 14:28:27,139 [INFO] IPUIPlugin:80 - create IPUIPlugin
2024-12-23 14:28:27,139 [INFO] IPUIPlugin:80 - create IPUIPlugin
2024-12-23 14:28:27,139 [INFO] IPUIPlugin:80 - create IPUIPlugin
2024-12-23 14:28:27,139 [INFO] IPUIPlugin:80 - create IPUIPlugin
2024-12-23 14:28:27,140 [INFO] IPUIPlugin:80 - create IPUIPlugin
2024-12-23 14:28:27,140 [INFO] IPUIPlugin:80 - create IPUIPlugin
2024-12-23 14:28:27,140 [INFO] IPUIPlugin:80 - create IPUIPlugin
2024-12-23 14:28:27,140 [INFO] IPUIPlugin:80 - create IPUIPlugin
2024-12-23 14:28:27,140 [INFO] IPUIPlugin:80 - create IPUIPlugin
2024-12-23 14:28:27,140 [INFO] IPUIPlugin:80 - create IPUIPlugin
2024-12-23 14:28:27,142 [INFO] IPUIPlugin:80 - create IPUIPlugin
2024-12-23 14:28:27,143 [INFO] IPUIPlugin:80 - create IPUIPlugin
2024-12-23 14:28:27,144 [INFO] IPUIPlugin:80 - create IPUIPlugin
2024-12-23 14:28:27,144 [INFO] IPUIPlugin:80 - create IPUIPlugin
2024-12-23 14:28:27,147 [INFO] ApiDbMcu:508 - Load IP Config File for PDM2PCM
2024-12-23 14:28:27,245 [INFO] CADModel:165 - CPN selected for project levelSTM32F411CEU6
2024-12-23 14:28:27,245 [INFO] CADModel:114 - Register for checkConnection events
2024-12-23 14:28:27,294 [INFO] OpenFileManager:363 - Restore cursor
2024-12-23 14:28:27,609 [WARN] IP:2191 - DEVICE_SERIAL0_CDC_FS not found: check if there is a RefParameter without a condition.
2024-12-23 14:28:27,609 [WARN] IP:2191 - DEVICE_SERIAL1_CDC_FS not found: check if there is a RefParameter without a condition.
2024-12-23 14:28:27,609 [WARN] IP:2191 - DEVICE_SERIAL2_CDC_FS not found: check if there is a RefParameter without a condition.
2024-12-23 14:28:27,611 [WARN] IP:2191 - DEVICE_SERIAL0_CDC_FS not found: check if there is a RefParameter without a condition.
2024-12-23 14:28:27,611 [WARN] IP:2191 - DEVICE_SERIAL1_CDC_FS not found: check if there is a RefParameter without a condition.
2024-12-23 14:28:27,612 [WARN] IP:2191 - DEVICE_SERIAL2_CDC_FS not found: check if there is a RefParameter without a condition.
2024-12-23 14:28:35,928 [INFO] NvicIntPanel:101 - NVIC parent = com.st.microxplorer.plugins.ip.nvic.MultiNvicIntPanel[,0,0,0x0,invalid,layout=javax.swing.BoxLayout,alignmentX=0.0,alignmentY=0.0,border=,flags=9,maximumSize=,minimumSize=,preferredSize=]
2024-12-23 14:28:46,072 [INFO] NvicIntPanel:101 - NVIC parent = com.st.microxplorer.plugins.ip.nvic.MultiNvicIntPanel[,0,0,0x0,invalid,layout=javax.swing.BoxLayout,alignmentX=0.0,alignmentY=0.0,border=,flags=9,maximumSize=,minimumSize=,preferredSize=]
2024-12-23 14:28:49,241 [INFO] UtilMem:75 - End SaveConfig() Used Memory: 631990192 Bytes (1073741824)
2024-12-23 14:28:49,387 [INFO] UtilMem:75 - End SaveConfig() Used Memory: 647255192 Bytes (1073741824)
2024-12-23 14:28:50,549 [INFO] UtilMem:75 - End SaveConfig() Used Memory: 723585264 Bytes (1073741824)
2024-12-23 14:28:51,792 [INFO] BlockDiagram:2766 - set Specific Code input for plugin: SPI
2024-12-23 14:28:51,792 [INFO] BlockDiagram:2766 - set Specific Code input for plugin: USB_OTG_FS
2024-12-23 14:28:51,792 [INFO] BlockDiagram:2766 - set Specific Code input for plugin: NVIC
2024-12-23 14:28:51,792 [INFO] BlockDiagram:2766 - set Specific Code input for plugin: USART
2024-12-23 14:28:51,792 [INFO] BlockDiagram:2766 - set Specific Code input for plugin: USB_DEVICE
2024-12-23 14:28:51,792 [INFO] BlockDiagram:2766 - set Specific Code input for plugin: SYS
2024-12-23 14:28:51,793 [INFO] BlockDiagram:2766 - set Specific Code input for plugin: GPIO
2024-12-23 14:28:51,793 [INFO] BlockDiagram:2766 - set Specific Code input for plugin: RCC
2024-12-23 14:28:51,794 [INFO] CodeGenerator:807 - code generatio: config db path: /Applications/STM32CubeIDE.app/Contents/Eclipse/plugins/com.st.stm32cube.common.mx_6.12.1.202409122256//db/
2024-12-23 14:28:51,825 [WARN] IP:2191 - DEVICE_SERIAL0_CDC_FS not found: check if there is a RefParameter without a condition.
2024-12-23 14:28:51,826 [WARN] IP:2191 - DEVICE_SERIAL1_CDC_FS not found: check if there is a RefParameter without a condition.
2024-12-23 14:28:51,826 [WARN] IP:2191 - DEVICE_SERIAL2_CDC_FS not found: check if there is a RefParameter without a condition.
2024-12-23 14:28:52,245 [INFO] CodeEngine:255 - oldGeneratedFile, /Users/Zarina/STM32CubeIDE/workspace_1.16.1/SRAD_Telemetry/MXTmpFiles/license.tmp_save
2024-12-23 14:28:53,228 [INFO] CodeEngine:279 - Generated code: /Users/Zarina/STM32CubeIDE/workspace_1.16.1/SRAD_Telemetry/MXTmpFiles/license.tmp
2024-12-23 14:28:53,434 [INFO] CodeEngine:255 - oldGeneratedFile, /Users/Zarina/STM32CubeIDE/workspace_1.16.1/SRAD_Telemetry/MXTmpFiles/gpio.tmp_save
2024-12-23 14:28:54,490 [INFO] CodeEngine:279 - Generated code: /Users/Zarina/STM32CubeIDE/workspace_1.16.1/SRAD_Telemetry/MXTmpFiles/gpio.tmp
2024-12-23 14:28:54,987 [WARN] IPConfigManager:3005 - Warning: the RefConfig PWREx_EnableUSBVoltageDetector is not available in your config.xml file
2024-12-23 14:28:55,004 [INFO] CodeEngine:255 - oldGeneratedFile, /Users/Zarina/STM32CubeIDE/workspace_1.16.1/SRAD_Telemetry/MXTmpFiles/usb_otg_fs_vars.tmp_save
2024-12-23 14:28:55,603 [INFO] CodeEngine:279 - Generated code: /Users/Zarina/STM32CubeIDE/workspace_1.16.1/SRAD_Telemetry/MXTmpFiles/usb_otg_fs_vars.tmp
2024-12-23 14:28:55,607 [INFO] CodeEngine:255 - oldGeneratedFile, /Users/Zarina/STM32CubeIDE/workspace_1.16.1/SRAD_Telemetry/MXTmpFiles/usb_otg_fs_inc.tmp_save
2024-12-23 14:28:55,848 [INFO] CodeEngine:279 - Generated code: /Users/Zarina/STM32CubeIDE/workspace_1.16.1/SRAD_Telemetry/MXTmpFiles/usb_otg_fs_inc.tmp
2024-12-23 14:28:55,858 [INFO] CodeEngine:255 - oldGeneratedFile, /Users/Zarina/STM32CubeIDE/workspace_1.16.1/SRAD_Telemetry/MXTmpFiles/usb_otg_fs_HalInit.tmp_save
2024-12-23 14:28:56,250 [INFO] CodeEngine:279 - Generated code: /Users/Zarina/STM32CubeIDE/workspace_1.16.1/SRAD_Telemetry/MXTmpFiles/usb_otg_fs_HalInit.tmp
2024-12-23 14:28:56,269 [INFO] CodeEngine:255 - oldGeneratedFile, /Users/Zarina/STM32CubeIDE/workspace_1.16.1/SRAD_Telemetry/MXTmpFiles/usb_otg_fs_Msp.tmp_save
2024-12-23 14:28:56,768 [INFO] CodeEngine:279 - Generated code: /Users/Zarina/STM32CubeIDE/workspace_1.16.1/SRAD_Telemetry/MXTmpFiles/usb_otg_fs_Msp.tmp
2024-12-23 14:28:57,488 [INFO] Middleware:1439 - No code input for Bsp Dependency
2024-12-23 14:28:57,607 [INFO] Middleware:1439 - No code input for Bsp Dependency
2024-12-23 14:28:57,622 [INFO] CodeEngine:255 - oldGeneratedFile, /Users/Zarina/STM32CubeIDE/workspace_1.16.1/SRAD_Telemetry/USB_DEVICE/App/usb_device.c_save
2024-12-23 14:28:57,805 [INFO] CodeEngine:279 - Generated code: /Users/Zarina/STM32CubeIDE/workspace_1.16.1/SRAD_Telemetry/USB_DEVICE/App/usb_device.c
2024-12-23 14:28:57,814 [INFO] CodeEngine:255 - oldGeneratedFile, /Users/Zarina/STM32CubeIDE/workspace_1.16.1/SRAD_Telemetry/USB_DEVICE/App/usb_device.h_save
2024-12-23 14:28:57,932 [INFO] CodeEngine:279 - Generated code: /Users/Zarina/STM32CubeIDE/workspace_1.16.1/SRAD_Telemetry/USB_DEVICE/App/usb_device.h
2024-12-23 14:28:57,938 [INFO] CodeEngine:255 - oldGeneratedFile, /Users/Zarina/STM32CubeIDE/workspace_1.16.1/SRAD_Telemetry/USB_DEVICE/Target/usbd_conf.h_save
2024-12-23 14:28:58,059 [INFO] CodeEngine:279 - Generated code: /Users/Zarina/STM32CubeIDE/workspace_1.16.1/SRAD_Telemetry/USB_DEVICE/Target/usbd_conf.h
2024-12-23 14:28:58,068 [INFO] CodeEngine:255 - oldGeneratedFile, /Users/Zarina/STM32CubeIDE/workspace_1.16.1/SRAD_Telemetry/USB_DEVICE/Target/usbd_conf.c_save
2024-12-23 14:28:58,263 [INFO] CodeEngine:279 - Generated code: /Users/Zarina/STM32CubeIDE/workspace_1.16.1/SRAD_Telemetry/USB_DEVICE/Target/usbd_conf.c
2024-12-23 14:28:58,272 [INFO] CodeEngine:255 - oldGeneratedFile, /Users/Zarina/STM32CubeIDE/workspace_1.16.1/SRAD_Telemetry/USB_DEVICE/App/usbd_desc.h_save
2024-12-23 14:28:58,414 [INFO] CodeEngine:279 - Generated code: /Users/Zarina/STM32CubeIDE/workspace_1.16.1/SRAD_Telemetry/USB_DEVICE/App/usbd_desc.h
2024-12-23 14:28:58,418 [INFO] CodeEngine:255 - oldGeneratedFile, /Users/Zarina/STM32CubeIDE/workspace_1.16.1/SRAD_Telemetry/USB_DEVICE/App/usbd_desc.c_save
2024-12-23 14:28:58,558 [INFO] CodeEngine:279 - Generated code: /Users/Zarina/STM32CubeIDE/workspace_1.16.1/SRAD_Telemetry/USB_DEVICE/App/usbd_desc.c
2024-12-23 14:28:58,566 [INFO] CodeEngine:255 - oldGeneratedFile, /Users/Zarina/STM32CubeIDE/workspace_1.16.1/SRAD_Telemetry/USB_DEVICE/App/usbd_cdc_if.h_save
2024-12-23 14:28:58,697 [INFO] CodeEngine:279 - Generated code: /Users/Zarina/STM32CubeIDE/workspace_1.16.1/SRAD_Telemetry/USB_DEVICE/App/usbd_cdc_if.h
2024-12-23 14:28:58,703 [INFO] CodeEngine:255 - oldGeneratedFile, /Users/Zarina/STM32CubeIDE/workspace_1.16.1/SRAD_Telemetry/USB_DEVICE/App/usbd_cdc_if.c_save
2024-12-23 14:28:58,838 [INFO] CodeEngine:279 - Generated code: /Users/Zarina/STM32CubeIDE/workspace_1.16.1/SRAD_Telemetry/USB_DEVICE/App/usbd_cdc_if.c
2024-12-23 14:28:58,860 [INFO] CodeEngine:255 - oldGeneratedFile, /Users/Zarina/STM32CubeIDE/workspace_1.16.1/SRAD_Telemetry/Core/Src/stm32f4xx_it.c_save
2024-12-23 14:28:59,130 [INFO] CodeEngine:279 - Generated code: /Users/Zarina/STM32CubeIDE/workspace_1.16.1/SRAD_Telemetry/Core/Src/stm32f4xx_it.c
2024-12-23 14:28:59,138 [INFO] CodeEngine:255 - oldGeneratedFile, /Users/Zarina/STM32CubeIDE/workspace_1.16.1/SRAD_Telemetry/Core/Inc/stm32f4xx_it.h_save
2024-12-23 14:28:59,315 [INFO] CodeEngine:279 - Generated code: /Users/Zarina/STM32CubeIDE/workspace_1.16.1/SRAD_Telemetry/Core/Inc/stm32f4xx_it.h
2024-12-23 14:28:59,337 [INFO] CodeEngine:255 - oldGeneratedFile, /Users/Zarina/STM32CubeIDE/workspace_1.16.1/SRAD_Telemetry/Core/Src/stm32f4xx_hal_msp.c_save
2024-12-23 14:28:59,571 [INFO] CodeEngine:279 - Generated code: /Users/Zarina/STM32CubeIDE/workspace_1.16.1/SRAD_Telemetry/Core/Src/stm32f4xx_hal_msp.c
2024-12-23 14:28:59,579 [INFO] CodeEngine:255 - oldGeneratedFile, /Users/Zarina/STM32CubeIDE/workspace_1.16.1/SRAD_Telemetry/MXTmpFiles/system.tmp_save
2024-12-23 14:28:59,689 [INFO] CodeEngine:279 - Generated code: /Users/Zarina/STM32CubeIDE/workspace_1.16.1/SRAD_Telemetry/MXTmpFiles/system.tmp
2024-12-23 14:28:59,705 [INFO] CodeEngine:311 - oldGeneratedFile, /Users/Zarina/STM32CubeIDE/workspace_1.16.1/SRAD_Telemetry/Core/Inc/stm32f4xx_hal_conf.h_save
2024-12-23 14:29:00,616 [INFO] CodeEngine:335 - Generated code: /Users/Zarina/STM32CubeIDE/workspace_1.16.1/SRAD_Telemetry/Core/Inc/stm32f4xx_hal_conf.h
2024-12-23 14:29:00,734 [INFO] CodeEngine:255 - oldGeneratedFile, /Users/Zarina/STM32CubeIDE/workspace_1.16.1/SRAD_Telemetry/Core/Inc/main.h_save
2024-12-23 14:29:01,043 [INFO] CodeEngine:279 - Generated code: /Users/Zarina/STM32CubeIDE/workspace_1.16.1/SRAD_Telemetry/Core/Inc/main.h
2024-12-23 14:29:01,048 [INFO] CodeEngine:255 - oldGeneratedFile, /Users/Zarina/STM32CubeIDE/workspace_1.16.1/SRAD_Telemetry/Core/Src/main.c_save
2024-12-23 14:29:01,407 [INFO] CodeEngine:279 - Generated code: /Users/Zarina/STM32CubeIDE/workspace_1.16.1/SRAD_Telemetry/Core/Src/main.c
2024-12-23 14:29:02,739 [INFO] ProjectBuilder:3249 - Time for Copy HAL[1] : 424mS.
2024-12-23 14:29:02,756 [INFO] ProjectBuilder:4828 - Project Generator version: 4.5.0-B34
2024-12-23 14:29:03,006 [INFO] ConfigFileManager:1531 - The Die is : DIE431
2024-12-23 14:29:03,014 [INFO] ApiDbMcu:508 - Load IP Config File for FATFS
2024-12-23 14:29:03,025 [INFO] ApiDbMcu:508 - Load IP Config File for FREERTOS
2024-12-23 14:29:03,030 [INFO] ApiDbMcu:508 - Load IP Config File for LIBJPEG
2024-12-23 14:29:03,051 [INFO] ApiDbMcu:508 - Load IP Config File for MBEDTLS
2024-12-23 14:29:03,070 [INFO] ApiDbMcu:508 - Load IP Config File for USB_HOST
2024-12-23 14:29:07,785 [INFO] ProjectBuilder:5097 - Time for Generating toolchain IDE Files: 5029mS.
2024-12-23 14:29:07,786 [INFO] ProjectBuilder:3107 - Time for Copy CMSIS : 1mS.
2024-12-23 14:29:07,792 [INFO] ProjectBuilder:3107 - Time for Copy CMSIS : 0mS.
2024-12-23 15:23:03,013 [INFO] NvicIntPanel:101 - NVIC parent = com.st.microxplorer.plugins.ip.nvic.MultiNvicIntPanel[,0,0,0x0,invalid,layout=javax.swing.BoxLayout,alignmentX=0.0,alignmentY=0.0,border=,flags=9,maximumSize=,minimumSize=,preferredSize=]
2024-12-23 15:23:41,795 [INFO] UtilMem:75 - End SaveConfig() Used Memory: 773105856 Bytes (1073741824)
2024-12-23 15:23:41,941 [INFO] UtilMem:75 - End SaveConfig() Used Memory: 788655352 Bytes (1073741824)
2024-12-23 15:23:42,284 [INFO] UtilMem:75 - End SaveConfig() Used Memory: 817146048 Bytes (1073741824)
2024-12-23 15:23:42,561 [INFO] BlockDiagram:2766 - set Specific Code input for plugin: SPI
2024-12-23 15:23:42,561 [INFO] BlockDiagram:2766 - set Specific Code input for plugin: USB_OTG_FS
2024-12-23 15:23:42,562 [INFO] BlockDiagram:2766 - set Specific Code input for plugin: NVIC
2024-12-23 15:23:42,562 [INFO] BlockDiagram:2766 - set Specific Code input for plugin: USART
2024-12-23 15:23:42,562 [INFO] BlockDiagram:2766 - set Specific Code input for plugin: USB_DEVICE
2024-12-23 15:23:42,562 [INFO] BlockDiagram:2766 - set Specific Code input for plugin: SYS
2024-12-23 15:23:42,562 [INFO] BlockDiagram:2766 - set Specific Code input for plugin: GPIO
2024-12-23 15:23:42,563 [INFO] BlockDiagram:2766 - set Specific Code input for plugin: RCC
2024-12-23 15:23:42,563 [INFO] CodeGenerator:807 - code generatio: config db path: /Applications/STM32CubeIDE.app/Contents/Eclipse/plugins/com.st.stm32cube.common.mx_6.12.1.202409122256//db/
2024-12-23 15:23:42,591 [WARN] IP:2191 - DEVICE_SERIAL0_CDC_FS not found: check if there is a RefParameter without a condition.
2024-12-23 15:23:42,591 [WARN] IP:2191 - DEVICE_SERIAL1_CDC_FS not found: check if there is a RefParameter without a condition.
2024-12-23 15:23:42,591 [WARN] IP:2191 - DEVICE_SERIAL2_CDC_FS not found: check if there is a RefParameter without a condition.
2024-12-23 15:23:42,761 [INFO] CodeEngine:255 - oldGeneratedFile, /Users/Zarina/STM32CubeIDE/workspace_1.16.1/SRAD_Telemetry/MXTmpFiles/license.tmp_save
2024-12-23 15:23:43,037 [INFO] CodeEngine:279 - Generated code: /Users/Zarina/STM32CubeIDE/workspace_1.16.1/SRAD_Telemetry/MXTmpFiles/license.tmp
2024-12-23 15:23:43,076 [INFO] CodeEngine:255 - oldGeneratedFile, /Users/Zarina/STM32CubeIDE/workspace_1.16.1/SRAD_Telemetry/MXTmpFiles/gpio.tmp_save
2024-12-23 15:23:43,288 [INFO] CodeEngine:279 - Generated code: /Users/Zarina/STM32CubeIDE/workspace_1.16.1/SRAD_Telemetry/MXTmpFiles/gpio.tmp
2024-12-23 15:23:43,369 [WARN] IPConfigManager:3005 - Warning: the RefConfig PWREx_EnableUSBVoltageDetector is not available in your config.xml file
2024-12-23 15:23:43,393 [INFO] CodeEngine:255 - oldGeneratedFile, /Users/Zarina/STM32CubeIDE/workspace_1.16.1/SRAD_Telemetry/MXTmpFiles/usb_otg_fs_vars.tmp_save
2024-12-23 15:23:43,597 [INFO] CodeEngine:279 - Generated code: /Users/Zarina/STM32CubeIDE/workspace_1.16.1/SRAD_Telemetry/MXTmpFiles/usb_otg_fs_vars.tmp
2024-12-23 15:23:43,600 [INFO] CodeEngine:255 - oldGeneratedFile, /Users/Zarina/STM32CubeIDE/workspace_1.16.1/SRAD_Telemetry/MXTmpFiles/usb_otg_fs_inc.tmp_save
2024-12-23 15:23:43,743 [INFO] CodeEngine:279 - Generated code: /Users/Zarina/STM32CubeIDE/workspace_1.16.1/SRAD_Telemetry/MXTmpFiles/usb_otg_fs_inc.tmp
2024-12-23 15:23:43,747 [INFO] CodeEngine:255 - oldGeneratedFile, /Users/Zarina/STM32CubeIDE/workspace_1.16.1/SRAD_Telemetry/MXTmpFiles/usb_otg_fs_HalInit.tmp_save
2024-12-23 15:23:43,934 [INFO] CodeEngine:279 - Generated code: /Users/Zarina/STM32CubeIDE/workspace_1.16.1/SRAD_Telemetry/MXTmpFiles/usb_otg_fs_HalInit.tmp
2024-12-23 15:23:43,938 [INFO] CodeEngine:255 - oldGeneratedFile, /Users/Zarina/STM32CubeIDE/workspace_1.16.1/SRAD_Telemetry/MXTmpFiles/usb_otg_fs_Msp.tmp_save
2024-12-23 15:23:44,163 [INFO] CodeEngine:279 - Generated code: /Users/Zarina/STM32CubeIDE/workspace_1.16.1/SRAD_Telemetry/MXTmpFiles/usb_otg_fs_Msp.tmp
2024-12-23 15:23:44,531 [INFO] Middleware:1439 - No code input for Bsp Dependency
2024-12-23 15:23:44,588 [INFO] Middleware:1439 - No code input for Bsp Dependency
2024-12-23 15:23:44,601 [INFO] CodeEngine:255 - oldGeneratedFile, /Users/Zarina/STM32CubeIDE/workspace_1.16.1/SRAD_Telemetry/USB_DEVICE/App/usb_device.c_save
2024-12-23 15:23:44,757 [INFO] CodeEngine:279 - Generated code: /Users/Zarina/STM32CubeIDE/workspace_1.16.1/SRAD_Telemetry/USB_DEVICE/App/usb_device.c
2024-12-23 15:23:44,767 [INFO] CodeEngine:255 - oldGeneratedFile, /Users/Zarina/STM32CubeIDE/workspace_1.16.1/SRAD_Telemetry/USB_DEVICE/App/usb_device.h_save
2024-12-23 15:23:44,925 [INFO] CodeEngine:279 - Generated code: /Users/Zarina/STM32CubeIDE/workspace_1.16.1/SRAD_Telemetry/USB_DEVICE/App/usb_device.h
2024-12-23 15:23:44,929 [INFO] CodeEngine:255 - oldGeneratedFile, /Users/Zarina/STM32CubeIDE/workspace_1.16.1/SRAD_Telemetry/USB_DEVICE/Target/usbd_conf.h_save
2024-12-23 15:23:45,081 [INFO] CodeEngine:279 - Generated code: /Users/Zarina/STM32CubeIDE/workspace_1.16.1/SRAD_Telemetry/USB_DEVICE/Target/usbd_conf.h
2024-12-23 15:23:45,096 [INFO] CodeEngine:255 - oldGeneratedFile, /Users/Zarina/STM32CubeIDE/workspace_1.16.1/SRAD_Telemetry/USB_DEVICE/Target/usbd_conf.c_save
2024-12-23 15:23:45,291 [INFO] CodeEngine:279 - Generated code: /Users/Zarina/STM32CubeIDE/workspace_1.16.1/SRAD_Telemetry/USB_DEVICE/Target/usbd_conf.c
2024-12-23 15:23:45,298 [INFO] CodeEngine:255 - oldGeneratedFile, /Users/Zarina/STM32CubeIDE/workspace_1.16.1/SRAD_Telemetry/USB_DEVICE/App/usbd_desc.h_save
2024-12-23 15:23:45,471 [INFO] CodeEngine:279 - Generated code: /Users/Zarina/STM32CubeIDE/workspace_1.16.1/SRAD_Telemetry/USB_DEVICE/App/usbd_desc.h
2024-12-23 15:23:45,479 [INFO] CodeEngine:255 - oldGeneratedFile, /Users/Zarina/STM32CubeIDE/workspace_1.16.1/SRAD_Telemetry/USB_DEVICE/App/usbd_desc.c_save
2024-12-23 15:23:45,660 [INFO] CodeEngine:279 - Generated code: /Users/Zarina/STM32CubeIDE/workspace_1.16.1/SRAD_Telemetry/USB_DEVICE/App/usbd_desc.c
2024-12-23 15:23:45,665 [INFO] CodeEngine:255 - oldGeneratedFile, /Users/Zarina/STM32CubeIDE/workspace_1.16.1/SRAD_Telemetry/USB_DEVICE/App/usbd_cdc_if.h_save
2024-12-23 15:23:46,027 [INFO] CodeEngine:279 - Generated code: /Users/Zarina/STM32CubeIDE/workspace_1.16.1/SRAD_Telemetry/USB_DEVICE/App/usbd_cdc_if.h
2024-12-23 15:23:46,034 [INFO] CodeEngine:255 - oldGeneratedFile, /Users/Zarina/STM32CubeIDE/workspace_1.16.1/SRAD_Telemetry/USB_DEVICE/App/usbd_cdc_if.c_save
2024-12-23 15:23:46,238 [INFO] CodeEngine:279 - Generated code: /Users/Zarina/STM32CubeIDE/workspace_1.16.1/SRAD_Telemetry/USB_DEVICE/App/usbd_cdc_if.c
2024-12-23 15:23:46,257 [INFO] CodeEngine:255 - oldGeneratedFile, /Users/Zarina/STM32CubeIDE/workspace_1.16.1/SRAD_Telemetry/Core/Src/stm32f4xx_it.c_save
2024-12-23 15:23:46,849 [INFO] CodeEngine:279 - Generated code: /Users/Zarina/STM32CubeIDE/workspace_1.16.1/SRAD_Telemetry/Core/Src/stm32f4xx_it.c
2024-12-23 15:23:46,855 [INFO] CodeEngine:255 - oldGeneratedFile, /Users/Zarina/STM32CubeIDE/workspace_1.16.1/SRAD_Telemetry/Core/Inc/stm32f4xx_it.h_save
2024-12-23 15:23:46,981 [INFO] CodeEngine:279 - Generated code: /Users/Zarina/STM32CubeIDE/workspace_1.16.1/SRAD_Telemetry/Core/Inc/stm32f4xx_it.h
2024-12-23 15:23:47,003 [INFO] CodeEngine:255 - oldGeneratedFile, /Users/Zarina/STM32CubeIDE/workspace_1.16.1/SRAD_Telemetry/Core/Src/stm32f4xx_hal_msp.c_save
2024-12-23 15:23:47,314 [INFO] CodeEngine:279 - Generated code: /Users/Zarina/STM32CubeIDE/workspace_1.16.1/SRAD_Telemetry/Core/Src/stm32f4xx_hal_msp.c
2024-12-23 15:23:47,322 [INFO] CodeEngine:255 - oldGeneratedFile, /Users/Zarina/STM32CubeIDE/workspace_1.16.1/SRAD_Telemetry/MXTmpFiles/system.tmp_save
2024-12-23 15:23:47,462 [INFO] CodeEngine:279 - Generated code: /Users/Zarina/STM32CubeIDE/workspace_1.16.1/SRAD_Telemetry/MXTmpFiles/system.tmp
2024-12-23 15:23:47,481 [INFO] CodeEngine:311 - oldGeneratedFile, /Users/Zarina/STM32CubeIDE/workspace_1.16.1/SRAD_Telemetry/Core/Inc/stm32f4xx_hal_conf.h_save
2024-12-23 15:23:47,677 [INFO] CodeEngine:335 - Generated code: /Users/Zarina/STM32CubeIDE/workspace_1.16.1/SRAD_Telemetry/Core/Inc/stm32f4xx_hal_conf.h
2024-12-23 15:23:47,759 [INFO] CodeEngine:255 - oldGeneratedFile, /Users/Zarina/STM32CubeIDE/workspace_1.16.1/SRAD_Telemetry/Core/Inc/main.h_save
2024-12-23 15:23:47,940 [INFO] CodeEngine:279 - Generated code: /Users/Zarina/STM32CubeIDE/workspace_1.16.1/SRAD_Telemetry/Core/Inc/main.h
2024-12-23 15:23:47,947 [INFO] CodeEngine:255 - oldGeneratedFile, /Users/Zarina/STM32CubeIDE/workspace_1.16.1/SRAD_Telemetry/Core/Src/main.c_save
2024-12-23 15:23:48,226 [INFO] CodeEngine:279 - Generated code: /Users/Zarina/STM32CubeIDE/workspace_1.16.1/SRAD_Telemetry/Core/Src/main.c
2024-12-23 15:23:49,005 [INFO] ProjectBuilder:3249 - Time for Copy HAL[1] : 277mS.
2024-12-23 15:23:49,011 [INFO] ProjectBuilder:4828 - Project Generator version: 4.5.0-B34
2024-12-23 15:23:49,170 [INFO] ConfigFileManager:1531 - The Die is : DIE431
2024-12-23 15:23:50,834 [INFO] ProjectBuilder:5097 - Time for Generating toolchain IDE Files: 1823mS.
2024-12-23 15:23:50,835 [INFO] ProjectBuilder:3107 - Time for Copy CMSIS : 1mS.
2024-12-23 15:23:50,843 [INFO] ProjectBuilder:3107 - Time for Copy CMSIS : 0mS.
2024-12-23 16:45:20,482 [INFO] MainUpdater:2873 - connection check result : 10
2024-12-23 16:45:20,483 [INFO] MainUpdater:2873 - connection check result : 10
2024-12-23 16:45:21,399 [INFO] MicroXplorer:468 - Change Database Path : 
2024-12-23 16:45:21,399 [INFO] MicroXplorer:498 - Change Database Version : DB.6.0.121
2024-12-23 16:45:21,416 [ERROR] ProjectManagerView:394 - 
java.lang.NullPointerException: Cannot invoke "javax.swing.JTextField.getText()" because the return value of "java.util.List.get(int)" is null
	at com.st.microxplorer.plugins.projectmanager.gui.ProjectChoiceTab$10.caretUpdate(ProjectChoiceTab.java:2622) ~[filemanager.jar:?]
	at javax.swing.text.JTextComponent.fireCaretUpdate(JTextComponent.java:412) ~[?:?]
	at javax.swing.text.JTextComponent$MutableCaretEvent.fire(JTextComponent.java:4491) ~[?:?]
	at javax.swing.text.JTextComponent$MutableCaretEvent.stateChanged(JTextComponent.java:4513) ~[?:?]
	at javax.swing.text.DefaultCaret.fireStateChanged(DefaultCaret.java:842) ~[?:?]
	at javax.swing.text.DefaultCaret.changeCaretPosition(DefaultCaret.java:1313) ~[?:?]
	at javax.swing.text.DefaultCaret.handleSetDot(DefaultCaret.java:1212) ~[?:?]
	at javax.swing.text.DefaultCaret.setDot(DefaultCaret.java:1193) ~[?:?]
	at javax.swing.text.DefaultCaret$Handler.insertUpdate(DefaultCaret.java:1789) ~[?:?]
	at javax.swing.text.AbstractDocument.fireInsertUpdate(AbstractDocument.java:226) ~[?:?]
	at javax.swing.text.AbstractDocument.handleInsertString(AbstractDocument.java:780) ~[?:?]
	at javax.swing.text.AbstractDocument.insertString(AbstractDocument.java:739) ~[?:?]
	at javax.swing.text.PlainDocument.insertString(PlainDocument.java:131) ~[?:?]
	at javax.swing.text.AbstractDocument.replace(AbstractDocument.java:698) ~[?:?]
	at javax.swing.text.JTextComponent.setText(JTextComponent.java:1729) ~[?:?]
	at com.st.microxplorer.plugins.projectmanager.gui.ProjectChoiceTab.createHeapStackFields(ProjectChoiceTab.java:972) ~[filemanager.jar:?]
	at com.st.microxplorer.plugins.projectmanager.gui.ProjectChoiceTab.buildLinkSettingsPanel(ProjectChoiceTab.java:3597) ~[filemanager.jar:?]
	at com.st.microxplorer.plugins.projectmanager.gui.ProjectChoiceTab.defineWindowsFields(ProjectChoiceTab.java:1940) ~[filemanager.jar:?]
	at com.st.microxplorer.plugins.projectmanager.gui.ProjectChoiceTab.updateSettings(ProjectChoiceTab.java:550) ~[filemanager.jar:?]
	at com.st.microxplorer.plugins.projectmanager.gui.ProjectSettingsPanel.UpdateDialog(ProjectSettingsPanel.java:245) ~[filemanager.jar:?]
	at com.st.microxplorer.plugins.projectmanager.ProjectManagerView.propertyChange(ProjectManagerView.java:391) ~[filemanager.jar:?]
	at java.beans.PropertyChangeSupport.fire(PropertyChangeSupport.java:343) ~[?:?]
	at java.beans.PropertyChangeSupport.firePropertyChange(PropertyChangeSupport.java:335) ~[?:?]
	at java.beans.PropertyChangeSupport.firePropertyChange(PropertyChangeSupport.java:268) ~[?:?]
	at com.st.microxplorer.util.MXPropertyChangeSupport.firePropertyChange(MXPropertyChangeSupport.java:54) ~[STM32CubeMX.jar:?]
	at com.st.microxplorer.mxsystem.MxSystem.closeConfig(MxSystem.java:900) ~[STM32CubeMX.jar:?]
	at com.st.microxplorer.maingui.MainPanel.closeConfig(MainPanel.java:781) ~[STM32CubeMX.jar:?]
	at com.st.microxplorer.plugins.filemanager.engine.OpenFileManager.loadConfigurationFile(OpenFileManager.java:265) ~[filemanager.jar:?]
	at com.st.microxplorer.plugins.filemanager.engine.MainFileManager.userLoadConfig(MainFileManager.java:352) ~[filemanager.jar:?]
	at com.st.microxplorer.plugins.filemanager.engine.MainFileManager.userLoadConfig(MainFileManager.java:330) ~[filemanager.jar:?]
	at com.st.microxplorer.plugins.filemanager.FileManagerView.getSpecificTask(FileManagerView.java:246) ~[filemanager.jar:?]
	at com.st.stm32cube.common.mx.editor.CubeMxEditor.getMxTabbedPaneInstance(CubeMxEditor.java:1198) ~[com.st.stm32cube.common.mx_6.12.1.202409122256/:?]
	at com.st.stm32cube.common.mx.editor.CubeMxEditor$12$1.createSwingComponent(CubeMxEditor.java:1068) ~[com.st.stm32cube.common.mx_6.12.1.202409122256/:?]
	at com.st.stm32cube.common.mx.oss.core.awtswtbridge.EmbeddedSwingComposite.doComponentCreation(EmbeddedSwingComposite.java:492) ~[com.st.stm32cube.common.mx.oss_6.12.1.202409122256/:?]
	at com.st.stm32cube.common.mx.oss.core.awtswtbridge.EmbeddedSwingComposite$4.run(EmbeddedSwingComposite.java:291) ~[com.st.stm32cube.common.mx.oss_6.12.1.202409122256/:?]
	at com.st.stm32cube.common.mx.oss.core.awtswtbridge.AwtEnvironment$2.run(AwtEnvironment.java:166) ~[com.st.stm32cube.common.mx.oss_6.12.1.202409122256/:?]
	at java.awt.event.InvocationEvent.dispatch(InvocationEvent.java:318) ~[?:?]
	at java.awt.EventQueue.dispatchEventImpl(EventQueue.java:773) ~[?:?]
	at java.awt.EventQueue$4.run(EventQueue.java:720) ~[?:?]
	at java.awt.EventQueue$4.run(EventQueue.java:714) ~[?:?]
	at java.security.AccessController.doPrivileged(AccessController.java:399) ~[?:?]
	at java.security.ProtectionDomain$JavaSecurityAccessImpl.doIntersectionPrivilege(ProtectionDomain.java:86) ~[?:?]
	at java.awt.EventQueue.dispatchEvent(EventQueue.java:742) ~[?:?]
	at java.awt.EventDispatchThread.pumpOneEventForFilters(EventDispatchThread.java:203) ~[?:?]
	at java.awt.EventDispatchThread.pumpEventsForFilter(EventDispatchThread.java:124) ~[?:?]
	at java.awt.EventDispatchThread.pumpEventsForHierarchy(EventDispatchThread.java:113) ~[?:?]
	at java.awt.EventDispatchThread.pumpEvents(EventDispatchThread.java:109) ~[?:?]
	at java.awt.EventDispatchThread.pumpEvents(EventDispatchThread.java:101) ~[?:?]
	at java.awt.EventDispatchThread.run(EventDispatchThread.java:90) ~[?:?]
2024-12-23 16:45:21,418 [WARN] ThirdParty:871 - waiting for thirdparty lock release [close project]
2024-12-23 16:45:21,419 [INFO] ThirdParty:873 - entering critical section [close project]
2024-12-23 16:45:21,419 [INFO] ThirdParty:883 - exiting critical section [close project]
2024-12-23 16:45:21,421 [INFO] PinOutPanel:1561 - setPackage(No Configuration,No Configuration)
2024-12-23 16:45:21,431 [WARN] IpParametersView:151 - Warning: This peripheral hasn't parameters
2024-12-23 16:45:21,436 [WARN] MainPanel:284 - <html><b><center>Warning: This peripheral has no parameters to be configured<br></b></html>
2024-12-23 16:45:21,440 [INFO] UtilMem:75 - Begin LoadConfig() Used Memory: 848273184 Bytes (1073741824)
2024-12-23 16:45:21,441 [INFO] MicroXplorer:468 - Change Database Path : 
2024-12-23 16:45:21,441 [INFO] MicroXplorer:498 - Change Database Version : DB.6.0.121
2024-12-23 16:45:21,442 [INFO] OpenFileManager:332 - Change cursor
2024-12-23 16:45:21,470 [INFO] RulesReader:64 - Compatibility file has been processed (297 Rules)
2024-12-23 16:45:21,477 [INFO] Mcu:2032 - Initializing MCU STM32F411C(C-E)Ux STM32F411CEUx STM32F411CEU6
2024-12-23 16:45:22,877 [INFO] Context:742 - Trying to add GPIOservice into a context  which must be forbidden
2024-12-23 16:45:23,465 [INFO] RtosManager:555 - Registered RTOS mode: class=CMSIS, group=RTOS, mode=CMSIS_V1, owner=FREERTOS
2024-12-23 16:45:23,465 [INFO] RtosManager:555 - Registered RTOS mode: class=CMSIS, group=RTOS2, mode=CMSIS_V2, owner=FREERTOS
2024-12-23 16:45:23,465 [INFO] RtosManager:555 - Registered RTOS mode: class=RTOS, group=Core, mode=CMSIS_V1, owner=FREERTOS
2024-12-23 16:45:23,465 [INFO] RtosManager:555 - Registered RTOS mode: class=RTOS, group=Core, mode=CMSIS_V2, owner=FREERTOS
2024-12-23 16:45:23,466 [WARN] ModelIntegratedComponent:184 - Missing modes for component STMicroelectronics:FreeRTOS:0.0.1:STMicroelectronics:RTOS:FreeRTOS:Core:::10.2.0:
2024-12-23 16:45:23,473 [WARN] ModelIntegratedComponent:182 - Modes not found for component STMicroelectronics:USB_HOST:1.0.0:STMicroelectronics:USB::USB Host:Audio HS::1.0:USB_HOST_1_0_RESTRICTED_HS
2024-12-23 16:45:23,473 [WARN] ModelIntegratedComponent:188 - Modes not found for component STMicroelectronics:USB_HOST:1.0.0:STMicroelectronics:USB::USB Host:Audio HS::1.0:USB_HOST_1_0_RESTRICTED_HS
2024-12-23 16:45:23,473 [WARN] ModelIntegratedComponent:182 - Modes not found for component STMicroelectronics:USB_HOST:1.0.0:STMicroelectronics:USB::USB Host:CDC HS::1.0:USB_HOST_1_0_RESTRICTED_HS
2024-12-23 16:45:23,473 [WARN] ModelIntegratedComponent:188 - Modes not found for component STMicroelectronics:USB_HOST:1.0.0:STMicroelectronics:USB::USB Host:CDC HS::1.0:USB_HOST_1_0_RESTRICTED_HS
2024-12-23 16:45:23,473 [WARN] ModelIntegratedComponent:182 - Modes not found for component STMicroelectronics:USB_HOST:1.0.0:STMicroelectronics:USB::USB Host:MSC HS::1.0:USB_HOST_1_0_RESTRICTED_HS
2024-12-23 16:45:23,473 [WARN] ModelIntegratedComponent:188 - Modes not found for component STMicroelectronics:USB_HOST:1.0.0:STMicroelectronics:USB::USB Host:MSC HS::1.0:USB_HOST_1_0_RESTRICTED_HS
2024-12-23 16:45:23,473 [WARN] ModelIntegratedComponent:182 - Modes not found for component STMicroelectronics:USB_HOST:1.0.0:STMicroelectronics:USB::USB Host:HID HS::1.0:USB_HOST_1_0_RESTRICTED_HS
2024-12-23 16:45:23,473 [WARN] ModelIntegratedComponent:188 - Modes not found for component STMicroelectronics:USB_HOST:1.0.0:STMicroelectronics:USB::USB Host:HID HS::1.0:USB_HOST_1_0_RESTRICTED_HS
2024-12-23 16:45:23,473 [WARN] ModelIntegratedComponent:182 - Modes not found for component STMicroelectronics:USB_HOST:1.0.0:STMicroelectronics:USB::USB Host:MTP HS::1.0:USB_HOST_1_0_RESTRICTED_HS
2024-12-23 16:45:23,473 [WARN] ModelIntegratedComponent:188 - Modes not found for component STMicroelectronics:USB_HOST:1.0.0:STMicroelectronics:USB::USB Host:MTP HS::1.0:USB_HOST_1_0_RESTRICTED_HS
2024-12-23 16:45:23,479 [WARN] ModelIntegratedComponent:63 - No mode defined for component null
2024-12-23 16:45:23,479 [WARN] ModelIntegratedComponent:63 - No mode defined for component null
2024-12-23 16:45:23,479 [WARN] ModelIntegratedComponent:63 - No mode defined for component null
2024-12-23 16:45:23,479 [WARN] ModelIntegratedComponent:63 - No mode defined for component null
2024-12-23 16:45:23,479 [WARN] ModelIntegratedComponent:63 - No mode defined for component null
2024-12-23 16:45:23,479 [WARN] ModelIntegratedComponent:63 - No mode defined for component null
2024-12-23 16:45:23,479 [WARN] ModelIntegratedComponent:63 - No mode defined for component null
2024-12-23 16:45:23,479 [WARN] ModelIntegratedComponent:63 - No mode defined for component null
2024-12-23 16:45:23,479 [WARN] ModelIntegratedComponent:63 - No mode defined for component null
2024-12-23 16:45:23,479 [WARN] ModelIntegratedComponent:63 - No mode defined for component null
2024-12-23 16:45:23,479 [WARN] ModelIntegratedComponent:63 - No mode defined for component null
2024-12-23 16:45:23,479 [WARN] ModelIntegratedComponent:63 - No mode defined for component null
2024-12-23 16:45:23,479 [WARN] ModelIntegratedComponent:63 - No mode defined for component null
2024-12-23 16:45:23,479 [WARN] ModelIntegratedComponent:63 - No mode defined for component null
2024-12-23 16:45:23,480 [WARN] ModelIntegratedComponent:63 - No mode defined for component null
2024-12-23 16:45:23,480 [WARN] ModelIntegratedComponent:63 - No mode defined for component null
2024-12-23 16:45:23,480 [WARN] ModelIntegratedComponent:63 - No mode defined for component null
2024-12-23 16:45:23,480 [WARN] ModelIntegratedComponent:63 - No mode defined for component null
2024-12-23 16:45:23,480 [WARN] ModelIntegratedComponent:63 - No mode defined for component null
2024-12-23 16:45:23,480 [WARN] ModelIntegratedComponent:63 - No mode defined for component null
2024-12-23 16:45:23,480 [WARN] ModelIntegratedComponent:63 - No mode defined for component null
2024-12-23 16:45:23,480 [WARN] ModelIntegratedComponent:63 - No mode defined for component null
2024-12-23 16:45:23,480 [WARN] ModelIntegratedComponent:63 - No mode defined for component null
2024-12-23 16:45:23,480 [WARN] ModelIntegratedComponent:63 - No mode defined for component null
2024-12-23 16:45:23,480 [WARN] ModelIntegratedComponent:63 - No mode defined for component null
2024-12-23 16:45:23,480 [WARN] ModelIntegratedComponent:63 - No mode defined for component null
2024-12-23 16:45:23,480 [WARN] ModelIntegratedComponent:63 - No mode defined for component null
2024-12-23 16:45:23,480 [WARN] ModelIntegratedComponent:63 - No mode defined for component null
2024-12-23 16:45:23,480 [WARN] ModelIntegratedComponent:63 - No mode defined for component null
2024-12-23 16:45:23,481 [WARN] ModelIntegratedComponent:63 - No mode defined for component null
2024-12-23 16:45:23,481 [WARN] ModelIntegratedComponent:63 - No mode defined for component null
2024-12-23 16:45:23,481 [WARN] ModelIntegratedComponent:63 - No mode defined for component null
2024-12-23 16:45:23,481 [WARN] ModelIntegratedComponent:63 - No mode defined for component null
2024-12-23 16:45:23,481 [WARN] ModelIntegratedComponent:63 - No mode defined for component null
2024-12-23 16:45:23,481 [WARN] ModelIntegratedComponent:63 - No mode defined for component null
2024-12-23 16:45:23,481 [WARN] ModelPack:524 - Component already loaded: STMicroelectronics:HAL Drivers:0.0.0:STMicroelectronics:Device:STMicro_Driver:XSPI:HAL::0.0.1:HAL_XSPI
2024-12-23 16:45:23,737 [WARN] ModelIntegratedComponent:182 - Modes not found for component STMicroelectronics:USB_DEVICE:1.0.0:STMicroelectronics:USB::USB Device:Audio HS::1.0:USB_DEVICE_1_0_RESTRICTED_HS
2024-12-23 16:45:23,737 [WARN] ModelIntegratedComponent:188 - Modes not found for component STMicroelectronics:USB_DEVICE:1.0.0:STMicroelectronics:USB::USB Device:Audio HS::1.0:USB_DEVICE_1_0_RESTRICTED_HS
2024-12-23 16:45:23,737 [WARN] ModelIntegratedComponent:182 - Modes not found for component STMicroelectronics:USB_DEVICE:1.0.0:STMicroelectronics:USB::USB Device:CDC HS::1.0:USB_DEVICE_1_0_RESTRICTED_HS
2024-12-23 16:45:23,737 [WARN] ModelIntegratedComponent:188 - Modes not found for component STMicroelectronics:USB_DEVICE:1.0.0:STMicroelectronics:USB::USB Device:CDC HS::1.0:USB_DEVICE_1_0_RESTRICTED_HS
2024-12-23 16:45:23,737 [WARN] ModelIntegratedComponent:182 - Modes not found for component STMicroelectronics:USB_DEVICE:1.0.0:STMicroelectronics:USB::USB Device:DFU HS::1.0:USB_DEVICE_1_0_RESTRICTED_HS
2024-12-23 16:45:23,737 [WARN] ModelIntegratedComponent:188 - Modes not found for component STMicroelectronics:USB_DEVICE:1.0.0:STMicroelectronics:USB::USB Device:DFU HS::1.0:USB_DEVICE_1_0_RESTRICTED_HS
2024-12-23 16:45:23,737 [WARN] ModelIntegratedComponent:182 - Modes not found for component STMicroelectronics:USB_DEVICE:1.0.0:STMicroelectronics:USB::USB Device:HID HS::1.0:USB_DEVICE_1_0_RESTRICTED_HS
2024-12-23 16:45:23,737 [WARN] ModelIntegratedComponent:188 - Modes not found for component STMicroelectronics:USB_DEVICE:1.0.0:STMicroelectronics:USB::USB Device:HID HS::1.0:USB_DEVICE_1_0_RESTRICTED_HS
2024-12-23 16:45:23,737 [WARN] ModelIntegratedComponent:182 - Modes not found for component STMicroelectronics:USB_DEVICE:1.0.0:STMicroelectronics:USB::USB Device:Custom HID HS::1.0:USB_DEVICE_1_0_RESTRICTED_HS
2024-12-23 16:45:23,738 [WARN] ModelIntegratedComponent:188 - Modes not found for component STMicroelectronics:USB_DEVICE:1.0.0:STMicroelectronics:USB::USB Device:Custom HID HS::1.0:USB_DEVICE_1_0_RESTRICTED_HS
2024-12-23 16:45:23,738 [WARN] ModelIntegratedComponent:182 - Modes not found for component STMicroelectronics:USB_DEVICE:1.0.0:STMicroelectronics:USB::USB Device:MSC HS::1.0:USB_DEVICE_1_0_RESTRICTED_HS
2024-12-23 16:45:23,738 [WARN] ModelIntegratedComponent:188 - Modes not found for component STMicroelectronics:USB_DEVICE:1.0.0:STMicroelectronics:USB::USB Device:MSC HS::1.0:USB_DEVICE_1_0_RESTRICTED_HS
2024-12-23 16:45:23,777 [INFO] ThirdPartyModel:298 - Start build external matchings
2024-12-23 16:45:25,299 [INFO] ThirdPartyModel:316 - End build external matchings
2024-12-23 16:45:25,335 [INFO] ImportTextPane:205 - (OptionalMessage_ERROR) IP (RCC) : Parameter (RTCHSEDivFreq_Value) has invalid value (12500000)
2024-12-23 16:45:25,338 [WARN] IP:2191 - DEVICE_SERIAL0_CDC_FS not found: check if there is a RefParameter without a condition.
2024-12-23 16:45:25,338 [WARN] IP:2191 - DEVICE_SERIAL1_CDC_FS not found: check if there is a RefParameter without a condition.
2024-12-23 16:45:25,338 [WARN] IP:2191 - DEVICE_SERIAL2_CDC_FS not found: check if there is a RefParameter without a condition.
2024-12-23 16:45:25,544 [INFO] UtilMem:75 - End LoadConfig() Used Memory: 802533672 Bytes (1073741824)
2024-12-23 16:45:25,619 [WARN] ThirdParty:833 - waiting for thirdparty lock release [change project]
2024-12-23 16:45:25,619 [INFO] ThirdParty:835 - entering critical section [change project]
2024-12-23 16:45:25,620 [INFO] ThirdParty:1030 - CMSIS Pack Vendor :STMicroelectronics USBPD 4.1
2024-12-23 16:45:25,620 [INFO] ThirdParty:1030 - CMSIS Pack Vendor :STMicroelectronics X-CUBE-AZRTOS-H7 3.3.0
2024-12-23 16:45:25,620 [INFO] ThirdParty:1030 - CMSIS Pack Vendor :STMicroelectronics X-CUBE-NFC9 1.0.0
2024-12-23 16:45:25,620 [INFO] ThirdParty:1030 - CMSIS Pack Vendor :STMicroelectronics USB_HOST 2.0.0
2024-12-23 16:45:25,620 [INFO] ThirdParty:1030 - CMSIS Pack Vendor :STMicroelectronics FP-SNS-MOTENVWB1 1.4.0
2024-12-23 16:45:25,620 [INFO] ThirdParty:1030 - CMSIS Pack Vendor :STMicroelectronics X-CUBE-AZRTOS-F4 1.1.0
2024-12-23 16:45:25,620 [INFO] ThirdParty:1030 - CMSIS Pack Vendor :STMicroelectronics LIBJPEG 8.0.0
2024-12-23 16:45:25,620 [INFO] ThirdParty:1030 - CMSIS Pack Vendor :STMicroelectronics FP-ATR-ASTRA1 2.0.1
2024-12-23 16:45:25,620 [INFO] ThirdParty:1030 - CMSIS Pack Vendor :STMicroelectronics X-CUBE-SMBUS 2.1.0
2024-12-23 16:45:25,620 [INFO] ThirdParty:1030 - CMSIS Pack Vendor :STMicroelectronics X-CUBE-WB05N 1.1.0
2024-12-23 16:45:25,620 [INFO] ThirdParty:1030 - CMSIS Pack Vendor :STMicroelectronics USB_DEVICE 3.0.0
2024-12-23 16:45:25,620 [INFO] ThirdParty:1030 - CMSIS Pack Vendor :STMicroelectronics X-CUBE-TCPP 4.1.0
2024-12-23 16:45:25,620 [INFO] ThirdParty:1030 - CMSIS Pack Vendor :STMicroelectronics X-CUBE-ISPU 2.1.0
2024-12-23 16:45:25,620 [INFO] ThirdParty:1030 - CMSIS Pack Vendor :STMicroelectronics X-CUBE-FREERTOS 1.2.0
2024-12-23 16:45:25,620 [INFO] ThirdParty:1030 - CMSIS Pack Vendor :STMicroelectronics X-CUBE-IPS 3.0.0
2024-12-23 16:45:25,620 [INFO] ThirdParty:1030 - CMSIS Pack Vendor :STMicroelectronics X-CUBE-AZRTOS-WB 2.0.0
2024-12-23 16:45:25,620 [INFO] ThirdParty:1030 - CMSIS Pack Vendor :STMicroelectronics X-CUBE-GNSS1 7.0.0
2024-12-23 16:45:25,620 [INFO] ThirdParty:1030 - CMSIS Pack Vendor :STMicroelectronics X-CUBE-GNSS1 7.0.1
2024-12-23 16:45:25,620 [INFO] ThirdParty:1030 - CMSIS Pack Vendor :STMicroelectronics X-CUBE-AZRTOS-F7 1.1.0
2024-12-23 16:45:25,621 [INFO] ThirdParty:1030 - CMSIS Pack Vendor :STMicroelectronics X-CUBE-AZRTOS-L5 2.0.0
2024-12-23 16:45:25,621 [INFO] ThirdParty:1030 - CMSIS Pack Vendor :STMicroelectronics USB_DEVICE 2.0.0
2024-12-23 16:45:25,621 [INFO] ThirdParty:1030 - CMSIS Pack Vendor :STMicroelectronics X-CUBE-NFC6 3.1.0
2024-12-23 16:45:25,621 [INFO] ThirdParty:1030 - CMSIS Pack Vendor :STMicroelectronics FP-SNS-STBOX1 2.0.0
2024-12-23 16:45:25,621 [INFO] ThirdParty:1030 - CMSIS Pack Vendor :STMicroelectronics X-CUBE-MEMS1 11.0.0
2024-12-23 16:45:25,621 [INFO] ThirdParty:1030 - CMSIS Pack Vendor :STMicroelectronics FreeRTOS 0.0.1
2024-12-23 16:45:25,621 [INFO] ThirdParty:1030 - CMSIS Pack Vendor :STMicroelectronics X-CUBE-AZRTOS-G0 1.1.0
2024-12-23 16:45:25,621 [INFO] ThirdParty:1030 - CMSIS Pack Vendor :STMicroelectronics X-CUBE-SAFEA1 1.2.2
2024-12-23 16:45:25,621 [INFO] ThirdParty:1030 - CMSIS Pack Vendor :STMicroelectronics X-CUBE-NFC4 3.0.0
2024-12-23 16:45:25,621 [INFO] ThirdParty:1030 - CMSIS Pack Vendor :STMicroelectronics X-CUBE-DPower 1.2.0
2024-12-23 16:45:25,621 [INFO] ThirdParty:1030 - CMSIS Pack Vendor :STMicroelectronics X-CUBE-SUBG2 5.0.0
2024-12-23 16:45:25,621 [INFO] ThirdParty:1030 - CMSIS Pack Vendor :STMicroelectronics STM32_WPAN 1.0.0
2024-12-23 16:45:25,621 [INFO] ThirdParty:1030 - CMSIS Pack Vendor :EmbeddedOffice I-CUBE-FS-RTOS 1.0.1
2024-12-23 16:45:25,621 [INFO] ThirdParty:1030 - CMSIS Pack Vendor :STMicroelectronics lwIP 2.0.3
2024-12-23 16:45:25,621 [INFO] ThirdParty:1030 - CMSIS Pack Vendor :STMicroelectronics FP-SNS-FLIGHT1 5.0.2
2024-12-23 16:45:25,621 [INFO] ThirdParty:1030 - CMSIS Pack Vendor :Cesanta I-CUBE-Mongoose 7.13.0
2024-12-23 16:45:25,621 [INFO] ThirdParty:1030 - CMSIS Pack Vendor :STMicroelectronics USB_HOST 1.0.0
2024-12-23 16:45:25,622 [INFO] ThirdParty:1030 - CMSIS Pack Vendor :STMicroelectronics X-CUBE-AZRTOS-G4 2.0.0
2024-12-23 16:45:25,622 [INFO] ThirdParty:1030 - CMSIS Pack Vendor :STMicroelectronics PDM2PCM 3.1.0
2024-12-23 16:45:25,622 [INFO] ThirdParty:1030 - CMSIS Pack Vendor :STMicroelectronics PDM2PCM 3.3.0
2024-12-23 16:45:25,622 [INFO] ThirdParty:1030 - CMSIS Pack Vendor :STMicroelectronics X-CUBE-DISPLAY 3.0.0
2024-12-23 16:45:25,622 [INFO] ThirdParty:1030 - CMSIS Pack Vendor :RealThread X-CUBE-RT-Thread_Nano 4.1.1
2024-12-23 16:45:25,622 [INFO] ThirdParty:1030 - CMSIS Pack Vendor :STMicroelectronics X-CUBE-BLE1 7.0.0
2024-12-23 16:45:25,622 [INFO] ThirdParty:1030 - CMSIS Pack Vendor :STMicroelectronics FP-ATR-SIGFOX1 3.2.0
2024-12-23 16:45:25,622 [INFO] ThirdParty:1030 - CMSIS Pack Vendor :STMicroelectronics X-CUBE-NFC10 1.0.0
2024-12-23 16:45:25,622 [INFO] ThirdParty:1030 - CMSIS Pack Vendor :wolfSSL I-CUBE-wolfSSL 5.7.2
2024-12-23 16:45:25,622 [INFO] ThirdParty:1030 - CMSIS Pack Vendor :quantropi X-CUBE-qispace-sdk-base 1.9.3
2024-12-23 16:45:25,622 [INFO] ThirdParty:1030 - CMSIS Pack Vendor :STMicroelectronics X-CUBE-BLEMGR 4.0.0
2024-12-23 16:45:25,622 [INFO] ThirdParty:1030 - CMSIS Pack Vendor :STMicroelectronics X-CUBE-EEPRMA1 5.1.0
2024-12-23 16:45:25,622 [INFO] ThirdParty:1030 - CMSIS Pack Vendor :STMicroelectronics HAL Drivers 0.0.0
2024-12-23 16:45:25,622 [INFO] ThirdParty:1030 - CMSIS Pack Vendor :STMicroelectronics MBEDTLS 2.16.2
2024-12-23 16:45:25,622 [INFO] ThirdParty:1030 - CMSIS Pack Vendor :STMicroelectronics X-CUBE-ALS 1.0.2
2024-12-23 16:45:25,622 [INFO] ThirdParty:1030 - CMSIS Pack Vendor :emotas I-CUBE-CANOPEN 1.3.0
2024-12-23 16:45:25,622 [INFO] ThirdParty:1030 - CMSIS Pack Vendor :STMicroelectronics X-CUBE-FREERTOS 1.3.0
2024-12-23 16:45:25,623 [INFO] ThirdParty:1030 - CMSIS Pack Vendor :STMicroelectronics X-CUBE-NFC7 1.0.1
2024-12-23 16:45:25,624 [INFO] ThirdParty:1030 - CMSIS Pack Vendor :STMicroelectronics MBEDTLS 2.14.1
2024-12-23 16:45:25,624 [INFO] ThirdParty:1030 - CMSIS Pack Vendor :ITTIA_DB I-CUBE-ITTIADB 8.9.0
2024-12-23 16:45:25,624 [INFO] ThirdParty:1030 - CMSIS Pack Vendor :STMicroelectronics X-CUBE-TOUCHGFX 4.24.1
2024-12-23 16:45:25,625 [INFO] ThirdParty:1030 - CMSIS Pack Vendor :wolfSSL I-CUBE-wolfTPM 3.4.0
2024-12-23 16:45:25,625 [INFO] ThirdParty:1030 - CMSIS Pack Vendor :portGmbH I-Cube-SoM-uGOAL 1.1.0
2024-12-23 16:45:25,625 [INFO] ThirdParty:1030 - CMSIS Pack Vendor :STMicroelectronics X-CUBE-BLEMGR 3.1.0
2024-12-23 16:45:25,625 [INFO] ThirdParty:1030 - CMSIS Pack Vendor :STMicroelectronics ThreadX 1.0.0
2024-12-23 16:45:25,625 [INFO] ThirdParty:1030 - CMSIS Pack Vendor :STMicroelectronics FP-SNS-SMARTAG2 1.2.0
2024-12-23 16:45:25,626 [INFO] ThirdParty:1030 - CMSIS Pack Vendor :STMicroelectronics X-CUBE-MEMS1 11.1.0
2024-12-23 16:45:25,626 [INFO] ThirdParty:1030 - CMSIS Pack Vendor :STMicroelectronics X-CUBE-AZRTOS-WL 2.0.0
2024-12-23 16:45:25,626 [INFO] ThirdParty:1030 - CMSIS Pack Vendor :SEGGER I-CUBE-embOS 1.3.1
2024-12-23 16:45:25,626 [INFO] ThirdParty:1030 - CMSIS Pack Vendor :STMicroelectronics X-CUBE-ALGOBUILD 1.4.0
2024-12-23 16:45:25,626 [INFO] ThirdParty:1030 - CMSIS Pack Vendor :STMicroelectronics FP-SNS-MOTENV1 5.0.0
2024-12-23 16:45:25,626 [INFO] ThirdParty:1030 - CMSIS Pack Vendor :STMicroelectronics USB_DEVICE 1.0.0
2024-12-23 16:45:25,626 [INFO] ThirdParty:1030 - CMSIS Pack Vendor :STMicroelectronics X-CUBE-AZRTOS-H7RS 1.0.0
2024-12-23 16:45:25,626 [INFO] ThirdParty:1030 - CMSIS Pack Vendor :wolfSSL I-CUBE-wolfMQTT 1.19.0
2024-12-23 16:45:25,626 [INFO] ThirdParty:1030 - CMSIS Pack Vendor :STMicroelectronics X-CUBE-AZRTOS-L4 2.0.0
2024-12-23 16:45:25,626 [INFO] ThirdParty:1030 - CMSIS Pack Vendor :STMicroelectronics ThreadX 0.0.2
2024-12-23 16:45:25,626 [INFO] ThirdParty:1030 - CMSIS Pack Vendor :WES I-CUBE-Cesium 1.3.0
2024-12-23 16:45:25,626 [INFO] ThirdParty:1030 - CMSIS Pack Vendor :STMicroelectronics FP-ATR-ASTRA1 2.0.0
2024-12-23 16:45:25,626 [INFO] ThirdParty:1030 - CMSIS Pack Vendor :STMicroelectronics lwIP 2.1.2
2024-12-23 16:45:25,626 [INFO] ThirdParty:1030 - CMSIS Pack Vendor :STMicroelectronics X-CUBE-SFXS2LP1 4.0.0
2024-12-23 16:45:25,626 [INFO] ThirdParty:1030 - CMSIS Pack Vendor :STMicroelectronics X-CUBE-BLE2 3.3.0
2024-12-23 16:45:25,626 [INFO] ThirdParty:1030 - CMSIS Pack Vendor :STMicroelectronics X-CUBE-TOF1 3.4.2
2024-12-23 16:45:25,626 [INFO] ThirdParty:1030 - CMSIS Pack Vendor :STMicroelectronics X-CUBE-AI 9.1.0
2024-12-23 16:45:25,626 [INFO] ThirdParty:1030 - CMSIS Pack Vendor :Infineon AIROC-Wi-Fi-Bluetooth-STM32 1.6.1
2024-12-23 16:45:25,627 [INFO] ThirdParty:1030 - CMSIS Pack Vendor :STMicroelectronics PDM2PCM 3.2.0
2024-12-23 16:45:25,627 [INFO] ThirdParty:1030 - CMSIS Pack Vendor :wolfSSL I-CUBE-wolfSSH 1.4.17
2024-12-23 16:45:25,627 [INFO] ThirdParty:841 - exiting critical section [change project]
2024-12-23 16:45:25,922 [INFO] PinOutPanel:1561 - setPackage(No Configuration,No Configuration)
2024-12-23 16:45:25,923 [INFO] PinOutPanel:1561 - setPackage(STM32F411CEUx,UFQFPN48)
2024-12-23 16:45:26,380 [INFO] UtilMem:75 - Before build in PCC Used Memory: 938054232 Bytes (1073741824)
2024-12-23 16:45:27,110 [INFO] UtilMem:75 - After build in PCC Used Memory: 706436416 Bytes (1073741824)
2024-12-23 16:45:27,132 [INFO] ApiDbMcu:508 - Load IP Config File for USB_DEVICE
2024-12-23 16:45:27,230 [INFO] IPUIPlugin:80 - create IPUIPlugin
2024-12-23 16:45:27,231 [INFO] IPUIPlugin:80 - create IPUIPlugin
2024-12-23 16:45:27,231 [INFO] IPUIPlugin:80 - create IPUIPlugin
2024-12-23 16:45:27,231 [INFO] IPUIPlugin:80 - create IPUIPlugin
2024-12-23 16:45:27,231 [INFO] IPUIPlugin:80 - create IPUIPlugin
2024-12-23 16:45:27,231 [INFO] IPUIPlugin:80 - create IPUIPlugin
2024-12-23 16:45:27,231 [INFO] IPUIPlugin:80 - create IPUIPlugin
2024-12-23 16:45:27,232 [INFO] IPUIPlugin:80 - create IPUIPlugin
2024-12-23 16:45:27,232 [INFO] IPUIPlugin:80 - create IPUIPlugin
2024-12-23 16:45:27,232 [INFO] IPUIPlugin:80 - create IPUIPlugin
2024-12-23 16:45:27,232 [INFO] IPUIPlugin:80 - create IPUIPlugin
2024-12-23 16:45:27,232 [INFO] IPUIPlugin:80 - create IPUIPlugin
2024-12-23 16:45:27,233 [INFO] IPUIPlugin:80 - create IPUIPlugin
2024-12-23 16:45:27,234 [INFO] IPUIPlugin:80 - create IPUIPlugin
2024-12-23 16:45:27,234 [INFO] IPUIPlugin:80 - create IPUIPlugin
2024-12-23 16:45:27,235 [INFO] IPUIPlugin:80 - create IPUIPlugin
2024-12-23 16:45:27,236 [INFO] IPUIPlugin:80 - create IPUIPlugin
2024-12-23 16:45:27,236 [INFO] IPUIPlugin:80 - create IPUIPlugin
2024-12-23 16:45:27,236 [INFO] IPUIPlugin:80 - create IPUIPlugin
2024-12-23 16:45:27,237 [INFO] IPUIPlugin:80 - create IPUIPlugin
2024-12-23 16:45:27,237 [INFO] IPUIPlugin:80 - create IPUIPlugin
2024-12-23 16:45:27,238 [INFO] IPUIPlugin:80 - create IPUIPlugin
2024-12-23 16:45:27,238 [INFO] IPUIPlugin:80 - create IPUIPlugin
2024-12-23 16:45:27,238 [INFO] IPUIPlugin:80 - create IPUIPlugin
2024-12-23 16:45:27,238 [INFO] IPUIPlugin:80 - create IPUIPlugin
2024-12-23 16:45:27,239 [INFO] IPUIPlugin:80 - create IPUIPlugin
2024-12-23 16:45:27,239 [INFO] IPUIPlugin:80 - create IPUIPlugin
2024-12-23 16:45:27,240 [INFO] IPUIPlugin:80 - create IPUIPlugin
2024-12-23 16:45:27,242 [INFO] IPUIPlugin:80 - create IPUIPlugin
2024-12-23 16:45:27,242 [INFO] IPUIPlugin:80 - create IPUIPlugin
2024-12-23 16:45:27,243 [INFO] IPUIPlugin:80 - create IPUIPlugin
2024-12-23 16:45:27,243 [INFO] IPUIPlugin:80 - create IPUIPlugin
2024-12-23 16:45:27,244 [INFO] IPUIPlugin:80 - create IPUIPlugin
2024-12-23 16:45:27,244 [INFO] IPUIPlugin:80 - create IPUIPlugin
2024-12-23 16:45:27,244 [INFO] IPUIPlugin:80 - create IPUIPlugin
2024-12-23 16:45:27,244 [INFO] IPUIPlugin:80 - create IPUIPlugin
2024-12-23 16:45:27,245 [INFO] IPUIPlugin:80 - create IPUIPlugin
2024-12-23 16:45:27,245 [INFO] IPUIPlugin:80 - create IPUIPlugin
2024-12-23 16:45:27,246 [INFO] IPUIPlugin:80 - create IPUIPlugin
2024-12-23 16:45:27,246 [INFO] IPUIPlugin:80 - create IPUIPlugin
2024-12-23 16:45:27,246 [INFO] IPUIPlugin:80 - create IPUIPlugin
2024-12-23 16:45:27,247 [INFO] IPUIPlugin:80 - create IPUIPlugin
2024-12-23 16:45:27,247 [INFO] IPUIPlugin:80 - create IPUIPlugin
2024-12-23 16:45:27,250 [INFO] ApiDbMcu:508 - Load IP Config File for PDM2PCM
2024-12-23 16:45:27,357 [INFO] CADModel:165 - CPN selected for project levelSTM32F411CEU6
2024-12-23 16:45:27,358 [INFO] CADModel:114 - Register for checkConnection events
2024-12-23 16:45:27,400 [INFO] OpenFileManager:363 - Restore cursor
2024-12-23 16:45:28,031 [WARN] IP:2191 - DEVICE_SERIAL0_CDC_FS not found: check if there is a RefParameter without a condition.
2024-12-23 16:45:28,031 [WARN] IP:2191 - DEVICE_SERIAL1_CDC_FS not found: check if there is a RefParameter without a condition.
2024-12-23 16:45:28,031 [WARN] IP:2191 - DEVICE_SERIAL2_CDC_FS not found: check if there is a RefParameter without a condition.
2024-12-23 16:45:28,035 [WARN] IP:2191 - DEVICE_SERIAL0_CDC_FS not found: check if there is a RefParameter without a condition.
2024-12-23 16:45:28,035 [WARN] IP:2191 - DEVICE_SERIAL1_CDC_FS not found: check if there is a RefParameter without a condition.
2024-12-23 16:45:28,035 [WARN] IP:2191 - DEVICE_SERIAL2_CDC_FS not found: check if there is a RefParameter without a condition.
2024-12-23 16:51:27,430 [WARN] IP:2191 - DEVICE_SERIAL0_CDC_FS not found: check if there is a RefParameter without a condition.
2024-12-23 16:51:27,430 [WARN] IP:2191 - DEVICE_SERIAL1_CDC_FS not found: check if there is a RefParameter without a condition.
2024-12-23 16:51:27,430 [WARN] IP:2191 - DEVICE_SERIAL2_CDC_FS not found: check if there is a RefParameter without a condition.
2024-12-23 16:51:27,432 [WARN] IP:2191 - DEVICE_SERIAL0_CDC_FS not found: check if there is a RefParameter without a condition.
2024-12-23 16:51:27,432 [WARN] IP:2191 - DEVICE_SERIAL1_CDC_FS not found: check if there is a RefParameter without a condition.
2024-12-23 16:51:27,432 [WARN] IP:2191 - DEVICE_SERIAL2_CDC_FS not found: check if there is a RefParameter without a condition.
