2024-12-25 15:53:44,590 [INFO] Activator:176 - 


2024-12-25 15:53:44,598 [INFO] Activator:177 - !SESSION log4j initialized
2024-12-25 15:53:49,770 [ERROR] LogOutputStream:75 - [STDERR_REDIRECT] 
2024-12-25 15:53:50,489 [INFO] LogOutputStream:77 - [STDOUT_REDIRECT] 
2024-12-25 15:53:52,866 [INFO] LogOutputStream:77 - [STDOUT_REDIRECT] 
2024-12-25 15:53:53,972 [INFO] ApplicationProperties:184 - Using Application install path: /Applications/STM32CubeIDE.app/Contents/Eclipse/plugins/com.st.stm32cube.common.mx_6.12.1.202409122256
2024-12-25 15:53:53,996 [INFO] DbMcusXml:78 - Set database path to: /Applications/STM32CubeIDE.app/Contents/Eclipse/plugins/com.st.stm32cube.common.mx_6.12.1.202409122256//db//mcu/
2024-12-25 15:53:53,997 [INFO] ApiDb:274 - Set plugin database path to: /Applications/STM32CubeIDE.app/Contents/Eclipse/plugins/com.st.stm32cube.common.mx_6.12.1.202409122256//db//plugins/boardmanager/
2024-12-25 15:53:53,997 [WARN] ApiDb:259 - Overriding images path with different value:  => /Applications/STM32CubeIDE.app/Contents/Eclipse/plugins/com.st.stm32cube.common.mx_6.12.1.202409122256//db//plugins/mcufinder/images/
2024-12-25 15:53:54,005 [INFO] ApiDb:250 - Set database path to: /Users/Zarina/.stmcufinder/plugins/mcufinder//mcu/
2024-12-25 15:53:54,007 [INFO] DbMcusAds:125 - Set database path to: /Users/Zarina/.stmcufinder/plugins/mcufinder//mcu/
2024-12-25 15:53:54,011 [INFO] CrossReferenceDbSqlite:203 - Set database path to: /Users/Zarina/.stmcufinder/plugins/mcufinder//mcu/cs/
2024-12-25 15:53:54,201 [INFO] RulesReader:64 - Compatibility file has been processed (297 Rules)
2024-12-25 15:53:54,317 [INFO] DbMcusXml:78 - Set database path to: /Applications/STM32CubeIDE.app/Contents/Eclipse/plugins/com.st.stm32cube.common.mx_6.12.1.202409122256//db//mcu/
2024-12-25 15:53:54,317 [INFO] ApiDb:274 - Set plugin database path to: /Applications/STM32CubeIDE.app/Contents/Eclipse/plugins/com.st.stm32cube.common.mx_6.12.1.202409122256//db//plugins/boardmanager/
2024-12-25 15:53:54,318 [INFO] ApiDb:261 - Set plugin images path to: /Applications/STM32CubeIDE.app/Contents/Eclipse/plugins/com.st.stm32cube.common.mx_6.12.1.202409122256//db//plugins/mcufinder/images/
2024-12-25 15:53:54,318 [WARN] DbFile:41 - Overriding database path with different value: /Users/Zarina/.stmcufinder/plugins/mcufinder/ => /Users/Zarina/.stmcufinder/plugins/mcufinder
2024-12-25 15:53:54,318 [INFO] ApiDb:250 - Set database path to: /Users/Zarina/.stmcufinder/plugins/mcufinder//mcu/
2024-12-25 15:53:54,319 [WARN] DbFile:41 - Overriding database path with different value: /Users/Zarina/.stmcufinder/plugins/mcufinder/ => /Users/Zarina/.stmcufinder/plugins/mcufinder
2024-12-25 15:53:54,319 [INFO] DbMcusAds:125 - Set database path to: /Users/Zarina/.stmcufinder/plugins/mcufinder//mcu/
2024-12-25 15:53:54,319 [WARN] DbFile:41 - Overriding database path with different value: /Users/Zarina/.stmcufinder/plugins/mcufinder/ => /Users/Zarina/.stmcufinder/plugins/mcufinder
2024-12-25 15:53:54,319 [WARN] DbFile:41 - Overriding database path with different value: /Users/Zarina/.stmcufinder/plugins/mcufinder/ => /Users/Zarina/.stmcufinder/plugins/mcufinder
2024-12-25 15:53:54,319 [INFO] CrossReferenceDbSqlite:203 - Set database path to: /Users/Zarina/.stmcufinder/plugins/mcufinder//mcu/cs/
2024-12-25 15:53:54,434 [INFO] MainPanel:268 - HeapMemory: 268435456
2024-12-25 15:53:55,433 [INFO] DbMcusXml:78 - Set database path to: /Applications/STM32CubeIDE.app/Contents/Eclipse/plugins/com.st.stm32cube.common.mx_6.12.1.202409122256//db//mcu/
2024-12-25 15:53:55,434 [INFO] ApiDb:274 - Set plugin database path to: /Applications/STM32CubeIDE.app/Contents/Eclipse/plugins/com.st.stm32cube.common.mx_6.12.1.202409122256//db//plugins/boardmanager/
2024-12-25 15:53:55,434 [INFO] ApiDb:261 - Set plugin images path to: /Applications/STM32CubeIDE.app/Contents/Eclipse/plugins/com.st.stm32cube.common.mx_6.12.1.202409122256//db//plugins/mcufinder/images/
2024-12-25 15:53:55,435 [WARN] DbFile:41 - Overriding database path with different value: /Users/Zarina/.stmcufinder/plugins/mcufinder/ => /Users/Zarina/.stmcufinder/plugins/mcufinder
2024-12-25 15:53:55,435 [INFO] ApiDb:250 - Set database path to: /Users/Zarina/.stmcufinder/plugins/mcufinder//mcu/
2024-12-25 15:53:55,435 [WARN] DbFile:41 - Overriding database path with different value: /Users/Zarina/.stmcufinder/plugins/mcufinder/ => /Users/Zarina/.stmcufinder/plugins/mcufinder
2024-12-25 15:53:55,435 [INFO] DbMcusAds:125 - Set database path to: /Users/Zarina/.stmcufinder/plugins/mcufinder//mcu/
2024-12-25 15:53:55,435 [WARN] DbFile:41 - Overriding database path with different value: /Users/Zarina/.stmcufinder/plugins/mcufinder/ => /Users/Zarina/.stmcufinder/plugins/mcufinder
2024-12-25 15:53:55,435 [WARN] DbFile:41 - Overriding database path with different value: /Users/Zarina/.stmcufinder/plugins/mcufinder/ => /Users/Zarina/.stmcufinder/plugins/mcufinder
2024-12-25 15:53:55,435 [INFO] CrossReferenceDbSqlite:203 - Set database path to: /Users/Zarina/.stmcufinder/plugins/mcufinder//mcu/cs/
2024-12-25 15:53:55,460 [INFO] ApplicationProperties:184 - Using Application install path: /Applications/STM32CubeIDE.app/Contents/Eclipse/plugins/com.st.stm32cube.common.mx_6.12.1.202409122256
2024-12-25 15:53:55,462 [INFO] PluginManage:196 - Search for loadable plugins [exclusion list=, ]
2024-12-25 15:53:55,465 [INFO] PluginManage:310 - Check plugin analytics
2024-12-25 15:53:55,744 [INFO] AnalyticsPlugin:253 - Accepted Software Licenses: 
2024-12-25 15:53:55,745 [INFO] AnalyticsPlugin:255 - Accepted CMSIS Pack Licenses: 
2024-12-25 15:53:55,745 [INFO] AnalyticsPlugin:257 - Accepted Firmware Licenses: FW.F4.1.28.0
2024-12-25 15:53:55,750 [INFO] PluginManage:359 - Loaded plugin analytics (category:tool,tabindex:-1)
2024-12-25 15:53:55,750 [INFO] PluginManage:310 - Check plugin cadmodel
2024-12-25 15:53:55,757 [INFO] CADModel:105 - Init CAD model plugin
2024-12-25 15:53:55,758 [INFO] PluginManage:359 - Loaded plugin cadmodel (category:power,tabindex:5)
2024-12-25 15:53:55,758 [INFO] PluginManage:310 - Check plugin clock
2024-12-25 15:53:55,769 [INFO] PluginManage:359 - Loaded plugin clock (category:base,tabindex:2)
2024-12-25 15:53:55,770 [INFO] PluginManage:310 - Check plugin ddr
2024-12-25 15:53:55,773 [INFO] PluginManage:359 - Loaded plugin ddr (category:tool,tabindex:6)
2024-12-25 15:53:55,774 [INFO] PluginManage:310 - Check plugin filemanager
2024-12-25 15:53:55,988 [INFO] PluginManage:359 - Loaded plugin filemanager (category:base,tabindex:10)
2024-12-25 15:53:55,988 [INFO] PluginManage:310 - Check plugin ipmanager
2024-12-25 15:53:56,000 [INFO] PluginManage:359 - Loaded plugin ipmanager (category:base,tabindex:5)
2024-12-25 15:53:56,000 [INFO] PluginManage:310 - Check plugin lpbam
2024-12-25 15:53:56,016 [INFO] PluginManage:359 - Loaded plugin lpbam (category:base,tabindex:0)
2024-12-25 15:53:56,016 [INFO] PluginManage:310 - Check plugin memorymap
2024-12-25 15:53:56,039 [INFO] PluginManage:359 - Loaded plugin memorymap (category:base,tabindex:4)
2024-12-25 15:53:56,039 [INFO] PluginManage:310 - Check plugin pinoutandconfiguration
2024-12-25 15:53:56,052 [INFO] PluginManage:359 - Loaded plugin pinoutandconfiguration (category:base,tabindex:1)
2024-12-25 15:53:56,052 [INFO] PluginManage:310 - Check plugin pinoutconfig
2024-12-25 15:53:56,190 [WARN] SupportedApi:132 - Cannot load RTOS API schema: s4s-elt-must-match.1: The content of 'definitions' must match (annotation?, (simpleType | complexType)?, (unique | key | keyref)*)). A problem was found starting at: attribute.
2024-12-25 15:53:56,468 [INFO] PluginManage:359 - Loaded plugin pinoutconfig (category:base,tabindex:0)
2024-12-25 15:53:56,468 [INFO] PluginManage:310 - Check plugin power
2024-12-25 15:53:56,481 [INFO] PluginManage:359 - Loaded plugin power (category:power,tabindex:4)
2024-12-25 15:53:56,481 [INFO] PluginManage:310 - Check plugin projectmanager
2024-12-25 15:53:56,507 [INFO] PluginManage:359 - Loaded plugin projectmanager (category:projectmanager,tabindex:4)
2024-12-25 15:53:56,507 [INFO] PluginManage:310 - Check plugin rif
2024-12-25 15:53:56,515 [INFO] PluginManage:359 - Loaded plugin rif (category:base,tabindex:3)
2024-12-25 15:53:56,515 [INFO] PluginManage:310 - Check plugin thirdparty
2024-12-25 15:53:56,718 [INFO] PluginManage:359 - Loaded plugin thirdparty (category:base,tabindex:-1)
2024-12-25 15:53:56,719 [INFO] PluginManage:310 - Check plugin tools
2024-12-25 15:53:56,718 [WARN] IntegrityCheckThread:84 - waiting for thirdparty lock release [integrity check]
2024-12-25 15:53:56,721 [INFO] IntegrityCheckThread:86 - entering critical section [integrity check]
2024-12-25 15:53:56,721 [INFO] ThirdPartyUpdaterWithRetryManager:70 - Updater plugin not ready yet. [1/15]
2024-12-25 15:53:56,722 [INFO] PluginManage:359 - Loaded plugin tools (category:base,tabindex:7)
2024-12-25 15:53:56,723 [INFO] PluginManage:310 - Check plugin tutovideos
2024-12-25 15:53:57,018 [INFO] PluginManage:359 - Loaded plugin tutovideos (category:base,tabindex:-1)
2024-12-25 15:53:57,019 [INFO] PluginManage:310 - Check plugin updater
2024-12-25 15:53:57,045 [INFO] PluginManage:359 - Loaded plugin updater (category:base,tabindex:12)
2024-12-25 15:53:57,046 [INFO] PluginManage:310 - Check plugin userauth
2024-12-25 15:53:57,054 [INFO] UserAuth:113 - Init User Auth plugin
2024-12-25 15:53:57,054 [INFO] PluginManage:359 - Loaded plugin userauth (category:base,tabindex:14)
2024-12-25 15:53:57,055 [INFO] PluginManage:283 - PluginManage : Loaded plugins [18]
2024-12-25 15:53:57,397 [INFO] PinOutPanel:1561 - setPackage(No Configuration,No Configuration)
2024-12-25 15:53:57,513 [INFO] CADModel:165 - CPN selected for project level
2024-12-25 15:53:57,513 [INFO] CADModel:114 - Register for checkConnection events
2024-12-25 15:53:57,529 [INFO] IPUIPlugin:80 - create IPUIPlugin
2024-12-25 15:53:57,530 [INFO] PluginManager:220 - loadIPPluginJar : add mdma
2024-12-25 15:53:57,539 [INFO] IPUIPlugin:80 - create IPUIPlugin
2024-12-25 15:53:57,540 [INFO] PluginManager:220 - loadIPPluginJar : add freertos
2024-12-25 15:53:57,547 [INFO] IPUIPlugin:80 - create IPUIPlugin
2024-12-25 15:53:57,548 [INFO] PluginManager:220 - loadIPPluginJar : add gic
2024-12-25 15:53:57,560 [INFO] IPUIPlugin:80 - create IPUIPlugin
2024-12-25 15:53:57,560 [INFO] PluginManager:220 - loadIPPluginJar : add adc
2024-12-25 15:53:57,563 [INFO] IPUIPlugin:80 - create IPUIPlugin
2024-12-25 15:53:57,564 [INFO] PluginManager:220 - loadIPPluginJar : add gtzc
2024-12-25 15:53:57,565 [INFO] IPUIPlugin:80 - create IPUIPlugin
2024-12-25 15:53:57,565 [INFO] PluginManager:220 - loadIPPluginJar : add quadspi
2024-12-25 15:53:57,568 [INFO] IPUIPlugin:80 - create IPUIPlugin
2024-12-25 15:53:57,568 [INFO] PluginManager:220 - loadIPPluginJar : add aes
2024-12-25 15:53:57,572 [INFO] IPUIPlugin:80 - create IPUIPlugin
2024-12-25 15:53:57,572 [INFO] PluginManager:220 - loadIPPluginJar : add pdm2pcm
2024-12-25 15:53:57,575 [INFO] IPUIPlugin:80 - create IPUIPlugin
2024-12-25 15:53:57,575 [INFO] PluginManager:220 - loadIPPluginJar : add hash
2024-12-25 15:53:57,578 [INFO] IPUIPlugin:80 - create IPUIPlugin
2024-12-25 15:53:57,578 [INFO] PluginManager:220 - loadIPPluginJar : add tim
2024-12-25 15:53:57,579 [INFO] IPUIPlugin:80 - create IPUIPlugin
2024-12-25 15:53:57,580 [INFO] PluginManager:220 - loadIPPluginJar : add tsc
2024-12-25 15:53:57,583 [INFO] IPUIPlugin:80 - create IPUIPlugin
2024-12-25 15:53:57,584 [INFO] PluginManager:220 - loadIPPluginJar : add extmemmanager
2024-12-25 15:53:57,586 [INFO] IPUIPlugin:80 - create IPUIPlugin
2024-12-25 15:53:57,586 [INFO] PluginManager:220 - loadIPPluginJar : add ts
2024-12-25 15:53:57,589 [INFO] IPUIPlugin:80 - create IPUIPlugin
2024-12-25 15:53:57,589 [INFO] PluginManager:220 - loadIPPluginJar : add radio
2024-12-25 15:53:57,593 [INFO] IPUIPlugin:80 - create IPUIPlugin
2024-12-25 15:53:57,594 [INFO] PluginManager:220 - loadIPPluginJar : add can
2024-12-25 15:53:57,597 [INFO] IPUIPlugin:80 - create IPUIPlugin
2024-12-25 15:53:57,597 [INFO] PluginManager:220 - loadIPPluginJar : add dma3
2024-12-25 15:53:57,601 [INFO] IPUIPlugin:80 - create IPUIPlugin
2024-12-25 15:53:57,601 [INFO] PluginManager:220 - loadIPPluginJar : add dfsdm
2024-12-25 15:53:57,605 [INFO] IPUIPlugin:80 - create IPUIPlugin
2024-12-25 15:53:57,605 [INFO] PluginManager:220 - loadIPPluginJar : add spi
2024-12-25 15:53:57,608 [INFO] IPUIPlugin:80 - create IPUIPlugin
2024-12-25 15:53:57,609 [INFO] PluginManager:220 - loadIPPluginJar : add gfxmmu
2024-12-25 15:53:57,610 [INFO] IPUIPlugin:80 - create IPUIPlugin
2024-12-25 15:53:57,611 [INFO] PluginManager:220 - loadIPPluginJar : add genericplugin
2024-12-25 15:53:57,613 [INFO] IPUIPlugin:80 - create IPUIPlugin
2024-12-25 15:53:57,614 [INFO] PluginManager:220 - loadIPPluginJar : add cryp
2024-12-25 15:53:57,619 [INFO] IPUIPlugin:80 - create IPUIPlugin
2024-12-25 15:53:57,619 [INFO] PluginManager:220 - loadIPPluginJar : add gpio
2024-12-25 15:53:57,623 [INFO] IPUIPlugin:80 - create IPUIPlugin
2024-12-25 15:53:57,624 [INFO] PluginManager:220 - loadIPPluginJar : add ddr_ctrl_phy
2024-12-25 15:53:57,626 [INFO] IPUIPlugin:80 - create IPUIPlugin
2024-12-25 15:53:57,626 [INFO] PluginManager:220 - loadIPPluginJar : add comp
2024-12-25 15:53:57,629 [INFO] IPUIPlugin:80 - create IPUIPlugin
2024-12-25 15:53:57,629 [INFO] PluginManager:220 - loadIPPluginJar : add tracer_emb
2024-12-25 15:53:57,634 [INFO] IPUIPlugin:80 - create IPUIPlugin
2024-12-25 15:53:57,635 [INFO] PluginManager:220 - loadIPPluginJar : add openamp
2024-12-25 15:53:57,641 [INFO] IPUIPlugin:80 - create IPUIPlugin
2024-12-25 15:53:57,641 [INFO] PluginManager:220 - loadIPPluginJar : add stm32_wpan
2024-12-25 15:53:57,649 [INFO] IPUIPlugin:80 - create IPUIPlugin
2024-12-25 15:53:57,652 [INFO] PluginManager:220 - loadIPPluginJar : add plateformsettings
2024-12-25 15:53:57,655 [INFO] IPUIPlugin:80 - create IPUIPlugin
2024-12-25 15:53:57,655 [INFO] PluginManager:220 - loadIPPluginJar : add ipddr
2024-12-25 15:53:57,659 [INFO] IPUIPlugin:80 - create IPUIPlugin
2024-12-25 15:53:57,659 [INFO] PluginManager:220 - loadIPPluginJar : add usart
2024-12-25 15:53:57,661 [INFO] IPUIPlugin:80 - create IPUIPlugin
2024-12-25 15:53:57,661 [INFO] PluginManager:220 - loadIPPluginJar : add ltdc
2024-12-25 15:53:57,666 [INFO] IPUIPlugin:80 - create IPUIPlugin
2024-12-25 15:53:57,666 [INFO] PluginManager:220 - loadIPPluginJar : add nvic
2024-12-25 15:53:57,668 [INFO] IPUIPlugin:80 - create IPUIPlugin
2024-12-25 15:53:57,669 [INFO] PluginManager:220 - loadIPPluginJar : add fatfs
2024-12-25 15:53:57,678 [INFO] IPUIPlugin:80 - create IPUIPlugin
2024-12-25 15:53:57,678 [INFO] PluginManager:220 - loadIPPluginJar : add linkedlist
2024-12-25 15:53:57,684 [INFO] IPUIPlugin:80 - create IPUIPlugin
2024-12-25 15:53:57,685 [INFO] PluginManager:220 - loadIPPluginJar : add dma
2024-12-25 15:53:57,690 [INFO] IPUIPlugin:80 - create IPUIPlugin
2024-12-25 15:53:57,690 [INFO] PluginManager:220 - loadIPPluginJar : add fmc
2024-12-25 15:53:57,694 [INFO] IPUIPlugin:80 - create IPUIPlugin
2024-12-25 15:53:57,694 [INFO] PluginManager:220 - loadIPPluginJar : add i2s
2024-12-25 15:53:57,697 [INFO] IPUIPlugin:80 - create IPUIPlugin
2024-12-25 15:53:57,697 [INFO] PluginManager:220 - loadIPPluginJar : add ucpd
2024-12-25 15:53:57,700 [INFO] IPUIPlugin:80 - create IPUIPlugin
2024-12-25 15:53:57,700 [INFO] PluginManager:220 - loadIPPluginJar : add lorawan
2024-12-25 15:53:57,703 [INFO] IPUIPlugin:80 - create IPUIPlugin
2024-12-25 15:53:57,704 [INFO] PluginManager:220 - loadIPPluginJar : add opamp
2024-12-25 15:53:57,707 [INFO] IPUIPlugin:80 - create IPUIPlugin
2024-12-25 15:53:57,708 [INFO] PluginManager:220 - loadIPPluginJar : add i3c
2024-12-25 15:53:57,713 [INFO] IPUIPlugin:80 - create IPUIPlugin
2024-12-25 15:53:57,713 [INFO] PluginManager:220 - loadIPPluginJar : add touchsensing
2024-12-25 15:53:57,717 [INFO] IPUIPlugin:80 - create IPUIPlugin
2024-12-25 15:53:57,717 [INFO] PluginManager:220 - loadIPPluginJar : add i2c
2024-12-25 15:53:57,722 [INFO] IPUIPlugin:80 - create IPUIPlugin
2024-12-25 15:53:57,722 [INFO] PluginManager:220 - loadIPPluginJar : add resmgrutility
2024-12-25 15:53:57,726 [INFO] IPUIPlugin:80 - create IPUIPlugin
2024-12-25 15:53:57,727 [INFO] PluginManager:220 - loadIPPluginJar : add sai
2024-12-25 15:53:57,730 [INFO] IPUIPlugin:80 - create IPUIPlugin
2024-12-25 15:53:57,730 [INFO] PluginManager:220 - loadIPPluginJar : add usbx
2024-12-25 15:53:57,850 [INFO] CADModel:165 - CPN selected for project level
2024-12-25 15:53:57,850 [INFO] CADModel:114 - Register for checkConnection events
2024-12-25 15:53:57,850 [FATAL] Updater:334 - Updater called before beeing initialized
2024-12-25 15:53:57,851 [ERROR] CADModel:125 - Updater not yet initialized, retry later 
2024-12-25 15:53:58,122 [INFO] CADModel:165 - CPN selected for project level
2024-12-25 15:53:58,122 [INFO] CADModel:114 - Register for checkConnection events
2024-12-25 15:53:58,122 [FATAL] Updater:334 - Updater called before beeing initialized
2024-12-25 15:53:58,123 [ERROR] CADModel:125 - Updater not yet initialized, retry later 
2024-12-25 15:53:58,128 [FATAL] Updater:334 - Updater called before beeing initialized
2024-12-25 15:53:58,255 [FATAL] Updater:334 - Updater called before beeing initialized
2024-12-25 15:53:58,261 [INFO] DbMcusAds:53 - JSON generation date=Fri Sep 20 06:04:23 PDT 2024 (1726837463113)
2024-12-25 15:53:58,261 [FATAL] Updater:334 - Updater called before beeing initialized
2024-12-25 15:53:58,373 [WARN] DetailPanel:346 - Failed to get advertising image, set to default
2024-12-25 15:53:58,541 [FATAL] Updater:334 - Updater called before beeing initialized
2024-12-25 15:53:58,544 [FATAL] Updater:334 - Updater called before beeing initialized
2024-12-25 15:53:58,544 [FATAL] Updater:334 - Updater called before beeing initialized
2024-12-25 15:53:58,544 [WARN] DetailPanel:346 - Failed to get advertising image, set to default
2024-12-25 15:53:58,546 [FATAL] Updater:334 - Updater called before beeing initialized
2024-12-25 15:53:58,597 [ERROR] Updater:1164 - MainUpdater not yet initialized. External WinMGr cannot be set.
2024-12-25 15:53:58,625 [INFO] Updater:1100 - Updater Version found : 6.12.1
2024-12-25 15:53:58,652 [INFO] ApplicationProperties:184 - Using Application install path: /Applications/STM32CubeIDE.app/Contents/Eclipse/plugins/com.st.stm32cube.common.mx_6.12.1.202409122256
2024-12-25 15:53:59,077 [INFO] MainUpdater:2873 - connection check result : 10
2024-12-25 15:53:59,078 [INFO] MainUpdater:290 - Updater Check For Update Now.
2024-12-25 15:53:59,078 [INFO] MicroXplorer:498 - Change Database Version : DB.6.0.121
2024-12-25 15:53:59,090 [INFO] McuFinderGlobals:63 - Set McuFinder mode to 2 (CubeIDE integrated)
2024-12-25 15:53:59,092 [INFO] UserAuth:417 - Internet connection configuration mode: 1
2024-12-25 15:53:59,124 [INFO] JxBrowserEngine:152 - Initiate JxBrowser Engine with user profile folder
2024-12-25 15:53:59,374 [INFO] CheckServerUpdateThread:120 - End of CheckServer Thread
2024-12-25 15:54:00,089 [WARN] PackLoader:240 - Cannot read IP mode file for STMicroelectronics.FP-SNS-MOTENVWB1.1.4.0
2024-12-25 15:54:00,104 [WARN] PackLoader:240 - Cannot read IP mode file for STMicroelectronics.FP-ATR-ASTRA1.2.0.1
2024-12-25 15:54:00,127 [WARN] PackLoader:240 - Cannot read IP mode file for STMicroelectronics.X-CUBE-SMBUS.2.1.0
2024-12-25 15:54:00,145 [WARN] PackLoader:240 - Cannot read IP mode file for STMicroelectronics.X-CUBE-WB05N.1.1.0
2024-12-25 15:54:00,364 [WARN] PackLoader:240 - Cannot read IP mode file for STMicroelectronics.X-CUBE-AZRTOS-F7.1.1.0
2024-12-25 15:54:01,261 [WARN] PackLoader:240 - Cannot read IP mode file for STMicroelectronics.X-CUBE-MEMS1.11.0.0
2024-12-25 15:54:01,373 [INFO] WebApp:167 - Instantiating new browser for Auth
2024-12-25 15:54:01,816 [WARN] PackLoader:240 - Cannot read IP mode file for STMicroelectronics.FP-SNS-FLIGHT1.5.0.2
2024-12-25 15:54:01,850 [WARN] PackLoader:240 - Cannot read IP mode file for STMicroelectronics.X-CUBE-DISPLAY.3.0.0
2024-12-25 15:54:01,877 [WARN] PackLoader:240 - Cannot read IP mode file for STMicroelectronics.X-CUBE-BLE1.7.0.0
2024-12-25 15:54:01,913 [WARN] PackLoader:240 - Cannot read IP mode file for STMicroelectronics.X-CUBE-NFC10.1.0.0
2024-12-25 15:54:01,944 [WARN] PackLoader:240 - Cannot read IP mode file for STMicroelectronics.X-CUBE-BLEMGR.4.0.0
2024-12-25 15:54:01,970 [WARN] PackLoader:240 - Cannot read IP mode file for emotas.I-CUBE-CANOPEN.1.3.0
2024-12-25 15:54:01,994 [WARN] PackLoader:240 - Cannot read IP mode file for STMicroelectronics.X-CUBE-BLEMGR.3.1.0
2024-12-25 15:54:02,008 [WARN] PackLoader:240 - Cannot read IP mode file for STMicroelectronics.FP-SNS-SMARTAG2.1.2.0
2024-12-25 15:54:02,189 [WARN] PackLoader:240 - Cannot read IP mode file for STMicroelectronics.X-CUBE-MEMS1.11.1.0
2024-12-25 15:54:03,080 [INFO] WebApp:448 - Apply proxy settings
2024-12-25 15:54:03,088 [INFO] WebApp:493 - Chromium authenticates against Manually configured proxy
2024-12-25 15:54:03,115 [INFO] WebApp:501 - Username used for proxy authentication: 
2024-12-25 15:54:03,146 [INFO] LogOutputStream:77 - [STDOUT_REDIRECT] 1 : Invalid condition id : UX_CORESTACK_Condition cause : null
2024-12-25 15:54:03,148 [INFO] LogOutputStream:77 - [STDOUT_REDIRECT] 1 : Invalid condition id : UX_CORESTACK_Condition cause : null
2024-12-25 15:54:03,149 [INFO] LogOutputStream:77 - [STDOUT_REDIRECT] 1 : Invalid condition id : UX_CORESTACK_Condition cause : null
2024-12-25 15:54:03,149 [INFO] LogOutputStream:77 - [STDOUT_REDIRECT] 1 : Invalid condition id : UX_CORESTACK_Condition cause : null
2024-12-25 15:54:03,150 [INFO] LogOutputStream:77 - [STDOUT_REDIRECT] 1 : Invalid condition id : UX_CORESTACK_Condition cause : null
2024-12-25 15:54:03,168 [WARN] PackLoader:240 - Cannot read IP mode file for STMicroelectronics.X-CUBE-AZRTOS-WL.2.0.0
2024-12-25 15:54:03,204 [WARN] PackLoader:240 - Cannot read IP mode file for STMicroelectronics.FP-SNS-MOTENV1.5.0.0
2024-12-25 15:54:03,214 [WARN] PackLoader:240 - Cannot read IP mode file for wolfSSL.I-CUBE-wolfMQTT.1.19.0
2024-12-25 15:54:03,220 [INFO] WebApp:869 - Register for checkConnection events
2024-12-25 15:54:03,220 [INFO] WebApp:448 - Apply proxy settings
2024-12-25 15:54:03,225 [INFO] WebApp:493 - Chromium authenticates against Manually configured proxy
2024-12-25 15:54:03,226 [INFO] WebApp:501 - Username used for proxy authentication: 
2024-12-25 15:54:03,233 [WARN] PackLoader:240 - Cannot read IP mode file for WES.I-CUBE-Cesium.1.3.0
2024-12-25 15:54:03,249 [WARN] PackLoader:240 - Cannot read IP mode file for STMicroelectronics.X-CUBE-BLE2.3.3.0
2024-12-25 15:54:03,265 [WARN] PackLoader:240 - Cannot read IP mode file for STMicroelectronics.X-CUBE-NFC9.1.0.0
2024-12-25 15:54:03,282 [WARN] PackLoader:240 - Cannot read IP mode file for STMicroelectronics.X-CUBE-TCPP.4.1.0
2024-12-25 15:54:03,395 [INFO] WebApp:186 - Connection restablished
2024-12-25 15:54:03,670 [WARN] PackLoader:240 - Cannot read IP mode file for STMicroelectronics.X-CUBE-AZRTOS-G0.1.1.0
2024-12-25 15:54:03,704 [WARN] PackLoader:240 - Cannot read IP mode file for STMicroelectronics.X-CUBE-SAFEA1.1.2.2
2024-12-25 15:54:03,718 [WARN] PackLoader:240 - Cannot read IP mode file for STMicroelectronics.X-CUBE-NFC4.3.0.0
2024-12-25 15:54:03,872 [WARN] PackLoader:240 - Cannot read IP mode file for EmbeddedOffice.I-CUBE-FS-RTOS.1.0.1
2024-12-25 15:54:03,873 [ERROR] ConditionMgr:805 - Attr not supported : Dmpu
2024-12-25 15:54:03,873 [ERROR] ConditionMgr:805 - Attr not supported : Dmpu
2024-12-25 15:54:03,874 [ERROR] ConditionMgr:805 - Attr not supported : Dmpu
2024-12-25 15:54:03,874 [ERROR] ConditionMgr:805 - Attr not supported : Dmpu
2024-12-25 15:54:03,874 [ERROR] ConditionMgr:805 - Attr not supported : Dmpu
2024-12-25 15:54:03,874 [ERROR] ConditionMgr:805 - Attr not supported : Dmpu
2024-12-25 15:54:03,875 [ERROR] ConditionMgr:805 - Attr not supported : Dmpu
2024-12-25 15:54:03,875 [ERROR] ConditionMgr:805 - Attr not supported : Dmpu
2024-12-25 15:54:03,875 [ERROR] ConditionMgr:805 - Attr not supported : Dmpu
2024-12-25 15:54:03,875 [ERROR] ConditionMgr:805 - Attr not supported : Dmpu
2024-12-25 15:54:03,875 [ERROR] ConditionMgr:805 - Attr not supported : Dmpu
2024-12-25 15:54:03,875 [ERROR] ConditionMgr:805 - Attr not supported : Dmpu
2024-12-25 15:54:03,875 [ERROR] ConditionMgr:805 - Attr not supported : Dmpu
2024-12-25 15:54:03,876 [ERROR] ConditionMgr:805 - Attr not supported : Dmpu
2024-12-25 15:54:03,876 [ERROR] ConditionMgr:805 - Attr not supported : Dmpu
2024-12-25 15:54:03,876 [ERROR] ConditionMgr:805 - Attr not supported : Dmpu
2024-12-25 15:54:03,876 [ERROR] ConditionMgr:805 - Attr not supported : Dmpu
2024-12-25 15:54:03,876 [ERROR] ConditionMgr:805 - Attr not supported : Dmpu
2024-12-25 15:54:03,876 [ERROR] ConditionMgr:805 - Attr not supported : Dmpu
2024-12-25 15:54:03,876 [ERROR] ConditionMgr:805 - Attr not supported : Dmpu
2024-12-25 15:54:03,877 [ERROR] ConditionMgr:805 - Attr not supported : Dmpu
2024-12-25 15:54:03,877 [ERROR] ConditionMgr:805 - Attr not supported : Dmpu
2024-12-25 15:54:03,877 [ERROR] ConditionMgr:805 - Attr not supported : Dmpu
2024-12-25 15:54:03,877 [ERROR] ConditionMgr:805 - Attr not supported : Dmpu
2024-12-25 15:54:03,877 [ERROR] ConditionMgr:805 - Attr not supported : Dmpu
2024-12-25 15:54:03,877 [ERROR] ConditionMgr:805 - Attr not supported : Dmpu
2024-12-25 15:54:03,878 [ERROR] ConditionMgr:805 - Attr not supported : Dmpu
2024-12-25 15:54:03,878 [ERROR] ConditionMgr:805 - Attr not supported : Dmpu
2024-12-25 15:54:03,878 [ERROR] ConditionMgr:805 - Attr not supported : Dmpu
2024-12-25 15:54:03,878 [ERROR] ConditionMgr:805 - Attr not supported : Dmpu
2024-12-25 15:54:03,878 [ERROR] ConditionMgr:805 - Attr not supported : Dmpu
2024-12-25 15:54:03,878 [ERROR] ConditionMgr:805 - Attr not supported : Dmpu
2024-12-25 15:54:03,878 [ERROR] ConditionMgr:805 - Attr not supported : Dmpu
2024-12-25 15:54:03,879 [ERROR] ConditionMgr:805 - Attr not supported : Dmpu
2024-12-25 15:54:03,879 [ERROR] ConditionMgr:805 - Attr not supported : Dmpu
2024-12-25 15:54:03,879 [ERROR] ConditionMgr:805 - Attr not supported : Dmpu
2024-12-25 15:54:03,879 [ERROR] ConditionMgr:805 - Attr not supported : Dmpu
2024-12-25 15:54:03,879 [ERROR] ConditionMgr:805 - Attr not supported : Dmpu
2024-12-25 15:54:03,880 [ERROR] ConditionMgr:805 - Attr not supported : Dmpu
2024-12-25 15:54:03,880 [ERROR] ConditionMgr:805 - Attr not supported : Dmpu
2024-12-25 15:54:03,880 [ERROR] ConditionMgr:805 - Attr not supported : Dmpu
2024-12-25 15:54:03,880 [ERROR] ConditionMgr:805 - Attr not supported : Dmpu
2024-12-25 15:54:03,880 [ERROR] ConditionMgr:805 - Attr not supported : Dmpu
2024-12-25 15:54:03,881 [ERROR] ConditionMgr:805 - Attr not supported : Dmpu
2024-12-25 15:54:03,881 [ERROR] ConditionMgr:805 - Attr not supported : Dmpu
2024-12-25 15:54:03,881 [ERROR] ConditionMgr:805 - Attr not supported : Dmpu
2024-12-25 15:54:03,881 [ERROR] ConditionMgr:805 - Attr not supported : Dmpu
2024-12-25 15:54:03,882 [ERROR] ConditionMgr:805 - Attr not supported : Dmpu
2024-12-25 15:54:03,882 [ERROR] ConditionMgr:805 - Attr not supported : Dmpu
2024-12-25 15:54:03,882 [ERROR] ConditionMgr:805 - Attr not supported : Dmpu
2024-12-25 15:54:03,882 [ERROR] ConditionMgr:805 - Attr not supported : Dmpu
2024-12-25 15:54:03,882 [ERROR] ConditionMgr:805 - Attr not supported : Dmpu
2024-12-25 15:54:03,882 [ERROR] ConditionMgr:805 - Attr not supported : Dmpu
2024-12-25 15:54:03,883 [ERROR] ConditionMgr:805 - Attr not supported : Dmpu
2024-12-25 15:54:03,883 [ERROR] ConditionMgr:805 - Attr not supported : Dmpu
2024-12-25 15:54:03,883 [ERROR] ConditionMgr:805 - Attr not supported : Dmpu
2024-12-25 15:54:03,883 [ERROR] ConditionMgr:805 - Attr not supported : Dmpu
2024-12-25 15:54:03,883 [ERROR] ConditionMgr:805 - Attr not supported : Dmpu
2024-12-25 15:54:03,884 [ERROR] ConditionMgr:805 - Attr not supported : Dmpu
2024-12-25 15:54:03,884 [ERROR] ConditionMgr:805 - Attr not supported : Dmpu
2024-12-25 15:54:03,884 [ERROR] ConditionMgr:805 - Attr not supported : Dmpu
2024-12-25 15:54:03,884 [ERROR] ConditionMgr:805 - Attr not supported : Dmpu
2024-12-25 15:54:03,884 [ERROR] ConditionMgr:805 - Attr not supported : Dmpu
2024-12-25 15:54:03,884 [ERROR] ConditionMgr:805 - Attr not supported : Dmpu
2024-12-25 15:54:03,892 [ERROR] Engine:466 - /Users/Zarina/.stm32cubemx/thirdparties/pdsc/STMicroelectronics.X-CUBE-TCPP.4.2.0.pdsc: PDSC version is not supported
2024-12-25 15:54:03,900 [WARN] PackLoader:240 - Cannot read IP mode file for RealThread.X-CUBE-RT-Thread_Nano.4.1.1
2024-12-25 15:54:03,908 [WARN] PackLoader:240 - Cannot read IP mode file for STMicroelectronics.FP-ATR-SIGFOX1.3.2.0
2024-12-25 15:54:03,916 [WARN] PackLoader:240 - Cannot read IP mode file for wolfSSL.I-CUBE-wolfSSL.5.7.2
2024-12-25 15:54:03,924 [WARN] ConditionMgr:438 - getConditionDescription Invalid condition id : Cortex-A Device cause : null
2024-12-25 15:54:03,949 [WARN] ConditionMgr:1039 - genDependencies : Invalid condition id : Cortex-A Device cause : null
2024-12-25 15:54:03,949 [WARN] ConditionMgr:1039 - genDependencies : Invalid condition id : Cortex-A Device cause : null
2024-12-25 15:54:03,949 [WARN] ConditionMgr:1039 - genDependencies : Invalid condition id : Cortex-A Device cause : null
2024-12-25 15:54:03,961 [WARN] PackLoader:240 - Cannot read IP mode file for STMicroelectronics.X-CUBE-EEPRMA1.5.1.0
2024-12-25 15:54:03,983 [WARN] PackLoader:240 - Cannot read IP mode file for ITTIA_DB.I-CUBE-ITTIADB.8.9.0
2024-12-25 15:54:04,281 [WARN] PackLoader:240 - Cannot read IP mode file for SEGGER.I-CUBE-embOS.1.3.1
2024-12-25 15:54:04,351 [INFO] WebApp:220 - Starting web application
2024-12-25 15:54:04,351 [INFO] WebApp:578 - Web application path used /Applications/STM32CubeIDE.app/Contents/Eclipse/plugins/com.st.stm32cube.common.mx_6.12.1.202409122256/db/plugins/mcufinder/reactClient1/index.html
2024-12-25 15:54:04,523 [INFO] UserAuth:417 - Internet connection configuration mode: 1
2024-12-25 15:54:04,648 [WARN] PackLoader:240 - Cannot read IP mode file for STMicroelectronics.X-CUBE-ALGOBUILD.1.4.0
2024-12-25 15:54:04,660 [WARN] PackLoader:240 - Cannot read IP mode file for STMicroelectronics.X-CUBE-AI.9.1.0
2024-12-25 15:54:04,789 [WARN] PackLoader:240 - Cannot read IP mode file for STMicroelectronics.X-CUBE-AZRTOS-F4.1.1.0
2024-12-25 15:54:04,802 [WARN] PackLoader:240 - Cannot read IP mode file for STMicroelectronics.X-CUBE-ISPU.2.1.0
2024-12-25 15:54:04,814 [WARN] PackLoader:240 - Cannot read IP mode file for STMicroelectronics.X-CUBE-FREERTOS.1.2.0
2024-12-25 15:54:04,859 [WARN] PackLoader:240 - Cannot read IP mode file for STMicroelectronics.X-CUBE-AZRTOS-L5.2.0.0
2024-12-25 15:54:04,887 [WARN] PackLoader:240 - Cannot read IP mode file for STMicroelectronics.X-CUBE-NFC6.3.1.0
2024-12-25 15:54:04,918 [WARN] PackLoader:240 - Cannot read IP mode file for STMicroelectronics.X-CUBE-DPower.1.2.0
2024-12-25 15:54:04,971 [WARN] PackLoader:240 - Cannot read IP mode file for STMicroelectronics.X-CUBE-FREERTOS.1.3.0
2024-12-25 15:54:05,082 [WARN] PackLoader:240 - Cannot read IP mode file for STMicroelectronics.X-CUBE-NFC7.1.0.1
2024-12-25 15:54:05,171 [WARN] ConditionMgr:438 - getConditionDescription Invalid condition id : LAN8742 Phy interface Condition cause : null
2024-12-25 15:54:05,173 [WARN] PackLoader:240 - Cannot read IP mode file for STMicroelectronics.X-CUBE-AZRTOS-L4.2.0.0
2024-12-25 15:54:05,180 [WARN] ConditionMgr:1039 - genDependencies : Invalid condition id : LAN8742 Phy interface Condition cause : null
2024-12-25 15:54:05,183 [WARN] ConditionMgr:1039 - genDependencies : Invalid condition id : LAN8742 Phy interface Condition cause : null
2024-12-25 15:54:05,190 [WARN] ConditionMgr:1039 - genDependencies : Invalid condition id : LAN8742 Phy interface Condition cause : null
2024-12-25 15:54:05,249 [WARN] PackLoader:240 - Cannot read IP mode file for STMicroelectronics.X-CUBE-SFXS2LP1.4.0.0
2024-12-25 15:54:05,326 [WARN] PackLoader:240 - Cannot read IP mode file for STMicroelectronics.X-CUBE-AZRTOS-H7.3.3.0
2024-12-25 15:54:05,359 [WARN] PackLoader:240 - Cannot read IP mode file for STMicroelectronics.X-CUBE-IPS.3.0.0
2024-12-25 15:54:05,406 [WARN] ConditionMgr:438 - getConditionDescription Invalid condition id : UX DEVICE CLASS RTOS Condition cause : null
2024-12-25 15:54:05,406 [WARN] ConditionMgr:438 - getConditionDescription Invalid condition id : UX DEVICE CLASS RTOS Condition cause : null
2024-12-25 15:54:05,413 [WARN] PackLoader:240 - Cannot read IP mode file for STMicroelectronics.X-CUBE-AZRTOS-WB.2.0.0
2024-12-25 15:54:05,415 [WARN] ConditionMgr:1039 - genDependencies : Invalid condition id : UX DEVICE CLASS RTOS Condition cause : null
2024-12-25 15:54:05,415 [WARN] ConditionMgr:1039 - genDependencies : Invalid condition id : UX DEVICE CLASS RTOS Condition cause : null
2024-12-25 15:54:05,416 [WARN] ConditionMgr:1039 - genDependencies : Invalid condition id : UX DEVICE CLASS RTOS Condition cause : null
2024-12-25 15:54:05,417 [WARN] ConditionMgr:1039 - genDependencies : Invalid condition id : UX DEVICE CLASS RTOS Condition cause : null
2024-12-25 15:54:05,417 [WARN] ConditionMgr:1039 - genDependencies : Invalid condition id : UX DEVICE CLASS RTOS Condition cause : null
2024-12-25 15:54:05,429 [WARN] PackLoader:240 - Cannot read IP mode file for STMicroelectronics.X-CUBE-GNSS1.7.0.0
2024-12-25 15:54:05,440 [WARN] PackLoader:240 - Cannot read IP mode file for STMicroelectronics.X-CUBE-GNSS1.7.0.1
2024-12-25 15:54:05,453 [WARN] PackLoader:240 - Cannot read IP mode file for STMicroelectronics.FP-SNS-STBOX1.2.0.0
2024-12-25 15:54:05,473 [WARN] PackLoader:240 - Cannot read IP mode file for STMicroelectronics.X-CUBE-SUBG2.5.0.0
2024-12-25 15:54:05,489 [WARN] PackLoader:240 - Cannot read IP mode file for Cesanta.I-CUBE-Mongoose.7.13.0
2024-12-25 15:54:05,514 [WARN] PackLoader:240 - Cannot read IP mode file for STMicroelectronics.X-CUBE-AZRTOS-G4.2.0.0
2024-12-25 15:54:05,522 [WARN] PackLoader:240 - Cannot read IP mode file for STMicroelectronics.X-CUBE-ALS.1.0.2
2024-12-25 15:54:05,529 [WARN] PackLoader:240 - Cannot read IP mode file for STMicroelectronics.X-CUBE-TOUCHGFX.4.24.1
2024-12-25 15:54:05,533 [WARN] PackLoader:240 - Cannot read IP mode file for wolfSSL.I-CUBE-wolfTPM.3.4.0
2024-12-25 15:54:05,540 [WARN] PackLoader:240 - Cannot read IP mode file for portGmbH.I-Cube-SoM-uGOAL.1.1.0
2024-12-25 15:54:05,572 [WARN] PackLoader:240 - Cannot read IP mode file for STMicroelectronics.X-CUBE-AZRTOS-H7RS.1.0.0
2024-12-25 15:54:05,580 [WARN] PackLoader:240 - Cannot read IP mode file for STMicroelectronics.FP-ATR-ASTRA1.2.0.0
2024-12-25 15:54:05,596 [WARN] PackLoader:240 - Cannot read IP mode file for STMicroelectronics.X-CUBE-TOF1.3.4.2
2024-12-25 15:54:05,645 [WARN] PackLoader:240 - Cannot read IP mode file for Infineon.AIROC-Wi-Fi-Bluetooth-STM32.1.6.1
2024-12-25 15:54:05,659 [WARN] PackLoader:240 - Cannot read IP mode file for wolfSSL.I-CUBE-wolfSSH.1.4.17
2024-12-25 15:54:05,660 [INFO] ThirdParty:978 - Integrity check success = true
2024-12-25 15:54:05,661 [INFO] IntegrityCheckThread:100 - exiting critical section [integrity check]
2024-12-25 15:54:05,661 [INFO] IntegrityCheckThread:103 - End integrity checks thread
