2025-01-23 13:10:58,055 [INFO] WebApp:189 - Connection lost
2025-01-23 13:11:09,624 [INFO] WebApp:186 - Connection restablished
2025-01-23 14:37:43,383 [INFO] WebApp:189 - Connection lost
2025-01-23 14:37:56,711 [INFO] WebApp:186 - Connection restablished
2025-01-23 18:04:55,509 [INFO] WebApp:189 - Connection lost
2025-01-23 18:05:07,077 [INFO] WebApp:186 - Connection restablished
2025-01-23 19:46:56,077 [INFO] MainUpdater:2873 - connection check result : 10
2025-01-23 19:46:56,078 [INFO] MainUpdater:2873 - connection check result : 10
2025-01-23 19:46:57,428 [INFO] MicroXplorer:468 - Change Database Path : 
2025-01-23 19:46:57,430 [INFO] MicroXplorer:498 - Change Database Version : DB.6.0.121
2025-01-23 19:46:57,514 [ERROR] ProjectManagerView:394 - 
java.lang.NullPointerException: Cannot invoke "javax.swing.JTextField.getText()" because the return value of "java.util.List.get(int)" is null
	at com.st.microxplorer.plugins.projectmanager.gui.ProjectChoiceTab$10.caretUpdate(ProjectChoiceTab.java:2622) ~[filemanager.jar:?]
	at javax.swing.text.JTextComponent.fireCaretUpdate(JTextComponent.java:412) ~[?:?]
	at javax.swing.text.JTextComponent$MutableCaretEvent.fire(JTextComponent.java:4491) ~[?:?]
	at javax.swing.text.JTextComponent$MutableCaretEvent.stateChanged(JTextComponent.java:4513) ~[?:?]
	at javax.swing.text.DefaultCaret.fireStateChanged(DefaultCaret.java:842) ~[?:?]
	at com.apple.laf.AquaCaret.fireStateChanged(AquaCaret.java:86) ~[?:?]
	at javax.swing.text.DefaultCaret.changeCaretPosition(DefaultCaret.java:1313) ~[?:?]
	at javax.swing.text.DefaultCaret.handleSetDot(DefaultCaret.java:1212) ~[?:?]
	at javax.swing.text.DefaultCaret.setDot(DefaultCaret.java:1193) ~[?:?]
	at javax.swing.text.DefaultCaret$Handler.insertUpdate(DefaultCaret.java:1789) ~[?:?]
	at javax.swing.text.AbstractDocument.fireInsertUpdate(AbstractDocument.java:226) ~[?:?]
	at javax.swing.text.AbstractDocument.handleInsertString(AbstractDocument.java:780) ~[?:?]
	at javax.swing.text.AbstractDocument.insertString(AbstractDocument.java:739) ~[?:?]
	at javax.swing.text.PlainDocument.insertString(PlainDocument.java:131) ~[?:?]
	at javax.swing.text.AbstractDocument.replace(AbstractDocument.java:698) ~[?:?]
	at javax.swing.text.JTextComponent.setText(JTextComponent.java:1729) ~[?:?]
	at com.st.microxplorer.plugins.projectmanager.gui.ProjectChoiceTab.createHeapStackFields(ProjectChoiceTab.java:972) ~[filemanager.jar:?]
	at com.st.microxplorer.plugins.projectmanager.gui.ProjectChoiceTab.buildLinkSettingsPanel(ProjectChoiceTab.java:3597) ~[filemanager.jar:?]
	at com.st.microxplorer.plugins.projectmanager.gui.ProjectChoiceTab.defineWindowsFields(ProjectChoiceTab.java:1940) ~[filemanager.jar:?]
	at com.st.microxplorer.plugins.projectmanager.gui.ProjectChoiceTab.updateSettings(ProjectChoiceTab.java:550) ~[filemanager.jar:?]
	at com.st.microxplorer.plugins.projectmanager.gui.ProjectSettingsPanel.UpdateDialog(ProjectSettingsPanel.java:245) ~[filemanager.jar:?]
	at com.st.microxplorer.plugins.projectmanager.ProjectManagerView.propertyChange(ProjectManagerView.java:391) ~[filemanager.jar:?]
	at java.beans.PropertyChangeSupport.fire(PropertyChangeSupport.java:343) ~[?:?]
	at java.beans.PropertyChangeSupport.firePropertyChange(PropertyChangeSupport.java:335) ~[?:?]
	at java.beans.PropertyChangeSupport.firePropertyChange(PropertyChangeSupport.java:268) ~[?:?]
	at com.st.microxplorer.util.MXPropertyChangeSupport.firePropertyChange(MXPropertyChangeSupport.java:54) ~[STM32CubeMX.jar:?]
	at com.st.microxplorer.mxsystem.MxSystem.closeConfig(MxSystem.java:900) ~[STM32CubeMX.jar:?]
	at com.st.microxplorer.maingui.MainPanel.closeConfig(MainPanel.java:781) ~[STM32CubeMX.jar:?]
	at com.st.microxplorer.plugins.filemanager.engine.OpenFileManager.loadConfigurationFile(OpenFileManager.java:265) ~[filemanager.jar:?]
	at com.st.microxplorer.plugins.filemanager.engine.MainFileManager.userLoadConfig(MainFileManager.java:352) ~[filemanager.jar:?]
	at com.st.microxplorer.plugins.filemanager.engine.MainFileManager.userLoadConfig(MainFileManager.java:330) ~[filemanager.jar:?]
	at com.st.microxplorer.plugins.filemanager.FileManagerView.getSpecificTask(FileManagerView.java:246) ~[filemanager.jar:?]
	at com.st.stm32cube.common.mx.editor.CubeMxEditor.getMxTabbedPaneInstance(CubeMxEditor.java:1198) ~[com.st.stm32cube.common.mx_6.12.1.202409122256/:?]
	at com.st.stm32cube.common.mx.editor.CubeMxEditor$12$1.createSwingComponent(CubeMxEditor.java:1068) ~[com.st.stm32cube.common.mx_6.12.1.202409122256/:?]
	at com.st.stm32cube.common.mx.oss.core.awtswtbridge.EmbeddedSwingComposite.doComponentCreation(EmbeddedSwingComposite.java:492) ~[com.st.stm32cube.common.mx.oss_6.12.1.202409122256/:?]
	at com.st.stm32cube.common.mx.oss.core.awtswtbridge.EmbeddedSwingComposite$4.run(EmbeddedSwingComposite.java:291) ~[com.st.stm32cube.common.mx.oss_6.12.1.202409122256/:?]
	at com.st.stm32cube.common.mx.oss.core.awtswtbridge.AwtEnvironment$2.run(AwtEnvironment.java:166) ~[com.st.stm32cube.common.mx.oss_6.12.1.202409122256/:?]
	at java.awt.event.InvocationEvent.dispatch(InvocationEvent.java:318) ~[?:?]
	at java.awt.EventQueue.dispatchEventImpl(EventQueue.java:773) ~[?:?]
	at java.awt.EventQueue$4.run(EventQueue.java:720) ~[?:?]
	at java.awt.EventQueue$4.run(EventQueue.java:714) ~[?:?]
	at java.security.AccessController.doPrivileged(AccessController.java:399) ~[?:?]
	at java.security.ProtectionDomain$JavaSecurityAccessImpl.doIntersectionPrivilege(ProtectionDomain.java:86) ~[?:?]
	at java.awt.EventQueue.dispatchEvent(EventQueue.java:742) ~[?:?]
	at java.awt.EventDispatchThread.pumpOneEventForFilters(EventDispatchThread.java:203) ~[?:?]
	at java.awt.EventDispatchThread.pumpEventsForFilter(EventDispatchThread.java:124) ~[?:?]
	at java.awt.EventDispatchThread.pumpEventsForHierarchy(EventDispatchThread.java:113) ~[?:?]
	at java.awt.EventDispatchThread.pumpEvents(EventDispatchThread.java:109) ~[?:?]
	at java.awt.EventDispatchThread.pumpEvents(EventDispatchThread.java:101) ~[?:?]
	at java.awt.EventDispatchThread.run(EventDispatchThread.java:90) ~[?:?]
2025-01-23 19:46:57,535 [WARN] ThirdParty:871 - waiting for thirdparty lock release [close project]
2025-01-23 19:46:57,535 [INFO] ThirdParty:873 - entering critical section [close project]
2025-01-23 19:46:57,537 [INFO] ThirdParty:883 - exiting critical section [close project]
2025-01-23 19:46:57,542 [INFO] PinOutPanel:1561 - setPackage(No Configuration,No Configuration)
2025-01-23 19:46:57,615 [WARN] IpParametersView:151 - Warning: This peripheral hasn't parameters
2025-01-23 19:46:57,639 [WARN] MainPanel:284 - <html><b><center>Warning: This peripheral has no parameters to be configured<br></b></html>
2025-01-23 19:46:57,649 [INFO] UtilMem:75 - Begin LoadConfig() Used Memory: 830127232 Bytes (1073741824)
2025-01-23 19:46:57,650 [INFO] MicroXplorer:468 - Change Database Path : 
2025-01-23 19:46:57,650 [INFO] MicroXplorer:498 - Change Database Version : DB.6.0.121
2025-01-23 19:46:57,650 [INFO] OpenFileManager:332 - Change cursor
2025-01-23 19:46:57,694 [INFO] RulesReader:64 - Compatibility file has been processed (297 Rules)
2025-01-23 19:46:57,698 [INFO] Mcu:2032 - Initializing MCU STM32F411C(C-E)Ux STM32F411CEUx STM32F411CEU6
2025-01-23 19:46:58,762 [INFO] Context:742 - Trying to add GPIOservice into a context  which must be forbidden
2025-01-23 19:46:59,624 [INFO] RtosManager:555 - Registered RTOS mode: class=CMSIS, group=RTOS, mode=CMSIS_V1, owner=FREERTOS
2025-01-23 19:46:59,624 [INFO] RtosManager:555 - Registered RTOS mode: class=CMSIS, group=RTOS2, mode=CMSIS_V2, owner=FREERTOS
2025-01-23 19:46:59,624 [INFO] RtosManager:555 - Registered RTOS mode: class=RTOS, group=Core, mode=CMSIS_V1, owner=FREERTOS
2025-01-23 19:46:59,624 [INFO] RtosManager:555 - Registered RTOS mode: class=RTOS, group=Core, mode=CMSIS_V2, owner=FREERTOS
2025-01-23 19:46:59,624 [WARN] ModelIntegratedComponent:184 - Missing modes for component STMicroelectronics:FreeRTOS:0.0.1:STMicroelectronics:RTOS:FreeRTOS:Core:::10.2.0:
2025-01-23 19:46:59,629 [WARN] ModelIntegratedComponent:182 - Modes not found for component STMicroelectronics:USB_HOST:1.0.0:STMicroelectronics:USB::USB Host:Audio HS::1.0:USB_HOST_1_0_RESTRICTED_HS
2025-01-23 19:46:59,629 [WARN] ModelIntegratedComponent:188 - Modes not found for component STMicroelectronics:USB_HOST:1.0.0:STMicroelectronics:USB::USB Host:Audio HS::1.0:USB_HOST_1_0_RESTRICTED_HS
2025-01-23 19:46:59,629 [WARN] ModelIntegratedComponent:182 - Modes not found for component STMicroelectronics:USB_HOST:1.0.0:STMicroelectronics:USB::USB Host:CDC HS::1.0:USB_HOST_1_0_RESTRICTED_HS
2025-01-23 19:46:59,629 [WARN] ModelIntegratedComponent:188 - Modes not found for component STMicroelectronics:USB_HOST:1.0.0:STMicroelectronics:USB::USB Host:CDC HS::1.0:USB_HOST_1_0_RESTRICTED_HS
2025-01-23 19:46:59,629 [WARN] ModelIntegratedComponent:182 - Modes not found for component STMicroelectronics:USB_HOST:1.0.0:STMicroelectronics:USB::USB Host:MSC HS::1.0:USB_HOST_1_0_RESTRICTED_HS
2025-01-23 19:46:59,630 [WARN] ModelIntegratedComponent:188 - Modes not found for component STMicroelectronics:USB_HOST:1.0.0:STMicroelectronics:USB::USB Host:MSC HS::1.0:USB_HOST_1_0_RESTRICTED_HS
2025-01-23 19:46:59,630 [WARN] ModelIntegratedComponent:182 - Modes not found for component STMicroelectronics:USB_HOST:1.0.0:STMicroelectronics:USB::USB Host:HID HS::1.0:USB_HOST_1_0_RESTRICTED_HS
2025-01-23 19:46:59,630 [WARN] ModelIntegratedComponent:188 - Modes not found for component STMicroelectronics:USB_HOST:1.0.0:STMicroelectronics:USB::USB Host:HID HS::1.0:USB_HOST_1_0_RESTRICTED_HS
2025-01-23 19:46:59,630 [WARN] ModelIntegratedComponent:182 - Modes not found for component STMicroelectronics:USB_HOST:1.0.0:STMicroelectronics:USB::USB Host:MTP HS::1.0:USB_HOST_1_0_RESTRICTED_HS
2025-01-23 19:46:59,630 [WARN] ModelIntegratedComponent:188 - Modes not found for component STMicroelectronics:USB_HOST:1.0.0:STMicroelectronics:USB::USB Host:MTP HS::1.0:USB_HOST_1_0_RESTRICTED_HS
2025-01-23 19:46:59,635 [WARN] ModelIntegratedComponent:63 - No mode defined for component null
2025-01-23 19:46:59,635 [WARN] ModelIntegratedComponent:63 - No mode defined for component null
2025-01-23 19:46:59,635 [WARN] ModelIntegratedComponent:63 - No mode defined for component null
2025-01-23 19:46:59,635 [WARN] ModelIntegratedComponent:63 - No mode defined for component null
2025-01-23 19:46:59,635 [WARN] ModelIntegratedComponent:63 - No mode defined for component null
2025-01-23 19:46:59,635 [WARN] ModelIntegratedComponent:63 - No mode defined for component null
2025-01-23 19:46:59,635 [WARN] ModelIntegratedComponent:63 - No mode defined for component null
2025-01-23 19:46:59,635 [WARN] ModelIntegratedComponent:63 - No mode defined for component null
2025-01-23 19:46:59,635 [WARN] ModelIntegratedComponent:63 - No mode defined for component null
2025-01-23 19:46:59,635 [WARN] ModelIntegratedComponent:63 - No mode defined for component null
2025-01-23 19:46:59,635 [WARN] ModelIntegratedComponent:63 - No mode defined for component null
2025-01-23 19:46:59,635 [WARN] ModelIntegratedComponent:63 - No mode defined for component null
2025-01-23 19:46:59,635 [WARN] ModelIntegratedComponent:63 - No mode defined for component null
2025-01-23 19:46:59,636 [WARN] ModelIntegratedComponent:63 - No mode defined for component null
2025-01-23 19:46:59,636 [WARN] ModelIntegratedComponent:63 - No mode defined for component null
2025-01-23 19:46:59,636 [WARN] ModelIntegratedComponent:63 - No mode defined for component null
2025-01-23 19:46:59,636 [WARN] ModelIntegratedComponent:63 - No mode defined for component null
2025-01-23 19:46:59,636 [WARN] ModelIntegratedComponent:63 - No mode defined for component null
2025-01-23 19:46:59,636 [WARN] ModelIntegratedComponent:63 - No mode defined for component null
2025-01-23 19:46:59,636 [WARN] ModelIntegratedComponent:63 - No mode defined for component null
2025-01-23 19:46:59,636 [WARN] ModelIntegratedComponent:63 - No mode defined for component null
2025-01-23 19:46:59,636 [WARN] ModelIntegratedComponent:63 - No mode defined for component null
2025-01-23 19:46:59,636 [WARN] ModelIntegratedComponent:63 - No mode defined for component null
2025-01-23 19:46:59,636 [WARN] ModelIntegratedComponent:63 - No mode defined for component null
2025-01-23 19:46:59,636 [WARN] ModelIntegratedComponent:63 - No mode defined for component null
2025-01-23 19:46:59,636 [WARN] ModelIntegratedComponent:63 - No mode defined for component null
2025-01-23 19:46:59,636 [WARN] ModelIntegratedComponent:63 - No mode defined for component null
2025-01-23 19:46:59,636 [WARN] ModelIntegratedComponent:63 - No mode defined for component null
2025-01-23 19:46:59,636 [WARN] ModelIntegratedComponent:63 - No mode defined for component null
2025-01-23 19:46:59,636 [WARN] ModelIntegratedComponent:63 - No mode defined for component null
2025-01-23 19:46:59,637 [WARN] ModelIntegratedComponent:63 - No mode defined for component null
2025-01-23 19:46:59,637 [WARN] ModelIntegratedComponent:63 - No mode defined for component null
2025-01-23 19:46:59,637 [WARN] ModelIntegratedComponent:63 - No mode defined for component null
2025-01-23 19:46:59,637 [WARN] ModelIntegratedComponent:63 - No mode defined for component null
2025-01-23 19:46:59,637 [WARN] ModelIntegratedComponent:63 - No mode defined for component null
2025-01-23 19:46:59,637 [WARN] ModelPack:524 - Component already loaded: STMicroelectronics:HAL Drivers:0.0.0:STMicroelectronics:Device:STMicro_Driver:XSPI:HAL::0.0.1:HAL_XSPI
2025-01-23 19:46:59,762 [WARN] ModelIntegratedComponent:182 - Modes not found for component STMicroelectronics:USB_DEVICE:1.0.0:STMicroelectronics:USB::USB Device:Audio HS::1.0:USB_DEVICE_1_0_RESTRICTED_HS
2025-01-23 19:46:59,762 [WARN] ModelIntegratedComponent:188 - Modes not found for component STMicroelectronics:USB_DEVICE:1.0.0:STMicroelectronics:USB::USB Device:Audio HS::1.0:USB_DEVICE_1_0_RESTRICTED_HS
2025-01-23 19:46:59,762 [WARN] ModelIntegratedComponent:182 - Modes not found for component STMicroelectronics:USB_DEVICE:1.0.0:STMicroelectronics:USB::USB Device:CDC HS::1.0:USB_DEVICE_1_0_RESTRICTED_HS
2025-01-23 19:46:59,762 [WARN] ModelIntegratedComponent:188 - Modes not found for component STMicroelectronics:USB_DEVICE:1.0.0:STMicroelectronics:USB::USB Device:CDC HS::1.0:USB_DEVICE_1_0_RESTRICTED_HS
2025-01-23 19:46:59,762 [WARN] ModelIntegratedComponent:182 - Modes not found for component STMicroelectronics:USB_DEVICE:1.0.0:STMicroelectronics:USB::USB Device:DFU HS::1.0:USB_DEVICE_1_0_RESTRICTED_HS
2025-01-23 19:46:59,762 [WARN] ModelIntegratedComponent:188 - Modes not found for component STMicroelectronics:USB_DEVICE:1.0.0:STMicroelectronics:USB::USB Device:DFU HS::1.0:USB_DEVICE_1_0_RESTRICTED_HS
2025-01-23 19:46:59,762 [WARN] ModelIntegratedComponent:182 - Modes not found for component STMicroelectronics:USB_DEVICE:1.0.0:STMicroelectronics:USB::USB Device:HID HS::1.0:USB_DEVICE_1_0_RESTRICTED_HS
2025-01-23 19:46:59,762 [WARN] ModelIntegratedComponent:188 - Modes not found for component STMicroelectronics:USB_DEVICE:1.0.0:STMicroelectronics:USB::USB Device:HID HS::1.0:USB_DEVICE_1_0_RESTRICTED_HS
2025-01-23 19:46:59,762 [WARN] ModelIntegratedComponent:182 - Modes not found for component STMicroelectronics:USB_DEVICE:1.0.0:STMicroelectronics:USB::USB Device:Custom HID HS::1.0:USB_DEVICE_1_0_RESTRICTED_HS
2025-01-23 19:46:59,762 [WARN] ModelIntegratedComponent:188 - Modes not found for component STMicroelectronics:USB_DEVICE:1.0.0:STMicroelectronics:USB::USB Device:Custom HID HS::1.0:USB_DEVICE_1_0_RESTRICTED_HS
2025-01-23 19:46:59,762 [WARN] ModelIntegratedComponent:182 - Modes not found for component STMicroelectronics:USB_DEVICE:1.0.0:STMicroelectronics:USB::USB Device:MSC HS::1.0:USB_DEVICE_1_0_RESTRICTED_HS
2025-01-23 19:46:59,762 [WARN] ModelIntegratedComponent:188 - Modes not found for component STMicroelectronics:USB_DEVICE:1.0.0:STMicroelectronics:USB::USB Device:MSC HS::1.0:USB_DEVICE_1_0_RESTRICTED_HS
2025-01-23 19:46:59,789 [INFO] ThirdPartyModel:298 - Start build external matchings
2025-01-23 19:47:00,991 [INFO] ThirdPartyModel:316 - End build external matchings
2025-01-23 19:47:01,008 [INFO] ImportTextPane:205 - (OptionalMessage_ERROR) IP (RCC) : Parameter (RTCHSEDivFreq_Value) has invalid value (12500000)
2025-01-23 19:47:01,011 [WARN] IP:2191 - DEVICE_SERIAL0_CDC_FS not found: check if there is a RefParameter without a condition.
2025-01-23 19:47:01,011 [WARN] IP:2191 - DEVICE_SERIAL1_CDC_FS not found: check if there is a RefParameter without a condition.
2025-01-23 19:47:01,011 [WARN] IP:2191 - DEVICE_SERIAL2_CDC_FS not found: check if there is a RefParameter without a condition.
2025-01-23 19:47:01,160 [INFO] UtilMem:75 - End LoadConfig() Used Memory: 818029168 Bytes (1073741824)
2025-01-23 19:47:01,235 [WARN] ThirdParty:833 - waiting for thirdparty lock release [change project]
2025-01-23 19:47:01,235 [INFO] ThirdParty:835 - entering critical section [change project]
2025-01-23 19:47:01,235 [INFO] ThirdParty:1030 - CMSIS Pack Vendor :STMicroelectronics USBPD 4.1
2025-01-23 19:47:01,235 [INFO] ThirdParty:1030 - CMSIS Pack Vendor :STMicroelectronics X-CUBE-AZRTOS-H7 3.3.0
2025-01-23 19:47:01,235 [INFO] ThirdParty:1030 - CMSIS Pack Vendor :STMicroelectronics X-CUBE-NFC9 1.0.0
2025-01-23 19:47:01,235 [INFO] ThirdParty:1030 - CMSIS Pack Vendor :STMicroelectronics USB_HOST 2.0.0
2025-01-23 19:47:01,235 [INFO] ThirdParty:1030 - CMSIS Pack Vendor :STMicroelectronics FP-SNS-MOTENVWB1 1.4.0
2025-01-23 19:47:01,235 [INFO] ThirdParty:1030 - CMSIS Pack Vendor :STMicroelectronics X-CUBE-AZRTOS-F4 1.1.0
2025-01-23 19:47:01,235 [INFO] ThirdParty:1030 - CMSIS Pack Vendor :STMicroelectronics LIBJPEG 8.0.0
2025-01-23 19:47:01,235 [INFO] ThirdParty:1030 - CMSIS Pack Vendor :STMicroelectronics FP-ATR-ASTRA1 2.0.1
2025-01-23 19:47:01,235 [INFO] ThirdParty:1030 - CMSIS Pack Vendor :STMicroelectronics X-CUBE-SMBUS 2.1.0
2025-01-23 19:47:01,235 [INFO] ThirdParty:1030 - CMSIS Pack Vendor :STMicroelectronics X-CUBE-WB05N 1.1.0
2025-01-23 19:47:01,235 [INFO] ThirdParty:1030 - CMSIS Pack Vendor :STMicroelectronics USB_DEVICE 3.0.0
2025-01-23 19:47:01,235 [INFO] ThirdParty:1030 - CMSIS Pack Vendor :STMicroelectronics X-CUBE-TCPP 4.1.0
2025-01-23 19:47:01,235 [INFO] ThirdParty:1030 - CMSIS Pack Vendor :STMicroelectronics X-CUBE-ISPU 2.1.0
2025-01-23 19:47:01,235 [INFO] ThirdParty:1030 - CMSIS Pack Vendor :STMicroelectronics X-CUBE-FREERTOS 1.2.0
2025-01-23 19:47:01,235 [INFO] ThirdParty:1030 - CMSIS Pack Vendor :STMicroelectronics X-CUBE-IPS 3.0.0
2025-01-23 19:47:01,235 [INFO] ThirdParty:1030 - CMSIS Pack Vendor :STMicroelectronics X-CUBE-AZRTOS-WB 2.0.0
2025-01-23 19:47:01,235 [INFO] ThirdParty:1030 - CMSIS Pack Vendor :STMicroelectronics X-CUBE-GNSS1 7.0.0
2025-01-23 19:47:01,235 [INFO] ThirdParty:1030 - CMSIS Pack Vendor :STMicroelectronics X-CUBE-GNSS1 7.0.1
2025-01-23 19:47:01,235 [INFO] ThirdParty:1030 - CMSIS Pack Vendor :STMicroelectronics X-CUBE-AZRTOS-F7 1.1.0
2025-01-23 19:47:01,235 [INFO] ThirdParty:1030 - CMSIS Pack Vendor :STMicroelectronics X-CUBE-AZRTOS-L5 2.0.0
2025-01-23 19:47:01,235 [INFO] ThirdParty:1030 - CMSIS Pack Vendor :STMicroelectronics USB_DEVICE 2.0.0
2025-01-23 19:47:01,235 [INFO] ThirdParty:1030 - CMSIS Pack Vendor :STMicroelectronics X-CUBE-NFC6 3.1.0
2025-01-23 19:47:01,235 [INFO] ThirdParty:1030 - CMSIS Pack Vendor :STMicroelectronics FP-SNS-STBOX1 2.0.0
2025-01-23 19:47:01,235 [INFO] ThirdParty:1030 - CMSIS Pack Vendor :STMicroelectronics X-CUBE-MEMS1 11.0.0
2025-01-23 19:47:01,236 [INFO] ThirdParty:1030 - CMSIS Pack Vendor :STMicroelectronics FreeRTOS 0.0.1
2025-01-23 19:47:01,236 [INFO] ThirdParty:1030 - CMSIS Pack Vendor :STMicroelectronics X-CUBE-AZRTOS-G0 1.1.0
2025-01-23 19:47:01,236 [INFO] ThirdParty:1030 - CMSIS Pack Vendor :STMicroelectronics X-CUBE-SAFEA1 1.2.2
2025-01-23 19:47:01,236 [INFO] ThirdParty:1030 - CMSIS Pack Vendor :STMicroelectronics X-CUBE-NFC4 3.0.0
2025-01-23 19:47:01,236 [INFO] ThirdParty:1030 - CMSIS Pack Vendor :STMicroelectronics X-CUBE-DPower 1.2.0
2025-01-23 19:47:01,236 [INFO] ThirdParty:1030 - CMSIS Pack Vendor :STMicroelectronics X-CUBE-SUBG2 5.0.0
2025-01-23 19:47:01,236 [INFO] ThirdParty:1030 - CMSIS Pack Vendor :STMicroelectronics STM32_WPAN 1.0.0
2025-01-23 19:47:01,236 [INFO] ThirdParty:1030 - CMSIS Pack Vendor :EmbeddedOffice I-CUBE-FS-RTOS 1.0.1
2025-01-23 19:47:01,236 [INFO] ThirdParty:1030 - CMSIS Pack Vendor :STMicroelectronics lwIP 2.0.3
2025-01-23 19:47:01,236 [INFO] ThirdParty:1030 - CMSIS Pack Vendor :STMicroelectronics FP-SNS-FLIGHT1 5.0.2
2025-01-23 19:47:01,236 [INFO] ThirdParty:1030 - CMSIS Pack Vendor :Cesanta I-CUBE-Mongoose 7.13.0
2025-01-23 19:47:01,236 [INFO] ThirdParty:1030 - CMSIS Pack Vendor :STMicroelectronics USB_HOST 1.0.0
2025-01-23 19:47:01,236 [INFO] ThirdParty:1030 - CMSIS Pack Vendor :STMicroelectronics X-CUBE-AZRTOS-G4 2.0.0
2025-01-23 19:47:01,236 [INFO] ThirdParty:1030 - CMSIS Pack Vendor :STMicroelectronics PDM2PCM 3.1.0
2025-01-23 19:47:01,236 [INFO] ThirdParty:1030 - CMSIS Pack Vendor :STMicroelectronics PDM2PCM 3.3.0
2025-01-23 19:47:01,236 [INFO] ThirdParty:1030 - CMSIS Pack Vendor :STMicroelectronics X-CUBE-DISPLAY 3.0.0
2025-01-23 19:47:01,236 [INFO] ThirdParty:1030 - CMSIS Pack Vendor :RealThread X-CUBE-RT-Thread_Nano 4.1.1
2025-01-23 19:47:01,236 [INFO] ThirdParty:1030 - CMSIS Pack Vendor :STMicroelectronics X-CUBE-BLE1 7.0.0
2025-01-23 19:47:01,236 [INFO] ThirdParty:1030 - CMSIS Pack Vendor :STMicroelectronics FP-ATR-SIGFOX1 3.2.0
2025-01-23 19:47:01,236 [INFO] ThirdParty:1030 - CMSIS Pack Vendor :STMicroelectronics X-CUBE-NFC10 1.0.0
2025-01-23 19:47:01,236 [INFO] ThirdParty:1030 - CMSIS Pack Vendor :wolfSSL I-CUBE-wolfSSL 5.7.2
2025-01-23 19:47:01,236 [INFO] ThirdParty:1030 - CMSIS Pack Vendor :quantropi X-CUBE-qispace-sdk-base 1.9.3
2025-01-23 19:47:01,236 [INFO] ThirdParty:1030 - CMSIS Pack Vendor :STMicroelectronics X-CUBE-BLEMGR 4.0.0
2025-01-23 19:47:01,236 [INFO] ThirdParty:1030 - CMSIS Pack Vendor :STMicroelectronics X-CUBE-EEPRMA1 5.1.0
2025-01-23 19:47:01,236 [INFO] ThirdParty:1030 - CMSIS Pack Vendor :STMicroelectronics HAL Drivers 0.0.0
2025-01-23 19:47:01,236 [INFO] ThirdParty:1030 - CMSIS Pack Vendor :STMicroelectronics MBEDTLS 2.16.2
2025-01-23 19:47:01,236 [INFO] ThirdParty:1030 - CMSIS Pack Vendor :STMicroelectronics X-CUBE-ALS 1.0.2
2025-01-23 19:47:01,236 [INFO] ThirdParty:1030 - CMSIS Pack Vendor :emotas I-CUBE-CANOPEN 1.3.0
2025-01-23 19:47:01,236 [INFO] ThirdParty:1030 - CMSIS Pack Vendor :STMicroelectronics X-CUBE-FREERTOS 1.3.0
2025-01-23 19:47:01,236 [INFO] ThirdParty:1030 - CMSIS Pack Vendor :STMicroelectronics X-CUBE-NFC7 1.0.1
2025-01-23 19:47:01,236 [INFO] ThirdParty:1030 - CMSIS Pack Vendor :STMicroelectronics MBEDTLS 2.14.1
2025-01-23 19:47:01,236 [INFO] ThirdParty:1030 - CMSIS Pack Vendor :ITTIA_DB I-CUBE-ITTIADB 8.9.0
2025-01-23 19:47:01,237 [INFO] ThirdParty:1030 - CMSIS Pack Vendor :STMicroelectronics X-CUBE-TOUCHGFX 4.24.2
2025-01-23 19:47:01,237 [INFO] ThirdParty:1030 - CMSIS Pack Vendor :STMicroelectronics X-CUBE-TOUCHGFX 4.24.1
2025-01-23 19:47:01,237 [INFO] ThirdParty:1030 - CMSIS Pack Vendor :wolfSSL I-CUBE-wolfTPM 3.4.0
2025-01-23 19:47:01,237 [INFO] ThirdParty:1030 - CMSIS Pack Vendor :portGmbH I-Cube-SoM-uGOAL 1.1.0
2025-01-23 19:47:01,237 [INFO] ThirdParty:1030 - CMSIS Pack Vendor :STMicroelectronics X-CUBE-BLEMGR 3.1.0
2025-01-23 19:47:01,237 [INFO] ThirdParty:1030 - CMSIS Pack Vendor :STMicroelectronics X-CUBE-AI 10.0.0
2025-01-23 19:47:01,237 [INFO] ThirdParty:1030 - CMSIS Pack Vendor :STMicroelectronics ThreadX 1.0.0
2025-01-23 19:47:01,237 [INFO] ThirdParty:1030 - CMSIS Pack Vendor :STMicroelectronics FP-SNS-SMARTAG2 1.2.0
2025-01-23 19:47:01,237 [INFO] ThirdParty:1030 - CMSIS Pack Vendor :STMicroelectronics X-CUBE-MEMS1 11.1.0
2025-01-23 19:47:01,237 [INFO] ThirdParty:1030 - CMSIS Pack Vendor :STMicroelectronics X-CUBE-AZRTOS-WL 2.0.0
2025-01-23 19:47:01,237 [INFO] ThirdParty:1030 - CMSIS Pack Vendor :SEGGER I-CUBE-embOS 1.3.1
2025-01-23 19:47:01,237 [INFO] ThirdParty:1030 - CMSIS Pack Vendor :STMicroelectronics X-CUBE-ALGOBUILD 1.4.0
2025-01-23 19:47:01,237 [INFO] ThirdParty:1030 - CMSIS Pack Vendor :STMicroelectronics FP-SNS-MOTENV1 5.0.0
2025-01-23 19:47:01,237 [INFO] ThirdParty:1030 - CMSIS Pack Vendor :STMicroelectronics USB_DEVICE 1.0.0
2025-01-23 19:47:01,237 [INFO] ThirdParty:1030 - CMSIS Pack Vendor :STMicroelectronics X-CUBE-AZRTOS-H7RS 1.0.0
2025-01-23 19:47:01,237 [INFO] ThirdParty:1030 - CMSIS Pack Vendor :wolfSSL I-CUBE-wolfMQTT 1.19.0
2025-01-23 19:47:01,237 [INFO] ThirdParty:1030 - CMSIS Pack Vendor :STMicroelectronics X-CUBE-AZRTOS-L4 2.0.0
2025-01-23 19:47:01,237 [INFO] ThirdParty:1030 - CMSIS Pack Vendor :STMicroelectronics ThreadX 0.0.2
2025-01-23 19:47:01,237 [INFO] ThirdParty:1030 - CMSIS Pack Vendor :WES I-CUBE-Cesium 1.3.0
2025-01-23 19:47:01,238 [INFO] ThirdParty:1030 - CMSIS Pack Vendor :STMicroelectronics FP-ATR-ASTRA1 2.0.0
2025-01-23 19:47:01,238 [INFO] ThirdParty:1030 - CMSIS Pack Vendor :STMicroelectronics lwIP 2.1.2
2025-01-23 19:47:01,238 [INFO] ThirdParty:1030 - CMSIS Pack Vendor :STMicroelectronics X-CUBE-SFXS2LP1 4.0.0
2025-01-23 19:47:01,238 [INFO] ThirdParty:1030 - CMSIS Pack Vendor :STMicroelectronics X-CUBE-BLE2 3.3.0
2025-01-23 19:47:01,238 [INFO] ThirdParty:1030 - CMSIS Pack Vendor :STMicroelectronics X-CUBE-TOF1 3.4.2
2025-01-23 19:47:01,238 [INFO] ThirdParty:1030 - CMSIS Pack Vendor :STMicroelectronics X-CUBE-AI 9.1.0
2025-01-23 19:47:01,238 [INFO] ThirdParty:1030 - CMSIS Pack Vendor :Infineon AIROC-Wi-Fi-Bluetooth-STM32 1.6.1
2025-01-23 19:47:01,238 [INFO] ThirdParty:1030 - CMSIS Pack Vendor :STMicroelectronics PDM2PCM 3.2.0
2025-01-23 19:47:01,238 [INFO] ThirdParty:1030 - CMSIS Pack Vendor :wolfSSL I-CUBE-wolfSSH 1.4.17
2025-01-23 19:47:01,238 [INFO] ThirdParty:841 - exiting critical section [change project]
2025-01-23 19:47:01,448 [INFO] PinOutPanel:1561 - setPackage(No Configuration,No Configuration)
2025-01-23 19:47:01,450 [INFO] PinOutPanel:1561 - setPackage(STM32F411CEUx,UFQFPN48)
2025-01-23 19:47:01,665 [INFO] UtilMem:75 - Before build in PCC Used Memory: 750672576 Bytes (1073741824)
2025-01-23 19:47:01,947 [INFO] UtilMem:75 - After build in PCC Used Memory: 794712768 Bytes (1073741824)
2025-01-23 19:47:02,029 [INFO] ApiDbMcu:508 - Load IP Config File for USB_DEVICE
2025-01-23 19:47:02,059 [INFO] IPUIPlugin:80 - create IPUIPlugin
2025-01-23 19:47:02,059 [INFO] IPUIPlugin:80 - create IPUIPlugin
2025-01-23 19:47:02,059 [INFO] IPUIPlugin:80 - create IPUIPlugin
2025-01-23 19:47:02,060 [INFO] IPUIPlugin:80 - create IPUIPlugin
2025-01-23 19:47:02,060 [INFO] IPUIPlugin:80 - create IPUIPlugin
2025-01-23 19:47:02,060 [INFO] IPUIPlugin:80 - create IPUIPlugin
2025-01-23 19:47:02,060 [INFO] IPUIPlugin:80 - create IPUIPlugin
2025-01-23 19:47:02,061 [INFO] IPUIPlugin:80 - create IPUIPlugin
2025-01-23 19:47:02,061 [INFO] IPUIPlugin:80 - create IPUIPlugin
2025-01-23 19:47:02,061 [INFO] IPUIPlugin:80 - create IPUIPlugin
2025-01-23 19:47:02,061 [INFO] IPUIPlugin:80 - create IPUIPlugin
2025-01-23 19:47:02,061 [INFO] IPUIPlugin:80 - create IPUIPlugin
2025-01-23 19:47:02,062 [INFO] IPUIPlugin:80 - create IPUIPlugin
2025-01-23 19:47:02,062 [INFO] IPUIPlugin:80 - create IPUIPlugin
2025-01-23 19:47:02,062 [INFO] IPUIPlugin:80 - create IPUIPlugin
2025-01-23 19:47:02,062 [INFO] IPUIPlugin:80 - create IPUIPlugin
2025-01-23 19:47:02,062 [INFO] IPUIPlugin:80 - create IPUIPlugin
2025-01-23 19:47:02,062 [INFO] IPUIPlugin:80 - create IPUIPlugin
2025-01-23 19:47:02,063 [INFO] IPUIPlugin:80 - create IPUIPlugin
2025-01-23 19:47:02,063 [INFO] IPUIPlugin:80 - create IPUIPlugin
2025-01-23 19:47:02,063 [INFO] IPUIPlugin:80 - create IPUIPlugin
2025-01-23 19:47:02,063 [INFO] IPUIPlugin:80 - create IPUIPlugin
2025-01-23 19:47:02,063 [INFO] IPUIPlugin:80 - create IPUIPlugin
2025-01-23 19:47:02,063 [INFO] IPUIPlugin:80 - create IPUIPlugin
2025-01-23 19:47:02,064 [INFO] IPUIPlugin:80 - create IPUIPlugin
2025-01-23 19:47:02,064 [INFO] IPUIPlugin:80 - create IPUIPlugin
2025-01-23 19:47:02,064 [INFO] IPUIPlugin:80 - create IPUIPlugin
2025-01-23 19:47:02,065 [INFO] IPUIPlugin:80 - create IPUIPlugin
2025-01-23 19:47:02,065 [INFO] IPUIPlugin:80 - create IPUIPlugin
2025-01-23 19:47:02,065 [INFO] IPUIPlugin:80 - create IPUIPlugin
2025-01-23 19:47:02,065 [INFO] IPUIPlugin:80 - create IPUIPlugin
2025-01-23 19:47:02,065 [INFO] IPUIPlugin:80 - create IPUIPlugin
2025-01-23 19:47:02,065 [INFO] IPUIPlugin:80 - create IPUIPlugin
2025-01-23 19:47:02,065 [INFO] IPUIPlugin:80 - create IPUIPlugin
2025-01-23 19:47:02,066 [INFO] IPUIPlugin:80 - create IPUIPlugin
2025-01-23 19:47:02,066 [INFO] IPUIPlugin:80 - create IPUIPlugin
2025-01-23 19:47:02,066 [INFO] IPUIPlugin:80 - create IPUIPlugin
2025-01-23 19:47:02,066 [INFO] IPUIPlugin:80 - create IPUIPlugin
2025-01-23 19:47:02,067 [INFO] IPUIPlugin:80 - create IPUIPlugin
2025-01-23 19:47:02,067 [INFO] IPUIPlugin:80 - create IPUIPlugin
2025-01-23 19:47:02,068 [INFO] IPUIPlugin:80 - create IPUIPlugin
2025-01-23 19:47:02,068 [INFO] IPUIPlugin:80 - create IPUIPlugin
2025-01-23 19:47:02,069 [INFO] IPUIPlugin:80 - create IPUIPlugin
2025-01-23 19:47:02,075 [INFO] ApiDbMcu:508 - Load IP Config File for PDM2PCM
2025-01-23 19:47:02,161 [INFO] CADModel:165 - CPN selected for project levelSTM32F411CEU6
2025-01-23 19:47:02,161 [INFO] CADModel:114 - Register for checkConnection events
2025-01-23 19:47:02,205 [INFO] OpenFileManager:363 - Restore cursor
2025-01-23 19:47:02,496 [WARN] IP:2191 - DEVICE_SERIAL0_CDC_FS not found: check if there is a RefParameter without a condition.
2025-01-23 19:47:02,496 [WARN] IP:2191 - DEVICE_SERIAL1_CDC_FS not found: check if there is a RefParameter without a condition.
2025-01-23 19:47:02,496 [WARN] IP:2191 - DEVICE_SERIAL2_CDC_FS not found: check if there is a RefParameter without a condition.
2025-01-23 19:47:02,500 [WARN] IP:2191 - DEVICE_SERIAL0_CDC_FS not found: check if there is a RefParameter without a condition.
2025-01-23 19:47:02,500 [WARN] IP:2191 - DEVICE_SERIAL1_CDC_FS not found: check if there is a RefParameter without a condition.
2025-01-23 19:47:02,500 [WARN] IP:2191 - DEVICE_SERIAL2_CDC_FS not found: check if there is a RefParameter without a condition.
2025-01-23 21:07:06,495 [INFO] WebApp:189 - Connection lost
2025-01-23 21:07:09,759 [INFO] WebApp:186 - Connection restablished
2025-01-23 21:08:22,666 [INFO] WebApp:189 - Connection lost
2025-01-23 21:08:22,829 [INFO] WebApp:186 - Connection restablished
