2025-02-25 23:56:07,295 [INFO] Activator:176 - 


2025-02-25 23:56:07,304 [INFO] Activator:177 - !SESSION log4j initialized
2025-02-25 23:56:15,542 [ERROR] LogOutputStream:75 - [STDERR_REDIRECT] 
2025-02-25 23:56:18,062 [INFO] LogOutputStream:77 - [STDOUT_REDIRECT] 
2025-02-25 23:56:20,397 [INFO] LogOutputStream:77 - [STDOUT_REDIRECT] 
2025-02-25 23:56:23,064 [INFO] ApplicationProperties:184 - Using Application install path: /Applications/STM32CubeIDE.app/Contents/Eclipse/plugins/com.st.stm32cube.common.mx_6.12.1.202409122256
2025-02-25 23:56:23,108 [INFO] DbMcusXml:78 - Set database path to: /Applications/STM32CubeIDE.app/Contents/Eclipse/plugins/com.st.stm32cube.common.mx_6.12.1.202409122256//db//mcu/
2025-02-25 23:56:23,109 [INFO] ApiDb:274 - Set plugin database path to: /Applications/STM32CubeIDE.app/Contents/Eclipse/plugins/com.st.stm32cube.common.mx_6.12.1.202409122256//db//plugins/boardmanager/
2025-02-25 23:56:23,110 [WARN] ApiDb:259 - Overriding images path with different value:  => /Applications/STM32CubeIDE.app/Contents/Eclipse/plugins/com.st.stm32cube.common.mx_6.12.1.202409122256//db//plugins/mcufinder/images/
2025-02-25 23:56:23,131 [INFO] ApiDb:250 - Set database path to: /Users/Zarina/.stmcufinder/plugins/mcufinder//mcu/
2025-02-25 23:56:23,136 [INFO] DbMcusAds:125 - Set database path to: /Users/Zarina/.stmcufinder/plugins/mcufinder//mcu/
2025-02-25 23:56:23,144 [INFO] CrossReferenceDbSqlite:203 - Set database path to: /Users/Zarina/.stmcufinder/plugins/mcufinder//mcu/cs/
2025-02-25 23:56:23,474 [INFO] RulesReader:64 - Compatibility file has been processed (297 Rules)
2025-02-25 23:56:23,634 [INFO] DbMcusXml:78 - Set database path to: /Applications/STM32CubeIDE.app/Contents/Eclipse/plugins/com.st.stm32cube.common.mx_6.12.1.202409122256//db//mcu/
2025-02-25 23:56:23,634 [INFO] ApiDb:274 - Set plugin database path to: /Applications/STM32CubeIDE.app/Contents/Eclipse/plugins/com.st.stm32cube.common.mx_6.12.1.202409122256//db//plugins/boardmanager/
2025-02-25 23:56:23,635 [INFO] ApiDb:261 - Set plugin images path to: /Applications/STM32CubeIDE.app/Contents/Eclipse/plugins/com.st.stm32cube.common.mx_6.12.1.202409122256//db//plugins/mcufinder/images/
2025-02-25 23:56:23,635 [WARN] DbFile:41 - Overriding database path with different value: /Users/Zarina/.stmcufinder/plugins/mcufinder/ => /Users/Zarina/.stmcufinder/plugins/mcufinder
2025-02-25 23:56:23,635 [INFO] ApiDb:250 - Set database path to: /Users/Zarina/.stmcufinder/plugins/mcufinder//mcu/
2025-02-25 23:56:23,636 [WARN] DbFile:41 - Overriding database path with different value: /Users/Zarina/.stmcufinder/plugins/mcufinder/ => /Users/Zarina/.stmcufinder/plugins/mcufinder
2025-02-25 23:56:23,636 [INFO] DbMcusAds:125 - Set database path to: /Users/Zarina/.stmcufinder/plugins/mcufinder//mcu/
2025-02-25 23:56:23,636 [WARN] DbFile:41 - Overriding database path with different value: /Users/Zarina/.stmcufinder/plugins/mcufinder/ => /Users/Zarina/.stmcufinder/plugins/mcufinder
2025-02-25 23:56:23,636 [WARN] DbFile:41 - Overriding database path with different value: /Users/Zarina/.stmcufinder/plugins/mcufinder/ => /Users/Zarina/.stmcufinder/plugins/mcufinder
2025-02-25 23:56:23,636 [INFO] CrossReferenceDbSqlite:203 - Set database path to: /Users/Zarina/.stmcufinder/plugins/mcufinder//mcu/cs/
2025-02-25 23:56:23,807 [INFO] MainPanel:268 - HeapMemory: 268435456
2025-02-25 23:56:25,838 [INFO] DbMcusXml:78 - Set database path to: /Applications/STM32CubeIDE.app/Contents/Eclipse/plugins/com.st.stm32cube.common.mx_6.12.1.202409122256//db//mcu/
2025-02-25 23:56:25,838 [INFO] ApiDb:274 - Set plugin database path to: /Applications/STM32CubeIDE.app/Contents/Eclipse/plugins/com.st.stm32cube.common.mx_6.12.1.202409122256//db//plugins/boardmanager/
2025-02-25 23:56:25,838 [INFO] ApiDb:261 - Set plugin images path to: /Applications/STM32CubeIDE.app/Contents/Eclipse/plugins/com.st.stm32cube.common.mx_6.12.1.202409122256//db//plugins/mcufinder/images/
2025-02-25 23:56:25,839 [WARN] DbFile:41 - Overriding database path with different value: /Users/Zarina/.stmcufinder/plugins/mcufinder/ => /Users/Zarina/.stmcufinder/plugins/mcufinder
2025-02-25 23:56:25,840 [INFO] ApiDb:250 - Set database path to: /Users/Zarina/.stmcufinder/plugins/mcufinder//mcu/
2025-02-25 23:56:25,840 [WARN] DbFile:41 - Overriding database path with different value: /Users/Zarina/.stmcufinder/plugins/mcufinder/ => /Users/Zarina/.stmcufinder/plugins/mcufinder
2025-02-25 23:56:25,840 [INFO] DbMcusAds:125 - Set database path to: /Users/Zarina/.stmcufinder/plugins/mcufinder//mcu/
2025-02-25 23:56:25,840 [WARN] DbFile:41 - Overriding database path with different value: /Users/Zarina/.stmcufinder/plugins/mcufinder/ => /Users/Zarina/.stmcufinder/plugins/mcufinder
2025-02-25 23:56:25,841 [WARN] DbFile:41 - Overriding database path with different value: /Users/Zarina/.stmcufinder/plugins/mcufinder/ => /Users/Zarina/.stmcufinder/plugins/mcufinder
2025-02-25 23:56:25,841 [INFO] CrossReferenceDbSqlite:203 - Set database path to: /Users/Zarina/.stmcufinder/plugins/mcufinder//mcu/cs/
2025-02-25 23:56:25,888 [INFO] ApplicationProperties:184 - Using Application install path: /Applications/STM32CubeIDE.app/Contents/Eclipse/plugins/com.st.stm32cube.common.mx_6.12.1.202409122256
2025-02-25 23:56:25,892 [INFO] PluginManage:196 - Search for loadable plugins [exclusion list=, ]
2025-02-25 23:56:25,895 [INFO] PluginManage:310 - Check plugin analytics
2025-02-25 23:56:26,360 [INFO] AnalyticsPlugin:253 - Accepted Software Licenses: 
2025-02-25 23:56:26,360 [INFO] AnalyticsPlugin:255 - Accepted CMSIS Pack Licenses: 
2025-02-25 23:56:26,360 [INFO] AnalyticsPlugin:257 - Accepted Firmware Licenses: FW.F4.1.28.0
2025-02-25 23:56:26,372 [INFO] PluginManage:359 - Loaded plugin analytics (category:tool,tabindex:-1)
2025-02-25 23:56:26,373 [INFO] PluginManage:310 - Check plugin cadmodel
2025-02-25 23:56:26,380 [INFO] CADModel:105 - Init CAD model plugin
2025-02-25 23:56:26,381 [INFO] PluginManage:359 - Loaded plugin cadmodel (category:power,tabindex:5)
2025-02-25 23:56:26,381 [INFO] PluginManage:310 - Check plugin clock
2025-02-25 23:56:26,395 [INFO] PluginManage:359 - Loaded plugin clock (category:base,tabindex:2)
2025-02-25 23:56:26,395 [INFO] PluginManage:310 - Check plugin ddr
2025-02-25 23:56:26,400 [INFO] PluginManage:359 - Loaded plugin ddr (category:tool,tabindex:6)
2025-02-25 23:56:26,401 [INFO] PluginManage:310 - Check plugin filemanager
2025-02-25 23:56:26,741 [INFO] PluginManage:359 - Loaded plugin filemanager (category:base,tabindex:10)
2025-02-25 23:56:26,742 [INFO] PluginManage:310 - Check plugin ipmanager
2025-02-25 23:56:26,775 [INFO] PluginManage:359 - Loaded plugin ipmanager (category:base,tabindex:5)
2025-02-25 23:56:26,775 [INFO] PluginManage:310 - Check plugin lpbam
2025-02-25 23:56:26,799 [INFO] PluginManage:359 - Loaded plugin lpbam (category:base,tabindex:0)
2025-02-25 23:56:26,800 [INFO] PluginManage:310 - Check plugin memorymap
2025-02-25 23:56:26,830 [INFO] PluginManage:359 - Loaded plugin memorymap (category:base,tabindex:4)
2025-02-25 23:56:26,830 [INFO] PluginManage:310 - Check plugin pinoutandconfiguration
2025-02-25 23:56:26,849 [INFO] PluginManage:359 - Loaded plugin pinoutandconfiguration (category:base,tabindex:1)
2025-02-25 23:56:26,851 [INFO] PluginManage:310 - Check plugin pinoutconfig
2025-02-25 23:56:27,071 [WARN] SupportedApi:132 - Cannot load RTOS API schema: s4s-elt-must-match.1: The content of 'definitions' must match (annotation?, (simpleType | complexType)?, (unique | key | keyref)*)). A problem was found starting at: attribute.
2025-02-25 23:56:27,471 [INFO] PluginManage:359 - Loaded plugin pinoutconfig (category:base,tabindex:0)
2025-02-25 23:56:27,472 [INFO] PluginManage:310 - Check plugin power
2025-02-25 23:56:27,506 [INFO] PluginManage:359 - Loaded plugin power (category:power,tabindex:4)
2025-02-25 23:56:27,507 [INFO] PluginManage:310 - Check plugin projectmanager
2025-02-25 23:56:27,539 [INFO] PluginManage:359 - Loaded plugin projectmanager (category:projectmanager,tabindex:4)
2025-02-25 23:56:27,539 [INFO] PluginManage:310 - Check plugin rif
2025-02-25 23:56:27,554 [INFO] PluginManage:359 - Loaded plugin rif (category:base,tabindex:3)
2025-02-25 23:56:27,554 [INFO] PluginManage:310 - Check plugin thirdparty
2025-02-25 23:56:27,836 [INFO] PluginManage:359 - Loaded plugin thirdparty (category:base,tabindex:-1)
2025-02-25 23:56:27,836 [WARN] IntegrityCheckThread:84 - waiting for thirdparty lock release [integrity check]
2025-02-25 23:56:27,836 [INFO] PluginManage:310 - Check plugin tools
2025-02-25 23:56:27,837 [INFO] IntegrityCheckThread:86 - entering critical section [integrity check]
2025-02-25 23:56:27,837 [INFO] ThirdPartyUpdaterWithRetryManager:70 - Updater plugin not ready yet. [1/15]
2025-02-25 23:56:27,840 [INFO] PluginManage:359 - Loaded plugin tools (category:base,tabindex:7)
2025-02-25 23:56:27,841 [INFO] PluginManage:310 - Check plugin tutovideos
2025-02-25 23:56:28,408 [INFO] PluginManage:359 - Loaded plugin tutovideos (category:base,tabindex:-1)
2025-02-25 23:56:28,409 [INFO] PluginManage:310 - Check plugin updater
2025-02-25 23:56:28,454 [INFO] PluginManage:359 - Loaded plugin updater (category:base,tabindex:12)
2025-02-25 23:56:28,455 [INFO] PluginManage:310 - Check plugin userauth
2025-02-25 23:56:28,481 [INFO] UserAuth:113 - Init User Auth plugin
2025-02-25 23:56:28,482 [INFO] PluginManage:359 - Loaded plugin userauth (category:base,tabindex:14)
2025-02-25 23:56:28,484 [INFO] PluginManage:283 - PluginManage : Loaded plugins [18]
2025-02-25 23:56:29,404 [INFO] PinOutPanel:1561 - setPackage(No Configuration,No Configuration)
2025-02-25 23:56:29,566 [INFO] CADModel:165 - CPN selected for project level
2025-02-25 23:56:29,567 [INFO] CADModel:114 - Register for checkConnection events
2025-02-25 23:56:29,603 [INFO] IPUIPlugin:80 - create IPUIPlugin
2025-02-25 23:56:29,604 [INFO] PluginManager:220 - loadIPPluginJar : add mdma
2025-02-25 23:56:29,786 [INFO] IPUIPlugin:80 - create IPUIPlugin
2025-02-25 23:56:29,787 [INFO] PluginManager:220 - loadIPPluginJar : add freertos
2025-02-25 23:56:29,794 [INFO] IPUIPlugin:80 - create IPUIPlugin
2025-02-25 23:56:29,794 [INFO] PluginManager:220 - loadIPPluginJar : add gic
2025-02-25 23:56:29,808 [INFO] IPUIPlugin:80 - create IPUIPlugin
2025-02-25 23:56:29,808 [INFO] PluginManager:220 - loadIPPluginJar : add adc
2025-02-25 23:56:29,812 [INFO] IPUIPlugin:80 - create IPUIPlugin
2025-02-25 23:56:29,812 [INFO] PluginManager:220 - loadIPPluginJar : add gtzc
2025-02-25 23:56:29,815 [INFO] IPUIPlugin:80 - create IPUIPlugin
2025-02-25 23:56:29,815 [INFO] PluginManager:220 - loadIPPluginJar : add quadspi
2025-02-25 23:56:29,818 [INFO] IPUIPlugin:80 - create IPUIPlugin
2025-02-25 23:56:29,819 [INFO] PluginManager:220 - loadIPPluginJar : add aes
2025-02-25 23:56:29,823 [INFO] IPUIPlugin:80 - create IPUIPlugin
2025-02-25 23:56:29,824 [INFO] PluginManager:220 - loadIPPluginJar : add pdm2pcm
2025-02-25 23:56:29,827 [INFO] IPUIPlugin:80 - create IPUIPlugin
2025-02-25 23:56:29,827 [INFO] PluginManager:220 - loadIPPluginJar : add hash
2025-02-25 23:56:29,833 [INFO] IPUIPlugin:80 - create IPUIPlugin
2025-02-25 23:56:29,833 [INFO] PluginManager:220 - loadIPPluginJar : add tim
2025-02-25 23:56:29,835 [INFO] IPUIPlugin:80 - create IPUIPlugin
2025-02-25 23:56:29,836 [INFO] PluginManager:220 - loadIPPluginJar : add tsc
2025-02-25 23:56:29,840 [INFO] IPUIPlugin:80 - create IPUIPlugin
2025-02-25 23:56:29,840 [INFO] PluginManager:220 - loadIPPluginJar : add extmemmanager
2025-02-25 23:56:29,844 [INFO] IPUIPlugin:80 - create IPUIPlugin
2025-02-25 23:56:29,844 [INFO] PluginManager:220 - loadIPPluginJar : add ts
2025-02-25 23:56:29,847 [INFO] IPUIPlugin:80 - create IPUIPlugin
2025-02-25 23:56:29,848 [INFO] PluginManager:220 - loadIPPluginJar : add radio
2025-02-25 23:56:29,852 [INFO] IPUIPlugin:80 - create IPUIPlugin
2025-02-25 23:56:29,852 [INFO] PluginManager:220 - loadIPPluginJar : add can
2025-02-25 23:56:29,855 [INFO] IPUIPlugin:80 - create IPUIPlugin
2025-02-25 23:56:29,855 [INFO] PluginManager:220 - loadIPPluginJar : add dma3
2025-02-25 23:56:29,894 [INFO] IPUIPlugin:80 - create IPUIPlugin
2025-02-25 23:56:29,894 [INFO] PluginManager:220 - loadIPPluginJar : add dfsdm
2025-02-25 23:56:29,900 [INFO] IPUIPlugin:80 - create IPUIPlugin
2025-02-25 23:56:29,901 [INFO] PluginManager:220 - loadIPPluginJar : add spi
2025-02-25 23:56:29,910 [INFO] IPUIPlugin:80 - create IPUIPlugin
2025-02-25 23:56:29,911 [INFO] PluginManager:220 - loadIPPluginJar : add gfxmmu
2025-02-25 23:56:29,915 [INFO] IPUIPlugin:80 - create IPUIPlugin
2025-02-25 23:56:29,916 [INFO] PluginManager:220 - loadIPPluginJar : add genericplugin
2025-02-25 23:56:29,921 [INFO] IPUIPlugin:80 - create IPUIPlugin
2025-02-25 23:56:29,922 [INFO] PluginManager:220 - loadIPPluginJar : add cryp
2025-02-25 23:56:29,928 [INFO] IPUIPlugin:80 - create IPUIPlugin
2025-02-25 23:56:29,928 [INFO] PluginManager:220 - loadIPPluginJar : add gpio
2025-02-25 23:56:29,937 [INFO] IPUIPlugin:80 - create IPUIPlugin
2025-02-25 23:56:29,937 [INFO] PluginManager:220 - loadIPPluginJar : add ddr_ctrl_phy
2025-02-25 23:56:29,942 [INFO] IPUIPlugin:80 - create IPUIPlugin
2025-02-25 23:56:29,943 [INFO] PluginManager:220 - loadIPPluginJar : add comp
2025-02-25 23:56:29,948 [INFO] IPUIPlugin:80 - create IPUIPlugin
2025-02-25 23:56:29,948 [INFO] PluginManager:220 - loadIPPluginJar : add tracer_emb
2025-02-25 23:56:29,958 [INFO] IPUIPlugin:80 - create IPUIPlugin
2025-02-25 23:56:29,959 [INFO] PluginManager:220 - loadIPPluginJar : add openamp
2025-02-25 23:56:29,970 [INFO] IPUIPlugin:80 - create IPUIPlugin
2025-02-25 23:56:29,971 [INFO] PluginManager:220 - loadIPPluginJar : add stm32_wpan
2025-02-25 23:56:29,987 [INFO] IPUIPlugin:80 - create IPUIPlugin
2025-02-25 23:56:29,994 [INFO] PluginManager:220 - loadIPPluginJar : add plateformsettings
2025-02-25 23:56:29,999 [INFO] IPUIPlugin:80 - create IPUIPlugin
2025-02-25 23:56:29,999 [INFO] PluginManager:220 - loadIPPluginJar : add ipddr
2025-02-25 23:56:30,005 [INFO] IPUIPlugin:80 - create IPUIPlugin
2025-02-25 23:56:30,005 [INFO] PluginManager:220 - loadIPPluginJar : add usart
2025-02-25 23:56:30,007 [INFO] IPUIPlugin:80 - create IPUIPlugin
2025-02-25 23:56:30,007 [INFO] PluginManager:220 - loadIPPluginJar : add ltdc
2025-02-25 23:56:30,016 [INFO] IPUIPlugin:80 - create IPUIPlugin
2025-02-25 23:56:30,016 [INFO] PluginManager:220 - loadIPPluginJar : add nvic
2025-02-25 23:56:30,018 [INFO] IPUIPlugin:80 - create IPUIPlugin
2025-02-25 23:56:30,019 [INFO] PluginManager:220 - loadIPPluginJar : add fatfs
2025-02-25 23:56:30,033 [INFO] IPUIPlugin:80 - create IPUIPlugin
2025-02-25 23:56:30,033 [INFO] PluginManager:220 - loadIPPluginJar : add linkedlist
2025-02-25 23:56:30,042 [INFO] IPUIPlugin:80 - create IPUIPlugin
2025-02-25 23:56:30,043 [INFO] PluginManager:220 - loadIPPluginJar : add dma
2025-02-25 23:56:30,053 [INFO] IPUIPlugin:80 - create IPUIPlugin
2025-02-25 23:56:30,053 [INFO] PluginManager:220 - loadIPPluginJar : add fmc
2025-02-25 23:56:30,057 [INFO] IPUIPlugin:80 - create IPUIPlugin
2025-02-25 23:56:30,058 [INFO] PluginManager:220 - loadIPPluginJar : add i2s
2025-02-25 23:56:30,061 [INFO] IPUIPlugin:80 - create IPUIPlugin
2025-02-25 23:56:30,061 [INFO] PluginManager:220 - loadIPPluginJar : add ucpd
2025-02-25 23:56:30,066 [INFO] IPUIPlugin:80 - create IPUIPlugin
2025-02-25 23:56:30,067 [INFO] PluginManager:220 - loadIPPluginJar : add lorawan
2025-02-25 23:56:30,071 [INFO] IPUIPlugin:80 - create IPUIPlugin
2025-02-25 23:56:30,072 [INFO] PluginManager:220 - loadIPPluginJar : add opamp
2025-02-25 23:56:30,077 [INFO] IPUIPlugin:80 - create IPUIPlugin
2025-02-25 23:56:30,077 [INFO] PluginManager:220 - loadIPPluginJar : add i3c
2025-02-25 23:56:30,084 [INFO] IPUIPlugin:80 - create IPUIPlugin
2025-02-25 23:56:30,084 [INFO] PluginManager:220 - loadIPPluginJar : add touchsensing
2025-02-25 23:56:30,088 [INFO] IPUIPlugin:80 - create IPUIPlugin
2025-02-25 23:56:30,088 [INFO] PluginManager:220 - loadIPPluginJar : add i2c
2025-02-25 23:56:30,094 [INFO] IPUIPlugin:80 - create IPUIPlugin
2025-02-25 23:56:30,094 [INFO] PluginManager:220 - loadIPPluginJar : add resmgrutility
2025-02-25 23:56:30,098 [INFO] IPUIPlugin:80 - create IPUIPlugin
2025-02-25 23:56:30,098 [INFO] PluginManager:220 - loadIPPluginJar : add sai
2025-02-25 23:56:30,104 [INFO] IPUIPlugin:80 - create IPUIPlugin
2025-02-25 23:56:30,104 [INFO] PluginManager:220 - loadIPPluginJar : add usbx
2025-02-25 23:56:30,282 [INFO] CADModel:165 - CPN selected for project level
2025-02-25 23:56:30,283 [INFO] CADModel:114 - Register for checkConnection events
2025-02-25 23:56:30,283 [FATAL] Updater:334 - Updater called before beeing initialized
2025-02-25 23:56:30,283 [ERROR] CADModel:125 - Updater not yet initialized, retry later 
2025-02-25 23:56:30,695 [INFO] CADModel:165 - CPN selected for project level
2025-02-25 23:56:30,695 [INFO] CADModel:114 - Register for checkConnection events
2025-02-25 23:56:30,695 [FATAL] Updater:334 - Updater called before beeing initialized
2025-02-25 23:56:30,695 [ERROR] CADModel:125 - Updater not yet initialized, retry later 
2025-02-25 23:56:30,701 [FATAL] Updater:334 - Updater called before beeing initialized
2025-02-25 23:56:30,843 [INFO] ThirdPartyUpdaterWithRetryManager:70 - Updater plugin not ready yet. [2/15]
2025-02-25 23:56:30,867 [FATAL] Updater:334 - Updater called before beeing initialized
2025-02-25 23:56:30,873 [INFO] DbMcusAds:53 - JSON generation date=Fri Sep 20 06:04:23 PDT 2024 (1726837463113)
2025-02-25 23:56:30,873 [FATAL] Updater:334 - Updater called before beeing initialized
2025-02-25 23:56:31,064 [WARN] DetailPanel:346 - Failed to get advertising image, set to default
2025-02-25 23:56:31,305 [FATAL] Updater:334 - Updater called before beeing initialized
2025-02-25 23:56:31,308 [FATAL] Updater:334 - Updater called before beeing initialized
2025-02-25 23:56:31,309 [FATAL] Updater:334 - Updater called before beeing initialized
2025-02-25 23:56:31,309 [WARN] DetailPanel:346 - Failed to get advertising image, set to default
2025-02-25 23:56:31,311 [FATAL] Updater:334 - Updater called before beeing initialized
2025-02-25 23:56:31,392 [ERROR] Updater:1164 - MainUpdater not yet initialized. External WinMGr cannot be set.
2025-02-25 23:56:31,452 [INFO] Updater:1100 - Updater Version found : 6.12.1
2025-02-25 23:56:31,510 [INFO] ApplicationProperties:184 - Using Application install path: /Applications/STM32CubeIDE.app/Contents/Eclipse/plugins/com.st.stm32cube.common.mx_6.12.1.202409122256
2025-02-25 23:56:32,290 [INFO] MainUpdater:2873 - connection check result : 10
2025-02-25 23:56:32,291 [INFO] MainUpdater:3567 - Updater definition file requires update
2025-02-25 23:56:32,292 [INFO] MainUpdater:290 - Updater Check For Update Now.
2025-02-25 23:56:32,293 [INFO] MicroXplorer:498 - Change Database Version : DB.6.0.121
2025-02-25 23:56:32,302 [INFO] McuFinderGlobals:63 - Set McuFinder mode to 2 (CubeIDE integrated)
2025-02-25 23:56:32,304 [INFO] UserAuth:417 - Internet connection configuration mode: 1
2025-02-25 23:56:32,333 [INFO] JxBrowserEngine:152 - Initiate JxBrowser Engine with user profile folder
2025-02-25 23:56:32,362 [INFO] ServerAccessManage:473 - Download File updaters.zip
2025-02-25 23:56:32,793 [INFO] FileExtend:240 - Unzip File : updaters.zip
2025-02-25 23:56:32,793 [INFO] FileExtend:255 - Standard Zip Deflate
2025-02-25 23:56:33,616 [INFO] ServerAccessManage:473 - Download File PacksControlFlags.xml
2025-02-25 23:56:33,810 [INFO] ServerAccessManage:473 - Download File cubemx.pidx
2025-02-25 23:56:33,867 [WARN] MainUpdater:1194 - Updater busy. Cannot search thirdparties
2025-02-25 23:56:33,867 [INFO] ThirdPartyUpdaterWithRetryManager:96 - Updater plugin is busy. [1/15]
2025-02-25 23:56:34,356 [INFO] ServerAccessManage:473 - Download File STMicroelectronics.FP-ATR-ASTRA1.pdsc
2025-02-25 23:56:35,663 [INFO] WebApp:167 - Instantiating new browser for Auth
2025-02-25 23:56:36,873 [WARN] MainUpdater:1194 - Updater busy. Cannot search thirdparties
2025-02-25 23:56:36,874 [INFO] ThirdPartyUpdaterWithRetryManager:96 - Updater plugin is busy. [2/15]
2025-02-25 23:56:37,669 [INFO] WebApp:448 - Apply proxy settings
2025-02-25 23:56:37,686 [INFO] WebApp:493 - Chromium authenticates against Manually configured proxy
2025-02-25 23:56:37,717 [INFO] WebApp:501 - Username used for proxy authentication: 
2025-02-25 23:56:37,840 [INFO] WebApp:869 - Register for checkConnection events
2025-02-25 23:56:37,841 [INFO] WebApp:448 - Apply proxy settings
2025-02-25 23:56:37,851 [INFO] WebApp:493 - Chromium authenticates against Manually configured proxy
2025-02-25 23:56:37,855 [INFO] WebApp:501 - Username used for proxy authentication: 
2025-02-25 23:56:38,028 [INFO] WebApp:186 - Connection restablished
2025-02-25 23:56:38,866 [INFO] WebApp:220 - Starting web application
2025-02-25 23:56:38,866 [INFO] WebApp:578 - Web application path used /Applications/STM32CubeIDE.app/Contents/Eclipse/plugins/com.st.stm32cube.common.mx_6.12.1.202409122256/db/plugins/mcufinder/reactClient1/index.html
2025-02-25 23:56:39,129 [INFO] UserAuth:417 - Internet connection configuration mode: 1
2025-02-25 23:56:39,880 [WARN] MainUpdater:1194 - Updater busy. Cannot search thirdparties
2025-02-25 23:56:39,881 [INFO] ThirdPartyUpdaterWithRetryManager:96 - Updater plugin is busy. [3/15]
2025-02-25 23:56:40,324 [WARN] PackLoader:240 - Cannot read IP mode file for STMicroelectronics.FP-ATR-ASTRA1.2.0.2
2025-02-25 23:56:40,327 [INFO] PopulateThirdPartyThread:66 - Ending populate Thread
2025-02-25 23:56:40,330 [INFO] ThirdParty:1030 - CMSIS Pack Vendor :STMicroelectronics FP-ATR-ASTRA1 2.0.2
2025-02-25 23:56:40,331 [INFO] LoadServerUpdatesThread:375 - End of LoadServerUpdate Thread
2025-02-25 23:56:40,507 [INFO] CheckServerUpdateThread:120 - End of CheckServer Thread
2025-02-25 23:56:43,599 [WARN] PackLoader:240 - Cannot read IP mode file for STMicroelectronics.FP-SNS-MOTENVWB1.1.4.0
2025-02-25 23:56:43,607 [WARN] PackLoader:240 - Cannot read IP mode file for STMicroelectronics.FP-ATR-ASTRA1.2.0.2
2025-02-25 23:56:43,621 [WARN] PackLoader:240 - Cannot read IP mode file for STMicroelectronics.FP-ATR-ASTRA1.2.0.1
2025-02-25 23:56:43,740 [WARN] PackLoader:240 - Cannot read IP mode file for STMicroelectronics.X-CUBE-SMBUS.2.1.0
2025-02-25 23:56:43,761 [WARN] PackLoader:240 - Cannot read IP mode file for STMicroelectronics.X-CUBE-WB05N.1.1.0
2025-02-25 23:56:44,071 [WARN] PackLoader:240 - Cannot read IP mode file for STMicroelectronics.X-CUBE-AZRTOS-F7.1.1.0
2025-02-25 23:56:44,339 [WARN] PackLoader:240 - Cannot read IP mode file for STMicroelectronics.X-CUBE-MEMS1.11.0.0
2025-02-25 23:56:44,846 [WARN] PackLoader:240 - Cannot read IP mode file for STMicroelectronics.FP-SNS-FLIGHT1.5.0.2
2025-02-25 23:56:44,861 [WARN] PackLoader:240 - Cannot read IP mode file for STMicroelectronics.X-CUBE-DISPLAY.3.0.0
2025-02-25 23:56:44,889 [WARN] PackLoader:240 - Cannot read IP mode file for STMicroelectronics.X-CUBE-BLE1.7.0.0
2025-02-25 23:56:44,904 [WARN] PackLoader:240 - Cannot read IP mode file for STMicroelectronics.X-CUBE-NFC10.1.0.0
2025-02-25 23:56:44,929 [WARN] PackLoader:240 - Cannot read IP mode file for STMicroelectronics.X-CUBE-BLEMGR.4.0.0
2025-02-25 23:56:44,949 [WARN] PackLoader:240 - Cannot read IP mode file for emotas.I-CUBE-CANOPEN.1.3.0
2025-02-25 23:56:44,985 [WARN] PackLoader:240 - Cannot read IP mode file for STMicroelectronics.X-CUBE-BLEMGR.3.1.0
2025-02-25 23:56:44,996 [WARN] PackLoader:240 - Cannot read IP mode file for STMicroelectronics.X-CUBE-AI.10.0.0
2025-02-25 23:56:45,003 [WARN] PackLoader:240 - Cannot read IP mode file for STMicroelectronics.FP-SNS-SMARTAG2.1.2.0
2025-02-25 23:56:45,212 [WARN] PackLoader:240 - Cannot read IP mode file for STMicroelectronics.X-CUBE-MEMS1.11.1.0
2025-02-25 23:56:45,994 [INFO] LogOutputStream:77 - [STDOUT_REDIRECT] 1 : Invalid condition id : UX_CORESTACK_Condition cause : null
2025-02-25 23:56:45,995 [INFO] LogOutputStream:77 - [STDOUT_REDIRECT] 1 : Invalid condition id : UX_CORESTACK_Condition cause : null
2025-02-25 23:56:45,996 [INFO] LogOutputStream:77 - [STDOUT_REDIRECT] 1 : Invalid condition id : UX_CORESTACK_Condition cause : null
2025-02-25 23:56:45,997 [INFO] LogOutputStream:77 - [STDOUT_REDIRECT] 1 : Invalid condition id : UX_CORESTACK_Condition cause : null
2025-02-25 23:56:45,998 [INFO] LogOutputStream:77 - [STDOUT_REDIRECT] 1 : Invalid condition id : UX_CORESTACK_Condition cause : null
2025-02-25 23:56:46,035 [WARN] PackLoader:240 - Cannot read IP mode file for STMicroelectronics.X-CUBE-AZRTOS-WL.2.0.0
2025-02-25 23:56:46,054 [WARN] PackLoader:240 - Cannot read IP mode file for STMicroelectronics.FP-SNS-MOTENV1.5.0.0
2025-02-25 23:56:46,068 [WARN] PackLoader:240 - Cannot read IP mode file for wolfSSL.I-CUBE-wolfMQTT.1.19.0
2025-02-25 23:56:46,082 [WARN] PackLoader:240 - Cannot read IP mode file for WES.I-CUBE-Cesium.1.3.0
2025-02-25 23:56:46,090 [WARN] PackLoader:240 - Cannot read IP mode file for STMicroelectronics.X-CUBE-BLE2.3.3.0
2025-02-25 23:56:46,105 [WARN] PackLoader:240 - Cannot read IP mode file for STMicroelectronics.X-CUBE-NFC9.1.0.0
2025-02-25 23:56:46,174 [WARN] PackLoader:240 - Cannot read IP mode file for STMicroelectronics.X-CUBE-TCPP.4.1.0
2025-02-25 23:56:46,219 [WARN] PackLoader:240 - Cannot read IP mode file for STMicroelectronics.X-CUBE-AZRTOS-G0.1.1.0
2025-02-25 23:56:46,239 [WARN] PackLoader:240 - Cannot read IP mode file for STMicroelectronics.X-CUBE-SAFEA1.1.2.2
2025-02-25 23:56:46,257 [WARN] PackLoader:240 - Cannot read IP mode file for STMicroelectronics.X-CUBE-NFC4.3.0.0
2025-02-25 23:56:46,335 [WARN] PackLoader:240 - Cannot read IP mode file for EmbeddedOffice.I-CUBE-FS-RTOS.1.0.1
2025-02-25 23:56:46,335 [ERROR] ConditionMgr:805 - Attr not supported : Dmpu
2025-02-25 23:56:46,336 [ERROR] ConditionMgr:805 - Attr not supported : Dmpu
2025-02-25 23:56:46,336 [ERROR] ConditionMgr:805 - Attr not supported : Dmpu
2025-02-25 23:56:46,336 [ERROR] ConditionMgr:805 - Attr not supported : Dmpu
2025-02-25 23:56:46,336 [ERROR] ConditionMgr:805 - Attr not supported : Dmpu
2025-02-25 23:56:46,336 [ERROR] ConditionMgr:805 - Attr not supported : Dmpu
2025-02-25 23:56:46,336 [ERROR] ConditionMgr:805 - Attr not supported : Dmpu
2025-02-25 23:56:46,336 [ERROR] ConditionMgr:805 - Attr not supported : Dmpu
2025-02-25 23:56:46,337 [ERROR] ConditionMgr:805 - Attr not supported : Dmpu
2025-02-25 23:56:46,337 [ERROR] ConditionMgr:805 - Attr not supported : Dmpu
2025-02-25 23:56:46,337 [ERROR] ConditionMgr:805 - Attr not supported : Dmpu
2025-02-25 23:56:46,337 [ERROR] ConditionMgr:805 - Attr not supported : Dmpu
2025-02-25 23:56:46,337 [ERROR] ConditionMgr:805 - Attr not supported : Dmpu
2025-02-25 23:56:46,337 [ERROR] ConditionMgr:805 - Attr not supported : Dmpu
2025-02-25 23:56:46,337 [ERROR] ConditionMgr:805 - Attr not supported : Dmpu
2025-02-25 23:56:46,338 [ERROR] ConditionMgr:805 - Attr not supported : Dmpu
2025-02-25 23:56:46,338 [ERROR] ConditionMgr:805 - Attr not supported : Dmpu
2025-02-25 23:56:46,338 [ERROR] ConditionMgr:805 - Attr not supported : Dmpu
2025-02-25 23:56:46,338 [ERROR] ConditionMgr:805 - Attr not supported : Dmpu
2025-02-25 23:56:46,339 [ERROR] ConditionMgr:805 - Attr not supported : Dmpu
2025-02-25 23:56:46,339 [ERROR] ConditionMgr:805 - Attr not supported : Dmpu
2025-02-25 23:56:46,339 [ERROR] ConditionMgr:805 - Attr not supported : Dmpu
2025-02-25 23:56:46,339 [ERROR] ConditionMgr:805 - Attr not supported : Dmpu
2025-02-25 23:56:46,339 [ERROR] ConditionMgr:805 - Attr not supported : Dmpu
2025-02-25 23:56:46,340 [ERROR] ConditionMgr:805 - Attr not supported : Dmpu
2025-02-25 23:56:46,340 [ERROR] ConditionMgr:805 - Attr not supported : Dmpu
2025-02-25 23:56:46,340 [ERROR] ConditionMgr:805 - Attr not supported : Dmpu
2025-02-25 23:56:46,340 [ERROR] ConditionMgr:805 - Attr not supported : Dmpu
2025-02-25 23:56:46,340 [ERROR] ConditionMgr:805 - Attr not supported : Dmpu
2025-02-25 23:56:46,341 [ERROR] ConditionMgr:805 - Attr not supported : Dmpu
2025-02-25 23:56:46,341 [ERROR] ConditionMgr:805 - Attr not supported : Dmpu
2025-02-25 23:56:46,341 [ERROR] ConditionMgr:805 - Attr not supported : Dmpu
2025-02-25 23:56:46,341 [ERROR] ConditionMgr:805 - Attr not supported : Dmpu
2025-02-25 23:56:46,341 [ERROR] ConditionMgr:805 - Attr not supported : Dmpu
2025-02-25 23:56:46,341 [ERROR] ConditionMgr:805 - Attr not supported : Dmpu
2025-02-25 23:56:46,342 [ERROR] ConditionMgr:805 - Attr not supported : Dmpu
2025-02-25 23:56:46,342 [ERROR] ConditionMgr:805 - Attr not supported : Dmpu
2025-02-25 23:56:46,342 [ERROR] ConditionMgr:805 - Attr not supported : Dmpu
2025-02-25 23:56:46,342 [ERROR] ConditionMgr:805 - Attr not supported : Dmpu
2025-02-25 23:56:46,342 [ERROR] ConditionMgr:805 - Attr not supported : Dmpu
2025-02-25 23:56:46,343 [ERROR] ConditionMgr:805 - Attr not supported : Dmpu
2025-02-25 23:56:46,343 [ERROR] ConditionMgr:805 - Attr not supported : Dmpu
2025-02-25 23:56:46,343 [ERROR] ConditionMgr:805 - Attr not supported : Dmpu
2025-02-25 23:56:46,343 [ERROR] ConditionMgr:805 - Attr not supported : Dmpu
2025-02-25 23:56:46,343 [ERROR] ConditionMgr:805 - Attr not supported : Dmpu
2025-02-25 23:56:46,343 [ERROR] ConditionMgr:805 - Attr not supported : Dmpu
2025-02-25 23:56:46,343 [ERROR] ConditionMgr:805 - Attr not supported : Dmpu
2025-02-25 23:56:46,344 [ERROR] ConditionMgr:805 - Attr not supported : Dmpu
2025-02-25 23:56:46,344 [ERROR] ConditionMgr:805 - Attr not supported : Dmpu
2025-02-25 23:56:46,344 [ERROR] ConditionMgr:805 - Attr not supported : Dmpu
2025-02-25 23:56:46,344 [ERROR] ConditionMgr:805 - Attr not supported : Dmpu
2025-02-25 23:56:46,344 [ERROR] ConditionMgr:805 - Attr not supported : Dmpu
2025-02-25 23:56:46,344 [ERROR] ConditionMgr:805 - Attr not supported : Dmpu
2025-02-25 23:56:46,345 [ERROR] ConditionMgr:805 - Attr not supported : Dmpu
2025-02-25 23:56:46,345 [ERROR] ConditionMgr:805 - Attr not supported : Dmpu
2025-02-25 23:56:46,345 [ERROR] ConditionMgr:805 - Attr not supported : Dmpu
2025-02-25 23:56:46,345 [ERROR] ConditionMgr:805 - Attr not supported : Dmpu
2025-02-25 23:56:46,345 [ERROR] ConditionMgr:805 - Attr not supported : Dmpu
2025-02-25 23:56:46,345 [ERROR] ConditionMgr:805 - Attr not supported : Dmpu
2025-02-25 23:56:46,346 [ERROR] ConditionMgr:805 - Attr not supported : Dmpu
2025-02-25 23:56:46,348 [ERROR] ConditionMgr:805 - Attr not supported : Dmpu
2025-02-25 23:56:46,349 [ERROR] ConditionMgr:805 - Attr not supported : Dmpu
2025-02-25 23:56:46,349 [ERROR] ConditionMgr:805 - Attr not supported : Dmpu
2025-02-25 23:56:46,349 [ERROR] ConditionMgr:805 - Attr not supported : Dmpu
2025-02-25 23:56:46,380 [ERROR] Engine:466 - /Users/Zarina/.stm32cubemx/thirdparties/pdsc/STMicroelectronics.X-CUBE-TCPP.4.2.0.pdsc: PDSC version is not supported
2025-02-25 23:56:46,391 [WARN] PackLoader:240 - Cannot read IP mode file for RealThread.X-CUBE-RT-Thread_Nano.4.1.1
2025-02-25 23:56:46,430 [WARN] PackLoader:240 - Cannot read IP mode file for STMicroelectronics.FP-ATR-SIGFOX1.3.2.0
2025-02-25 23:56:46,438 [WARN] PackLoader:240 - Cannot read IP mode file for wolfSSL.I-CUBE-wolfSSL.5.7.2
2025-02-25 23:56:46,445 [WARN] ConditionMgr:438 - getConditionDescription Invalid condition id : Cortex-A Device cause : null
2025-02-25 23:56:46,502 [WARN] ConditionMgr:1039 - genDependencies : Invalid condition id : Cortex-A Device cause : null
2025-02-25 23:56:46,503 [WARN] ConditionMgr:1039 - genDependencies : Invalid condition id : Cortex-A Device cause : null
2025-02-25 23:56:46,503 [WARN] ConditionMgr:1039 - genDependencies : Invalid condition id : Cortex-A Device cause : null
2025-02-25 23:56:46,544 [WARN] PackLoader:240 - Cannot read IP mode file for STMicroelectronics.X-CUBE-EEPRMA1.5.1.0
2025-02-25 23:56:46,564 [WARN] PackLoader:240 - Cannot read IP mode file for ITTIA_DB.I-CUBE-ITTIADB.8.9.0
2025-02-25 23:56:46,777 [WARN] PackLoader:240 - Cannot read IP mode file for SEGGER.I-CUBE-embOS.1.3.1
2025-02-25 23:56:46,928 [WARN] PackLoader:240 - Cannot read IP mode file for STMicroelectronics.X-CUBE-ALGOBUILD.1.4.0
2025-02-25 23:56:46,935 [WARN] PackLoader:240 - Cannot read IP mode file for STMicroelectronics.X-CUBE-AI.9.1.0
2025-02-25 23:56:46,973 [WARN] PackLoader:240 - Cannot read IP mode file for STMicroelectronics.X-CUBE-AZRTOS-F4.1.1.0
2025-02-25 23:56:46,988 [WARN] PackLoader:240 - Cannot read IP mode file for STMicroelectronics.X-CUBE-ISPU.2.1.0
2025-02-25 23:56:47,001 [WARN] PackLoader:240 - Cannot read IP mode file for STMicroelectronics.X-CUBE-FREERTOS.1.2.0
2025-02-25 23:56:47,045 [WARN] PackLoader:240 - Cannot read IP mode file for STMicroelectronics.X-CUBE-AZRTOS-L5.2.0.0
2025-02-25 23:56:47,063 [WARN] PackLoader:240 - Cannot read IP mode file for STMicroelectronics.X-CUBE-NFC6.3.1.0
2025-02-25 23:56:47,084 [WARN] PackLoader:240 - Cannot read IP mode file for STMicroelectronics.X-CUBE-DPower.1.2.0
2025-02-25 23:56:47,092 [WARN] PackLoader:240 - Cannot read IP mode file for STMicroelectronics.X-CUBE-FREERTOS.1.3.0
2025-02-25 23:56:47,100 [WARN] PackLoader:240 - Cannot read IP mode file for STMicroelectronics.X-CUBE-NFC7.1.0.1
2025-02-25 23:56:47,139 [WARN] ConditionMgr:438 - getConditionDescription Invalid condition id : LAN8742 Phy interface Condition cause : null
2025-02-25 23:56:47,140 [WARN] PackLoader:240 - Cannot read IP mode file for STMicroelectronics.X-CUBE-AZRTOS-L4.2.0.0
2025-02-25 23:56:47,143 [WARN] ConditionMgr:1039 - genDependencies : Invalid condition id : LAN8742 Phy interface Condition cause : null
2025-02-25 23:56:47,144 [WARN] ConditionMgr:1039 - genDependencies : Invalid condition id : LAN8742 Phy interface Condition cause : null
2025-02-25 23:56:47,145 [WARN] ConditionMgr:1039 - genDependencies : Invalid condition id : LAN8742 Phy interface Condition cause : null
2025-02-25 23:56:47,157 [WARN] PackLoader:240 - Cannot read IP mode file for STMicroelectronics.X-CUBE-SFXS2LP1.4.0.0
2025-02-25 23:56:47,203 [WARN] PackLoader:240 - Cannot read IP mode file for STMicroelectronics.X-CUBE-AZRTOS-H7.3.3.0
2025-02-25 23:56:47,226 [WARN] PackLoader:240 - Cannot read IP mode file for STMicroelectronics.X-CUBE-IPS.3.0.0
2025-02-25 23:56:47,255 [WARN] ConditionMgr:438 - getConditionDescription Invalid condition id : UX DEVICE CLASS RTOS Condition cause : null
2025-02-25 23:56:47,255 [WARN] ConditionMgr:438 - getConditionDescription Invalid condition id : UX DEVICE CLASS RTOS Condition cause : null
2025-02-25 23:56:47,260 [WARN] PackLoader:240 - Cannot read IP mode file for STMicroelectronics.X-CUBE-AZRTOS-WB.2.0.0
2025-02-25 23:56:47,261 [WARN] ConditionMgr:1039 - genDependencies : Invalid condition id : UX DEVICE CLASS RTOS Condition cause : null
2025-02-25 23:56:47,261 [WARN] ConditionMgr:1039 - genDependencies : Invalid condition id : UX DEVICE CLASS RTOS Condition cause : null
2025-02-25 23:56:47,262 [WARN] ConditionMgr:1039 - genDependencies : Invalid condition id : UX DEVICE CLASS RTOS Condition cause : null
2025-02-25 23:56:47,263 [WARN] ConditionMgr:1039 - genDependencies : Invalid condition id : UX DEVICE CLASS RTOS Condition cause : null
2025-02-25 23:56:47,263 [WARN] ConditionMgr:1039 - genDependencies : Invalid condition id : UX DEVICE CLASS RTOS Condition cause : null
2025-02-25 23:56:47,272 [WARN] PackLoader:240 - Cannot read IP mode file for STMicroelectronics.X-CUBE-GNSS1.7.0.0
2025-02-25 23:56:47,281 [WARN] PackLoader:240 - Cannot read IP mode file for STMicroelectronics.X-CUBE-GNSS1.7.0.1
2025-02-25 23:56:47,323 [WARN] PackLoader:240 - Cannot read IP mode file for STMicroelectronics.FP-SNS-STBOX1.2.0.0
2025-02-25 23:56:47,356 [WARN] PackLoader:240 - Cannot read IP mode file for STMicroelectronics.X-CUBE-SUBG2.5.0.0
2025-02-25 23:56:47,375 [WARN] PackLoader:240 - Cannot read IP mode file for Cesanta.I-CUBE-Mongoose.7.13.0
2025-02-25 23:56:47,408 [WARN] PackLoader:240 - Cannot read IP mode file for STMicroelectronics.X-CUBE-AZRTOS-G4.2.0.0
2025-02-25 23:56:47,423 [ERROR] Engine:466 - /Users/Zarina/.stm32cubemx/thirdparties/pdsc/STMicroelectronics.X-CUBE-IPS.3.1.0.pdsc: PDSC version is not supported
2025-02-25 23:56:47,429 [WARN] PackLoader:240 - Cannot read IP mode file for STMicroelectronics.X-CUBE-ALS.1.0.2
2025-02-25 23:56:47,436 [WARN] PackLoader:240 - Cannot read IP mode file for STMicroelectronics.X-CUBE-TOUCHGFX.4.24.2
2025-02-25 23:56:47,441 [WARN] PackLoader:240 - Cannot read IP mode file for STMicroelectronics.X-CUBE-TOUCHGFX.4.24.1
2025-02-25 23:56:47,446 [WARN] PackLoader:240 - Cannot read IP mode file for wolfSSL.I-CUBE-wolfTPM.3.4.0
2025-02-25 23:56:47,453 [WARN] PackLoader:240 - Cannot read IP mode file for portGmbH.I-Cube-SoM-uGOAL.1.1.0
2025-02-25 23:56:47,479 [WARN] PackLoader:240 - Cannot read IP mode file for STMicroelectronics.X-CUBE-AZRTOS-H7RS.1.0.0
2025-02-25 23:56:47,486 [WARN] PackLoader:240 - Cannot read IP mode file for STMicroelectronics.FP-ATR-ASTRA1.2.0.0
2025-02-25 23:56:47,500 [WARN] PackLoader:240 - Cannot read IP mode file for STMicroelectronics.X-CUBE-TOF1.3.4.2
2025-02-25 23:56:47,549 [WARN] PackLoader:240 - Cannot read IP mode file for Infineon.AIROC-Wi-Fi-Bluetooth-STM32.1.6.1
2025-02-25 23:56:47,559 [WARN] PackLoader:240 - Cannot read IP mode file for wolfSSL.I-CUBE-wolfSSH.1.4.17
2025-02-25 23:56:47,559 [INFO] ThirdParty:978 - Integrity check success = true
2025-02-25 23:56:47,559 [INFO] IntegrityCheckThread:100 - exiting critical section [integrity check]
2025-02-25 23:56:47,559 [INFO] IntegrityCheckThread:103 - End integrity checks thread
