2025-05-03 14:05:02,826 [INFO] MainUpdater:2873 - connection check result : 10
2025-05-03 14:05:02,856 [INFO] MainUpdater:2873 - connection check result : 10
2025-05-03 14:05:03,746 [INFO] MicroXplorer:468 - Change Database Path : 
2025-05-03 14:05:03,747 [INFO] MicroXplorer:498 - Change Database Version : DB.6.0.121
2025-05-03 14:05:03,788 [ERROR] ProjectManagerView:394 - 
java.lang.NullPointerException: Cannot invoke "javax.swing.JTextField.getText()" because the return value of "java.util.List.get(int)" is null
	at com.st.microxplorer.plugins.projectmanager.gui.ProjectChoiceTab$10.caretUpdate(ProjectChoiceTab.java:2622) ~[filemanager.jar:?]
	at javax.swing.text.JTextComponent.fireCaretUpdate(JTextComponent.java:412) ~[?:?]
	at javax.swing.text.JTextComponent$MutableCaretEvent.fire(JTextComponent.java:4491) ~[?:?]
	at javax.swing.text.JTextComponent$MutableCaretEvent.stateChanged(JTextComponent.java:4513) ~[?:?]
	at javax.swing.text.DefaultCaret.fireStateChanged(DefaultCaret.java:842) ~[?:?]
	at javax.swing.text.DefaultCaret.changeCaretPosition(DefaultCaret.java:1313) ~[?:?]
	at javax.swing.text.DefaultCaret.handleSetDot(DefaultCaret.java:1212) ~[?:?]
	at javax.swing.text.DefaultCaret.setDot(DefaultCaret.java:1193) ~[?:?]
	at javax.swing.text.DefaultCaret$Handler.insertUpdate(DefaultCaret.java:1789) ~[?:?]
	at javax.swing.text.AbstractDocument.fireInsertUpdate(AbstractDocument.java:226) ~[?:?]
	at javax.swing.text.AbstractDocument.handleInsertString(AbstractDocument.java:780) ~[?:?]
	at javax.swing.text.AbstractDocument.insertString(AbstractDocument.java:739) ~[?:?]
	at javax.swing.text.PlainDocument.insertString(PlainDocument.java:131) ~[?:?]
	at javax.swing.text.AbstractDocument.replace(AbstractDocument.java:698) ~[?:?]
	at javax.swing.text.JTextComponent.setText(JTextComponent.java:1729) ~[?:?]
	at com.st.microxplorer.plugins.projectmanager.gui.ProjectChoiceTab.createHeapStackFields(ProjectChoiceTab.java:972) ~[filemanager.jar:?]
	at com.st.microxplorer.plugins.projectmanager.gui.ProjectChoiceTab.buildLinkSettingsPanel(ProjectChoiceTab.java:3597) ~[filemanager.jar:?]
	at com.st.microxplorer.plugins.projectmanager.gui.ProjectChoiceTab.defineWindowsFields(ProjectChoiceTab.java:1940) ~[filemanager.jar:?]
	at com.st.microxplorer.plugins.projectmanager.gui.ProjectChoiceTab.updateSettings(ProjectChoiceTab.java:550) ~[filemanager.jar:?]
	at com.st.microxplorer.plugins.projectmanager.gui.ProjectSettingsPanel.UpdateDialog(ProjectSettingsPanel.java:245) ~[filemanager.jar:?]
	at com.st.microxplorer.plugins.projectmanager.ProjectManagerView.propertyChange(ProjectManagerView.java:391) ~[filemanager.jar:?]
	at java.beans.PropertyChangeSupport.fire(PropertyChangeSupport.java:343) ~[?:?]
	at java.beans.PropertyChangeSupport.firePropertyChange(PropertyChangeSupport.java:335) ~[?:?]
	at java.beans.PropertyChangeSupport.firePropertyChange(PropertyChangeSupport.java:268) ~[?:?]
	at com.st.microxplorer.util.MXPropertyChangeSupport.firePropertyChange(MXPropertyChangeSupport.java:54) ~[STM32CubeMX.jar:?]
	at com.st.microxplorer.mxsystem.MxSystem.closeConfig(MxSystem.java:900) ~[STM32CubeMX.jar:?]
	at com.st.microxplorer.maingui.MainPanel.closeConfig(MainPanel.java:781) ~[STM32CubeMX.jar:?]
	at com.st.microxplorer.plugins.filemanager.engine.OpenFileManager.loadConfigurationFile(OpenFileManager.java:265) ~[filemanager.jar:?]
	at com.st.microxplorer.plugins.filemanager.engine.MainFileManager.userLoadConfig(MainFileManager.java:352) ~[filemanager.jar:?]
	at com.st.microxplorer.plugins.filemanager.engine.MainFileManager.userLoadConfig(MainFileManager.java:330) ~[filemanager.jar:?]
	at com.st.microxplorer.plugins.filemanager.FileManagerView.getSpecificTask(FileManagerView.java:246) ~[filemanager.jar:?]
	at com.st.stm32cube.common.mx.editor.CubeMxEditor.getMxTabbedPaneInstance(CubeMxEditor.java:1198) ~[com.st.stm32cube.common.mx_6.12.1.202409122256/:?]
	at com.st.stm32cube.common.mx.editor.CubeMxEditor$12$1.createSwingComponent(CubeMxEditor.java:1068) ~[com.st.stm32cube.common.mx_6.12.1.202409122256/:?]
	at com.st.stm32cube.common.mx.oss.core.awtswtbridge.EmbeddedSwingComposite.doComponentCreation(EmbeddedSwingComposite.java:492) ~[com.st.stm32cube.common.mx.oss_6.12.1.202409122256/:?]
	at com.st.stm32cube.common.mx.oss.core.awtswtbridge.EmbeddedSwingComposite$4.run(EmbeddedSwingComposite.java:291) ~[com.st.stm32cube.common.mx.oss_6.12.1.202409122256/:?]
	at com.st.stm32cube.common.mx.oss.core.awtswtbridge.AwtEnvironment$2.run(AwtEnvironment.java:166) ~[com.st.stm32cube.common.mx.oss_6.12.1.202409122256/:?]
	at java.awt.event.InvocationEvent.dispatch(InvocationEvent.java:318) ~[?:?]
	at java.awt.EventQueue.dispatchEventImpl(EventQueue.java:773) ~[?:?]
	at java.awt.EventQueue$4.run(EventQueue.java:720) ~[?:?]
	at java.awt.EventQueue$4.run(EventQueue.java:714) ~[?:?]
	at java.security.AccessController.doPrivileged(AccessController.java:399) ~[?:?]
	at java.security.ProtectionDomain$JavaSecurityAccessImpl.doIntersectionPrivilege(ProtectionDomain.java:86) ~[?:?]
	at java.awt.EventQueue.dispatchEvent(EventQueue.java:742) ~[?:?]
	at java.awt.EventDispatchThread.pumpOneEventForFilters(EventDispatchThread.java:203) ~[?:?]
	at java.awt.EventDispatchThread.pumpEventsForFilter(EventDispatchThread.java:124) ~[?:?]
	at java.awt.EventDispatchThread.pumpEventsForHierarchy(EventDispatchThread.java:113) ~[?:?]
	at java.awt.EventDispatchThread.pumpEvents(EventDispatchThread.java:109) ~[?:?]
	at java.awt.EventDispatchThread.pumpEvents(EventDispatchThread.java:101) ~[?:?]
	at java.awt.EventDispatchThread.run(EventDispatchThread.java:90) ~[?:?]
2025-05-03 14:05:03,808 [WARN] ThirdParty:871 - waiting for thirdparty lock release [close project]
2025-05-03 14:05:03,808 [INFO] ThirdParty:873 - entering critical section [close project]
2025-05-03 14:05:03,808 [INFO] ThirdParty:883 - exiting critical section [close project]
2025-05-03 14:05:03,812 [INFO] PinOutPanel:1561 - setPackage(No Configuration,No Configuration)
2025-05-03 14:05:03,850 [WARN] IpParametersView:151 - Warning: This peripheral hasn't parameters
2025-05-03 14:05:03,878 [WARN] MainPanel:284 - <html><b><center>Warning: This peripheral has no parameters to be configured<br></b></html>
2025-05-03 14:05:03,904 [INFO] UtilMem:75 - Begin LoadConfig() Used Memory: 840219248 Bytes (1073741824)
2025-05-03 14:05:03,906 [INFO] MicroXplorer:468 - Change Database Path : 
2025-05-03 14:05:03,906 [INFO] MicroXplorer:498 - Change Database Version : DB.6.0.121
2025-05-03 14:05:03,906 [INFO] OpenFileManager:332 - Change cursor
2025-05-03 14:05:03,928 [INFO] Mcu:2032 - Initializing MCU STM32F411C(C-E)Ux STM32F411CEUx STM32F411CEU6
2025-05-03 14:05:05,257 [INFO] Context:742 - Trying to add GPIOservice into a context  which must be forbidden
2025-05-03 14:05:06,361 [INFO] RtosManager:555 - Registered RTOS mode: class=CMSIS, group=RTOS, mode=CMSIS_V1, owner=FREERTOS
2025-05-03 14:05:06,362 [INFO] RtosManager:555 - Registered RTOS mode: class=CMSIS, group=RTOS2, mode=CMSIS_V2, owner=FREERTOS
2025-05-03 14:05:06,362 [INFO] RtosManager:555 - Registered RTOS mode: class=RTOS, group=Core, mode=CMSIS_V1, owner=FREERTOS
2025-05-03 14:05:06,362 [INFO] RtosManager:555 - Registered RTOS mode: class=RTOS, group=Core, mode=CMSIS_V2, owner=FREERTOS
2025-05-03 14:05:06,362 [WARN] ModelIntegratedComponent:184 - Missing modes for component STMicroelectronics:FreeRTOS:0.0.1:STMicroelectronics:RTOS:FreeRTOS:Core:::10.2.0:
2025-05-03 14:05:06,382 [WARN] ModelIntegratedComponent:182 - Modes not found for component STMicroelectronics:USB_HOST:1.0.0:STMicroelectronics:USB::USB Host:Audio HS::1.0:USB_HOST_1_0_RESTRICTED_HS
2025-05-03 14:05:06,383 [WARN] ModelIntegratedComponent:188 - Modes not found for component STMicroelectronics:USB_HOST:1.0.0:STMicroelectronics:USB::USB Host:Audio HS::1.0:USB_HOST_1_0_RESTRICTED_HS
2025-05-03 14:05:06,383 [WARN] ModelIntegratedComponent:182 - Modes not found for component STMicroelectronics:USB_HOST:1.0.0:STMicroelectronics:USB::USB Host:CDC HS::1.0:USB_HOST_1_0_RESTRICTED_HS
2025-05-03 14:05:06,383 [WARN] ModelIntegratedComponent:188 - Modes not found for component STMicroelectronics:USB_HOST:1.0.0:STMicroelectronics:USB::USB Host:CDC HS::1.0:USB_HOST_1_0_RESTRICTED_HS
2025-05-03 14:05:06,383 [WARN] ModelIntegratedComponent:182 - Modes not found for component STMicroelectronics:USB_HOST:1.0.0:STMicroelectronics:USB::USB Host:MSC HS::1.0:USB_HOST_1_0_RESTRICTED_HS
2025-05-03 14:05:06,383 [WARN] ModelIntegratedComponent:188 - Modes not found for component STMicroelectronics:USB_HOST:1.0.0:STMicroelectronics:USB::USB Host:MSC HS::1.0:USB_HOST_1_0_RESTRICTED_HS
2025-05-03 14:05:06,383 [WARN] ModelIntegratedComponent:182 - Modes not found for component STMicroelectronics:USB_HOST:1.0.0:STMicroelectronics:USB::USB Host:HID HS::1.0:USB_HOST_1_0_RESTRICTED_HS
2025-05-03 14:05:06,383 [WARN] ModelIntegratedComponent:188 - Modes not found for component STMicroelectronics:USB_HOST:1.0.0:STMicroelectronics:USB::USB Host:HID HS::1.0:USB_HOST_1_0_RESTRICTED_HS
2025-05-03 14:05:06,384 [WARN] ModelIntegratedComponent:182 - Modes not found for component STMicroelectronics:USB_HOST:1.0.0:STMicroelectronics:USB::USB Host:MTP HS::1.0:USB_HOST_1_0_RESTRICTED_HS
2025-05-03 14:05:06,384 [WARN] ModelIntegratedComponent:188 - Modes not found for component STMicroelectronics:USB_HOST:1.0.0:STMicroelectronics:USB::USB Host:MTP HS::1.0:USB_HOST_1_0_RESTRICTED_HS
2025-05-03 14:05:06,394 [WARN] ModelIntegratedComponent:63 - No mode defined for component null
2025-05-03 14:05:06,395 [WARN] ModelIntegratedComponent:63 - No mode defined for component null
2025-05-03 14:05:06,396 [WARN] ModelIntegratedComponent:63 - No mode defined for component null
2025-05-03 14:05:06,396 [WARN] ModelIntegratedComponent:63 - No mode defined for component null
2025-05-03 14:05:06,396 [WARN] ModelIntegratedComponent:63 - No mode defined for component null
2025-05-03 14:05:06,396 [WARN] ModelIntegratedComponent:63 - No mode defined for component null
2025-05-03 14:05:06,396 [WARN] ModelIntegratedComponent:63 - No mode defined for component null
2025-05-03 14:05:06,396 [WARN] ModelIntegratedComponent:63 - No mode defined for component null
2025-05-03 14:05:06,397 [WARN] ModelIntegratedComponent:63 - No mode defined for component null
2025-05-03 14:05:06,397 [WARN] ModelIntegratedComponent:63 - No mode defined for component null
2025-05-03 14:05:06,397 [WARN] ModelIntegratedComponent:63 - No mode defined for component null
2025-05-03 14:05:06,397 [WARN] ModelIntegratedComponent:63 - No mode defined for component null
2025-05-03 14:05:06,397 [WARN] ModelIntegratedComponent:63 - No mode defined for component null
2025-05-03 14:05:06,397 [WARN] ModelIntegratedComponent:63 - No mode defined for component null
2025-05-03 14:05:06,398 [WARN] ModelIntegratedComponent:63 - No mode defined for component null
2025-05-03 14:05:06,398 [WARN] ModelIntegratedComponent:63 - No mode defined for component null
2025-05-03 14:05:06,398 [WARN] ModelIntegratedComponent:63 - No mode defined for component null
2025-05-03 14:05:06,398 [WARN] ModelIntegratedComponent:63 - No mode defined for component null
2025-05-03 14:05:06,398 [WARN] ModelIntegratedComponent:63 - No mode defined for component null
2025-05-03 14:05:06,398 [WARN] ModelIntegratedComponent:63 - No mode defined for component null
2025-05-03 14:05:06,398 [WARN] ModelIntegratedComponent:63 - No mode defined for component null
2025-05-03 14:05:06,398 [WARN] ModelIntegratedComponent:63 - No mode defined for component null
2025-05-03 14:05:06,399 [WARN] ModelIntegratedComponent:63 - No mode defined for component null
2025-05-03 14:05:06,399 [WARN] ModelIntegratedComponent:63 - No mode defined for component null
2025-05-03 14:05:06,399 [WARN] ModelIntegratedComponent:63 - No mode defined for component null
2025-05-03 14:05:06,399 [WARN] ModelIntegratedComponent:63 - No mode defined for component null
2025-05-03 14:05:06,399 [WARN] ModelIntegratedComponent:63 - No mode defined for component null
2025-05-03 14:05:06,399 [WARN] ModelIntegratedComponent:63 - No mode defined for component null
2025-05-03 14:05:06,399 [WARN] ModelIntegratedComponent:63 - No mode defined for component null
2025-05-03 14:05:06,399 [WARN] ModelIntegratedComponent:63 - No mode defined for component null
2025-05-03 14:05:06,399 [WARN] ModelIntegratedComponent:63 - No mode defined for component null
2025-05-03 14:05:06,400 [WARN] ModelIntegratedComponent:63 - No mode defined for component null
2025-05-03 14:05:06,400 [WARN] ModelIntegratedComponent:63 - No mode defined for component null
2025-05-03 14:05:06,400 [WARN] ModelIntegratedComponent:63 - No mode defined for component null
2025-05-03 14:05:06,400 [WARN] ModelIntegratedComponent:63 - No mode defined for component null
2025-05-03 14:05:06,411 [WARN] ModelPack:524 - Component already loaded: STMicroelectronics:HAL Drivers:0.0.0:STMicroelectronics:Device:STMicro_Driver:XSPI:HAL::0.0.1:HAL_XSPI
2025-05-03 14:05:06,692 [WARN] ModelIntegratedComponent:182 - Modes not found for component STMicroelectronics:USB_DEVICE:1.0.0:STMicroelectronics:USB::USB Device:Audio HS::1.0:USB_DEVICE_1_0_RESTRICTED_HS
2025-05-03 14:05:06,692 [WARN] ModelIntegratedComponent:188 - Modes not found for component STMicroelectronics:USB_DEVICE:1.0.0:STMicroelectronics:USB::USB Device:Audio HS::1.0:USB_DEVICE_1_0_RESTRICTED_HS
2025-05-03 14:05:06,692 [WARN] ModelIntegratedComponent:182 - Modes not found for component STMicroelectronics:USB_DEVICE:1.0.0:STMicroelectronics:USB::USB Device:CDC HS::1.0:USB_DEVICE_1_0_RESTRICTED_HS
2025-05-03 14:05:06,692 [WARN] ModelIntegratedComponent:188 - Modes not found for component STMicroelectronics:USB_DEVICE:1.0.0:STMicroelectronics:USB::USB Device:CDC HS::1.0:USB_DEVICE_1_0_RESTRICTED_HS
2025-05-03 14:05:06,693 [WARN] ModelIntegratedComponent:182 - Modes not found for component STMicroelectronics:USB_DEVICE:1.0.0:STMicroelectronics:USB::USB Device:DFU HS::1.0:USB_DEVICE_1_0_RESTRICTED_HS
2025-05-03 14:05:06,693 [WARN] ModelIntegratedComponent:188 - Modes not found for component STMicroelectronics:USB_DEVICE:1.0.0:STMicroelectronics:USB::USB Device:DFU HS::1.0:USB_DEVICE_1_0_RESTRICTED_HS
2025-05-03 14:05:06,693 [WARN] ModelIntegratedComponent:182 - Modes not found for component STMicroelectronics:USB_DEVICE:1.0.0:STMicroelectronics:USB::USB Device:HID HS::1.0:USB_DEVICE_1_0_RESTRICTED_HS
2025-05-03 14:05:06,693 [WARN] ModelIntegratedComponent:188 - Modes not found for component STMicroelectronics:USB_DEVICE:1.0.0:STMicroelectronics:USB::USB Device:HID HS::1.0:USB_DEVICE_1_0_RESTRICTED_HS
2025-05-03 14:05:06,693 [WARN] ModelIntegratedComponent:182 - Modes not found for component STMicroelectronics:USB_DEVICE:1.0.0:STMicroelectronics:USB::USB Device:Custom HID HS::1.0:USB_DEVICE_1_0_RESTRICTED_HS
2025-05-03 14:05:06,693 [WARN] ModelIntegratedComponent:188 - Modes not found for component STMicroelectronics:USB_DEVICE:1.0.0:STMicroelectronics:USB::USB Device:Custom HID HS::1.0:USB_DEVICE_1_0_RESTRICTED_HS
2025-05-03 14:05:06,693 [WARN] ModelIntegratedComponent:182 - Modes not found for component STMicroelectronics:USB_DEVICE:1.0.0:STMicroelectronics:USB::USB Device:MSC HS::1.0:USB_DEVICE_1_0_RESTRICTED_HS
2025-05-03 14:05:06,693 [WARN] ModelIntegratedComponent:188 - Modes not found for component STMicroelectronics:USB_DEVICE:1.0.0:STMicroelectronics:USB::USB Device:MSC HS::1.0:USB_DEVICE_1_0_RESTRICTED_HS
2025-05-03 14:05:06,735 [INFO] ThirdPartyModel:298 - Start build external matchings
2025-05-03 14:05:08,873 [INFO] ThirdPartyModel:316 - End build external matchings
2025-05-03 14:05:08,898 [INFO] ImportTextPane:205 - (OptionalMessage_ERROR) IP (RCC) : Parameter (RTCHSEDivFreq_Value) has invalid value (12500000)
2025-05-03 14:05:08,899 [WARN] IP:2191 - DEVICE_SERIAL0_CDC_FS not found: check if there is a RefParameter without a condition.
2025-05-03 14:05:08,900 [WARN] IP:2191 - DEVICE_SERIAL1_CDC_FS not found: check if there is a RefParameter without a condition.
2025-05-03 14:05:08,900 [WARN] IP:2191 - DEVICE_SERIAL2_CDC_FS not found: check if there is a RefParameter without a condition.
2025-05-03 14:05:09,089 [INFO] UtilMem:75 - End LoadConfig() Used Memory: 808382896 Bytes (1073741824)
2025-05-03 14:05:09,178 [WARN] ThirdParty:833 - waiting for thirdparty lock release [change project]
2025-05-03 14:05:09,178 [INFO] ThirdParty:835 - entering critical section [change project]
2025-05-03 14:05:09,179 [INFO] ThirdParty:1030 - CMSIS Pack Vendor :STMicroelectronics USBPD 4.1
2025-05-03 14:05:09,179 [INFO] ThirdParty:1030 - CMSIS Pack Vendor :STMicroelectronics X-CUBE-AZRTOS-H7 3.3.0
2025-05-03 14:05:09,179 [INFO] ThirdParty:1030 - CMSIS Pack Vendor :STMicroelectronics X-CUBE-NFC9 1.0.0
2025-05-03 14:05:09,179 [INFO] ThirdParty:1030 - CMSIS Pack Vendor :STMicroelectronics USB_HOST 2.0.0
2025-05-03 14:05:09,179 [INFO] ThirdParty:1030 - CMSIS Pack Vendor :STMicroelectronics FP-SNS-MOTENVWB1 1.4.0
2025-05-03 14:05:09,179 [INFO] ThirdParty:1030 - CMSIS Pack Vendor :STMicroelectronics X-CUBE-AZRTOS-F4 1.1.0
2025-05-03 14:05:09,179 [INFO] ThirdParty:1030 - CMSIS Pack Vendor :STMicroelectronics LIBJPEG 8.0.0
2025-05-03 14:05:09,179 [INFO] ThirdParty:1030 - CMSIS Pack Vendor :STMicroelectronics FP-ATR-ASTRA1 2.0.2
2025-05-03 14:05:09,179 [INFO] ThirdParty:1030 - CMSIS Pack Vendor :STMicroelectronics FP-ATR-ASTRA1 2.0.1
2025-05-03 14:05:09,179 [INFO] ThirdParty:1030 - CMSIS Pack Vendor :STMicroelectronics X-CUBE-BLE1 7.1.0
2025-05-03 14:05:09,180 [INFO] ThirdParty:1030 - CMSIS Pack Vendor :STMicroelectronics X-CUBE-SMBUS 2.1.0
2025-05-03 14:05:09,180 [INFO] ThirdParty:1030 - CMSIS Pack Vendor :STMicroelectronics X-CUBE-WB05N 1.1.0
2025-05-03 14:05:09,180 [INFO] ThirdParty:1030 - CMSIS Pack Vendor :STMicroelectronics USB_DEVICE 3.0.0
2025-05-03 14:05:09,180 [INFO] ThirdParty:1030 - CMSIS Pack Vendor :STMicroelectronics X-CUBE-TCPP 4.1.0
2025-05-03 14:05:09,180 [INFO] ThirdParty:1030 - CMSIS Pack Vendor :STMicroelectronics X-CUBE-ISPU 2.1.0
2025-05-03 14:05:09,180 [INFO] ThirdParty:1030 - CMSIS Pack Vendor :STMicroelectronics X-CUBE-FREERTOS 1.2.0
2025-05-03 14:05:09,180 [INFO] ThirdParty:1030 - CMSIS Pack Vendor :STMicroelectronics X-CUBE-IPS 3.0.0
2025-05-03 14:05:09,180 [INFO] ThirdParty:1030 - CMSIS Pack Vendor :STMicroelectronics X-CUBE-AZRTOS-WB 2.0.0
2025-05-03 14:05:09,180 [INFO] ThirdParty:1030 - CMSIS Pack Vendor :STMicroelectronics X-CUBE-GNSS1 7.0.0
2025-05-03 14:05:09,180 [INFO] ThirdParty:1030 - CMSIS Pack Vendor :STMicroelectronics X-CUBE-GNSS1 7.0.1
2025-05-03 14:05:09,180 [INFO] ThirdParty:1030 - CMSIS Pack Vendor :STMicroelectronics X-CUBE-AZRTOS-F7 1.1.0
2025-05-03 14:05:09,181 [INFO] ThirdParty:1030 - CMSIS Pack Vendor :STMicroelectronics X-CUBE-AZRTOS-L5 2.0.0
2025-05-03 14:05:09,181 [INFO] ThirdParty:1030 - CMSIS Pack Vendor :STMicroelectronics X-CUBE-TOUCHGFX 4.25.0
2025-05-03 14:05:09,181 [INFO] ThirdParty:1030 - CMSIS Pack Vendor :STMicroelectronics USB_DEVICE 2.0.0
2025-05-03 14:05:09,181 [INFO] ThirdParty:1030 - CMSIS Pack Vendor :STMicroelectronics X-CUBE-NFC6 3.1.0
2025-05-03 14:05:09,181 [INFO] ThirdParty:1030 - CMSIS Pack Vendor :STMicroelectronics FP-SNS-STBOX1 2.0.0
2025-05-03 14:05:09,181 [INFO] ThirdParty:1030 - CMSIS Pack Vendor :STMicroelectronics X-CUBE-MEMS1 11.0.0
2025-05-03 14:05:09,181 [INFO] ThirdParty:1030 - CMSIS Pack Vendor :STMicroelectronics X-CUBE-MEMS1 11.2.0
2025-05-03 14:05:09,181 [INFO] ThirdParty:1030 - CMSIS Pack Vendor :STMicroelectronics FreeRTOS 0.0.1
2025-05-03 14:05:09,181 [INFO] ThirdParty:1030 - CMSIS Pack Vendor :STMicroelectronics X-CUBE-AZRTOS-G0 1.1.0
2025-05-03 14:05:09,181 [INFO] ThirdParty:1030 - CMSIS Pack Vendor :STMicroelectronics X-CUBE-SAFEA1 1.2.2
2025-05-03 14:05:09,182 [INFO] ThirdParty:1030 - CMSIS Pack Vendor :STMicroelectronics X-CUBE-NFC4 3.0.0
2025-05-03 14:05:09,182 [INFO] ThirdParty:1030 - CMSIS Pack Vendor :STMicroelectronics X-CUBE-DPower 1.2.0
2025-05-03 14:05:09,182 [INFO] ThirdParty:1030 - CMSIS Pack Vendor :STMicroelectronics X-CUBE-SUBG2 5.0.0
2025-05-03 14:05:09,183 [INFO] ThirdParty:1030 - CMSIS Pack Vendor :STMicroelectronics X-CUBE-AZRTOS-H7RS 1.1.0
2025-05-03 14:05:09,184 [INFO] ThirdParty:1030 - CMSIS Pack Vendor :STMicroelectronics STM32_WPAN 1.0.0
2025-05-03 14:05:09,185 [INFO] ThirdParty:1030 - CMSIS Pack Vendor :EmbeddedOffice I-CUBE-FS-RTOS 1.0.1
2025-05-03 14:05:09,185 [INFO] ThirdParty:1030 - CMSIS Pack Vendor :STMicroelectronics lwIP 2.0.3
2025-05-03 14:05:09,185 [INFO] ThirdParty:1030 - CMSIS Pack Vendor :STMicroelectronics FP-SNS-FLIGHT1 5.0.2
2025-05-03 14:05:09,185 [INFO] ThirdParty:1030 - CMSIS Pack Vendor :Cesanta I-CUBE-Mongoose 7.13.0
2025-05-03 14:05:09,186 [INFO] ThirdParty:1030 - CMSIS Pack Vendor :STMicroelectronics USB_HOST 1.0.0
2025-05-03 14:05:09,186 [INFO] ThirdParty:1030 - CMSIS Pack Vendor :STMicroelectronics X-CUBE-AZRTOS-G4 2.0.0
2025-05-03 14:05:09,186 [INFO] ThirdParty:1030 - CMSIS Pack Vendor :STMicroelectronics X-CUBE-WB05N 2.0.0
2025-05-03 14:05:09,186 [INFO] ThirdParty:1030 - CMSIS Pack Vendor :STMicroelectronics PDM2PCM 3.1.0
2025-05-03 14:05:09,186 [INFO] ThirdParty:1030 - CMSIS Pack Vendor :STMicroelectronics PDM2PCM 3.3.0
2025-05-03 14:05:09,186 [INFO] ThirdParty:1030 - CMSIS Pack Vendor :STMicroelectronics X-CUBE-DISPLAY 3.0.0
2025-05-03 14:05:09,186 [INFO] ThirdParty:1030 - CMSIS Pack Vendor :RealThread X-CUBE-RT-Thread_Nano 4.1.1
2025-05-03 14:05:09,187 [INFO] ThirdParty:1030 - CMSIS Pack Vendor :STMicroelectronics X-CUBE-BLE1 7.0.0
2025-05-03 14:05:09,187 [INFO] ThirdParty:1030 - CMSIS Pack Vendor :STMicroelectronics FP-ATR-SIGFOX1 3.2.0
2025-05-03 14:05:09,187 [INFO] ThirdParty:1030 - CMSIS Pack Vendor :STMicroelectronics X-CUBE-NFC10 1.0.0
2025-05-03 14:05:09,187 [INFO] ThirdParty:1030 - CMSIS Pack Vendor :wolfSSL I-CUBE-wolfSSL 5.7.2
2025-05-03 14:05:09,187 [INFO] ThirdParty:1030 - CMSIS Pack Vendor :quantropi X-CUBE-qispace-sdk-base 1.9.3
2025-05-03 14:05:09,187 [INFO] ThirdParty:1030 - CMSIS Pack Vendor :STMicroelectronics X-CUBE-BLEMGR 4.0.0
2025-05-03 14:05:09,187 [INFO] ThirdParty:1030 - CMSIS Pack Vendor :STMicroelectronics X-CUBE-EEPRMA1 5.1.0
2025-05-03 14:05:09,187 [INFO] ThirdParty:1030 - CMSIS Pack Vendor :STMicroelectronics HAL Drivers 0.0.0
2025-05-03 14:05:09,188 [INFO] ThirdParty:1030 - CMSIS Pack Vendor :STMicroelectronics MBEDTLS 2.16.2
2025-05-03 14:05:09,188 [INFO] ThirdParty:1030 - CMSIS Pack Vendor :STMicroelectronics X-CUBE-ALS 1.0.2
2025-05-03 14:05:09,188 [INFO] ThirdParty:1030 - CMSIS Pack Vendor :emotas I-CUBE-CANOPEN 1.3.0
2025-05-03 14:05:09,188 [INFO] ThirdParty:1030 - CMSIS Pack Vendor :STMicroelectronics X-CUBE-FREERTOS 1.3.0
2025-05-03 14:05:09,188 [INFO] ThirdParty:1030 - CMSIS Pack Vendor :STMicroelectronics X-CUBE-NFC7 1.0.1
2025-05-03 14:05:09,188 [INFO] ThirdParty:1030 - CMSIS Pack Vendor :STMicroelectronics MBEDTLS 2.14.1
2025-05-03 14:05:09,188 [INFO] ThirdParty:1030 - CMSIS Pack Vendor :ITTIA_DB I-CUBE-ITTIADB 8.9.0
2025-05-03 14:05:09,188 [INFO] ThirdParty:1030 - CMSIS Pack Vendor :STMicroelectronics X-CUBE-TOUCHGFX 4.24.2
2025-05-03 14:05:09,188 [INFO] ThirdParty:1030 - CMSIS Pack Vendor :STMicroelectronics X-CUBE-TOUCHGFX 4.24.1
2025-05-03 14:05:09,188 [INFO] ThirdParty:1030 - CMSIS Pack Vendor :wolfSSL I-CUBE-wolfTPM 3.4.0
2025-05-03 14:05:09,189 [INFO] ThirdParty:1030 - CMSIS Pack Vendor :portGmbH I-Cube-SoM-uGOAL 1.1.0
2025-05-03 14:05:09,189 [INFO] ThirdParty:1030 - CMSIS Pack Vendor :STMicroelectronics X-CUBE-BLEMGR 3.1.0
2025-05-03 14:05:09,189 [INFO] ThirdParty:1030 - CMSIS Pack Vendor :STMicroelectronics X-CUBE-AI 10.0.0
2025-05-03 14:05:09,189 [INFO] ThirdParty:1030 - CMSIS Pack Vendor :STMicroelectronics ThreadX 1.0.0
2025-05-03 14:05:09,189 [INFO] ThirdParty:1030 - CMSIS Pack Vendor :STMicroelectronics FP-SNS-SMARTAG2 1.2.0
2025-05-03 14:05:09,189 [INFO] ThirdParty:1030 - CMSIS Pack Vendor :STMicroelectronics X-CUBE-MEMS1 11.1.0
2025-05-03 14:05:09,189 [INFO] ThirdParty:1030 - CMSIS Pack Vendor :STMicroelectronics X-CUBE-AZRTOS-WL 2.0.0
2025-05-03 14:05:09,189 [INFO] ThirdParty:1030 - CMSIS Pack Vendor :SEGGER I-CUBE-embOS 1.3.1
2025-05-03 14:05:09,189 [INFO] ThirdParty:1030 - CMSIS Pack Vendor :STMicroelectronics X-CUBE-ALGOBUILD 1.4.0
2025-05-03 14:05:09,189 [INFO] ThirdParty:1030 - CMSIS Pack Vendor :STMicroelectronics X-CUBE-DPower 1.3.0
2025-05-03 14:05:09,190 [INFO] ThirdParty:1030 - CMSIS Pack Vendor :STMicroelectronics FP-SNS-MOTENV1 5.0.0
2025-05-03 14:05:09,191 [INFO] ThirdParty:1030 - CMSIS Pack Vendor :STMicroelectronics USB_DEVICE 1.0.0
2025-05-03 14:05:09,191 [INFO] ThirdParty:1030 - CMSIS Pack Vendor :STMicroelectronics X-CUBE-AZRTOS-H7RS 1.0.0
2025-05-03 14:05:09,191 [INFO] ThirdParty:1030 - CMSIS Pack Vendor :wolfSSL I-CUBE-wolfMQTT 1.19.0
2025-05-03 14:05:09,191 [INFO] ThirdParty:1030 - CMSIS Pack Vendor :STMicroelectronics X-CUBE-AZRTOS-L4 2.0.0
2025-05-03 14:05:09,192 [INFO] ThirdParty:1030 - CMSIS Pack Vendor :STMicroelectronics ThreadX 0.0.2
2025-05-03 14:05:09,192 [INFO] ThirdParty:1030 - CMSIS Pack Vendor :WES I-CUBE-Cesium 1.3.0
2025-05-03 14:05:09,192 [INFO] ThirdParty:1030 - CMSIS Pack Vendor :STMicroelectronics FP-ATR-ASTRA1 2.0.0
2025-05-03 14:05:09,192 [INFO] ThirdParty:1030 - CMSIS Pack Vendor :STMicroelectronics lwIP 2.1.2
2025-05-03 14:05:09,192 [INFO] ThirdParty:1030 - CMSIS Pack Vendor :STMicroelectronics X-CUBE-SFXS2LP1 4.0.0
2025-05-03 14:05:09,192 [INFO] ThirdParty:1030 - CMSIS Pack Vendor :STMicroelectronics X-CUBE-BLE2 3.3.0
2025-05-03 14:05:09,192 [INFO] ThirdParty:1030 - CMSIS Pack Vendor :STMicroelectronics X-CUBE-TOF1 3.4.2
2025-05-03 14:05:09,192 [INFO] ThirdParty:1030 - CMSIS Pack Vendor :STMicroelectronics X-CUBE-AI 9.1.0
2025-05-03 14:05:09,192 [INFO] ThirdParty:1030 - CMSIS Pack Vendor :Infineon AIROC-Wi-Fi-Bluetooth-STM32 1.6.1
2025-05-03 14:05:09,192 [INFO] ThirdParty:1030 - CMSIS Pack Vendor :STMicroelectronics PDM2PCM 3.2.0
2025-05-03 14:05:09,193 [INFO] ThirdParty:1030 - CMSIS Pack Vendor :wolfSSL I-CUBE-wolfSSH 1.4.17
2025-05-03 14:05:09,193 [INFO] ThirdParty:841 - exiting critical section [change project]
2025-05-03 14:05:09,537 [INFO] PinOutPanel:1561 - setPackage(No Configuration,No Configuration)
2025-05-03 14:05:09,538 [INFO] PinOutPanel:1561 - setPackage(STM32F411CEUx,UFQFPN48)
2025-05-03 14:05:09,912 [INFO] UtilMem:75 - Before build in PCC Used Memory: 943295944 Bytes (1073741824)
2025-05-03 14:05:10,256 [INFO] UtilMem:75 - After build in PCC Used Memory: 685207848 Bytes (1073741824)
2025-05-03 14:05:10,343 [INFO] ApiDbMcu:508 - Load IP Config File for USB_DEVICE
2025-05-03 14:05:10,379 [INFO] IPUIPlugin:80 - create IPUIPlugin
2025-05-03 14:05:10,380 [INFO] IPUIPlugin:80 - create IPUIPlugin
2025-05-03 14:05:10,380 [INFO] IPUIPlugin:80 - create IPUIPlugin
2025-05-03 14:05:10,381 [INFO] IPUIPlugin:80 - create IPUIPlugin
2025-05-03 14:05:10,381 [INFO] IPUIPlugin:80 - create IPUIPlugin
2025-05-03 14:05:10,381 [INFO] IPUIPlugin:80 - create IPUIPlugin
2025-05-03 14:05:10,382 [INFO] IPUIPlugin:80 - create IPUIPlugin
2025-05-03 14:05:10,382 [INFO] IPUIPlugin:80 - create IPUIPlugin
2025-05-03 14:05:10,382 [INFO] IPUIPlugin:80 - create IPUIPlugin
2025-05-03 14:05:10,383 [INFO] IPUIPlugin:80 - create IPUIPlugin
2025-05-03 14:05:10,383 [INFO] IPUIPlugin:80 - create IPUIPlugin
2025-05-03 14:05:10,383 [INFO] IPUIPlugin:80 - create IPUIPlugin
2025-05-03 14:05:10,383 [INFO] IPUIPlugin:80 - create IPUIPlugin
2025-05-03 14:05:10,384 [INFO] IPUIPlugin:80 - create IPUIPlugin
2025-05-03 14:05:10,384 [INFO] IPUIPlugin:80 - create IPUIPlugin
2025-05-03 14:05:10,384 [INFO] IPUIPlugin:80 - create IPUIPlugin
2025-05-03 14:05:10,385 [INFO] IPUIPlugin:80 - create IPUIPlugin
2025-05-03 14:05:10,385 [INFO] IPUIPlugin:80 - create IPUIPlugin
2025-05-03 14:05:10,385 [INFO] IPUIPlugin:80 - create IPUIPlugin
2025-05-03 14:05:10,385 [INFO] IPUIPlugin:80 - create IPUIPlugin
2025-05-03 14:05:10,386 [INFO] IPUIPlugin:80 - create IPUIPlugin
2025-05-03 14:05:10,386 [INFO] IPUIPlugin:80 - create IPUIPlugin
2025-05-03 14:05:10,387 [INFO] IPUIPlugin:80 - create IPUIPlugin
2025-05-03 14:05:10,387 [INFO] IPUIPlugin:80 - create IPUIPlugin
2025-05-03 14:05:10,387 [INFO] IPUIPlugin:80 - create IPUIPlugin
2025-05-03 14:05:10,388 [INFO] IPUIPlugin:80 - create IPUIPlugin
2025-05-03 14:05:10,388 [INFO] IPUIPlugin:80 - create IPUIPlugin
2025-05-03 14:05:10,388 [INFO] IPUIPlugin:80 - create IPUIPlugin
2025-05-03 14:05:10,389 [INFO] IPUIPlugin:80 - create IPUIPlugin
2025-05-03 14:05:10,389 [INFO] IPUIPlugin:80 - create IPUIPlugin
2025-05-03 14:05:10,389 [INFO] IPUIPlugin:80 - create IPUIPlugin
2025-05-03 14:05:10,389 [INFO] IPUIPlugin:80 - create IPUIPlugin
2025-05-03 14:05:10,389 [INFO] IPUIPlugin:80 - create IPUIPlugin
2025-05-03 14:05:10,389 [INFO] IPUIPlugin:80 - create IPUIPlugin
2025-05-03 14:05:10,390 [INFO] IPUIPlugin:80 - create IPUIPlugin
2025-05-03 14:05:10,390 [INFO] IPUIPlugin:80 - create IPUIPlugin
2025-05-03 14:05:10,390 [INFO] IPUIPlugin:80 - create IPUIPlugin
2025-05-03 14:05:10,390 [INFO] IPUIPlugin:80 - create IPUIPlugin
2025-05-03 14:05:10,390 [INFO] IPUIPlugin:80 - create IPUIPlugin
2025-05-03 14:05:10,391 [INFO] IPUIPlugin:80 - create IPUIPlugin
2025-05-03 14:05:10,391 [INFO] IPUIPlugin:80 - create IPUIPlugin
2025-05-03 14:05:10,392 [INFO] IPUIPlugin:80 - create IPUIPlugin
2025-05-03 14:05:10,392 [INFO] IPUIPlugin:80 - create IPUIPlugin
2025-05-03 14:05:10,398 [INFO] ApiDbMcu:508 - Load IP Config File for PDM2PCM
2025-05-03 14:05:10,516 [INFO] CADModel:165 - CPN selected for project levelSTM32F411CEU6
2025-05-03 14:05:10,517 [INFO] CADModel:114 - Register for checkConnection events
2025-05-03 14:05:10,555 [INFO] OpenFileManager:363 - Restore cursor
2025-05-03 14:05:10,986 [WARN] IP:2191 - DEVICE_SERIAL0_CDC_FS not found: check if there is a RefParameter without a condition.
2025-05-03 14:05:10,987 [WARN] IP:2191 - DEVICE_SERIAL1_CDC_FS not found: check if there is a RefParameter without a condition.
2025-05-03 14:05:10,987 [WARN] IP:2191 - DEVICE_SERIAL2_CDC_FS not found: check if there is a RefParameter without a condition.
2025-05-03 14:05:10,989 [WARN] IP:2191 - DEVICE_SERIAL0_CDC_FS not found: check if there is a RefParameter without a condition.
2025-05-03 14:05:10,989 [WARN] IP:2191 - DEVICE_SERIAL1_CDC_FS not found: check if there is a RefParameter without a condition.
2025-05-03 14:05:10,989 [WARN] IP:2191 - DEVICE_SERIAL2_CDC_FS not found: check if there is a RefParameter without a condition.
2025-05-03 14:05:46,666 [INFO] NvicIntPanel:101 - NVIC parent = com.st.microxplorer.plugins.ip.nvic.MultiNvicIntPanel[,0,0,471x212,layout=javax.swing.BoxLayout,alignmentX=0.0,alignmentY=0.0,border=,flags=9,maximumSize=,minimumSize=,preferredSize=]
2025-05-03 14:07:33,661 [INFO] UtilMem:75 - End SaveConfig() Used Memory: 681763288 Bytes (1073741824)
2025-05-03 14:07:33,801 [INFO] UtilMem:75 - End SaveConfig() Used Memory: 695921112 Bytes (1073741824)
2025-05-03 14:07:34,747 [INFO] UtilMem:75 - End SaveConfig() Used Memory: 761455064 Bytes (1073741824)
2025-05-03 14:07:35,856 [INFO] BlockDiagram:2766 - set Specific Code input for plugin: SPI
2025-05-03 14:07:35,856 [INFO] BlockDiagram:2766 - set Specific Code input for plugin: NVIC
2025-05-03 14:07:35,856 [INFO] BlockDiagram:2766 - set Specific Code input for plugin: USART
2025-05-03 14:07:35,856 [INFO] BlockDiagram:2766 - set Specific Code input for plugin: SYS
2025-05-03 14:07:35,857 [INFO] BlockDiagram:2766 - set Specific Code input for plugin: GPIO
2025-05-03 14:07:35,857 [INFO] BlockDiagram:2766 - set Specific Code input for plugin: RCC
2025-05-03 14:07:35,859 [INFO] CodeGenerator:807 - code generatio: config db path: /Applications/STM32CubeIDE.app/Contents/Eclipse/plugins/com.st.stm32cube.common.mx_6.12.1.202409122256//db/
2025-05-03 14:07:36,216 [INFO] CodeEngine:255 - oldGeneratedFile, /Users/Zarina/STM32CubeIDE/workspace_1.16.1/SRAD_Telemetry/MXTmpFiles/license.tmp_save
2025-05-03 14:07:37,227 [INFO] CodeEngine:279 - Generated code: /Users/Zarina/STM32CubeIDE/workspace_1.16.1/SRAD_Telemetry/MXTmpFiles/license.tmp
2025-05-03 14:07:37,337 [INFO] CodeEngine:255 - oldGeneratedFile, /Users/Zarina/STM32CubeIDE/workspace_1.16.1/SRAD_Telemetry/MXTmpFiles/gpio.tmp_save
2025-05-03 14:07:37,738 [INFO] CodeEngine:279 - Generated code: /Users/Zarina/STM32CubeIDE/workspace_1.16.1/SRAD_Telemetry/MXTmpFiles/gpio.tmp
2025-05-03 14:07:38,114 [INFO] CodeEngine:255 - oldGeneratedFile, /Users/Zarina/STM32CubeIDE/workspace_1.16.1/SRAD_Telemetry/Core/Src/stm32f4xx_it.c_save
2025-05-03 14:07:38,516 [INFO] CodeEngine:279 - Generated code: /Users/Zarina/STM32CubeIDE/workspace_1.16.1/SRAD_Telemetry/Core/Src/stm32f4xx_it.c
2025-05-03 14:07:38,522 [INFO] CodeEngine:255 - oldGeneratedFile, /Users/Zarina/STM32CubeIDE/workspace_1.16.1/SRAD_Telemetry/Core/Inc/stm32f4xx_it.h_save
2025-05-03 14:07:38,738 [INFO] CodeEngine:279 - Generated code: /Users/Zarina/STM32CubeIDE/workspace_1.16.1/SRAD_Telemetry/Core/Inc/stm32f4xx_it.h
2025-05-03 14:07:38,761 [INFO] CodeEngine:255 - oldGeneratedFile, /Users/Zarina/STM32CubeIDE/workspace_1.16.1/SRAD_Telemetry/Core/Src/stm32f4xx_hal_msp.c_save
2025-05-03 14:07:39,203 [INFO] CodeEngine:279 - Generated code: /Users/Zarina/STM32CubeIDE/workspace_1.16.1/SRAD_Telemetry/Core/Src/stm32f4xx_hal_msp.c
2025-05-03 14:07:39,207 [INFO] CodeEngine:255 - oldGeneratedFile, /Users/Zarina/STM32CubeIDE/workspace_1.16.1/SRAD_Telemetry/MXTmpFiles/system.tmp_save
2025-05-03 14:07:39,429 [INFO] CodeEngine:279 - Generated code: /Users/Zarina/STM32CubeIDE/workspace_1.16.1/SRAD_Telemetry/MXTmpFiles/system.tmp
2025-05-03 14:07:39,445 [INFO] CodeEngine:311 - oldGeneratedFile, /Users/Zarina/STM32CubeIDE/workspace_1.16.1/SRAD_Telemetry/Core/Inc/stm32f4xx_hal_conf.h_save
2025-05-03 14:07:39,648 [INFO] CodeEngine:335 - Generated code: /Users/Zarina/STM32CubeIDE/workspace_1.16.1/SRAD_Telemetry/Core/Inc/stm32f4xx_hal_conf.h
2025-05-03 14:07:39,770 [INFO] CodeEngine:255 - oldGeneratedFile, /Users/Zarina/STM32CubeIDE/workspace_1.16.1/SRAD_Telemetry/Core/Inc/main.h_save
2025-05-03 14:07:40,030 [INFO] CodeEngine:279 - Generated code: /Users/Zarina/STM32CubeIDE/workspace_1.16.1/SRAD_Telemetry/Core/Inc/main.h
2025-05-03 14:07:40,036 [INFO] CodeEngine:255 - oldGeneratedFile, /Users/Zarina/STM32CubeIDE/workspace_1.16.1/SRAD_Telemetry/Core/Src/main.c_save
2025-05-03 14:07:40,406 [INFO] CodeEngine:279 - Generated code: /Users/Zarina/STM32CubeIDE/workspace_1.16.1/SRAD_Telemetry/Core/Src/main.c
2025-05-03 14:07:42,198 [INFO] ProjectBuilder:3249 - Time for Copy HAL[1] : 552mS.
2025-05-03 14:07:42,227 [INFO] ProjectBuilder:4828 - Project Generator version: 4.5.0-B34
2025-05-03 14:07:42,646 [INFO] ConfigFileManager:1531 - The Die is : DIE431
2025-05-03 14:07:42,721 [INFO] ApiDbMcu:508 - Load IP Config File for FATFS
2025-05-03 14:07:42,957 [INFO] ApiDbMcu:508 - Load IP Config File for FREERTOS
2025-05-03 14:07:42,975 [INFO] ApiDbMcu:508 - Load IP Config File for LIBJPEG
2025-05-03 14:07:43,104 [INFO] ApiDbMcu:508 - Load IP Config File for MBEDTLS
2025-05-03 14:07:43,190 [INFO] ApiDbMcu:508 - Load IP Config File for USB_HOST
2025-05-03 14:07:46,766 [INFO] ProjectBuilder:5097 - Time for Generating toolchain IDE Files: 4539mS.
2025-05-03 14:07:46,767 [INFO] ProjectBuilder:3107 - Time for Copy CMSIS : 1mS.
2025-05-03 14:07:46,769 [INFO] ProjectBuilder:3107 - Time for Copy CMSIS : 0mS.
2025-05-03 14:08:04,240 [INFO] UtilMem:75 - End SaveConfig() Used Memory: 789634936 Bytes (1073741824)
2025-05-03 14:08:04,385 [INFO] UtilMem:75 - End SaveConfig() Used Memory: 802742152 Bytes (1073741824)
2025-05-03 14:08:04,759 [INFO] UtilMem:75 - End SaveConfig() Used Memory: 825666560 Bytes (1073741824)
2025-05-03 14:08:05,080 [INFO] BlockDiagram:2766 - set Specific Code input for plugin: SPI
2025-05-03 14:08:05,080 [INFO] BlockDiagram:2766 - set Specific Code input for plugin: USB_OTG_FS
2025-05-03 14:08:05,081 [INFO] BlockDiagram:2766 - set Specific Code input for plugin: NVIC
2025-05-03 14:08:05,081 [INFO] BlockDiagram:2766 - set Specific Code input for plugin: USART
2025-05-03 14:08:05,081 [INFO] BlockDiagram:2766 - set Specific Code input for plugin: SYS
2025-05-03 14:08:05,081 [INFO] BlockDiagram:2766 - set Specific Code input for plugin: GPIO
2025-05-03 14:08:05,081 [INFO] BlockDiagram:2766 - set Specific Code input for plugin: RCC
2025-05-03 14:08:05,082 [INFO] CodeGenerator:807 - code generatio: config db path: /Applications/STM32CubeIDE.app/Contents/Eclipse/plugins/com.st.stm32cube.common.mx_6.12.1.202409122256//db/
2025-05-03 14:08:05,362 [INFO] CodeEngine:255 - oldGeneratedFile, /Users/Zarina/STM32CubeIDE/workspace_1.16.1/SRAD_Telemetry/MXTmpFiles/license.tmp_save
2025-05-03 14:08:05,588 [INFO] CodeEngine:279 - Generated code: /Users/Zarina/STM32CubeIDE/workspace_1.16.1/SRAD_Telemetry/MXTmpFiles/license.tmp
2025-05-03 14:08:05,651 [INFO] CodeEngine:255 - oldGeneratedFile, /Users/Zarina/STM32CubeIDE/workspace_1.16.1/SRAD_Telemetry/MXTmpFiles/gpio.tmp_save
2025-05-03 14:08:05,846 [INFO] CodeEngine:279 - Generated code: /Users/Zarina/STM32CubeIDE/workspace_1.16.1/SRAD_Telemetry/MXTmpFiles/gpio.tmp
2025-05-03 14:08:06,326 [WARN] IPConfigManager:3005 - Warning: the RefConfig PWREx_EnableUSBVoltageDetector is not available in your config.xml file
2025-05-03 14:08:06,355 [INFO] CodeEngine:255 - oldGeneratedFile, /Users/Zarina/STM32CubeIDE/workspace_1.16.1/SRAD_Telemetry/Core/Src/stm32f4xx_it.c_save
2025-05-03 14:08:06,569 [INFO] CodeEngine:279 - Generated code: /Users/Zarina/STM32CubeIDE/workspace_1.16.1/SRAD_Telemetry/Core/Src/stm32f4xx_it.c
2025-05-03 14:08:06,578 [INFO] CodeEngine:255 - oldGeneratedFile, /Users/Zarina/STM32CubeIDE/workspace_1.16.1/SRAD_Telemetry/Core/Inc/stm32f4xx_it.h_save
2025-05-03 14:08:06,769 [INFO] CodeEngine:279 - Generated code: /Users/Zarina/STM32CubeIDE/workspace_1.16.1/SRAD_Telemetry/Core/Inc/stm32f4xx_it.h
2025-05-03 14:08:06,785 [INFO] CodeEngine:255 - oldGeneratedFile, /Users/Zarina/STM32CubeIDE/workspace_1.16.1/SRAD_Telemetry/Core/Src/stm32f4xx_hal_msp.c_save
2025-05-03 14:08:07,180 [INFO] CodeEngine:279 - Generated code: /Users/Zarina/STM32CubeIDE/workspace_1.16.1/SRAD_Telemetry/Core/Src/stm32f4xx_hal_msp.c
2025-05-03 14:08:07,186 [INFO] CodeEngine:255 - oldGeneratedFile, /Users/Zarina/STM32CubeIDE/workspace_1.16.1/SRAD_Telemetry/MXTmpFiles/system.tmp_save
2025-05-03 14:08:07,358 [INFO] CodeEngine:279 - Generated code: /Users/Zarina/STM32CubeIDE/workspace_1.16.1/SRAD_Telemetry/MXTmpFiles/system.tmp
2025-05-03 14:08:07,369 [INFO] CodeEngine:311 - oldGeneratedFile, /Users/Zarina/STM32CubeIDE/workspace_1.16.1/SRAD_Telemetry/Core/Inc/stm32f4xx_hal_conf.h_save
2025-05-03 14:08:07,585 [INFO] CodeEngine:335 - Generated code: /Users/Zarina/STM32CubeIDE/workspace_1.16.1/SRAD_Telemetry/Core/Inc/stm32f4xx_hal_conf.h
2025-05-03 14:08:07,670 [WARN] IPConfigManager:3554 - IP not found : USB_OTG
2025-05-03 14:08:07,671 [WARN] CodeGenerator:4002 - IP not found : null
2025-05-03 14:08:07,678 [INFO] CodeEngine:255 - oldGeneratedFile, /Users/Zarina/STM32CubeIDE/workspace_1.16.1/SRAD_Telemetry/Core/Inc/main.h_save
2025-05-03 14:08:07,836 [INFO] CodeEngine:279 - Generated code: /Users/Zarina/STM32CubeIDE/workspace_1.16.1/SRAD_Telemetry/Core/Inc/main.h
2025-05-03 14:08:07,848 [INFO] CodeEngine:255 - oldGeneratedFile, /Users/Zarina/STM32CubeIDE/workspace_1.16.1/SRAD_Telemetry/Core/Src/main.c_save
2025-05-03 14:08:08,274 [INFO] CodeEngine:279 - Generated code: /Users/Zarina/STM32CubeIDE/workspace_1.16.1/SRAD_Telemetry/Core/Src/main.c
2025-05-03 14:08:08,911 [INFO] ProjectBuilder:3249 - Time for Copy HAL[1] : 191mS.
2025-05-03 14:08:08,916 [INFO] ProjectBuilder:4828 - Project Generator version: 4.5.0-B34
2025-05-03 14:08:09,099 [INFO] ConfigFileManager:1531 - The Die is : DIE431
2025-05-03 14:08:10,628 [INFO] ProjectBuilder:5097 - Time for Generating toolchain IDE Files: 1711mS.
2025-05-03 14:08:10,628 [INFO] ProjectBuilder:3107 - Time for Copy CMSIS : 0mS.
2025-05-03 14:08:10,632 [INFO] ProjectBuilder:3107 - Time for Copy CMSIS : 0mS.
2025-05-03 14:10:11,360 [INFO] NvicIntPanel:101 - NVIC parent = com.st.microxplorer.plugins.ip.nvic.MultiNvicIntPanel[,0,0,723x413,layout=javax.swing.BoxLayout,alignmentX=0.0,alignmentY=0.0,border=,flags=9,maximumSize=,minimumSize=,preferredSize=]
2025-05-03 14:10:12,936 [INFO] NvicIntPanel:101 - NVIC parent = com.st.microxplorer.plugins.ip.nvic.MultiNvicIntPanel[,0,0,0x0,invalid,layout=javax.swing.BoxLayout,alignmentX=0.0,alignmentY=0.0,border=,flags=9,maximumSize=,minimumSize=,preferredSize=]
2025-05-03 14:10:13,059 [INFO] NvicIntPanel:101 - NVIC parent = com.st.microxplorer.plugins.ip.nvic.MultiNvicIntPanel[,0,0,0x0,invalid,layout=javax.swing.BoxLayout,alignmentX=0.0,alignmentY=0.0,border=,flags=9,maximumSize=,minimumSize=,preferredSize=]
2025-05-03 14:10:31,456 [INFO] UtilMem:75 - End SaveConfig() Used Memory: 851587248 Bytes (1073741824)
2025-05-03 14:10:31,589 [INFO] UtilMem:75 - End SaveConfig() Used Memory: 865740976 Bytes (1073741824)
2025-05-03 14:10:32,826 [INFO] UtilMem:75 - End SaveConfig() Used Memory: 688379296 Bytes (1073741824)
2025-05-03 14:10:33,067 [INFO] BlockDiagram:2766 - set Specific Code input for plugin: SPI
2025-05-03 14:10:33,067 [INFO] BlockDiagram:2766 - set Specific Code input for plugin: USB_OTG_FS
2025-05-03 14:10:33,067 [INFO] BlockDiagram:2766 - set Specific Code input for plugin: NVIC
2025-05-03 14:10:33,067 [INFO] BlockDiagram:2766 - set Specific Code input for plugin: USART
2025-05-03 14:10:33,068 [INFO] BlockDiagram:2766 - set Specific Code input for plugin: SYS
2025-05-03 14:10:33,068 [INFO] BlockDiagram:2766 - set Specific Code input for plugin: GPIO
2025-05-03 14:10:33,068 [INFO] BlockDiagram:2766 - set Specific Code input for plugin: RCC
2025-05-03 14:10:33,068 [INFO] CodeGenerator:807 - code generatio: config db path: /Applications/STM32CubeIDE.app/Contents/Eclipse/plugins/com.st.stm32cube.common.mx_6.12.1.202409122256//db/
2025-05-03 14:10:33,292 [INFO] CodeEngine:255 - oldGeneratedFile, /Users/Zarina/STM32CubeIDE/workspace_1.16.1/SRAD_Telemetry/MXTmpFiles/license.tmp_save
2025-05-03 14:10:33,426 [INFO] CodeEngine:279 - Generated code: /Users/Zarina/STM32CubeIDE/workspace_1.16.1/SRAD_Telemetry/MXTmpFiles/license.tmp
2025-05-03 14:10:33,508 [INFO] CodeEngine:255 - oldGeneratedFile, /Users/Zarina/STM32CubeIDE/workspace_1.16.1/SRAD_Telemetry/MXTmpFiles/gpio.tmp_save
2025-05-03 14:10:33,646 [INFO] CodeEngine:279 - Generated code: /Users/Zarina/STM32CubeIDE/workspace_1.16.1/SRAD_Telemetry/MXTmpFiles/gpio.tmp
2025-05-03 14:10:34,149 [WARN] IPConfigManager:3005 - Warning: the RefConfig PWREx_EnableUSBVoltageDetector is not available in your config.xml file
2025-05-03 14:10:34,183 [INFO] CodeEngine:255 - oldGeneratedFile, /Users/Zarina/STM32CubeIDE/workspace_1.16.1/SRAD_Telemetry/Core/Src/stm32f4xx_it.c_save
2025-05-03 14:10:34,396 [INFO] CodeEngine:279 - Generated code: /Users/Zarina/STM32CubeIDE/workspace_1.16.1/SRAD_Telemetry/Core/Src/stm32f4xx_it.c
2025-05-03 14:10:34,403 [INFO] CodeEngine:255 - oldGeneratedFile, /Users/Zarina/STM32CubeIDE/workspace_1.16.1/SRAD_Telemetry/Core/Inc/stm32f4xx_it.h_save
2025-05-03 14:10:34,549 [INFO] CodeEngine:279 - Generated code: /Users/Zarina/STM32CubeIDE/workspace_1.16.1/SRAD_Telemetry/Core/Inc/stm32f4xx_it.h
2025-05-03 14:10:34,567 [INFO] CodeEngine:255 - oldGeneratedFile, /Users/Zarina/STM32CubeIDE/workspace_1.16.1/SRAD_Telemetry/Core/Src/stm32f4xx_hal_msp.c_save
2025-05-03 14:10:34,870 [INFO] CodeEngine:279 - Generated code: /Users/Zarina/STM32CubeIDE/workspace_1.16.1/SRAD_Telemetry/Core/Src/stm32f4xx_hal_msp.c
2025-05-03 14:10:34,874 [INFO] CodeEngine:255 - oldGeneratedFile, /Users/Zarina/STM32CubeIDE/workspace_1.16.1/SRAD_Telemetry/MXTmpFiles/system.tmp_save
2025-05-03 14:10:35,023 [INFO] CodeEngine:279 - Generated code: /Users/Zarina/STM32CubeIDE/workspace_1.16.1/SRAD_Telemetry/MXTmpFiles/system.tmp
2025-05-03 14:10:35,033 [INFO] CodeEngine:311 - oldGeneratedFile, /Users/Zarina/STM32CubeIDE/workspace_1.16.1/SRAD_Telemetry/Core/Inc/stm32f4xx_hal_conf.h_save
2025-05-03 14:10:35,182 [INFO] CodeEngine:335 - Generated code: /Users/Zarina/STM32CubeIDE/workspace_1.16.1/SRAD_Telemetry/Core/Inc/stm32f4xx_hal_conf.h
2025-05-03 14:10:35,253 [WARN] IPConfigManager:3554 - IP not found : USB_OTG
2025-05-03 14:10:35,254 [WARN] CodeGenerator:4002 - IP not found : null
2025-05-03 14:10:35,263 [INFO] CodeEngine:255 - oldGeneratedFile, /Users/Zarina/STM32CubeIDE/workspace_1.16.1/SRAD_Telemetry/Core/Inc/main.h_save
2025-05-03 14:10:35,407 [INFO] CodeEngine:279 - Generated code: /Users/Zarina/STM32CubeIDE/workspace_1.16.1/SRAD_Telemetry/Core/Inc/main.h
2025-05-03 14:10:35,411 [INFO] CodeEngine:255 - oldGeneratedFile, /Users/Zarina/STM32CubeIDE/workspace_1.16.1/SRAD_Telemetry/Core/Src/main.c_save
2025-05-03 14:10:35,688 [INFO] CodeEngine:279 - Generated code: /Users/Zarina/STM32CubeIDE/workspace_1.16.1/SRAD_Telemetry/Core/Src/main.c
2025-05-03 14:10:36,422 [INFO] ProjectBuilder:3249 - Time for Copy HAL[1] : 254mS.
2025-05-03 14:10:36,427 [INFO] ProjectBuilder:4828 - Project Generator version: 4.5.0-B34
2025-05-03 14:10:36,790 [INFO] ConfigFileManager:1531 - The Die is : DIE431
2025-05-03 14:10:38,164 [INFO] ProjectBuilder:5097 - Time for Generating toolchain IDE Files: 1737mS.
2025-05-03 14:10:38,165 [INFO] ProjectBuilder:3107 - Time for Copy CMSIS : 0mS.
2025-05-03 14:10:38,173 [INFO] ProjectBuilder:3107 - Time for Copy CMSIS : 0mS.
2025-05-03 14:11:32,929 [INFO] NvicIntPanel:101 - NVIC parent = com.st.microxplorer.plugins.ip.nvic.MultiNvicIntPanel[,0,0,0x0,invalid,layout=javax.swing.BoxLayout,alignmentX=0.0,alignmentY=0.0,border=,flags=9,maximumSize=,minimumSize=,preferredSize=]
2025-05-03 14:11:33,022 [INFO] NvicIntPanel:101 - NVIC parent = com.st.microxplorer.plugins.ip.nvic.MultiNvicIntPanel[,0,0,0x0,invalid,layout=javax.swing.BoxLayout,alignmentX=0.0,alignmentY=0.0,border=,flags=9,maximumSize=,minimumSize=,preferredSize=]
2025-05-03 14:11:42,732 [INFO] NvicIntPanel:101 - NVIC parent = com.st.microxplorer.plugins.ip.nvic.MultiNvicIntPanel[,0,0,0x0,invalid,layout=javax.swing.BoxLayout,alignmentX=0.0,alignmentY=0.0,border=,flags=9,maximumSize=,minimumSize=,preferredSize=]
2025-05-03 14:11:42,873 [INFO] NvicIntPanel:101 - NVIC parent = com.st.microxplorer.plugins.ip.nvic.MultiNvicIntPanel[,0,0,0x0,invalid,layout=javax.swing.BoxLayout,alignmentX=0.0,alignmentY=0.0,border=,flags=9,maximumSize=,minimumSize=,preferredSize=]
2025-05-03 14:12:00,576 [WARN] MainPanel:284 - <html><b><center>Warning: This peripheral has no parameters to be configured<br></b></html>
2025-05-03 14:12:08,158 [INFO] NvicIntPanel:101 - NVIC parent = com.st.microxplorer.plugins.ip.nvic.MultiNvicIntPanel[,0,0,723x353,layout=javax.swing.BoxLayout,alignmentX=0.0,alignmentY=0.0,border=,flags=9,maximumSize=,minimumSize=,preferredSize=]
2025-05-03 14:12:09,747 [INFO] NvicIntPanel:101 - NVIC parent = com.st.microxplorer.plugins.ip.nvic.MultiNvicIntPanel[,0,0,0x0,invalid,layout=javax.swing.BoxLayout,alignmentX=0.0,alignmentY=0.0,border=,flags=9,maximumSize=,minimumSize=,preferredSize=]
2025-05-03 14:13:35,317 [INFO] UtilMem:75 - End SaveConfig() Used Memory: 897982272 Bytes (1073741824)
2025-05-03 14:13:35,437 [INFO] UtilMem:75 - End SaveConfig() Used Memory: 912662376 Bytes (1073741824)
2025-05-03 14:13:36,428 [INFO] UtilMem:75 - End SaveConfig() Used Memory: 686424816 Bytes (1073741824)
2025-05-03 14:13:36,672 [INFO] BlockDiagram:2766 - set Specific Code input for plugin: SPI
2025-05-03 14:13:36,672 [INFO] BlockDiagram:2766 - set Specific Code input for plugin: USB_OTG_FS
2025-05-03 14:13:36,672 [INFO] BlockDiagram:2766 - set Specific Code input for plugin: NVIC
2025-05-03 14:13:36,672 [INFO] BlockDiagram:2766 - set Specific Code input for plugin: USART
2025-05-03 14:13:36,672 [INFO] BlockDiagram:2766 - set Specific Code input for plugin: SYS
2025-05-03 14:13:36,673 [INFO] BlockDiagram:2766 - set Specific Code input for plugin: GPIO
2025-05-03 14:13:36,673 [INFO] BlockDiagram:2766 - set Specific Code input for plugin: RCC
2025-05-03 14:13:36,674 [INFO] CodeGenerator:807 - code generatio: config db path: /Applications/STM32CubeIDE.app/Contents/Eclipse/plugins/com.st.stm32cube.common.mx_6.12.1.202409122256//db/
2025-05-03 14:13:36,836 [INFO] CodeEngine:255 - oldGeneratedFile, /Users/Zarina/STM32CubeIDE/workspace_1.16.1/SRAD_Telemetry/MXTmpFiles/license.tmp_save
2025-05-03 14:13:36,964 [INFO] CodeEngine:279 - Generated code: /Users/Zarina/STM32CubeIDE/workspace_1.16.1/SRAD_Telemetry/MXTmpFiles/license.tmp
2025-05-03 14:13:37,030 [INFO] CodeEngine:255 - oldGeneratedFile, /Users/Zarina/STM32CubeIDE/workspace_1.16.1/SRAD_Telemetry/MXTmpFiles/gpio.tmp_save
2025-05-03 14:13:37,363 [INFO] CodeEngine:279 - Generated code: /Users/Zarina/STM32CubeIDE/workspace_1.16.1/SRAD_Telemetry/MXTmpFiles/gpio.tmp
2025-05-03 14:13:37,925 [WARN] IPConfigManager:3005 - Warning: the RefConfig PWREx_EnableUSBVoltageDetector is not available in your config.xml file
2025-05-03 14:13:37,960 [INFO] CodeEngine:255 - oldGeneratedFile, /Users/Zarina/STM32CubeIDE/workspace_1.16.1/SRAD_Telemetry/Core/Src/stm32f4xx_it.c_save
2025-05-03 14:13:38,162 [INFO] CodeEngine:279 - Generated code: /Users/Zarina/STM32CubeIDE/workspace_1.16.1/SRAD_Telemetry/Core/Src/stm32f4xx_it.c
2025-05-03 14:13:38,170 [INFO] CodeEngine:255 - oldGeneratedFile, /Users/Zarina/STM32CubeIDE/workspace_1.16.1/SRAD_Telemetry/Core/Inc/stm32f4xx_it.h_save
2025-05-03 14:13:38,322 [INFO] CodeEngine:279 - Generated code: /Users/Zarina/STM32CubeIDE/workspace_1.16.1/SRAD_Telemetry/Core/Inc/stm32f4xx_it.h
2025-05-03 14:13:38,368 [INFO] CodeEngine:255 - oldGeneratedFile, /Users/Zarina/STM32CubeIDE/workspace_1.16.1/SRAD_Telemetry/Core/Src/stm32f4xx_hal_msp.c_save
2025-05-03 14:13:38,564 [INFO] CodeEngine:279 - Generated code: /Users/Zarina/STM32CubeIDE/workspace_1.16.1/SRAD_Telemetry/Core/Src/stm32f4xx_hal_msp.c
2025-05-03 14:13:38,568 [INFO] CodeEngine:255 - oldGeneratedFile, /Users/Zarina/STM32CubeIDE/workspace_1.16.1/SRAD_Telemetry/MXTmpFiles/system.tmp_save
2025-05-03 14:13:38,683 [INFO] CodeEngine:279 - Generated code: /Users/Zarina/STM32CubeIDE/workspace_1.16.1/SRAD_Telemetry/MXTmpFiles/system.tmp
2025-05-03 14:13:38,691 [INFO] CodeEngine:311 - oldGeneratedFile, /Users/Zarina/STM32CubeIDE/workspace_1.16.1/SRAD_Telemetry/Core/Inc/stm32f4xx_hal_conf.h_save
2025-05-03 14:13:38,824 [INFO] CodeEngine:335 - Generated code: /Users/Zarina/STM32CubeIDE/workspace_1.16.1/SRAD_Telemetry/Core/Inc/stm32f4xx_hal_conf.h
2025-05-03 14:13:38,884 [WARN] IPConfigManager:3554 - IP not found : USB_OTG
2025-05-03 14:13:38,884 [WARN] CodeGenerator:4002 - IP not found : null
2025-05-03 14:13:38,891 [INFO] CodeEngine:255 - oldGeneratedFile, /Users/Zarina/STM32CubeIDE/workspace_1.16.1/SRAD_Telemetry/Core/Inc/main.h_save
2025-05-03 14:13:39,078 [INFO] CodeEngine:279 - Generated code: /Users/Zarina/STM32CubeIDE/workspace_1.16.1/SRAD_Telemetry/Core/Inc/main.h
2025-05-03 14:13:39,083 [INFO] CodeEngine:255 - oldGeneratedFile, /Users/Zarina/STM32CubeIDE/workspace_1.16.1/SRAD_Telemetry/Core/Src/main.c_save
2025-05-03 14:13:39,249 [INFO] CodeEngine:279 - Generated code: /Users/Zarina/STM32CubeIDE/workspace_1.16.1/SRAD_Telemetry/Core/Src/main.c
2025-05-03 14:13:39,818 [INFO] ProjectBuilder:3249 - Time for Copy HAL[1] : 190mS.
2025-05-03 14:13:39,822 [INFO] ProjectBuilder:4828 - Project Generator version: 4.5.0-B34
2025-05-03 14:13:40,227 [INFO] ConfigFileManager:1531 - The Die is : DIE431
2025-05-03 14:13:41,441 [INFO] ProjectBuilder:5097 - Time for Generating toolchain IDE Files: 1620mS.
2025-05-03 14:13:41,442 [INFO] ProjectBuilder:3107 - Time for Copy CMSIS : 0mS.
2025-05-03 14:13:41,446 [INFO] ProjectBuilder:3107 - Time for Copy CMSIS : 0mS.
2025-05-03 14:14:15,144 [WARN] IP:2191 - DEVICE_SERIAL0_CDC_FS not found: check if there is a RefParameter without a condition.
2025-05-03 14:14:15,144 [WARN] IP:2191 - DEVICE_SERIAL1_CDC_FS not found: check if there is a RefParameter without a condition.
2025-05-03 14:14:15,144 [WARN] IP:2191 - DEVICE_SERIAL2_CDC_FS not found: check if there is a RefParameter without a condition.
2025-05-03 14:14:15,171 [WARN] IP:2191 - DEVICE_SERIAL0_CDC_FS not found: check if there is a RefParameter without a condition.
2025-05-03 14:14:15,171 [WARN] IP:2191 - DEVICE_SERIAL1_CDC_FS not found: check if there is a RefParameter without a condition.
2025-05-03 14:14:15,172 [WARN] IP:2191 - DEVICE_SERIAL2_CDC_FS not found: check if there is a RefParameter without a condition.
2025-05-03 14:14:15,173 [WARN] IP:2191 - DEVICE_SERIAL0_CDC_FS not found: check if there is a RefParameter without a condition.
2025-05-03 14:14:15,173 [WARN] IP:2191 - DEVICE_SERIAL1_CDC_FS not found: check if there is a RefParameter without a condition.
2025-05-03 14:14:15,173 [WARN] IP:2191 - DEVICE_SERIAL2_CDC_FS not found: check if there is a RefParameter without a condition.
2025-05-03 14:14:15,303 [WARN] IP:2191 - DEVICE_SERIAL0_CDC_FS not found: check if there is a RefParameter without a condition.
2025-05-03 14:14:15,303 [WARN] IP:2191 - DEVICE_SERIAL1_CDC_FS not found: check if there is a RefParameter without a condition.
2025-05-03 14:14:15,303 [WARN] IP:2191 - DEVICE_SERIAL2_CDC_FS not found: check if there is a RefParameter without a condition.
2025-05-03 14:14:15,304 [WARN] IP:2191 - DEVICE_SERIAL0_CDC_FS not found: check if there is a RefParameter without a condition.
2025-05-03 14:14:15,304 [WARN] IP:2191 - DEVICE_SERIAL1_CDC_FS not found: check if there is a RefParameter without a condition.
2025-05-03 14:14:15,304 [WARN] IP:2191 - DEVICE_SERIAL2_CDC_FS not found: check if there is a RefParameter without a condition.
2025-05-03 14:14:16,936 [WARN] IP:2191 - DEVICE_SERIAL0_CDC_FS not found: check if there is a RefParameter without a condition.
2025-05-03 14:14:16,936 [WARN] IP:2191 - DEVICE_SERIAL1_CDC_FS not found: check if there is a RefParameter without a condition.
2025-05-03 14:14:16,936 [WARN] IP:2191 - DEVICE_SERIAL2_CDC_FS not found: check if there is a RefParameter without a condition.
2025-05-03 14:14:17,611 [WARN] IP:2191 - DEVICE_SERIAL0_CDC_FS not found: check if there is a RefParameter without a condition.
2025-05-03 14:14:17,611 [WARN] IP:2191 - DEVICE_SERIAL1_CDC_FS not found: check if there is a RefParameter without a condition.
2025-05-03 14:14:17,611 [WARN] IP:2191 - DEVICE_SERIAL2_CDC_FS not found: check if there is a RefParameter without a condition.
2025-05-03 14:14:22,340 [INFO] UtilMem:75 - End SaveConfig() Used Memory: 898151432 Bytes (1073741824)
2025-05-03 14:14:22,448 [INFO] UtilMem:75 - End SaveConfig() Used Memory: 912831496 Bytes (1073741824)
2025-05-03 14:14:22,870 [INFO] UtilMem:75 - End SaveConfig() Used Memory: 691206152 Bytes (1073741824)
2025-05-03 14:14:23,130 [INFO] BlockDiagram:2766 - set Specific Code input for plugin: SPI
2025-05-03 14:14:23,130 [INFO] BlockDiagram:2766 - set Specific Code input for plugin: USB_OTG_FS
2025-05-03 14:14:23,130 [INFO] BlockDiagram:2766 - set Specific Code input for plugin: NVIC
2025-05-03 14:14:23,131 [INFO] BlockDiagram:2766 - set Specific Code input for plugin: USART
2025-05-03 14:14:23,131 [INFO] BlockDiagram:2766 - set Specific Code input for plugin: USB_DEVICE
2025-05-03 14:14:23,131 [INFO] BlockDiagram:2766 - set Specific Code input for plugin: SYS
2025-05-03 14:14:23,131 [INFO] BlockDiagram:2766 - set Specific Code input for plugin: GPIO
2025-05-03 14:14:23,131 [INFO] BlockDiagram:2766 - set Specific Code input for plugin: RCC
2025-05-03 14:14:23,132 [INFO] CodeGenerator:807 - code generatio: config db path: /Applications/STM32CubeIDE.app/Contents/Eclipse/plugins/com.st.stm32cube.common.mx_6.12.1.202409122256//db/
2025-05-03 14:14:23,176 [WARN] IP:2191 - DEVICE_SERIAL0_CDC_FS not found: check if there is a RefParameter without a condition.
2025-05-03 14:14:23,177 [WARN] IP:2191 - DEVICE_SERIAL1_CDC_FS not found: check if there is a RefParameter without a condition.
2025-05-03 14:14:23,177 [WARN] IP:2191 - DEVICE_SERIAL2_CDC_FS not found: check if there is a RefParameter without a condition.
2025-05-03 14:14:23,414 [INFO] CodeEngine:255 - oldGeneratedFile, /Users/Zarina/STM32CubeIDE/workspace_1.16.1/SRAD_Telemetry/MXTmpFiles/license.tmp_save
2025-05-03 14:14:23,571 [INFO] CodeEngine:279 - Generated code: /Users/Zarina/STM32CubeIDE/workspace_1.16.1/SRAD_Telemetry/MXTmpFiles/license.tmp
2025-05-03 14:14:23,623 [INFO] CodeEngine:255 - oldGeneratedFile, /Users/Zarina/STM32CubeIDE/workspace_1.16.1/SRAD_Telemetry/MXTmpFiles/gpio.tmp_save
2025-05-03 14:14:23,863 [INFO] CodeEngine:279 - Generated code: /Users/Zarina/STM32CubeIDE/workspace_1.16.1/SRAD_Telemetry/MXTmpFiles/gpio.tmp
2025-05-03 14:14:23,988 [WARN] IPConfigManager:3005 - Warning: the RefConfig PWREx_EnableUSBVoltageDetector is not available in your config.xml file
2025-05-03 14:14:24,006 [INFO] CodeEngine:255 - oldGeneratedFile, /Users/Zarina/STM32CubeIDE/workspace_1.16.1/SRAD_Telemetry/MXTmpFiles/usb_otg_fs_vars.tmp_save
2025-05-03 14:14:24,145 [INFO] CodeEngine:279 - Generated code: /Users/Zarina/STM32CubeIDE/workspace_1.16.1/SRAD_Telemetry/MXTmpFiles/usb_otg_fs_vars.tmp
2025-05-03 14:14:24,148 [INFO] CodeEngine:255 - oldGeneratedFile, /Users/Zarina/STM32CubeIDE/workspace_1.16.1/SRAD_Telemetry/MXTmpFiles/usb_otg_fs_inc.tmp_save
2025-05-03 14:14:24,267 [INFO] CodeEngine:279 - Generated code: /Users/Zarina/STM32CubeIDE/workspace_1.16.1/SRAD_Telemetry/MXTmpFiles/usb_otg_fs_inc.tmp
2025-05-03 14:14:24,271 [INFO] CodeEngine:255 - oldGeneratedFile, /Users/Zarina/STM32CubeIDE/workspace_1.16.1/SRAD_Telemetry/MXTmpFiles/usb_otg_fs_HalInit.tmp_save
2025-05-03 14:14:24,456 [INFO] CodeEngine:279 - Generated code: /Users/Zarina/STM32CubeIDE/workspace_1.16.1/SRAD_Telemetry/MXTmpFiles/usb_otg_fs_HalInit.tmp
2025-05-03 14:14:24,465 [INFO] CodeEngine:255 - oldGeneratedFile, /Users/Zarina/STM32CubeIDE/workspace_1.16.1/SRAD_Telemetry/MXTmpFiles/usb_otg_fs_Msp.tmp_save
2025-05-03 14:14:24,736 [INFO] CodeEngine:279 - Generated code: /Users/Zarina/STM32CubeIDE/workspace_1.16.1/SRAD_Telemetry/MXTmpFiles/usb_otg_fs_Msp.tmp
2025-05-03 14:14:25,232 [INFO] Middleware:1439 - No code input for Bsp Dependency
2025-05-03 14:14:25,350 [INFO] Middleware:1439 - No code input for Bsp Dependency
2025-05-03 14:14:25,362 [INFO] CodeEngine:255 - oldGeneratedFile, /Users/Zarina/STM32CubeIDE/workspace_1.16.1/SRAD_Telemetry/USB_DEVICE/App/usb_device.c_save
2025-05-03 14:14:25,534 [INFO] CodeEngine:279 - Generated code: /Users/Zarina/STM32CubeIDE/workspace_1.16.1/SRAD_Telemetry/USB_DEVICE/App/usb_device.c
2025-05-03 14:14:25,537 [INFO] CodeEngine:255 - oldGeneratedFile, /Users/Zarina/STM32CubeIDE/workspace_1.16.1/SRAD_Telemetry/USB_DEVICE/App/usb_device.h_save
2025-05-03 14:14:25,814 [INFO] CodeEngine:279 - Generated code: /Users/Zarina/STM32CubeIDE/workspace_1.16.1/SRAD_Telemetry/USB_DEVICE/App/usb_device.h
2025-05-03 14:14:25,818 [INFO] CodeEngine:255 - oldGeneratedFile, /Users/Zarina/STM32CubeIDE/workspace_1.16.1/SRAD_Telemetry/USB_DEVICE/Target/usbd_conf.h_save
2025-05-03 14:14:25,937 [INFO] CodeEngine:279 - Generated code: /Users/Zarina/STM32CubeIDE/workspace_1.16.1/SRAD_Telemetry/USB_DEVICE/Target/usbd_conf.h
2025-05-03 14:14:25,942 [INFO] CodeEngine:255 - oldGeneratedFile, /Users/Zarina/STM32CubeIDE/workspace_1.16.1/SRAD_Telemetry/USB_DEVICE/Target/usbd_conf.c_save
2025-05-03 14:14:26,054 [INFO] CodeEngine:279 - Generated code: /Users/Zarina/STM32CubeIDE/workspace_1.16.1/SRAD_Telemetry/USB_DEVICE/Target/usbd_conf.c
2025-05-03 14:14:26,059 [INFO] CodeEngine:255 - oldGeneratedFile, /Users/Zarina/STM32CubeIDE/workspace_1.16.1/SRAD_Telemetry/USB_DEVICE/App/usbd_desc.h_save
2025-05-03 14:14:26,146 [INFO] CodeEngine:279 - Generated code: /Users/Zarina/STM32CubeIDE/workspace_1.16.1/SRAD_Telemetry/USB_DEVICE/App/usbd_desc.h
2025-05-03 14:14:26,148 [INFO] CodeEngine:255 - oldGeneratedFile, /Users/Zarina/STM32CubeIDE/workspace_1.16.1/SRAD_Telemetry/USB_DEVICE/App/usbd_desc.c_save
2025-05-03 14:14:26,250 [INFO] CodeEngine:279 - Generated code: /Users/Zarina/STM32CubeIDE/workspace_1.16.1/SRAD_Telemetry/USB_DEVICE/App/usbd_desc.c
2025-05-03 14:14:26,254 [INFO] CodeEngine:255 - oldGeneratedFile, /Users/Zarina/STM32CubeIDE/workspace_1.16.1/SRAD_Telemetry/USB_DEVICE/App/usbd_cdc_if.h_save
2025-05-03 14:14:26,349 [INFO] CodeEngine:279 - Generated code: /Users/Zarina/STM32CubeIDE/workspace_1.16.1/SRAD_Telemetry/USB_DEVICE/App/usbd_cdc_if.h
2025-05-03 14:14:26,351 [INFO] CodeEngine:255 - oldGeneratedFile, /Users/Zarina/STM32CubeIDE/workspace_1.16.1/SRAD_Telemetry/USB_DEVICE/App/usbd_cdc_if.c_save
2025-05-03 14:14:26,455 [INFO] CodeEngine:279 - Generated code: /Users/Zarina/STM32CubeIDE/workspace_1.16.1/SRAD_Telemetry/USB_DEVICE/App/usbd_cdc_if.c
2025-05-03 14:14:26,469 [INFO] CodeEngine:255 - oldGeneratedFile, /Users/Zarina/STM32CubeIDE/workspace_1.16.1/SRAD_Telemetry/Core/Src/stm32f4xx_it.c_save
2025-05-03 14:14:26,586 [INFO] CodeEngine:279 - Generated code: /Users/Zarina/STM32CubeIDE/workspace_1.16.1/SRAD_Telemetry/Core/Src/stm32f4xx_it.c
2025-05-03 14:14:26,593 [INFO] CodeEngine:255 - oldGeneratedFile, /Users/Zarina/STM32CubeIDE/workspace_1.16.1/SRAD_Telemetry/Core/Inc/stm32f4xx_it.h_save
2025-05-03 14:14:26,684 [INFO] CodeEngine:279 - Generated code: /Users/Zarina/STM32CubeIDE/workspace_1.16.1/SRAD_Telemetry/Core/Inc/stm32f4xx_it.h
2025-05-03 14:14:26,709 [INFO] CodeEngine:255 - oldGeneratedFile, /Users/Zarina/STM32CubeIDE/workspace_1.16.1/SRAD_Telemetry/Core/Src/stm32f4xx_hal_msp.c_save
2025-05-03 14:14:26,888 [INFO] CodeEngine:279 - Generated code: /Users/Zarina/STM32CubeIDE/workspace_1.16.1/SRAD_Telemetry/Core/Src/stm32f4xx_hal_msp.c
2025-05-03 14:14:26,892 [INFO] CodeEngine:255 - oldGeneratedFile, /Users/Zarina/STM32CubeIDE/workspace_1.16.1/SRAD_Telemetry/MXTmpFiles/system.tmp_save
2025-05-03 14:14:26,966 [INFO] CodeEngine:279 - Generated code: /Users/Zarina/STM32CubeIDE/workspace_1.16.1/SRAD_Telemetry/MXTmpFiles/system.tmp
2025-05-03 14:14:26,975 [INFO] CodeEngine:311 - oldGeneratedFile, /Users/Zarina/STM32CubeIDE/workspace_1.16.1/SRAD_Telemetry/Core/Inc/stm32f4xx_hal_conf.h_save
2025-05-03 14:14:27,065 [INFO] CodeEngine:335 - Generated code: /Users/Zarina/STM32CubeIDE/workspace_1.16.1/SRAD_Telemetry/Core/Inc/stm32f4xx_hal_conf.h
2025-05-03 14:14:27,133 [INFO] CodeEngine:255 - oldGeneratedFile, /Users/Zarina/STM32CubeIDE/workspace_1.16.1/SRAD_Telemetry/Core/Inc/main.h_save
2025-05-03 14:14:27,222 [INFO] CodeEngine:279 - Generated code: /Users/Zarina/STM32CubeIDE/workspace_1.16.1/SRAD_Telemetry/Core/Inc/main.h
2025-05-03 14:14:27,225 [INFO] CodeEngine:255 - oldGeneratedFile, /Users/Zarina/STM32CubeIDE/workspace_1.16.1/SRAD_Telemetry/Core/Src/main.c_save
2025-05-03 14:14:27,359 [INFO] CodeEngine:279 - Generated code: /Users/Zarina/STM32CubeIDE/workspace_1.16.1/SRAD_Telemetry/Core/Src/main.c
2025-05-03 14:14:27,829 [INFO] ProjectBuilder:3249 - Time for Copy HAL[1] : 241mS.
2025-05-03 14:14:27,835 [INFO] ProjectBuilder:4828 - Project Generator version: 4.5.0-B34
2025-05-03 14:14:28,087 [INFO] ConfigFileManager:1531 - The Die is : DIE431
2025-05-03 14:14:29,782 [INFO] ProjectBuilder:5097 - Time for Generating toolchain IDE Files: 1947mS.
2025-05-03 14:14:29,783 [INFO] ProjectBuilder:3107 - Time for Copy CMSIS : 0mS.
2025-05-03 14:14:29,803 [INFO] ProjectBuilder:3107 - Time for Copy CMSIS : 0mS.
2025-05-03 17:19:51,124 [INFO] UtilMem:75 - End SaveConfig() Used Memory: 846843688 Bytes (1073741824)
2025-05-03 17:19:51,215 [INFO] UtilMem:75 - End SaveConfig() Used Memory: 861523752 Bytes (1073741824)
2025-05-03 17:19:52,754 [INFO] UtilMem:75 - End SaveConfig() Used Memory: 931256104 Bytes (1073741824)
2025-05-03 17:19:53,059 [INFO] BlockDiagram:2766 - set Specific Code input for plugin: SPI
2025-05-03 17:19:53,059 [INFO] BlockDiagram:2766 - set Specific Code input for plugin: USB_OTG_FS
2025-05-03 17:19:53,059 [INFO] BlockDiagram:2766 - set Specific Code input for plugin: NVIC
2025-05-03 17:19:53,059 [INFO] BlockDiagram:2766 - set Specific Code input for plugin: USART
2025-05-03 17:19:53,059 [INFO] BlockDiagram:2766 - set Specific Code input for plugin: SYS
2025-05-03 17:19:53,060 [INFO] BlockDiagram:2766 - set Specific Code input for plugin: GPIO
2025-05-03 17:19:53,060 [INFO] BlockDiagram:2766 - set Specific Code input for plugin: RCC
2025-05-03 17:19:53,061 [INFO] CodeGenerator:807 - code generatio: config db path: /Applications/STM32CubeIDE.app/Contents/Eclipse/plugins/com.st.stm32cube.common.mx_6.12.1.202409122256//db/
2025-05-03 17:19:53,377 [INFO] CodeEngine:255 - oldGeneratedFile, /Users/Zarina/STM32CubeIDE/workspace_1.16.1/SRAD_Telemetry/MXTmpFiles/license.tmp_save
2025-05-03 17:19:53,705 [INFO] CodeEngine:279 - Generated code: /Users/Zarina/STM32CubeIDE/workspace_1.16.1/SRAD_Telemetry/MXTmpFiles/license.tmp
2025-05-03 17:19:53,809 [INFO] CodeEngine:255 - oldGeneratedFile, /Users/Zarina/STM32CubeIDE/workspace_1.16.1/SRAD_Telemetry/MXTmpFiles/gpio.tmp_save
2025-05-03 17:19:53,982 [INFO] CodeEngine:279 - Generated code: /Users/Zarina/STM32CubeIDE/workspace_1.16.1/SRAD_Telemetry/MXTmpFiles/gpio.tmp
2025-05-03 17:19:54,341 [WARN] IPConfigManager:3005 - Warning: the RefConfig PWREx_EnableUSBVoltageDetector is not available in your config.xml file
2025-05-03 17:19:54,378 [INFO] CodeEngine:255 - oldGeneratedFile, /Users/Zarina/STM32CubeIDE/workspace_1.16.1/SRAD_Telemetry/Core/Src/stm32f4xx_it.c_save
2025-05-03 17:19:55,408 [INFO] CodeEngine:279 - Generated code: /Users/Zarina/STM32CubeIDE/workspace_1.16.1/SRAD_Telemetry/Core/Src/stm32f4xx_it.c
2025-05-03 17:19:55,454 [INFO] CodeEngine:255 - oldGeneratedFile, /Users/Zarina/STM32CubeIDE/workspace_1.16.1/SRAD_Telemetry/Core/Inc/stm32f4xx_it.h_save
2025-05-03 17:19:55,644 [INFO] CodeEngine:279 - Generated code: /Users/Zarina/STM32CubeIDE/workspace_1.16.1/SRAD_Telemetry/Core/Inc/stm32f4xx_it.h
2025-05-03 17:19:55,662 [INFO] CodeEngine:255 - oldGeneratedFile, /Users/Zarina/STM32CubeIDE/workspace_1.16.1/SRAD_Telemetry/Core/Src/stm32f4xx_hal_msp.c_save
2025-05-03 17:19:56,138 [INFO] CodeEngine:279 - Generated code: /Users/Zarina/STM32CubeIDE/workspace_1.16.1/SRAD_Telemetry/Core/Src/stm32f4xx_hal_msp.c
2025-05-03 17:19:56,142 [INFO] CodeEngine:255 - oldGeneratedFile, /Users/Zarina/STM32CubeIDE/workspace_1.16.1/SRAD_Telemetry/MXTmpFiles/system.tmp_save
2025-05-03 17:19:56,431 [INFO] CodeEngine:279 - Generated code: /Users/Zarina/STM32CubeIDE/workspace_1.16.1/SRAD_Telemetry/MXTmpFiles/system.tmp
2025-05-03 17:19:56,441 [INFO] CodeEngine:311 - oldGeneratedFile, /Users/Zarina/STM32CubeIDE/workspace_1.16.1/SRAD_Telemetry/Core/Inc/stm32f4xx_hal_conf.h_save
2025-05-03 17:19:56,964 [INFO] CodeEngine:335 - Generated code: /Users/Zarina/STM32CubeIDE/workspace_1.16.1/SRAD_Telemetry/Core/Inc/stm32f4xx_hal_conf.h
2025-05-03 17:19:57,022 [WARN] IPConfigManager:3554 - IP not found : USB_OTG
2025-05-03 17:19:57,023 [WARN] CodeGenerator:4002 - IP not found : null
2025-05-03 17:19:57,334 [INFO] CodeEngine:255 - oldGeneratedFile, /Users/Zarina/STM32CubeIDE/workspace_1.16.1/SRAD_Telemetry/Core/Inc/main.h_save
2025-05-03 17:19:57,523 [INFO] CodeEngine:279 - Generated code: /Users/Zarina/STM32CubeIDE/workspace_1.16.1/SRAD_Telemetry/Core/Inc/main.h
2025-05-03 17:19:57,526 [INFO] CodeEngine:255 - oldGeneratedFile, /Users/Zarina/STM32CubeIDE/workspace_1.16.1/SRAD_Telemetry/Core/Src/main.c_save
2025-05-03 17:19:57,746 [INFO] CodeEngine:279 - Generated code: /Users/Zarina/STM32CubeIDE/workspace_1.16.1/SRAD_Telemetry/Core/Src/main.c
2025-05-03 17:19:58,659 [INFO] ProjectBuilder:3249 - Time for Copy HAL[1] : 561mS.
2025-05-03 17:19:58,664 [INFO] ProjectBuilder:4828 - Project Generator version: 4.5.0-B34
2025-05-03 17:19:58,899 [INFO] ConfigFileManager:1531 - The Die is : DIE431
2025-05-03 17:20:01,080 [INFO] ProjectBuilder:5097 - Time for Generating toolchain IDE Files: 2415mS.
2025-05-03 17:20:01,080 [INFO] ProjectBuilder:3107 - Time for Copy CMSIS : 0mS.
2025-05-03 17:20:01,088 [INFO] ProjectBuilder:3107 - Time for Copy CMSIS : 0mS.
2025-05-03 17:21:08,967 [WARN] IP:2191 - DEVICE_SERIAL0_CDC_FS not found: check if there is a RefParameter without a condition.
2025-05-03 17:21:08,967 [WARN] IP:2191 - DEVICE_SERIAL1_CDC_FS not found: check if there is a RefParameter without a condition.
2025-05-03 17:21:08,967 [WARN] IP:2191 - DEVICE_SERIAL2_CDC_FS not found: check if there is a RefParameter without a condition.
2025-05-03 17:21:08,968 [WARN] IP:2191 - DEVICE_SERIAL0_CDC_FS not found: check if there is a RefParameter without a condition.
2025-05-03 17:21:08,968 [WARN] IP:2191 - DEVICE_SERIAL1_CDC_FS not found: check if there is a RefParameter without a condition.
2025-05-03 17:21:08,968 [WARN] IP:2191 - DEVICE_SERIAL2_CDC_FS not found: check if there is a RefParameter without a condition.
2025-05-03 17:21:20,052 [INFO] NvicIntPanel:101 - NVIC parent = com.st.microxplorer.plugins.ip.nvic.MultiNvicIntPanel[,0,0,466x336,layout=javax.swing.BoxLayout,alignmentX=0.0,alignmentY=0.0,border=,flags=9,maximumSize=,minimumSize=,preferredSize=]
2025-05-03 17:21:22,417 [INFO] UtilMem:75 - End SaveConfig() Used Memory: 781668664 Bytes (1073741824)
2025-05-03 17:21:22,549 [INFO] UtilMem:75 - End SaveConfig() Used Memory: 795300192 Bytes (1073741824)
2025-05-03 17:21:23,446 [INFO] UtilMem:75 - End SaveConfig() Used Memory: 858449616 Bytes (1073741824)
2025-05-03 17:21:23,732 [INFO] BlockDiagram:2766 - set Specific Code input for plugin: SPI
2025-05-03 17:21:23,732 [INFO] BlockDiagram:2766 - set Specific Code input for plugin: USB_OTG_FS
2025-05-03 17:21:23,733 [INFO] BlockDiagram:2766 - set Specific Code input for plugin: NVIC
2025-05-03 17:21:23,733 [INFO] BlockDiagram:2766 - set Specific Code input for plugin: USART
2025-05-03 17:21:23,733 [INFO] BlockDiagram:2766 - set Specific Code input for plugin: USB_DEVICE
2025-05-03 17:21:23,733 [INFO] BlockDiagram:2766 - set Specific Code input for plugin: SYS
2025-05-03 17:21:23,733 [INFO] BlockDiagram:2766 - set Specific Code input for plugin: GPIO
2025-05-03 17:21:23,733 [INFO] BlockDiagram:2766 - set Specific Code input for plugin: RCC
2025-05-03 17:21:23,734 [INFO] CodeGenerator:807 - code generatio: config db path: /Applications/STM32CubeIDE.app/Contents/Eclipse/plugins/com.st.stm32cube.common.mx_6.12.1.202409122256//db/
2025-05-03 17:21:23,756 [WARN] IP:2191 - DEVICE_SERIAL0_CDC_FS not found: check if there is a RefParameter without a condition.
2025-05-03 17:21:23,756 [WARN] IP:2191 - DEVICE_SERIAL1_CDC_FS not found: check if there is a RefParameter without a condition.
2025-05-03 17:21:23,756 [WARN] IP:2191 - DEVICE_SERIAL2_CDC_FS not found: check if there is a RefParameter without a condition.
2025-05-03 17:21:23,932 [INFO] CodeEngine:255 - oldGeneratedFile, /Users/Zarina/STM32CubeIDE/workspace_1.16.1/SRAD_Telemetry/MXTmpFiles/license.tmp_save
2025-05-03 17:21:24,063 [INFO] CodeEngine:279 - Generated code: /Users/Zarina/STM32CubeIDE/workspace_1.16.1/SRAD_Telemetry/MXTmpFiles/license.tmp
2025-05-03 17:21:24,108 [INFO] CodeEngine:255 - oldGeneratedFile, /Users/Zarina/STM32CubeIDE/workspace_1.16.1/SRAD_Telemetry/MXTmpFiles/gpio.tmp_save
2025-05-03 17:21:24,242 [INFO] CodeEngine:279 - Generated code: /Users/Zarina/STM32CubeIDE/workspace_1.16.1/SRAD_Telemetry/MXTmpFiles/gpio.tmp
2025-05-03 17:21:24,332 [WARN] IPConfigManager:3005 - Warning: the RefConfig PWREx_EnableUSBVoltageDetector is not available in your config.xml file
2025-05-03 17:21:24,340 [INFO] CodeEngine:255 - oldGeneratedFile, /Users/Zarina/STM32CubeIDE/workspace_1.16.1/SRAD_Telemetry/MXTmpFiles/usb_otg_fs_vars.tmp_save
2025-05-03 17:21:24,564 [INFO] CodeEngine:279 - Generated code: /Users/Zarina/STM32CubeIDE/workspace_1.16.1/SRAD_Telemetry/MXTmpFiles/usb_otg_fs_vars.tmp
2025-05-03 17:21:24,566 [INFO] CodeEngine:255 - oldGeneratedFile, /Users/Zarina/STM32CubeIDE/workspace_1.16.1/SRAD_Telemetry/MXTmpFiles/usb_otg_fs_inc.tmp_save
2025-05-03 17:21:24,661 [INFO] CodeEngine:279 - Generated code: /Users/Zarina/STM32CubeIDE/workspace_1.16.1/SRAD_Telemetry/MXTmpFiles/usb_otg_fs_inc.tmp
2025-05-03 17:21:24,663 [INFO] CodeEngine:255 - oldGeneratedFile, /Users/Zarina/STM32CubeIDE/workspace_1.16.1/SRAD_Telemetry/MXTmpFiles/usb_otg_fs_HalInit.tmp_save
2025-05-03 17:21:24,809 [INFO] CodeEngine:279 - Generated code: /Users/Zarina/STM32CubeIDE/workspace_1.16.1/SRAD_Telemetry/MXTmpFiles/usb_otg_fs_HalInit.tmp
2025-05-03 17:21:24,813 [INFO] CodeEngine:255 - oldGeneratedFile, /Users/Zarina/STM32CubeIDE/workspace_1.16.1/SRAD_Telemetry/MXTmpFiles/usb_otg_fs_Msp.tmp_save
2025-05-03 17:21:24,949 [INFO] CodeEngine:279 - Generated code: /Users/Zarina/STM32CubeIDE/workspace_1.16.1/SRAD_Telemetry/MXTmpFiles/usb_otg_fs_Msp.tmp
2025-05-03 17:21:25,447 [INFO] Middleware:1439 - No code input for Bsp Dependency
2025-05-03 17:21:25,532 [INFO] Middleware:1439 - No code input for Bsp Dependency
2025-05-03 17:21:25,541 [INFO] CodeEngine:255 - oldGeneratedFile, /Users/Zarina/STM32CubeIDE/workspace_1.16.1/SRAD_Telemetry/USB_DEVICE/App/usb_device.c_save
2025-05-03 17:21:25,683 [INFO] CodeEngine:279 - Generated code: /Users/Zarina/STM32CubeIDE/workspace_1.16.1/SRAD_Telemetry/USB_DEVICE/App/usb_device.c
2025-05-03 17:21:25,685 [INFO] CodeEngine:255 - oldGeneratedFile, /Users/Zarina/STM32CubeIDE/workspace_1.16.1/SRAD_Telemetry/USB_DEVICE/App/usb_device.h_save
2025-05-03 17:21:25,782 [INFO] CodeEngine:279 - Generated code: /Users/Zarina/STM32CubeIDE/workspace_1.16.1/SRAD_Telemetry/USB_DEVICE/App/usb_device.h
2025-05-03 17:21:25,786 [INFO] CodeEngine:255 - oldGeneratedFile, /Users/Zarina/STM32CubeIDE/workspace_1.16.1/SRAD_Telemetry/USB_DEVICE/Target/usbd_conf.h_save
2025-05-03 17:21:25,887 [INFO] CodeEngine:279 - Generated code: /Users/Zarina/STM32CubeIDE/workspace_1.16.1/SRAD_Telemetry/USB_DEVICE/Target/usbd_conf.h
2025-05-03 17:21:25,891 [INFO] CodeEngine:255 - oldGeneratedFile, /Users/Zarina/STM32CubeIDE/workspace_1.16.1/SRAD_Telemetry/USB_DEVICE/Target/usbd_conf.c_save
2025-05-03 17:21:26,024 [INFO] CodeEngine:279 - Generated code: /Users/Zarina/STM32CubeIDE/workspace_1.16.1/SRAD_Telemetry/USB_DEVICE/Target/usbd_conf.c
2025-05-03 17:21:26,027 [INFO] CodeEngine:255 - oldGeneratedFile, /Users/Zarina/STM32CubeIDE/workspace_1.16.1/SRAD_Telemetry/USB_DEVICE/App/usbd_desc.h_save
2025-05-03 17:21:26,149 [INFO] CodeEngine:279 - Generated code: /Users/Zarina/STM32CubeIDE/workspace_1.16.1/SRAD_Telemetry/USB_DEVICE/App/usbd_desc.h
2025-05-03 17:21:26,151 [INFO] CodeEngine:255 - oldGeneratedFile, /Users/Zarina/STM32CubeIDE/workspace_1.16.1/SRAD_Telemetry/USB_DEVICE/App/usbd_desc.c_save
2025-05-03 17:21:26,256 [INFO] CodeEngine:279 - Generated code: /Users/Zarina/STM32CubeIDE/workspace_1.16.1/SRAD_Telemetry/USB_DEVICE/App/usbd_desc.c
2025-05-03 17:21:26,260 [INFO] CodeEngine:255 - oldGeneratedFile, /Users/Zarina/STM32CubeIDE/workspace_1.16.1/SRAD_Telemetry/USB_DEVICE/App/usbd_cdc_if.h_save
2025-05-03 17:21:26,359 [INFO] CodeEngine:279 - Generated code: /Users/Zarina/STM32CubeIDE/workspace_1.16.1/SRAD_Telemetry/USB_DEVICE/App/usbd_cdc_if.h
2025-05-03 17:21:26,363 [INFO] CodeEngine:255 - oldGeneratedFile, /Users/Zarina/STM32CubeIDE/workspace_1.16.1/SRAD_Telemetry/USB_DEVICE/App/usbd_cdc_if.c_save
2025-05-03 17:21:26,570 [INFO] CodeEngine:279 - Generated code: /Users/Zarina/STM32CubeIDE/workspace_1.16.1/SRAD_Telemetry/USB_DEVICE/App/usbd_cdc_if.c
2025-05-03 17:21:26,585 [INFO] CodeEngine:255 - oldGeneratedFile, /Users/Zarina/STM32CubeIDE/workspace_1.16.1/SRAD_Telemetry/Core/Src/stm32f4xx_it.c_save
2025-05-03 17:21:26,755 [INFO] CodeEngine:279 - Generated code: /Users/Zarina/STM32CubeIDE/workspace_1.16.1/SRAD_Telemetry/Core/Src/stm32f4xx_it.c
2025-05-03 17:21:26,762 [INFO] CodeEngine:255 - oldGeneratedFile, /Users/Zarina/STM32CubeIDE/workspace_1.16.1/SRAD_Telemetry/Core/Inc/stm32f4xx_it.h_save
2025-05-03 17:21:26,858 [INFO] CodeEngine:279 - Generated code: /Users/Zarina/STM32CubeIDE/workspace_1.16.1/SRAD_Telemetry/Core/Inc/stm32f4xx_it.h
2025-05-03 17:21:26,875 [INFO] CodeEngine:255 - oldGeneratedFile, /Users/Zarina/STM32CubeIDE/workspace_1.16.1/SRAD_Telemetry/Core/Src/stm32f4xx_hal_msp.c_save
2025-05-03 17:21:27,030 [INFO] CodeEngine:279 - Generated code: /Users/Zarina/STM32CubeIDE/workspace_1.16.1/SRAD_Telemetry/Core/Src/stm32f4xx_hal_msp.c
2025-05-03 17:21:27,034 [INFO] CodeEngine:255 - oldGeneratedFile, /Users/Zarina/STM32CubeIDE/workspace_1.16.1/SRAD_Telemetry/MXTmpFiles/system.tmp_save
2025-05-03 17:21:27,110 [INFO] CodeEngine:279 - Generated code: /Users/Zarina/STM32CubeIDE/workspace_1.16.1/SRAD_Telemetry/MXTmpFiles/system.tmp
2025-05-03 17:21:27,117 [INFO] CodeEngine:311 - oldGeneratedFile, /Users/Zarina/STM32CubeIDE/workspace_1.16.1/SRAD_Telemetry/Core/Inc/stm32f4xx_hal_conf.h_save
2025-05-03 17:21:27,208 [INFO] CodeEngine:335 - Generated code: /Users/Zarina/STM32CubeIDE/workspace_1.16.1/SRAD_Telemetry/Core/Inc/stm32f4xx_hal_conf.h
2025-05-03 17:21:27,259 [INFO] CodeEngine:255 - oldGeneratedFile, /Users/Zarina/STM32CubeIDE/workspace_1.16.1/SRAD_Telemetry/Core/Inc/main.h_save
2025-05-03 17:21:27,352 [INFO] CodeEngine:279 - Generated code: /Users/Zarina/STM32CubeIDE/workspace_1.16.1/SRAD_Telemetry/Core/Inc/main.h
2025-05-03 17:21:27,355 [INFO] CodeEngine:255 - oldGeneratedFile, /Users/Zarina/STM32CubeIDE/workspace_1.16.1/SRAD_Telemetry/Core/Src/main.c_save
2025-05-03 17:21:27,565 [INFO] CodeEngine:279 - Generated code: /Users/Zarina/STM32CubeIDE/workspace_1.16.1/SRAD_Telemetry/Core/Src/main.c
2025-05-03 17:21:28,132 [INFO] ProjectBuilder:3249 - Time for Copy HAL[1] : 253mS.
2025-05-03 17:21:28,143 [INFO] ProjectBuilder:4828 - Project Generator version: 4.5.0-B34
2025-05-03 17:21:28,510 [INFO] ConfigFileManager:1531 - The Die is : DIE431
2025-05-03 17:21:30,017 [INFO] ProjectBuilder:5097 - Time for Generating toolchain IDE Files: 1874mS.
2025-05-03 17:21:30,018 [INFO] ProjectBuilder:3107 - Time for Copy CMSIS : 1mS.
2025-05-03 17:21:30,023 [INFO] ProjectBuilder:3107 - Time for Copy CMSIS : 0mS.
