2024-11-28 00:31:49,186 [INFO] MainUpdater:2873 - connection check result : 10
2024-11-28 00:31:49,188 [INFO] MainUpdater:2873 - connection check result : 10
2024-11-28 00:31:49,642 [INFO] MicroXplorer:468 - Change Database Path : 
2024-11-28 00:31:49,643 [INFO] MicroXplorer:498 - Change Database Version : DB.6.0.121
2024-11-28 00:31:49,656 [ERROR] ProjectManagerView:394 - 
java.lang.NullPointerException: Cannot invoke "javax.swing.JTextField.getText()" because the return value of "java.util.List.get(int)" is null
	at com.st.microxplorer.plugins.projectmanager.gui.ProjectChoiceTab$10.caretUpdate(ProjectChoiceTab.java:2622) ~[filemanager.jar:?]
	at javax.swing.text.JTextComponent.fireCaretUpdate(JTextComponent.java:412) ~[?:?]
	at javax.swing.text.JTextComponent$MutableCaretEvent.fire(JTextComponent.java:4491) ~[?:?]
	at javax.swing.text.JTextComponent$MutableCaretEvent.stateChanged(JTextComponent.java:4513) ~[?:?]
	at javax.swing.text.DefaultCaret.fireStateChanged(DefaultCaret.java:842) ~[?:?]
	at javax.swing.text.DefaultCaret.changeCaretPosition(DefaultCaret.java:1313) ~[?:?]
	at javax.swing.text.DefaultCaret.handleSetDot(DefaultCaret.java:1212) ~[?:?]
	at javax.swing.text.DefaultCaret.setDot(DefaultCaret.java:1193) ~[?:?]
	at javax.swing.text.DefaultCaret$Handler.insertUpdate(DefaultCaret.java:1789) ~[?:?]
	at javax.swing.text.AbstractDocument.fireInsertUpdate(AbstractDocument.java:226) ~[?:?]
	at javax.swing.text.AbstractDocument.handleInsertString(AbstractDocument.java:780) ~[?:?]
	at javax.swing.text.AbstractDocument.insertString(AbstractDocument.java:739) ~[?:?]
	at javax.swing.text.PlainDocument.insertString(PlainDocument.java:131) ~[?:?]
	at javax.swing.text.AbstractDocument.replace(AbstractDocument.java:698) ~[?:?]
	at javax.swing.text.JTextComponent.setText(JTextComponent.java:1729) ~[?:?]
	at com.st.microxplorer.plugins.projectmanager.gui.ProjectChoiceTab.createHeapStackFields(ProjectChoiceTab.java:972) ~[filemanager.jar:?]
	at com.st.microxplorer.plugins.projectmanager.gui.ProjectChoiceTab.buildLinkSettingsPanel(ProjectChoiceTab.java:3597) ~[filemanager.jar:?]
	at com.st.microxplorer.plugins.projectmanager.gui.ProjectChoiceTab.defineWindowsFields(ProjectChoiceTab.java:1940) ~[filemanager.jar:?]
	at com.st.microxplorer.plugins.projectmanager.gui.ProjectChoiceTab.updateSettings(ProjectChoiceTab.java:550) ~[filemanager.jar:?]
	at com.st.microxplorer.plugins.projectmanager.gui.ProjectSettingsPanel.UpdateDialog(ProjectSettingsPanel.java:245) ~[filemanager.jar:?]
	at com.st.microxplorer.plugins.projectmanager.ProjectManagerView.propertyChange(ProjectManagerView.java:391) ~[filemanager.jar:?]
	at java.beans.PropertyChangeSupport.fire(PropertyChangeSupport.java:343) ~[?:?]
	at java.beans.PropertyChangeSupport.firePropertyChange(PropertyChangeSupport.java:335) ~[?:?]
	at java.beans.PropertyChangeSupport.firePropertyChange(PropertyChangeSupport.java:268) ~[?:?]
	at com.st.microxplorer.util.MXPropertyChangeSupport.firePropertyChange(MXPropertyChangeSupport.java:54) ~[STM32CubeMX.jar:?]
	at com.st.microxplorer.mxsystem.MxSystem.closeConfig(MxSystem.java:900) ~[STM32CubeMX.jar:?]
	at com.st.microxplorer.maingui.MainPanel.closeConfig(MainPanel.java:781) ~[STM32CubeMX.jar:?]
	at com.st.microxplorer.plugins.filemanager.engine.OpenFileManager.loadConfigurationFile(OpenFileManager.java:265) ~[filemanager.jar:?]
	at com.st.microxplorer.plugins.filemanager.engine.MainFileManager.userLoadConfig(MainFileManager.java:352) ~[filemanager.jar:?]
	at com.st.microxplorer.plugins.filemanager.engine.MainFileManager.userLoadConfig(MainFileManager.java:330) ~[filemanager.jar:?]
	at com.st.microxplorer.plugins.filemanager.FileManagerView.getSpecificTask(FileManagerView.java:246) ~[filemanager.jar:?]
	at com.st.stm32cube.common.mx.editor.CubeMxEditor.getMxTabbedPaneInstance(CubeMxEditor.java:1198) ~[com.st.stm32cube.common.mx_6.12.1.202409122256/:?]
	at com.st.stm32cube.common.mx.editor.CubeMxEditor$12$1.createSwingComponent(CubeMxEditor.java:1068) ~[com.st.stm32cube.common.mx_6.12.1.202409122256/:?]
	at com.st.stm32cube.common.mx.oss.core.awtswtbridge.EmbeddedSwingComposite.doComponentCreation(EmbeddedSwingComposite.java:492) ~[com.st.stm32cube.common.mx.oss_6.12.1.202409122256/:?]
	at com.st.stm32cube.common.mx.oss.core.awtswtbridge.EmbeddedSwingComposite$4.run(EmbeddedSwingComposite.java:291) ~[com.st.stm32cube.common.mx.oss_6.12.1.202409122256/:?]
	at com.st.stm32cube.common.mx.oss.core.awtswtbridge.AwtEnvironment$2.run(AwtEnvironment.java:166) ~[com.st.stm32cube.common.mx.oss_6.12.1.202409122256/:?]
	at java.awt.event.InvocationEvent.dispatch(InvocationEvent.java:318) ~[?:?]
	at java.awt.EventQueue.dispatchEventImpl(EventQueue.java:773) ~[?:?]
	at java.awt.EventQueue$4.run(EventQueue.java:720) ~[?:?]
	at java.awt.EventQueue$4.run(EventQueue.java:714) ~[?:?]
	at java.security.AccessController.doPrivileged(AccessController.java:399) ~[?:?]
	at java.security.ProtectionDomain$JavaSecurityAccessImpl.doIntersectionPrivilege(ProtectionDomain.java:86) ~[?:?]
	at java.awt.EventQueue.dispatchEvent(EventQueue.java:742) ~[?:?]
	at java.awt.EventDispatchThread.pumpOneEventForFilters(EventDispatchThread.java:203) ~[?:?]
	at java.awt.EventDispatchThread.pumpEventsForFilter(EventDispatchThread.java:124) ~[?:?]
	at java.awt.EventDispatchThread.pumpEventsForHierarchy(EventDispatchThread.java:113) ~[?:?]
	at java.awt.EventDispatchThread.pumpEvents(EventDispatchThread.java:109) ~[?:?]
	at java.awt.EventDispatchThread.pumpEvents(EventDispatchThread.java:101) ~[?:?]
	at java.awt.EventDispatchThread.run(EventDispatchThread.java:90) ~[?:?]
2024-11-28 00:31:49,657 [WARN] ThirdParty:871 - waiting for thirdparty lock release [close project]
2024-11-28 00:31:49,657 [INFO] ThirdParty:873 - entering critical section [close project]
2024-11-28 00:31:49,657 [INFO] ThirdParty:883 - exiting critical section [close project]
2024-11-28 00:31:49,659 [INFO] PinOutPanel:1561 - setPackage(No Configuration,No Configuration)
2024-11-28 00:31:49,668 [WARN] IpParametersView:151 - Warning: This peripheral hasn't parameters
2024-11-28 00:31:49,674 [WARN] MainPanel:284 - <html><b><center>Warning: This peripheral has no parameters to be configured<br></b></html>
2024-11-28 00:31:49,678 [INFO] UtilMem:75 - Begin LoadConfig() Used Memory: 405047904 Bytes (720371712)
2024-11-28 00:31:49,679 [INFO] MicroXplorer:468 - Change Database Path : 
2024-11-28 00:31:49,679 [INFO] MicroXplorer:498 - Change Database Version : DB.6.0.121
2024-11-28 00:31:49,679 [INFO] OpenFileManager:332 - Change cursor
2024-11-28 00:31:49,704 [INFO] RulesReader:64 - Compatibility file has been processed (297 Rules)
2024-11-28 00:31:49,710 [INFO] Mcu:2032 - Initializing MCU STM32F411C(C-E)Ux STM32F411CEUx STM32F411CEU6
2024-11-28 00:31:51,773 [INFO] Context:742 - Trying to add GPIOservice into a context  which must be forbidden
2024-11-28 00:31:52,409 [INFO] RtosManager:555 - Registered RTOS mode: class=CMSIS, group=RTOS, mode=CMSIS_V1, owner=FREERTOS
2024-11-28 00:31:52,409 [INFO] RtosManager:555 - Registered RTOS mode: class=CMSIS, group=RTOS2, mode=CMSIS_V2, owner=FREERTOS
2024-11-28 00:31:52,410 [INFO] RtosManager:555 - Registered RTOS mode: class=RTOS, group=Core, mode=CMSIS_V1, owner=FREERTOS
2024-11-28 00:31:52,410 [INFO] RtosManager:555 - Registered RTOS mode: class=RTOS, group=Core, mode=CMSIS_V2, owner=FREERTOS
2024-11-28 00:31:52,410 [WARN] ModelIntegratedComponent:184 - Missing modes for component STMicroelectronics:FreeRTOS:0.0.1:STMicroelectronics:RTOS:FreeRTOS:Core:::10.2.0:
2024-11-28 00:31:52,421 [WARN] ModelIntegratedComponent:182 - Modes not found for component STMicroelectronics:USB_HOST:1.0.0:STMicroelectronics:USB::USB Host:Audio HS::1.0:USB_HOST_1_0_RESTRICTED_HS
2024-11-28 00:31:52,421 [WARN] ModelIntegratedComponent:188 - Modes not found for component STMicroelectronics:USB_HOST:1.0.0:STMicroelectronics:USB::USB Host:Audio HS::1.0:USB_HOST_1_0_RESTRICTED_HS
2024-11-28 00:31:52,422 [WARN] ModelIntegratedComponent:182 - Modes not found for component STMicroelectronics:USB_HOST:1.0.0:STMicroelectronics:USB::USB Host:CDC HS::1.0:USB_HOST_1_0_RESTRICTED_HS
2024-11-28 00:31:52,422 [WARN] ModelIntegratedComponent:188 - Modes not found for component STMicroelectronics:USB_HOST:1.0.0:STMicroelectronics:USB::USB Host:CDC HS::1.0:USB_HOST_1_0_RESTRICTED_HS
2024-11-28 00:31:52,423 [WARN] ModelIntegratedComponent:182 - Modes not found for component STMicroelectronics:USB_HOST:1.0.0:STMicroelectronics:USB::USB Host:MSC HS::1.0:USB_HOST_1_0_RESTRICTED_HS
2024-11-28 00:31:52,423 [WARN] ModelIntegratedComponent:188 - Modes not found for component STMicroelectronics:USB_HOST:1.0.0:STMicroelectronics:USB::USB Host:MSC HS::1.0:USB_HOST_1_0_RESTRICTED_HS
2024-11-28 00:31:52,423 [WARN] ModelIntegratedComponent:182 - Modes not found for component STMicroelectronics:USB_HOST:1.0.0:STMicroelectronics:USB::USB Host:HID HS::1.0:USB_HOST_1_0_RESTRICTED_HS
2024-11-28 00:31:52,423 [WARN] ModelIntegratedComponent:188 - Modes not found for component STMicroelectronics:USB_HOST:1.0.0:STMicroelectronics:USB::USB Host:HID HS::1.0:USB_HOST_1_0_RESTRICTED_HS
2024-11-28 00:31:52,424 [WARN] ModelIntegratedComponent:182 - Modes not found for component STMicroelectronics:USB_HOST:1.0.0:STMicroelectronics:USB::USB Host:MTP HS::1.0:USB_HOST_1_0_RESTRICTED_HS
2024-11-28 00:31:52,424 [WARN] ModelIntegratedComponent:188 - Modes not found for component STMicroelectronics:USB_HOST:1.0.0:STMicroelectronics:USB::USB Host:MTP HS::1.0:USB_HOST_1_0_RESTRICTED_HS
2024-11-28 00:31:52,433 [WARN] ModelIntegratedComponent:63 - No mode defined for component null
2024-11-28 00:31:52,434 [WARN] ModelIntegratedComponent:63 - No mode defined for component null
2024-11-28 00:31:52,434 [WARN] ModelIntegratedComponent:63 - No mode defined for component null
2024-11-28 00:31:52,434 [WARN] ModelIntegratedComponent:63 - No mode defined for component null
2024-11-28 00:31:52,434 [WARN] ModelIntegratedComponent:63 - No mode defined for component null
2024-11-28 00:31:52,435 [WARN] ModelIntegratedComponent:63 - No mode defined for component null
2024-11-28 00:31:52,435 [WARN] ModelIntegratedComponent:63 - No mode defined for component null
2024-11-28 00:31:52,435 [WARN] ModelIntegratedComponent:63 - No mode defined for component null
2024-11-28 00:31:52,435 [WARN] ModelIntegratedComponent:63 - No mode defined for component null
2024-11-28 00:31:52,435 [WARN] ModelIntegratedComponent:63 - No mode defined for component null
2024-11-28 00:31:52,436 [WARN] ModelIntegratedComponent:63 - No mode defined for component null
2024-11-28 00:31:52,436 [WARN] ModelIntegratedComponent:63 - No mode defined for component null
2024-11-28 00:31:52,436 [WARN] ModelIntegratedComponent:63 - No mode defined for component null
2024-11-28 00:31:52,436 [WARN] ModelIntegratedComponent:63 - No mode defined for component null
2024-11-28 00:31:52,436 [WARN] ModelIntegratedComponent:63 - No mode defined for component null
2024-11-28 00:31:52,436 [WARN] ModelIntegratedComponent:63 - No mode defined for component null
2024-11-28 00:31:52,436 [WARN] ModelIntegratedComponent:63 - No mode defined for component null
2024-11-28 00:31:52,437 [WARN] ModelIntegratedComponent:63 - No mode defined for component null
2024-11-28 00:31:52,437 [WARN] ModelIntegratedComponent:63 - No mode defined for component null
2024-11-28 00:31:52,438 [WARN] ModelIntegratedComponent:63 - No mode defined for component null
2024-11-28 00:31:52,438 [WARN] ModelIntegratedComponent:63 - No mode defined for component null
2024-11-28 00:31:52,438 [WARN] ModelIntegratedComponent:63 - No mode defined for component null
2024-11-28 00:31:52,438 [WARN] ModelIntegratedComponent:63 - No mode defined for component null
2024-11-28 00:31:52,438 [WARN] ModelIntegratedComponent:63 - No mode defined for component null
2024-11-28 00:31:52,439 [WARN] ModelIntegratedComponent:63 - No mode defined for component null
2024-11-28 00:31:52,439 [WARN] ModelIntegratedComponent:63 - No mode defined for component null
2024-11-28 00:31:52,439 [WARN] ModelIntegratedComponent:63 - No mode defined for component null
2024-11-28 00:31:52,439 [WARN] ModelIntegratedComponent:63 - No mode defined for component null
2024-11-28 00:31:52,439 [WARN] ModelIntegratedComponent:63 - No mode defined for component null
2024-11-28 00:31:52,440 [WARN] ModelIntegratedComponent:63 - No mode defined for component null
2024-11-28 00:31:52,440 [WARN] ModelIntegratedComponent:63 - No mode defined for component null
2024-11-28 00:31:52,440 [WARN] ModelIntegratedComponent:63 - No mode defined for component null
2024-11-28 00:31:52,440 [WARN] ModelIntegratedComponent:63 - No mode defined for component null
2024-11-28 00:31:52,441 [WARN] ModelIntegratedComponent:63 - No mode defined for component null
2024-11-28 00:31:52,441 [WARN] ModelIntegratedComponent:63 - No mode defined for component null
2024-11-28 00:31:52,441 [WARN] ModelPack:524 - Component already loaded: STMicroelectronics:HAL Drivers:0.0.0:STMicroelectronics:Device:STMicro_Driver:XSPI:HAL::0.0.1:HAL_XSPI
2024-11-28 00:31:52,457 [WARN] ModelIntegratedComponent:182 - Modes not found for component STMicroelectronics:USB_DEVICE:1.0.0:STMicroelectronics:USB::USB Device:Audio HS::1.0:USB_DEVICE_1_0_RESTRICTED_HS
2024-11-28 00:31:52,458 [WARN] ModelIntegratedComponent:188 - Modes not found for component STMicroelectronics:USB_DEVICE:1.0.0:STMicroelectronics:USB::USB Device:Audio HS::1.0:USB_DEVICE_1_0_RESTRICTED_HS
2024-11-28 00:31:52,458 [WARN] ModelIntegratedComponent:182 - Modes not found for component STMicroelectronics:USB_DEVICE:1.0.0:STMicroelectronics:USB::USB Device:CDC HS::1.0:USB_DEVICE_1_0_RESTRICTED_HS
2024-11-28 00:31:52,458 [WARN] ModelIntegratedComponent:188 - Modes not found for component STMicroelectronics:USB_DEVICE:1.0.0:STMicroelectronics:USB::USB Device:CDC HS::1.0:USB_DEVICE_1_0_RESTRICTED_HS
2024-11-28 00:31:52,458 [WARN] ModelIntegratedComponent:182 - Modes not found for component STMicroelectronics:USB_DEVICE:1.0.0:STMicroelectronics:USB::USB Device:DFU HS::1.0:USB_DEVICE_1_0_RESTRICTED_HS
2024-11-28 00:31:52,459 [WARN] ModelIntegratedComponent:188 - Modes not found for component STMicroelectronics:USB_DEVICE:1.0.0:STMicroelectronics:USB::USB Device:DFU HS::1.0:USB_DEVICE_1_0_RESTRICTED_HS
2024-11-28 00:31:52,459 [WARN] ModelIntegratedComponent:182 - Modes not found for component STMicroelectronics:USB_DEVICE:1.0.0:STMicroelectronics:USB::USB Device:HID HS::1.0:USB_DEVICE_1_0_RESTRICTED_HS
2024-11-28 00:31:52,459 [WARN] ModelIntegratedComponent:188 - Modes not found for component STMicroelectronics:USB_DEVICE:1.0.0:STMicroelectronics:USB::USB Device:HID HS::1.0:USB_DEVICE_1_0_RESTRICTED_HS
2024-11-28 00:31:52,459 [WARN] ModelIntegratedComponent:182 - Modes not found for component STMicroelectronics:USB_DEVICE:1.0.0:STMicroelectronics:USB::USB Device:Custom HID HS::1.0:USB_DEVICE_1_0_RESTRICTED_HS
2024-11-28 00:31:52,459 [WARN] ModelIntegratedComponent:188 - Modes not found for component STMicroelectronics:USB_DEVICE:1.0.0:STMicroelectronics:USB::USB Device:Custom HID HS::1.0:USB_DEVICE_1_0_RESTRICTED_HS
2024-11-28 00:31:52,459 [WARN] ModelIntegratedComponent:182 - Modes not found for component STMicroelectronics:USB_DEVICE:1.0.0:STMicroelectronics:USB::USB Device:MSC HS::1.0:USB_DEVICE_1_0_RESTRICTED_HS
2024-11-28 00:31:52,459 [WARN] ModelIntegratedComponent:188 - Modes not found for component STMicroelectronics:USB_DEVICE:1.0.0:STMicroelectronics:USB::USB Device:MSC HS::1.0:USB_DEVICE_1_0_RESTRICTED_HS
2024-11-28 00:31:52,514 [INFO] ThirdPartyModel:298 - Start build external matchings
2024-11-28 00:31:53,409 [INFO] ThirdPartyModel:316 - End build external matchings
2024-11-28 00:31:53,446 [INFO] ImportTextPane:205 - (OptionalMessage_ERROR) IP (RCC) : Parameter (RTCHSEDivFreq_Value) has invalid value (12500000)
2024-11-28 00:31:53,452 [WARN] IP:2191 - DEVICE_SERIAL0_CDC_FS not found: check if there is a RefParameter without a condition.
2024-11-28 00:31:53,453 [WARN] IP:2191 - DEVICE_SERIAL1_CDC_FS not found: check if there is a RefParameter without a condition.
2024-11-28 00:31:53,454 [WARN] IP:2191 - DEVICE_SERIAL2_CDC_FS not found: check if there is a RefParameter without a condition.
2024-11-28 00:31:53,794 [INFO] UtilMem:75 - End LoadConfig() Used Memory: 247798216 Bytes (762314752)
2024-11-28 00:31:53,843 [WARN] ThirdParty:833 - waiting for thirdparty lock release [change project]
2024-11-28 00:31:53,843 [INFO] ThirdParty:835 - entering critical section [change project]
2024-11-28 00:31:53,843 [INFO] ThirdParty:1030 - CMSIS Pack Vendor :STMicroelectronics USBPD 4.1
2024-11-28 00:31:53,843 [INFO] ThirdParty:1030 - CMSIS Pack Vendor :STMicroelectronics X-CUBE-AZRTOS-H7 3.3.0
2024-11-28 00:31:53,843 [INFO] ThirdParty:1030 - CMSIS Pack Vendor :STMicroelectronics X-CUBE-NFC9 1.0.0
2024-11-28 00:31:53,843 [INFO] ThirdParty:1030 - CMSIS Pack Vendor :STMicroelectronics USB_HOST 2.0.0
2024-11-28 00:31:53,843 [INFO] ThirdParty:1030 - CMSIS Pack Vendor :STMicroelectronics FP-SNS-MOTENVWB1 1.4.0
2024-11-28 00:31:53,843 [INFO] ThirdParty:1030 - CMSIS Pack Vendor :STMicroelectronics X-CUBE-AZRTOS-F4 1.1.0
2024-11-28 00:31:53,843 [INFO] ThirdParty:1030 - CMSIS Pack Vendor :STMicroelectronics LIBJPEG 8.0.0
2024-11-28 00:31:53,843 [INFO] ThirdParty:1030 - CMSIS Pack Vendor :STMicroelectronics FP-ATR-ASTRA1 2.0.1
2024-11-28 00:31:53,843 [INFO] ThirdParty:1030 - CMSIS Pack Vendor :STMicroelectronics X-CUBE-SMBUS 2.1.0
2024-11-28 00:31:53,843 [INFO] ThirdParty:1030 - CMSIS Pack Vendor :STMicroelectronics X-CUBE-WB05N 1.1.0
2024-11-28 00:31:53,843 [INFO] ThirdParty:1030 - CMSIS Pack Vendor :STMicroelectronics USB_DEVICE 3.0.0
2024-11-28 00:31:53,843 [INFO] ThirdParty:1030 - CMSIS Pack Vendor :STMicroelectronics X-CUBE-TCPP 4.1.0
2024-11-28 00:31:53,843 [INFO] ThirdParty:1030 - CMSIS Pack Vendor :STMicroelectronics X-CUBE-ISPU 2.1.0
2024-11-28 00:31:53,843 [INFO] ThirdParty:1030 - CMSIS Pack Vendor :STMicroelectronics X-CUBE-FREERTOS 1.2.0
2024-11-28 00:31:53,843 [INFO] ThirdParty:1030 - CMSIS Pack Vendor :STMicroelectronics X-CUBE-IPS 3.0.0
2024-11-28 00:31:53,843 [INFO] ThirdParty:1030 - CMSIS Pack Vendor :STMicroelectronics X-CUBE-AZRTOS-WB 2.0.0
2024-11-28 00:31:53,843 [INFO] ThirdParty:1030 - CMSIS Pack Vendor :STMicroelectronics X-CUBE-GNSS1 7.0.0
2024-11-28 00:31:53,843 [INFO] ThirdParty:1030 - CMSIS Pack Vendor :STMicroelectronics X-CUBE-AZRTOS-F7 1.1.0
2024-11-28 00:31:53,843 [INFO] ThirdParty:1030 - CMSIS Pack Vendor :STMicroelectronics X-CUBE-AZRTOS-L5 2.0.0
2024-11-28 00:31:53,844 [INFO] ThirdParty:1030 - CMSIS Pack Vendor :STMicroelectronics USB_DEVICE 2.0.0
2024-11-28 00:31:53,844 [INFO] ThirdParty:1030 - CMSIS Pack Vendor :STMicroelectronics X-CUBE-NFC6 3.1.0
2024-11-28 00:31:53,844 [INFO] ThirdParty:1030 - CMSIS Pack Vendor :STMicroelectronics FP-SNS-STBOX1 2.0.0
2024-11-28 00:31:53,844 [INFO] ThirdParty:1030 - CMSIS Pack Vendor :STMicroelectronics X-CUBE-MEMS1 11.0.0
2024-11-28 00:31:53,844 [INFO] ThirdParty:1030 - CMSIS Pack Vendor :STMicroelectronics FreeRTOS 0.0.1
2024-11-28 00:31:53,844 [INFO] ThirdParty:1030 - CMSIS Pack Vendor :STMicroelectronics X-CUBE-AZRTOS-G0 1.1.0
2024-11-28 00:31:53,844 [INFO] ThirdParty:1030 - CMSIS Pack Vendor :STMicroelectronics X-CUBE-SAFEA1 1.2.2
2024-11-28 00:31:53,844 [INFO] ThirdParty:1030 - CMSIS Pack Vendor :STMicroelectronics X-CUBE-NFC4 3.0.0
2024-11-28 00:31:53,844 [INFO] ThirdParty:1030 - CMSIS Pack Vendor :STMicroelectronics X-CUBE-DPower 1.2.0
2024-11-28 00:31:53,844 [INFO] ThirdParty:1030 - CMSIS Pack Vendor :STMicroelectronics X-CUBE-SUBG2 5.0.0
2024-11-28 00:31:53,844 [INFO] ThirdParty:1030 - CMSIS Pack Vendor :STMicroelectronics STM32_WPAN 1.0.0
2024-11-28 00:31:53,844 [INFO] ThirdParty:1030 - CMSIS Pack Vendor :EmbeddedOffice I-CUBE-FS-RTOS 1.0.1
2024-11-28 00:31:53,845 [INFO] ThirdParty:1030 - CMSIS Pack Vendor :STMicroelectronics lwIP 2.0.3
2024-11-28 00:31:53,845 [INFO] ThirdParty:1030 - CMSIS Pack Vendor :STMicroelectronics FP-SNS-FLIGHT1 5.0.2
2024-11-28 00:31:53,845 [INFO] ThirdParty:1030 - CMSIS Pack Vendor :Cesanta I-CUBE-Mongoose 7.13.0
2024-11-28 00:31:53,845 [INFO] ThirdParty:1030 - CMSIS Pack Vendor :STMicroelectronics USB_HOST 1.0.0
2024-11-28 00:31:53,845 [INFO] ThirdParty:1030 - CMSIS Pack Vendor :STMicroelectronics X-CUBE-AZRTOS-G4 2.0.0
2024-11-28 00:31:53,845 [INFO] ThirdParty:1030 - CMSIS Pack Vendor :STMicroelectronics PDM2PCM 3.1.0
2024-11-28 00:31:53,845 [INFO] ThirdParty:1030 - CMSIS Pack Vendor :STMicroelectronics PDM2PCM 3.3.0
2024-11-28 00:31:53,845 [INFO] ThirdParty:1030 - CMSIS Pack Vendor :STMicroelectronics X-CUBE-DISPLAY 3.0.0
2024-11-28 00:31:53,845 [INFO] ThirdParty:1030 - CMSIS Pack Vendor :RealThread X-CUBE-RT-Thread_Nano 4.1.1
2024-11-28 00:31:53,846 [INFO] ThirdParty:1030 - CMSIS Pack Vendor :STMicroelectronics X-CUBE-BLE1 7.0.0
2024-11-28 00:31:53,846 [INFO] ThirdParty:1030 - CMSIS Pack Vendor :STMicroelectronics FP-ATR-SIGFOX1 3.2.0
2024-11-28 00:31:53,846 [INFO] ThirdParty:1030 - CMSIS Pack Vendor :STMicroelectronics X-CUBE-NFC10 1.0.0
2024-11-28 00:31:53,846 [INFO] ThirdParty:1030 - CMSIS Pack Vendor :wolfSSL I-CUBE-wolfSSL 5.7.2
2024-11-28 00:31:53,846 [INFO] ThirdParty:1030 - CMSIS Pack Vendor :quantropi X-CUBE-qispace-sdk-base 1.9.3
2024-11-28 00:31:53,846 [INFO] ThirdParty:1030 - CMSIS Pack Vendor :STMicroelectronics X-CUBE-EEPRMA1 5.1.0
2024-11-28 00:31:53,846 [INFO] ThirdParty:1030 - CMSIS Pack Vendor :STMicroelectronics HAL Drivers 0.0.0
2024-11-28 00:31:53,846 [INFO] ThirdParty:1030 - CMSIS Pack Vendor :STMicroelectronics MBEDTLS 2.16.2
2024-11-28 00:31:53,846 [INFO] ThirdParty:1030 - CMSIS Pack Vendor :STMicroelectronics X-CUBE-ALS 1.0.2
2024-11-28 00:31:53,846 [INFO] ThirdParty:1030 - CMSIS Pack Vendor :emotas I-CUBE-CANOPEN 1.3.0
2024-11-28 00:31:53,846 [INFO] ThirdParty:1030 - CMSIS Pack Vendor :STMicroelectronics X-CUBE-NFC7 1.0.1
2024-11-28 00:31:53,846 [INFO] ThirdParty:1030 - CMSIS Pack Vendor :STMicroelectronics MBEDTLS 2.14.1
2024-11-28 00:31:53,846 [INFO] ThirdParty:1030 - CMSIS Pack Vendor :ITTIA_DB I-CUBE-ITTIADB 8.9.0
2024-11-28 00:31:53,846 [INFO] ThirdParty:1030 - CMSIS Pack Vendor :STMicroelectronics X-CUBE-TOUCHGFX 4.24.1
2024-11-28 00:31:53,846 [INFO] ThirdParty:1030 - CMSIS Pack Vendor :wolfSSL I-CUBE-wolfTPM 3.4.0
2024-11-28 00:31:53,846 [INFO] ThirdParty:1030 - CMSIS Pack Vendor :portGmbH I-Cube-SoM-uGOAL 1.1.0
2024-11-28 00:31:53,846 [INFO] ThirdParty:1030 - CMSIS Pack Vendor :STMicroelectronics X-CUBE-BLEMGR 3.1.0
2024-11-28 00:31:53,847 [INFO] ThirdParty:1030 - CMSIS Pack Vendor :STMicroelectronics ThreadX 1.0.0
2024-11-28 00:31:53,847 [INFO] ThirdParty:1030 - CMSIS Pack Vendor :STMicroelectronics FP-SNS-SMARTAG2 1.2.0
2024-11-28 00:31:53,847 [INFO] ThirdParty:1030 - CMSIS Pack Vendor :STMicroelectronics X-CUBE-AZRTOS-WL 2.0.0
2024-11-28 00:31:53,847 [INFO] ThirdParty:1030 - CMSIS Pack Vendor :SEGGER I-CUBE-embOS 1.3.1
2024-11-28 00:31:53,847 [INFO] ThirdParty:1030 - CMSIS Pack Vendor :STMicroelectronics X-CUBE-ALGOBUILD 1.4.0
2024-11-28 00:31:53,847 [INFO] ThirdParty:1030 - CMSIS Pack Vendor :STMicroelectronics FP-SNS-MOTENV1 5.0.0
2024-11-28 00:31:53,847 [INFO] ThirdParty:1030 - CMSIS Pack Vendor :STMicroelectronics USB_DEVICE 1.0.0
2024-11-28 00:31:53,847 [INFO] ThirdParty:1030 - CMSIS Pack Vendor :STMicroelectronics X-CUBE-AZRTOS-H7RS 1.0.0
2024-11-28 00:31:53,847 [INFO] ThirdParty:1030 - CMSIS Pack Vendor :wolfSSL I-CUBE-wolfMQTT 1.19.0
2024-11-28 00:31:53,847 [INFO] ThirdParty:1030 - CMSIS Pack Vendor :STMicroelectronics X-CUBE-AZRTOS-L4 2.0.0
2024-11-28 00:31:53,847 [INFO] ThirdParty:1030 - CMSIS Pack Vendor :STMicroelectronics ThreadX 0.0.2
2024-11-28 00:31:53,847 [INFO] ThirdParty:1030 - CMSIS Pack Vendor :WES I-CUBE-Cesium 1.3.0
2024-11-28 00:31:53,847 [INFO] ThirdParty:1030 - CMSIS Pack Vendor :STMicroelectronics FP-ATR-ASTRA1 2.0.0
2024-11-28 00:31:53,847 [INFO] ThirdParty:1030 - CMSIS Pack Vendor :STMicroelectronics lwIP 2.1.2
2024-11-28 00:31:53,847 [INFO] ThirdParty:1030 - CMSIS Pack Vendor :STMicroelectronics X-CUBE-SFXS2LP1 4.0.0
2024-11-28 00:31:53,847 [INFO] ThirdParty:1030 - CMSIS Pack Vendor :STMicroelectronics X-CUBE-BLE2 3.3.0
2024-11-28 00:31:53,847 [INFO] ThirdParty:1030 - CMSIS Pack Vendor :STMicroelectronics X-CUBE-TOF1 3.4.2
2024-11-28 00:31:53,847 [INFO] ThirdParty:1030 - CMSIS Pack Vendor :STMicroelectronics X-CUBE-AI 9.1.0
2024-11-28 00:31:53,847 [INFO] ThirdParty:1030 - CMSIS Pack Vendor :Infineon AIROC-Wi-Fi-Bluetooth-STM32 1.6.1
2024-11-28 00:31:53,847 [INFO] ThirdParty:1030 - CMSIS Pack Vendor :STMicroelectronics PDM2PCM 3.2.0
2024-11-28 00:31:53,847 [INFO] ThirdParty:1030 - CMSIS Pack Vendor :wolfSSL I-CUBE-wolfSSH 1.4.17
2024-11-28 00:31:53,847 [INFO] ThirdParty:841 - exiting critical section [change project]
2024-11-28 00:31:54,188 [INFO] PinOutPanel:1561 - setPackage(No Configuration,No Configuration)
2024-11-28 00:31:54,190 [INFO] PinOutPanel:1561 - setPackage(STM32F411CEUx,UFQFPN48)
2024-11-28 00:31:54,646 [INFO] UtilMem:75 - Before build in PCC Used Memory: 288449832 Bytes (762314752)
2024-11-28 00:31:55,176 [INFO] UtilMem:75 - After build in PCC Used Memory: 329870632 Bytes (762314752)
2024-11-28 00:31:55,342 [INFO] ApiDbMcu:508 - Load IP Config File for USB_DEVICE
2024-11-28 00:31:55,402 [INFO] IPUIPlugin:80 - create IPUIPlugin
2024-11-28 00:31:55,403 [INFO] IPUIPlugin:80 - create IPUIPlugin
2024-11-28 00:31:55,403 [INFO] IPUIPlugin:80 - create IPUIPlugin
2024-11-28 00:31:55,403 [INFO] IPUIPlugin:80 - create IPUIPlugin
2024-11-28 00:31:55,404 [INFO] IPUIPlugin:80 - create IPUIPlugin
2024-11-28 00:31:55,404 [INFO] IPUIPlugin:80 - create IPUIPlugin
2024-11-28 00:31:55,404 [INFO] IPUIPlugin:80 - create IPUIPlugin
2024-11-28 00:31:55,404 [INFO] IPUIPlugin:80 - create IPUIPlugin
2024-11-28 00:31:55,404 [INFO] IPUIPlugin:80 - create IPUIPlugin
2024-11-28 00:31:55,405 [INFO] IPUIPlugin:80 - create IPUIPlugin
2024-11-28 00:31:55,405 [INFO] IPUIPlugin:80 - create IPUIPlugin
2024-11-28 00:31:55,405 [INFO] IPUIPlugin:80 - create IPUIPlugin
2024-11-28 00:31:55,405 [INFO] IPUIPlugin:80 - create IPUIPlugin
2024-11-28 00:31:55,405 [INFO] IPUIPlugin:80 - create IPUIPlugin
2024-11-28 00:31:55,406 [INFO] IPUIPlugin:80 - create IPUIPlugin
2024-11-28 00:31:55,406 [INFO] IPUIPlugin:80 - create IPUIPlugin
2024-11-28 00:31:55,406 [INFO] IPUIPlugin:80 - create IPUIPlugin
2024-11-28 00:31:55,407 [INFO] IPUIPlugin:80 - create IPUIPlugin
2024-11-28 00:31:55,407 [INFO] IPUIPlugin:80 - create IPUIPlugin
2024-11-28 00:31:55,407 [INFO] IPUIPlugin:80 - create IPUIPlugin
2024-11-28 00:31:55,409 [INFO] IPUIPlugin:80 - create IPUIPlugin
2024-11-28 00:31:55,410 [INFO] IPUIPlugin:80 - create IPUIPlugin
2024-11-28 00:31:55,410 [INFO] IPUIPlugin:80 - create IPUIPlugin
2024-11-28 00:31:55,411 [INFO] IPUIPlugin:80 - create IPUIPlugin
2024-11-28 00:31:55,411 [INFO] IPUIPlugin:80 - create IPUIPlugin
2024-11-28 00:31:55,411 [INFO] IPUIPlugin:80 - create IPUIPlugin
2024-11-28 00:31:55,411 [INFO] IPUIPlugin:80 - create IPUIPlugin
2024-11-28 00:31:55,412 [INFO] IPUIPlugin:80 - create IPUIPlugin
2024-11-28 00:31:55,412 [INFO] IPUIPlugin:80 - create IPUIPlugin
2024-11-28 00:31:55,412 [INFO] IPUIPlugin:80 - create IPUIPlugin
2024-11-28 00:31:55,412 [INFO] IPUIPlugin:80 - create IPUIPlugin
2024-11-28 00:31:55,412 [INFO] IPUIPlugin:80 - create IPUIPlugin
2024-11-28 00:31:55,412 [INFO] IPUIPlugin:80 - create IPUIPlugin
2024-11-28 00:31:55,413 [INFO] IPUIPlugin:80 - create IPUIPlugin
2024-11-28 00:31:55,413 [INFO] IPUIPlugin:80 - create IPUIPlugin
2024-11-28 00:31:55,413 [INFO] IPUIPlugin:80 - create IPUIPlugin
2024-11-28 00:31:55,413 [INFO] IPUIPlugin:80 - create IPUIPlugin
2024-11-28 00:31:55,414 [INFO] IPUIPlugin:80 - create IPUIPlugin
2024-11-28 00:31:55,414 [INFO] IPUIPlugin:80 - create IPUIPlugin
2024-11-28 00:31:55,415 [INFO] IPUIPlugin:80 - create IPUIPlugin
2024-11-28 00:31:55,415 [INFO] IPUIPlugin:80 - create IPUIPlugin
2024-11-28 00:31:55,416 [INFO] IPUIPlugin:80 - create IPUIPlugin
2024-11-28 00:31:55,416 [INFO] IPUIPlugin:80 - create IPUIPlugin
2024-11-28 00:31:55,422 [INFO] ApiDbMcu:508 - Load IP Config File for PDM2PCM
2024-11-28 00:31:55,589 [INFO] CADModel:165 - CPN selected for project levelSTM32F411CEU6
2024-11-28 00:31:55,589 [INFO] CADModel:114 - Register for checkConnection events
2024-11-28 00:31:55,629 [INFO] OpenFileManager:363 - Restore cursor
2024-11-28 00:31:56,056 [WARN] IP:2191 - DEVICE_SERIAL0_CDC_FS not found: check if there is a RefParameter without a condition.
2024-11-28 00:31:56,056 [WARN] IP:2191 - DEVICE_SERIAL1_CDC_FS not found: check if there is a RefParameter without a condition.
2024-11-28 00:31:56,056 [WARN] IP:2191 - DEVICE_SERIAL2_CDC_FS not found: check if there is a RefParameter without a condition.
2024-11-28 00:31:56,058 [WARN] IP:2191 - DEVICE_SERIAL0_CDC_FS not found: check if there is a RefParameter without a condition.
2024-11-28 00:31:56,058 [WARN] IP:2191 - DEVICE_SERIAL1_CDC_FS not found: check if there is a RefParameter without a condition.
2024-11-28 00:31:56,058 [WARN] IP:2191 - DEVICE_SERIAL2_CDC_FS not found: check if there is a RefParameter without a condition.
2024-11-28 00:32:17,031 [INFO] NvicIntPanel:101 - NVIC parent = com.st.microxplorer.plugins.ip.nvic.MultiNvicIntPanel[,0,0,450x261,layout=javax.swing.BoxLayout,alignmentX=0.0,alignmentY=0.0,border=,flags=9,maximumSize=,minimumSize=,preferredSize=]
2024-11-28 01:55:38,885 [INFO] MainUpdater:2873 - connection check result : 10
2024-11-28 01:55:38,886 [INFO] MainUpdater:2873 - connection check result : 10
2024-11-28 01:55:39,606 [INFO] MicroXplorer:468 - Change Database Path : 
2024-11-28 01:55:39,606 [INFO] MicroXplorer:498 - Change Database Version : DB.6.0.121
2024-11-28 01:55:39,635 [ERROR] ProjectManagerView:394 - 
java.lang.NullPointerException: Cannot invoke "javax.swing.JTextField.getText()" because the return value of "java.util.List.get(int)" is null
	at com.st.microxplorer.plugins.projectmanager.gui.ProjectChoiceTab$10.caretUpdate(ProjectChoiceTab.java:2622) ~[filemanager.jar:?]
	at javax.swing.text.JTextComponent.fireCaretUpdate(JTextComponent.java:412) ~[?:?]
	at javax.swing.text.JTextComponent$MutableCaretEvent.fire(JTextComponent.java:4491) ~[?:?]
	at javax.swing.text.JTextComponent$MutableCaretEvent.stateChanged(JTextComponent.java:4513) ~[?:?]
	at javax.swing.text.DefaultCaret.fireStateChanged(DefaultCaret.java:842) ~[?:?]
	at javax.swing.text.DefaultCaret.changeCaretPosition(DefaultCaret.java:1313) ~[?:?]
	at javax.swing.text.DefaultCaret.handleSetDot(DefaultCaret.java:1212) ~[?:?]
	at javax.swing.text.DefaultCaret.setDot(DefaultCaret.java:1193) ~[?:?]
	at javax.swing.text.DefaultCaret$Handler.insertUpdate(DefaultCaret.java:1789) ~[?:?]
	at javax.swing.text.AbstractDocument.fireInsertUpdate(AbstractDocument.java:226) ~[?:?]
	at javax.swing.text.AbstractDocument.handleInsertString(AbstractDocument.java:780) ~[?:?]
	at javax.swing.text.AbstractDocument.insertString(AbstractDocument.java:739) ~[?:?]
	at javax.swing.text.PlainDocument.insertString(PlainDocument.java:131) ~[?:?]
	at javax.swing.text.AbstractDocument.replace(AbstractDocument.java:698) ~[?:?]
	at javax.swing.text.JTextComponent.setText(JTextComponent.java:1729) ~[?:?]
	at com.st.microxplorer.plugins.projectmanager.gui.ProjectChoiceTab.createHeapStackFields(ProjectChoiceTab.java:972) ~[filemanager.jar:?]
	at com.st.microxplorer.plugins.projectmanager.gui.ProjectChoiceTab.buildLinkSettingsPanel(ProjectChoiceTab.java:3597) ~[filemanager.jar:?]
	at com.st.microxplorer.plugins.projectmanager.gui.ProjectChoiceTab.defineWindowsFields(ProjectChoiceTab.java:1940) ~[filemanager.jar:?]
	at com.st.microxplorer.plugins.projectmanager.gui.ProjectChoiceTab.updateSettings(ProjectChoiceTab.java:550) ~[filemanager.jar:?]
	at com.st.microxplorer.plugins.projectmanager.gui.ProjectSettingsPanel.UpdateDialog(ProjectSettingsPanel.java:245) ~[filemanager.jar:?]
	at com.st.microxplorer.plugins.projectmanager.ProjectManagerView.propertyChange(ProjectManagerView.java:391) ~[filemanager.jar:?]
	at java.beans.PropertyChangeSupport.fire(PropertyChangeSupport.java:343) ~[?:?]
	at java.beans.PropertyChangeSupport.firePropertyChange(PropertyChangeSupport.java:335) ~[?:?]
	at java.beans.PropertyChangeSupport.firePropertyChange(PropertyChangeSupport.java:268) ~[?:?]
	at com.st.microxplorer.util.MXPropertyChangeSupport.firePropertyChange(MXPropertyChangeSupport.java:54) ~[STM32CubeMX.jar:?]
	at com.st.microxplorer.mxsystem.MxSystem.closeConfig(MxSystem.java:900) ~[STM32CubeMX.jar:?]
	at com.st.microxplorer.maingui.MainPanel.closeConfig(MainPanel.java:781) ~[STM32CubeMX.jar:?]
	at com.st.microxplorer.plugins.filemanager.engine.OpenFileManager.loadConfigurationFile(OpenFileManager.java:265) ~[filemanager.jar:?]
	at com.st.microxplorer.plugins.filemanager.engine.MainFileManager.userLoadConfig(MainFileManager.java:352) ~[filemanager.jar:?]
	at com.st.microxplorer.plugins.filemanager.engine.MainFileManager.userLoadConfig(MainFileManager.java:330) ~[filemanager.jar:?]
	at com.st.microxplorer.plugins.filemanager.FileManagerView.getSpecificTask(FileManagerView.java:246) ~[filemanager.jar:?]
	at com.st.stm32cube.common.mx.editor.CubeMxEditor.getMxTabbedPaneInstance(CubeMxEditor.java:1198) ~[com.st.stm32cube.common.mx_6.12.1.202409122256/:?]
	at com.st.stm32cube.common.mx.editor.CubeMxEditor$12$1.createSwingComponent(CubeMxEditor.java:1068) ~[com.st.stm32cube.common.mx_6.12.1.202409122256/:?]
	at com.st.stm32cube.common.mx.oss.core.awtswtbridge.EmbeddedSwingComposite.doComponentCreation(EmbeddedSwingComposite.java:492) ~[com.st.stm32cube.common.mx.oss_6.12.1.202409122256/:?]
	at com.st.stm32cube.common.mx.oss.core.awtswtbridge.EmbeddedSwingComposite$4.run(EmbeddedSwingComposite.java:291) ~[com.st.stm32cube.common.mx.oss_6.12.1.202409122256/:?]
	at com.st.stm32cube.common.mx.oss.core.awtswtbridge.AwtEnvironment$2.run(AwtEnvironment.java:166) ~[com.st.stm32cube.common.mx.oss_6.12.1.202409122256/:?]
	at java.awt.event.InvocationEvent.dispatch(InvocationEvent.java:318) ~[?:?]
	at java.awt.EventQueue.dispatchEventImpl(EventQueue.java:773) ~[?:?]
	at java.awt.EventQueue$4.run(EventQueue.java:720) ~[?:?]
	at java.awt.EventQueue$4.run(EventQueue.java:714) ~[?:?]
	at java.security.AccessController.doPrivileged(AccessController.java:399) ~[?:?]
	at java.security.ProtectionDomain$JavaSecurityAccessImpl.doIntersectionPrivilege(ProtectionDomain.java:86) ~[?:?]
	at java.awt.EventQueue.dispatchEvent(EventQueue.java:742) ~[?:?]
	at java.awt.EventDispatchThread.pumpOneEventForFilters(EventDispatchThread.java:203) ~[?:?]
	at java.awt.EventDispatchThread.pumpEventsForFilter(EventDispatchThread.java:124) ~[?:?]
	at java.awt.EventDispatchThread.pumpEventsForHierarchy(EventDispatchThread.java:113) ~[?:?]
	at java.awt.EventDispatchThread.pumpEvents(EventDispatchThread.java:109) ~[?:?]
	at java.awt.EventDispatchThread.pumpEvents(EventDispatchThread.java:101) ~[?:?]
	at java.awt.EventDispatchThread.run(EventDispatchThread.java:90) ~[?:?]
2024-11-28 01:55:39,638 [WARN] ThirdParty:871 - waiting for thirdparty lock release [close project]
2024-11-28 01:55:39,638 [INFO] ThirdParty:873 - entering critical section [close project]
2024-11-28 01:55:39,638 [INFO] ThirdParty:883 - exiting critical section [close project]
2024-11-28 01:55:39,641 [INFO] PinOutPanel:1561 - setPackage(No Configuration,No Configuration)
2024-11-28 01:55:39,659 [WARN] IpParametersView:151 - Warning: This peripheral hasn't parameters
2024-11-28 01:55:39,665 [WARN] MainPanel:284 - <html><b><center>Warning: This peripheral has no parameters to be configured<br></b></html>
2024-11-28 01:55:39,670 [INFO] UtilMem:75 - Begin LoadConfig() Used Memory: 394648928 Bytes (762314752)
2024-11-28 01:55:39,671 [INFO] MicroXplorer:468 - Change Database Path : 
2024-11-28 01:55:39,671 [INFO] MicroXplorer:498 - Change Database Version : DB.6.0.121
2024-11-28 01:55:39,671 [INFO] OpenFileManager:332 - Change cursor
2024-11-28 01:55:39,685 [INFO] Mcu:2032 - Initializing MCU STM32F411C(C-E)Ux STM32F411CEUx STM32F411CEU6
2024-11-28 01:55:42,407 [INFO] Context:742 - Trying to add GPIOservice into a context  which must be forbidden
2024-11-28 01:55:43,710 [INFO] RtosManager:555 - Registered RTOS mode: class=CMSIS, group=RTOS, mode=CMSIS_V1, owner=FREERTOS
2024-11-28 01:55:43,710 [INFO] RtosManager:555 - Registered RTOS mode: class=CMSIS, group=RTOS2, mode=CMSIS_V2, owner=FREERTOS
2024-11-28 01:55:43,710 [INFO] RtosManager:555 - Registered RTOS mode: class=RTOS, group=Core, mode=CMSIS_V1, owner=FREERTOS
2024-11-28 01:55:43,710 [INFO] RtosManager:555 - Registered RTOS mode: class=RTOS, group=Core, mode=CMSIS_V2, owner=FREERTOS
2024-11-28 01:55:43,710 [WARN] ModelIntegratedComponent:184 - Missing modes for component STMicroelectronics:FreeRTOS:0.0.1:STMicroelectronics:RTOS:FreeRTOS:Core:::10.2.0:
2024-11-28 01:55:43,716 [WARN] ModelIntegratedComponent:182 - Modes not found for component STMicroelectronics:USB_HOST:1.0.0:STMicroelectronics:USB::USB Host:Audio HS::1.0:USB_HOST_1_0_RESTRICTED_HS
2024-11-28 01:55:43,716 [WARN] ModelIntegratedComponent:188 - Modes not found for component STMicroelectronics:USB_HOST:1.0.0:STMicroelectronics:USB::USB Host:Audio HS::1.0:USB_HOST_1_0_RESTRICTED_HS
2024-11-28 01:55:43,716 [WARN] ModelIntegratedComponent:182 - Modes not found for component STMicroelectronics:USB_HOST:1.0.0:STMicroelectronics:USB::USB Host:CDC HS::1.0:USB_HOST_1_0_RESTRICTED_HS
2024-11-28 01:55:43,716 [WARN] ModelIntegratedComponent:188 - Modes not found for component STMicroelectronics:USB_HOST:1.0.0:STMicroelectronics:USB::USB Host:CDC HS::1.0:USB_HOST_1_0_RESTRICTED_HS
2024-11-28 01:55:43,716 [WARN] ModelIntegratedComponent:182 - Modes not found for component STMicroelectronics:USB_HOST:1.0.0:STMicroelectronics:USB::USB Host:MSC HS::1.0:USB_HOST_1_0_RESTRICTED_HS
2024-11-28 01:55:43,716 [WARN] ModelIntegratedComponent:188 - Modes not found for component STMicroelectronics:USB_HOST:1.0.0:STMicroelectronics:USB::USB Host:MSC HS::1.0:USB_HOST_1_0_RESTRICTED_HS
2024-11-28 01:55:43,717 [WARN] ModelIntegratedComponent:182 - Modes not found for component STMicroelectronics:USB_HOST:1.0.0:STMicroelectronics:USB::USB Host:HID HS::1.0:USB_HOST_1_0_RESTRICTED_HS
2024-11-28 01:55:43,717 [WARN] ModelIntegratedComponent:188 - Modes not found for component STMicroelectronics:USB_HOST:1.0.0:STMicroelectronics:USB::USB Host:HID HS::1.0:USB_HOST_1_0_RESTRICTED_HS
2024-11-28 01:55:43,717 [WARN] ModelIntegratedComponent:182 - Modes not found for component STMicroelectronics:USB_HOST:1.0.0:STMicroelectronics:USB::USB Host:MTP HS::1.0:USB_HOST_1_0_RESTRICTED_HS
2024-11-28 01:55:43,717 [WARN] ModelIntegratedComponent:188 - Modes not found for component STMicroelectronics:USB_HOST:1.0.0:STMicroelectronics:USB::USB Host:MTP HS::1.0:USB_HOST_1_0_RESTRICTED_HS
2024-11-28 01:55:43,721 [WARN] ModelIntegratedComponent:63 - No mode defined for component null
2024-11-28 01:55:43,721 [WARN] ModelIntegratedComponent:63 - No mode defined for component null
2024-11-28 01:55:43,721 [WARN] ModelIntegratedComponent:63 - No mode defined for component null
2024-11-28 01:55:43,721 [WARN] ModelIntegratedComponent:63 - No mode defined for component null
2024-11-28 01:55:43,721 [WARN] ModelIntegratedComponent:63 - No mode defined for component null
2024-11-28 01:55:43,721 [WARN] ModelIntegratedComponent:63 - No mode defined for component null
2024-11-28 01:55:43,721 [WARN] ModelIntegratedComponent:63 - No mode defined for component null
2024-11-28 01:55:43,721 [WARN] ModelIntegratedComponent:63 - No mode defined for component null
2024-11-28 01:55:43,722 [WARN] ModelIntegratedComponent:63 - No mode defined for component null
2024-11-28 01:55:43,722 [WARN] ModelIntegratedComponent:63 - No mode defined for component null
2024-11-28 01:55:43,722 [WARN] ModelIntegratedComponent:63 - No mode defined for component null
2024-11-28 01:55:43,722 [WARN] ModelIntegratedComponent:63 - No mode defined for component null
2024-11-28 01:55:43,722 [WARN] ModelIntegratedComponent:63 - No mode defined for component null
2024-11-28 01:55:43,722 [WARN] ModelIntegratedComponent:63 - No mode defined for component null
2024-11-28 01:55:43,722 [WARN] ModelIntegratedComponent:63 - No mode defined for component null
2024-11-28 01:55:43,722 [WARN] ModelIntegratedComponent:63 - No mode defined for component null
2024-11-28 01:55:43,722 [WARN] ModelIntegratedComponent:63 - No mode defined for component null
2024-11-28 01:55:43,722 [WARN] ModelIntegratedComponent:63 - No mode defined for component null
2024-11-28 01:55:43,722 [WARN] ModelIntegratedComponent:63 - No mode defined for component null
2024-11-28 01:55:43,722 [WARN] ModelIntegratedComponent:63 - No mode defined for component null
2024-11-28 01:55:43,722 [WARN] ModelIntegratedComponent:63 - No mode defined for component null
2024-11-28 01:55:43,722 [WARN] ModelIntegratedComponent:63 - No mode defined for component null
2024-11-28 01:55:43,722 [WARN] ModelIntegratedComponent:63 - No mode defined for component null
2024-11-28 01:55:43,722 [WARN] ModelIntegratedComponent:63 - No mode defined for component null
2024-11-28 01:55:43,722 [WARN] ModelIntegratedComponent:63 - No mode defined for component null
2024-11-28 01:55:43,722 [WARN] ModelIntegratedComponent:63 - No mode defined for component null
2024-11-28 01:55:43,722 [WARN] ModelIntegratedComponent:63 - No mode defined for component null
2024-11-28 01:55:43,723 [WARN] ModelIntegratedComponent:63 - No mode defined for component null
2024-11-28 01:55:43,723 [WARN] ModelIntegratedComponent:63 - No mode defined for component null
2024-11-28 01:55:43,723 [WARN] ModelIntegratedComponent:63 - No mode defined for component null
2024-11-28 01:55:43,723 [WARN] ModelIntegratedComponent:63 - No mode defined for component null
2024-11-28 01:55:43,723 [WARN] ModelIntegratedComponent:63 - No mode defined for component null
2024-11-28 01:55:43,723 [WARN] ModelIntegratedComponent:63 - No mode defined for component null
2024-11-28 01:55:43,723 [WARN] ModelIntegratedComponent:63 - No mode defined for component null
2024-11-28 01:55:43,723 [WARN] ModelIntegratedComponent:63 - No mode defined for component null
2024-11-28 01:55:43,723 [WARN] ModelPack:524 - Component already loaded: STMicroelectronics:HAL Drivers:0.0.0:STMicroelectronics:Device:STMicro_Driver:XSPI:HAL::0.0.1:HAL_XSPI
2024-11-28 01:55:43,731 [WARN] ModelIntegratedComponent:182 - Modes not found for component STMicroelectronics:USB_DEVICE:1.0.0:STMicroelectronics:USB::USB Device:Audio HS::1.0:USB_DEVICE_1_0_RESTRICTED_HS
2024-11-28 01:55:43,731 [WARN] ModelIntegratedComponent:188 - Modes not found for component STMicroelectronics:USB_DEVICE:1.0.0:STMicroelectronics:USB::USB Device:Audio HS::1.0:USB_DEVICE_1_0_RESTRICTED_HS
2024-11-28 01:55:43,732 [WARN] ModelIntegratedComponent:182 - Modes not found for component STMicroelectronics:USB_DEVICE:1.0.0:STMicroelectronics:USB::USB Device:CDC HS::1.0:USB_DEVICE_1_0_RESTRICTED_HS
2024-11-28 01:55:43,732 [WARN] ModelIntegratedComponent:188 - Modes not found for component STMicroelectronics:USB_DEVICE:1.0.0:STMicroelectronics:USB::USB Device:CDC HS::1.0:USB_DEVICE_1_0_RESTRICTED_HS
2024-11-28 01:55:43,732 [WARN] ModelIntegratedComponent:182 - Modes not found for component STMicroelectronics:USB_DEVICE:1.0.0:STMicroelectronics:USB::USB Device:DFU HS::1.0:USB_DEVICE_1_0_RESTRICTED_HS
2024-11-28 01:55:43,732 [WARN] ModelIntegratedComponent:188 - Modes not found for component STMicroelectronics:USB_DEVICE:1.0.0:STMicroelectronics:USB::USB Device:DFU HS::1.0:USB_DEVICE_1_0_RESTRICTED_HS
2024-11-28 01:55:43,732 [WARN] ModelIntegratedComponent:182 - Modes not found for component STMicroelectronics:USB_DEVICE:1.0.0:STMicroelectronics:USB::USB Device:HID HS::1.0:USB_DEVICE_1_0_RESTRICTED_HS
2024-11-28 01:55:43,732 [WARN] ModelIntegratedComponent:188 - Modes not found for component STMicroelectronics:USB_DEVICE:1.0.0:STMicroelectronics:USB::USB Device:HID HS::1.0:USB_DEVICE_1_0_RESTRICTED_HS
2024-11-28 01:55:43,732 [WARN] ModelIntegratedComponent:182 - Modes not found for component STMicroelectronics:USB_DEVICE:1.0.0:STMicroelectronics:USB::USB Device:Custom HID HS::1.0:USB_DEVICE_1_0_RESTRICTED_HS
2024-11-28 01:55:43,732 [WARN] ModelIntegratedComponent:188 - Modes not found for component STMicroelectronics:USB_DEVICE:1.0.0:STMicroelectronics:USB::USB Device:Custom HID HS::1.0:USB_DEVICE_1_0_RESTRICTED_HS
2024-11-28 01:55:43,733 [WARN] ModelIntegratedComponent:182 - Modes not found for component STMicroelectronics:USB_DEVICE:1.0.0:STMicroelectronics:USB::USB Device:MSC HS::1.0:USB_DEVICE_1_0_RESTRICTED_HS
2024-11-28 01:55:43,733 [WARN] ModelIntegratedComponent:188 - Modes not found for component STMicroelectronics:USB_DEVICE:1.0.0:STMicroelectronics:USB::USB Device:MSC HS::1.0:USB_DEVICE_1_0_RESTRICTED_HS
2024-11-28 01:55:43,751 [INFO] ThirdPartyModel:298 - Start build external matchings
2024-11-28 01:55:44,456 [INFO] ThirdPartyModel:316 - End build external matchings
2024-11-28 01:55:44,483 [INFO] ImportTextPane:205 - (OptionalMessage_ERROR) IP (RCC) : Parameter (RTCHSEDivFreq_Value) has invalid value (12500000)
2024-11-28 01:55:44,487 [WARN] IP:2191 - DEVICE_SERIAL0_CDC_FS not found: check if there is a RefParameter without a condition.
2024-11-28 01:55:44,487 [WARN] IP:2191 - DEVICE_SERIAL1_CDC_FS not found: check if there is a RefParameter without a condition.
2024-11-28 01:55:44,487 [WARN] IP:2191 - DEVICE_SERIAL2_CDC_FS not found: check if there is a RefParameter without a condition.
2024-11-28 01:55:44,793 [INFO] UtilMem:75 - End LoadConfig() Used Memory: 315375048 Bytes (762314752)
2024-11-28 01:55:44,866 [WARN] ThirdParty:833 - waiting for thirdparty lock release [change project]
2024-11-28 01:55:44,866 [INFO] ThirdParty:835 - entering critical section [change project]
2024-11-28 01:55:44,866 [INFO] ThirdParty:1030 - CMSIS Pack Vendor :STMicroelectronics USBPD 4.1
2024-11-28 01:55:44,866 [INFO] ThirdParty:1030 - CMSIS Pack Vendor :STMicroelectronics X-CUBE-AZRTOS-H7 3.3.0
2024-11-28 01:55:44,866 [INFO] ThirdParty:1030 - CMSIS Pack Vendor :STMicroelectronics X-CUBE-NFC9 1.0.0
2024-11-28 01:55:44,866 [INFO] ThirdParty:1030 - CMSIS Pack Vendor :STMicroelectronics USB_HOST 2.0.0
2024-11-28 01:55:44,866 [INFO] ThirdParty:1030 - CMSIS Pack Vendor :STMicroelectronics FP-SNS-MOTENVWB1 1.4.0
2024-11-28 01:55:44,866 [INFO] ThirdParty:1030 - CMSIS Pack Vendor :STMicroelectronics X-CUBE-AZRTOS-F4 1.1.0
2024-11-28 01:55:44,867 [INFO] ThirdParty:1030 - CMSIS Pack Vendor :STMicroelectronics LIBJPEG 8.0.0
2024-11-28 01:55:44,867 [INFO] ThirdParty:1030 - CMSIS Pack Vendor :STMicroelectronics FP-ATR-ASTRA1 2.0.1
2024-11-28 01:55:44,867 [INFO] ThirdParty:1030 - CMSIS Pack Vendor :STMicroelectronics X-CUBE-SMBUS 2.1.0
2024-11-28 01:55:44,867 [INFO] ThirdParty:1030 - CMSIS Pack Vendor :STMicroelectronics X-CUBE-WB05N 1.1.0
2024-11-28 01:55:44,867 [INFO] ThirdParty:1030 - CMSIS Pack Vendor :STMicroelectronics USB_DEVICE 3.0.0
2024-11-28 01:55:44,867 [INFO] ThirdParty:1030 - CMSIS Pack Vendor :STMicroelectronics X-CUBE-TCPP 4.1.0
2024-11-28 01:55:44,867 [INFO] ThirdParty:1030 - CMSIS Pack Vendor :STMicroelectronics X-CUBE-ISPU 2.1.0
2024-11-28 01:55:44,867 [INFO] ThirdParty:1030 - CMSIS Pack Vendor :STMicroelectronics X-CUBE-FREERTOS 1.2.0
2024-11-28 01:55:44,867 [INFO] ThirdParty:1030 - CMSIS Pack Vendor :STMicroelectronics X-CUBE-IPS 3.0.0
2024-11-28 01:55:44,867 [INFO] ThirdParty:1030 - CMSIS Pack Vendor :STMicroelectronics X-CUBE-AZRTOS-WB 2.0.0
2024-11-28 01:55:44,867 [INFO] ThirdParty:1030 - CMSIS Pack Vendor :STMicroelectronics X-CUBE-GNSS1 7.0.0
2024-11-28 01:55:44,867 [INFO] ThirdParty:1030 - CMSIS Pack Vendor :STMicroelectronics X-CUBE-AZRTOS-F7 1.1.0
2024-11-28 01:55:44,867 [INFO] ThirdParty:1030 - CMSIS Pack Vendor :STMicroelectronics X-CUBE-AZRTOS-L5 2.0.0
2024-11-28 01:55:44,867 [INFO] ThirdParty:1030 - CMSIS Pack Vendor :STMicroelectronics USB_DEVICE 2.0.0
2024-11-28 01:55:44,868 [INFO] ThirdParty:1030 - CMSIS Pack Vendor :STMicroelectronics X-CUBE-NFC6 3.1.0
2024-11-28 01:55:44,868 [INFO] ThirdParty:1030 - CMSIS Pack Vendor :STMicroelectronics FP-SNS-STBOX1 2.0.0
2024-11-28 01:55:44,868 [INFO] ThirdParty:1030 - CMSIS Pack Vendor :STMicroelectronics X-CUBE-MEMS1 11.0.0
2024-11-28 01:55:44,868 [INFO] ThirdParty:1030 - CMSIS Pack Vendor :STMicroelectronics FreeRTOS 0.0.1
2024-11-28 01:55:44,868 [INFO] ThirdParty:1030 - CMSIS Pack Vendor :STMicroelectronics X-CUBE-AZRTOS-G0 1.1.0
2024-11-28 01:55:44,868 [INFO] ThirdParty:1030 - CMSIS Pack Vendor :STMicroelectronics X-CUBE-SAFEA1 1.2.2
2024-11-28 01:55:44,868 [INFO] ThirdParty:1030 - CMSIS Pack Vendor :STMicroelectronics X-CUBE-NFC4 3.0.0
2024-11-28 01:55:44,868 [INFO] ThirdParty:1030 - CMSIS Pack Vendor :STMicroelectronics X-CUBE-DPower 1.2.0
2024-11-28 01:55:44,868 [INFO] ThirdParty:1030 - CMSIS Pack Vendor :STMicroelectronics X-CUBE-SUBG2 5.0.0
2024-11-28 01:55:44,868 [INFO] ThirdParty:1030 - CMSIS Pack Vendor :STMicroelectronics STM32_WPAN 1.0.0
2024-11-28 01:55:44,868 [INFO] ThirdParty:1030 - CMSIS Pack Vendor :EmbeddedOffice I-CUBE-FS-RTOS 1.0.1
2024-11-28 01:55:44,868 [INFO] ThirdParty:1030 - CMSIS Pack Vendor :STMicroelectronics lwIP 2.0.3
2024-11-28 01:55:44,868 [INFO] ThirdParty:1030 - CMSIS Pack Vendor :STMicroelectronics FP-SNS-FLIGHT1 5.0.2
2024-11-28 01:55:44,868 [INFO] ThirdParty:1030 - CMSIS Pack Vendor :Cesanta I-CUBE-Mongoose 7.13.0
2024-11-28 01:55:44,868 [INFO] ThirdParty:1030 - CMSIS Pack Vendor :STMicroelectronics USB_HOST 1.0.0
2024-11-28 01:55:44,868 [INFO] ThirdParty:1030 - CMSIS Pack Vendor :STMicroelectronics X-CUBE-AZRTOS-G4 2.0.0
2024-11-28 01:55:44,868 [INFO] ThirdParty:1030 - CMSIS Pack Vendor :STMicroelectronics PDM2PCM 3.1.0
2024-11-28 01:55:44,868 [INFO] ThirdParty:1030 - CMSIS Pack Vendor :STMicroelectronics PDM2PCM 3.3.0
2024-11-28 01:55:44,868 [INFO] ThirdParty:1030 - CMSIS Pack Vendor :STMicroelectronics X-CUBE-DISPLAY 3.0.0
2024-11-28 01:55:44,868 [INFO] ThirdParty:1030 - CMSIS Pack Vendor :RealThread X-CUBE-RT-Thread_Nano 4.1.1
2024-11-28 01:55:44,869 [INFO] ThirdParty:1030 - CMSIS Pack Vendor :STMicroelectronics X-CUBE-BLE1 7.0.0
2024-11-28 01:55:44,869 [INFO] ThirdParty:1030 - CMSIS Pack Vendor :STMicroelectronics FP-ATR-SIGFOX1 3.2.0
2024-11-28 01:55:44,869 [INFO] ThirdParty:1030 - CMSIS Pack Vendor :STMicroelectronics X-CUBE-NFC10 1.0.0
2024-11-28 01:55:44,869 [INFO] ThirdParty:1030 - CMSIS Pack Vendor :wolfSSL I-CUBE-wolfSSL 5.7.2
2024-11-28 01:55:44,869 [INFO] ThirdParty:1030 - CMSIS Pack Vendor :quantropi X-CUBE-qispace-sdk-base 1.9.3
2024-11-28 01:55:44,869 [INFO] ThirdParty:1030 - CMSIS Pack Vendor :STMicroelectronics X-CUBE-EEPRMA1 5.1.0
2024-11-28 01:55:44,869 [INFO] ThirdParty:1030 - CMSIS Pack Vendor :STMicroelectronics HAL Drivers 0.0.0
2024-11-28 01:55:44,869 [INFO] ThirdParty:1030 - CMSIS Pack Vendor :STMicroelectronics MBEDTLS 2.16.2
2024-11-28 01:55:44,869 [INFO] ThirdParty:1030 - CMSIS Pack Vendor :STMicroelectronics X-CUBE-ALS 1.0.2
2024-11-28 01:55:44,869 [INFO] ThirdParty:1030 - CMSIS Pack Vendor :emotas I-CUBE-CANOPEN 1.3.0
2024-11-28 01:55:44,869 [INFO] ThirdParty:1030 - CMSIS Pack Vendor :STMicroelectronics X-CUBE-NFC7 1.0.1
2024-11-28 01:55:44,869 [INFO] ThirdParty:1030 - CMSIS Pack Vendor :STMicroelectronics MBEDTLS 2.14.1
2024-11-28 01:55:44,870 [INFO] ThirdParty:1030 - CMSIS Pack Vendor :ITTIA_DB I-CUBE-ITTIADB 8.9.0
2024-11-28 01:55:44,870 [INFO] ThirdParty:1030 - CMSIS Pack Vendor :STMicroelectronics X-CUBE-TOUCHGFX 4.24.1
2024-11-28 01:55:44,870 [INFO] ThirdParty:1030 - CMSIS Pack Vendor :wolfSSL I-CUBE-wolfTPM 3.4.0
2024-11-28 01:55:44,870 [INFO] ThirdParty:1030 - CMSIS Pack Vendor :portGmbH I-Cube-SoM-uGOAL 1.1.0
2024-11-28 01:55:44,870 [INFO] ThirdParty:1030 - CMSIS Pack Vendor :STMicroelectronics X-CUBE-BLEMGR 3.1.0
2024-11-28 01:55:44,870 [INFO] ThirdParty:1030 - CMSIS Pack Vendor :STMicroelectronics ThreadX 1.0.0
2024-11-28 01:55:44,870 [INFO] ThirdParty:1030 - CMSIS Pack Vendor :STMicroelectronics FP-SNS-SMARTAG2 1.2.0
2024-11-28 01:55:44,870 [INFO] ThirdParty:1030 - CMSIS Pack Vendor :STMicroelectronics X-CUBE-AZRTOS-WL 2.0.0
2024-11-28 01:55:44,870 [INFO] ThirdParty:1030 - CMSIS Pack Vendor :SEGGER I-CUBE-embOS 1.3.1
2024-11-28 01:55:44,870 [INFO] ThirdParty:1030 - CMSIS Pack Vendor :STMicroelectronics X-CUBE-ALGOBUILD 1.4.0
2024-11-28 01:55:44,870 [INFO] ThirdParty:1030 - CMSIS Pack Vendor :STMicroelectronics FP-SNS-MOTENV1 5.0.0
2024-11-28 01:55:44,870 [INFO] ThirdParty:1030 - CMSIS Pack Vendor :STMicroelectronics USB_DEVICE 1.0.0
2024-11-28 01:55:44,870 [INFO] ThirdParty:1030 - CMSIS Pack Vendor :STMicroelectronics X-CUBE-AZRTOS-H7RS 1.0.0
2024-11-28 01:55:44,870 [INFO] ThirdParty:1030 - CMSIS Pack Vendor :wolfSSL I-CUBE-wolfMQTT 1.19.0
2024-11-28 01:55:44,871 [INFO] ThirdParty:1030 - CMSIS Pack Vendor :STMicroelectronics X-CUBE-AZRTOS-L4 2.0.0
2024-11-28 01:55:44,871 [INFO] ThirdParty:1030 - CMSIS Pack Vendor :STMicroelectronics ThreadX 0.0.2
2024-11-28 01:55:44,871 [INFO] ThirdParty:1030 - CMSIS Pack Vendor :WES I-CUBE-Cesium 1.3.0
2024-11-28 01:55:44,871 [INFO] ThirdParty:1030 - CMSIS Pack Vendor :STMicroelectronics FP-ATR-ASTRA1 2.0.0
2024-11-28 01:55:44,871 [INFO] ThirdParty:1030 - CMSIS Pack Vendor :STMicroelectronics lwIP 2.1.2
2024-11-28 01:55:44,871 [INFO] ThirdParty:1030 - CMSIS Pack Vendor :STMicroelectronics X-CUBE-SFXS2LP1 4.0.0
2024-11-28 01:55:44,871 [INFO] ThirdParty:1030 - CMSIS Pack Vendor :STMicroelectronics X-CUBE-BLE2 3.3.0
2024-11-28 01:55:44,871 [INFO] ThirdParty:1030 - CMSIS Pack Vendor :STMicroelectronics X-CUBE-TOF1 3.4.2
2024-11-28 01:55:44,871 [INFO] ThirdParty:1030 - CMSIS Pack Vendor :STMicroelectronics X-CUBE-AI 9.1.0
2024-11-28 01:55:44,871 [INFO] ThirdParty:1030 - CMSIS Pack Vendor :Infineon AIROC-Wi-Fi-Bluetooth-STM32 1.6.1
2024-11-28 01:55:44,872 [INFO] ThirdParty:1030 - CMSIS Pack Vendor :STMicroelectronics PDM2PCM 3.2.0
2024-11-28 01:55:44,872 [INFO] ThirdParty:1030 - CMSIS Pack Vendor :wolfSSL I-CUBE-wolfSSH 1.4.17
2024-11-28 01:55:44,872 [INFO] ThirdParty:841 - exiting critical section [change project]
2024-11-28 01:55:45,209 [INFO] PinOutPanel:1561 - setPackage(No Configuration,No Configuration)
2024-11-28 01:55:45,210 [INFO] PinOutPanel:1561 - setPackage(STM32F411CEUx,UFQFPN48)
2024-11-28 01:55:45,614 [INFO] UtilMem:75 - Before build in PCC Used Memory: 310371560 Bytes (762314752)
2024-11-28 01:55:46,130 [INFO] UtilMem:75 - After build in PCC Used Memory: 353363192 Bytes (762314752)
2024-11-28 01:55:46,322 [INFO] ApiDbMcu:508 - Load IP Config File for USB_DEVICE
2024-11-28 01:55:46,353 [INFO] IPUIPlugin:80 - create IPUIPlugin
2024-11-28 01:55:46,353 [INFO] IPUIPlugin:80 - create IPUIPlugin
2024-11-28 01:55:46,353 [INFO] IPUIPlugin:80 - create IPUIPlugin
2024-11-28 01:55:46,353 [INFO] IPUIPlugin:80 - create IPUIPlugin
2024-11-28 01:55:46,353 [INFO] IPUIPlugin:80 - create IPUIPlugin
2024-11-28 01:55:46,354 [INFO] IPUIPlugin:80 - create IPUIPlugin
2024-11-28 01:55:46,354 [INFO] IPUIPlugin:80 - create IPUIPlugin
2024-11-28 01:55:46,354 [INFO] IPUIPlugin:80 - create IPUIPlugin
2024-11-28 01:55:46,355 [INFO] IPUIPlugin:80 - create IPUIPlugin
2024-11-28 01:55:46,355 [INFO] IPUIPlugin:80 - create IPUIPlugin
2024-11-28 01:55:46,355 [INFO] IPUIPlugin:80 - create IPUIPlugin
2024-11-28 01:55:46,355 [INFO] IPUIPlugin:80 - create IPUIPlugin
2024-11-28 01:55:46,355 [INFO] IPUIPlugin:80 - create IPUIPlugin
2024-11-28 01:55:46,356 [INFO] IPUIPlugin:80 - create IPUIPlugin
2024-11-28 01:55:46,356 [INFO] IPUIPlugin:80 - create IPUIPlugin
2024-11-28 01:55:46,356 [INFO] IPUIPlugin:80 - create IPUIPlugin
2024-11-28 01:55:46,356 [INFO] IPUIPlugin:80 - create IPUIPlugin
2024-11-28 01:55:46,357 [INFO] IPUIPlugin:80 - create IPUIPlugin
2024-11-28 01:55:46,357 [INFO] IPUIPlugin:80 - create IPUIPlugin
2024-11-28 01:55:46,357 [INFO] IPUIPlugin:80 - create IPUIPlugin
2024-11-28 01:55:46,357 [INFO] IPUIPlugin:80 - create IPUIPlugin
2024-11-28 01:55:46,358 [INFO] IPUIPlugin:80 - create IPUIPlugin
2024-11-28 01:55:46,358 [INFO] IPUIPlugin:80 - create IPUIPlugin
2024-11-28 01:55:46,358 [INFO] IPUIPlugin:80 - create IPUIPlugin
2024-11-28 01:55:46,358 [INFO] IPUIPlugin:80 - create IPUIPlugin
2024-11-28 01:55:46,358 [INFO] IPUIPlugin:80 - create IPUIPlugin
2024-11-28 01:55:46,359 [INFO] IPUIPlugin:80 - create IPUIPlugin
2024-11-28 01:55:46,360 [INFO] IPUIPlugin:80 - create IPUIPlugin
2024-11-28 01:55:46,360 [INFO] IPUIPlugin:80 - create IPUIPlugin
2024-11-28 01:55:46,360 [INFO] IPUIPlugin:80 - create IPUIPlugin
2024-11-28 01:55:46,361 [INFO] IPUIPlugin:80 - create IPUIPlugin
2024-11-28 01:55:46,361 [INFO] IPUIPlugin:80 - create IPUIPlugin
2024-11-28 01:55:46,361 [INFO] IPUIPlugin:80 - create IPUIPlugin
2024-11-28 01:55:46,361 [INFO] IPUIPlugin:80 - create IPUIPlugin
2024-11-28 01:55:46,361 [INFO] IPUIPlugin:80 - create IPUIPlugin
2024-11-28 01:55:46,361 [INFO] IPUIPlugin:80 - create IPUIPlugin
2024-11-28 01:55:46,362 [INFO] IPUIPlugin:80 - create IPUIPlugin
2024-11-28 01:55:46,363 [INFO] IPUIPlugin:80 - create IPUIPlugin
2024-11-28 01:55:46,363 [INFO] IPUIPlugin:80 - create IPUIPlugin
2024-11-28 01:55:46,363 [INFO] IPUIPlugin:80 - create IPUIPlugin
2024-11-28 01:55:46,364 [INFO] IPUIPlugin:80 - create IPUIPlugin
2024-11-28 01:55:46,364 [INFO] IPUIPlugin:80 - create IPUIPlugin
2024-11-28 01:55:46,364 [INFO] IPUIPlugin:80 - create IPUIPlugin
2024-11-28 01:55:46,368 [INFO] ApiDbMcu:508 - Load IP Config File for PDM2PCM
2024-11-28 01:55:46,552 [INFO] CADModel:165 - CPN selected for project levelSTM32F411CEU6
2024-11-28 01:55:46,552 [INFO] CADModel:114 - Register for checkConnection events
2024-11-28 01:55:46,595 [INFO] OpenFileManager:363 - Restore cursor
2024-11-28 01:55:47,140 [WARN] IP:2191 - DEVICE_SERIAL0_CDC_FS not found: check if there is a RefParameter without a condition.
2024-11-28 01:55:47,141 [WARN] IP:2191 - DEVICE_SERIAL1_CDC_FS not found: check if there is a RefParameter without a condition.
2024-11-28 01:55:47,141 [WARN] IP:2191 - DEVICE_SERIAL2_CDC_FS not found: check if there is a RefParameter without a condition.
2024-11-28 01:55:47,143 [WARN] IP:2191 - DEVICE_SERIAL0_CDC_FS not found: check if there is a RefParameter without a condition.
2024-11-28 01:55:47,143 [WARN] IP:2191 - DEVICE_SERIAL1_CDC_FS not found: check if there is a RefParameter without a condition.
2024-11-28 01:55:47,143 [WARN] IP:2191 - DEVICE_SERIAL2_CDC_FS not found: check if there is a RefParameter without a condition.
2024-11-28 01:56:00,553 [INFO] NvicIntPanel:101 - NVIC parent = com.st.microxplorer.plugins.ip.nvic.MultiNvicIntPanel[,0,0,450x136,layout=javax.swing.BoxLayout,alignmentX=0.0,alignmentY=0.0,border=,flags=9,maximumSize=,minimumSize=,preferredSize=]
