2024-11-27 16:06:00,521 [INFO] WebApp:189 - Connection lost
2024-11-27 16:06:40,832 [INFO] WebApp:186 - Connection restablished
2024-11-27 16:28:36,551 [INFO] WebApp:189 - Connection lost
2024-11-27 16:28:49,303 [INFO] WebApp:186 - Connection restablished
2024-11-27 18:25:59,135 [INFO] WebApp:189 - Connection lost
2024-11-27 18:26:07,158 [INFO] WebApp:186 - Connection restablished
2024-11-27 21:18:26,816 [INFO] NvicIntPanel:101 - NVIC parent = com.st.microxplorer.plugins.ip.nvic.MultiNvicIntPanel[,0,0,0x0,invalid,layout=javax.swing.BoxLayout,alignmentX=0.0,alignmentY=0.0,border=,flags=9,maximumSize=,minimumSize=,preferredSize=]
2024-11-27 21:18:29,434 [INFO] NvicIntPanel:101 - NVIC parent = com.st.microxplorer.plugins.ip.nvic.MultiNvicIntPanel[,0,0,0x0,invalid,layout=javax.swing.BoxLayout,alignmentX=0.0,alignmentY=0.0,border=,flags=9,maximumSize=,minimumSize=,preferredSize=]
2024-11-27 21:18:34,868 [INFO] UtilMem:75 - End SaveConfig() Used Memory: 313986760 Bytes (706740224)
2024-11-27 21:18:35,172 [INFO] UtilMem:75 - End SaveConfig() Used Memory: 327091912 Bytes (706740224)
2024-11-27 21:18:36,780 [INFO] UtilMem:75 - End SaveConfig() Used Memory: 405212872 Bytes (706740224)
2024-11-27 21:18:37,050 [INFO] BlockDiagram:2766 - set Specific Code input for plugin: SPI
2024-11-27 21:18:37,050 [INFO] BlockDiagram:2766 - set Specific Code input for plugin: USB_OTG_FS
2024-11-27 21:18:37,051 [INFO] BlockDiagram:2766 - set Specific Code input for plugin: NVIC
2024-11-27 21:18:37,051 [INFO] BlockDiagram:2766 - set Specific Code input for plugin: USART
2024-11-27 21:18:37,051 [INFO] BlockDiagram:2766 - set Specific Code input for plugin: USB_DEVICE
2024-11-27 21:18:37,051 [INFO] BlockDiagram:2766 - set Specific Code input for plugin: SYS
2024-11-27 21:18:37,051 [INFO] BlockDiagram:2766 - set Specific Code input for plugin: GPIO
2024-11-27 21:18:37,051 [INFO] BlockDiagram:2766 - set Specific Code input for plugin: RCC
2024-11-27 21:18:37,053 [INFO] CodeGenerator:807 - code generatio: config db path: /Applications/STM32CubeIDE.app/Contents/Eclipse/plugins/com.st.stm32cube.common.mx_6.12.1.202409122256//db/
2024-11-27 21:18:37,093 [WARN] IP:2191 - DEVICE_SERIAL0_CDC_FS not found: check if there is a RefParameter without a condition.
2024-11-27 21:18:37,094 [WARN] IP:2191 - DEVICE_SERIAL1_CDC_FS not found: check if there is a RefParameter without a condition.
2024-11-27 21:18:37,105 [WARN] IP:2191 - DEVICE_SERIAL2_CDC_FS not found: check if there is a RefParameter without a condition.
2024-11-27 21:18:37,266 [INFO] CodeEngine:255 - oldGeneratedFile, /Users/Zarina/STM32CubeIDE/workspace_1.16.1/SRAD_Telemetry/MXTmpFiles/license.tmp_save
2024-11-27 21:18:37,493 [INFO] CodeEngine:279 - Generated code: /Users/Zarina/STM32CubeIDE/workspace_1.16.1/SRAD_Telemetry/MXTmpFiles/license.tmp
2024-11-27 21:18:37,556 [INFO] CodeEngine:255 - oldGeneratedFile, /Users/Zarina/STM32CubeIDE/workspace_1.16.1/SRAD_Telemetry/MXTmpFiles/gpio.tmp_save
2024-11-27 21:18:37,778 [INFO] CodeEngine:279 - Generated code: /Users/Zarina/STM32CubeIDE/workspace_1.16.1/SRAD_Telemetry/MXTmpFiles/gpio.tmp
2024-11-27 21:18:37,938 [WARN] IPConfigManager:3005 - Warning: the RefConfig PWREx_EnableUSBVoltageDetector is not available in your config.xml file
2024-11-27 21:18:37,948 [INFO] CodeEngine:255 - oldGeneratedFile, /Users/Zarina/STM32CubeIDE/workspace_1.16.1/SRAD_Telemetry/MXTmpFiles/usb_otg_fs_vars.tmp_save
2024-11-27 21:18:38,095 [INFO] CodeEngine:279 - Generated code: /Users/Zarina/STM32CubeIDE/workspace_1.16.1/SRAD_Telemetry/MXTmpFiles/usb_otg_fs_vars.tmp
2024-11-27 21:18:38,104 [INFO] CodeEngine:255 - oldGeneratedFile, /Users/Zarina/STM32CubeIDE/workspace_1.16.1/SRAD_Telemetry/MXTmpFiles/usb_otg_fs_inc.tmp_save
2024-11-27 21:18:38,245 [INFO] CodeEngine:279 - Generated code: /Users/Zarina/STM32CubeIDE/workspace_1.16.1/SRAD_Telemetry/MXTmpFiles/usb_otg_fs_inc.tmp
2024-11-27 21:18:38,251 [INFO] CodeEngine:255 - oldGeneratedFile, /Users/Zarina/STM32CubeIDE/workspace_1.16.1/SRAD_Telemetry/MXTmpFiles/usb_otg_fs_HalInit.tmp_save
2024-11-27 21:18:38,401 [INFO] CodeEngine:279 - Generated code: /Users/Zarina/STM32CubeIDE/workspace_1.16.1/SRAD_Telemetry/MXTmpFiles/usb_otg_fs_HalInit.tmp
2024-11-27 21:18:38,408 [INFO] CodeEngine:255 - oldGeneratedFile, /Users/Zarina/STM32CubeIDE/workspace_1.16.1/SRAD_Telemetry/MXTmpFiles/usb_otg_fs_Msp.tmp_save
2024-11-27 21:18:38,636 [INFO] CodeEngine:279 - Generated code: /Users/Zarina/STM32CubeIDE/workspace_1.16.1/SRAD_Telemetry/MXTmpFiles/usb_otg_fs_Msp.tmp
2024-11-27 21:18:39,195 [INFO] Middleware:1439 - No code input for Bsp Dependency
2024-11-27 21:18:39,303 [INFO] Middleware:1439 - No code input for Bsp Dependency
2024-11-27 21:18:39,313 [INFO] CodeEngine:255 - oldGeneratedFile, /Users/Zarina/STM32CubeIDE/workspace_1.16.1/SRAD_Telemetry/USB_DEVICE/App/usb_device.c_save
2024-11-27 21:18:39,480 [INFO] CodeEngine:279 - Generated code: /Users/Zarina/STM32CubeIDE/workspace_1.16.1/SRAD_Telemetry/USB_DEVICE/App/usb_device.c
2024-11-27 21:18:39,486 [INFO] CodeEngine:255 - oldGeneratedFile, /Users/Zarina/STM32CubeIDE/workspace_1.16.1/SRAD_Telemetry/USB_DEVICE/App/usb_device.h_save
2024-11-27 21:18:39,643 [INFO] CodeEngine:279 - Generated code: /Users/Zarina/STM32CubeIDE/workspace_1.16.1/SRAD_Telemetry/USB_DEVICE/App/usb_device.h
2024-11-27 21:18:39,650 [INFO] CodeEngine:255 - oldGeneratedFile, /Users/Zarina/STM32CubeIDE/workspace_1.16.1/SRAD_Telemetry/USB_DEVICE/Target/usbd_conf.h_save
2024-11-27 21:18:39,788 [INFO] CodeEngine:279 - Generated code: /Users/Zarina/STM32CubeIDE/workspace_1.16.1/SRAD_Telemetry/USB_DEVICE/Target/usbd_conf.h
2024-11-27 21:18:39,793 [INFO] CodeEngine:255 - oldGeneratedFile, /Users/Zarina/STM32CubeIDE/workspace_1.16.1/SRAD_Telemetry/USB_DEVICE/Target/usbd_conf.c_save
2024-11-27 21:18:39,938 [INFO] CodeEngine:279 - Generated code: /Users/Zarina/STM32CubeIDE/workspace_1.16.1/SRAD_Telemetry/USB_DEVICE/Target/usbd_conf.c
2024-11-27 21:18:39,944 [INFO] CodeEngine:255 - oldGeneratedFile, /Users/Zarina/STM32CubeIDE/workspace_1.16.1/SRAD_Telemetry/USB_DEVICE/App/usbd_desc.h_save
2024-11-27 21:18:40,148 [INFO] CodeEngine:279 - Generated code: /Users/Zarina/STM32CubeIDE/workspace_1.16.1/SRAD_Telemetry/USB_DEVICE/App/usbd_desc.h
2024-11-27 21:18:40,153 [INFO] CodeEngine:255 - oldGeneratedFile, /Users/Zarina/STM32CubeIDE/workspace_1.16.1/SRAD_Telemetry/USB_DEVICE/App/usbd_desc.c_save
2024-11-27 21:18:40,310 [INFO] CodeEngine:279 - Generated code: /Users/Zarina/STM32CubeIDE/workspace_1.16.1/SRAD_Telemetry/USB_DEVICE/App/usbd_desc.c
2024-11-27 21:18:40,324 [INFO] CodeEngine:255 - oldGeneratedFile, /Users/Zarina/STM32CubeIDE/workspace_1.16.1/SRAD_Telemetry/USB_DEVICE/App/usbd_cdc_if.h_save
2024-11-27 21:18:40,494 [INFO] CodeEngine:279 - Generated code: /Users/Zarina/STM32CubeIDE/workspace_1.16.1/SRAD_Telemetry/USB_DEVICE/App/usbd_cdc_if.h
2024-11-27 21:18:40,504 [INFO] CodeEngine:255 - oldGeneratedFile, /Users/Zarina/STM32CubeIDE/workspace_1.16.1/SRAD_Telemetry/USB_DEVICE/App/usbd_cdc_if.c_save
2024-11-27 21:18:40,633 [INFO] CodeEngine:279 - Generated code: /Users/Zarina/STM32CubeIDE/workspace_1.16.1/SRAD_Telemetry/USB_DEVICE/App/usbd_cdc_if.c
2024-11-27 21:18:40,650 [INFO] CodeEngine:255 - oldGeneratedFile, /Users/Zarina/STM32CubeIDE/workspace_1.16.1/SRAD_Telemetry/Core/Src/stm32f4xx_it.c_save
2024-11-27 21:18:41,133 [INFO] CodeEngine:279 - Generated code: /Users/Zarina/STM32CubeIDE/workspace_1.16.1/SRAD_Telemetry/Core/Src/stm32f4xx_it.c
2024-11-27 21:18:41,139 [INFO] CodeEngine:255 - oldGeneratedFile, /Users/Zarina/STM32CubeIDE/workspace_1.16.1/SRAD_Telemetry/Core/Inc/stm32f4xx_it.h_save
2024-11-27 21:18:41,269 [INFO] CodeEngine:279 - Generated code: /Users/Zarina/STM32CubeIDE/workspace_1.16.1/SRAD_Telemetry/Core/Inc/stm32f4xx_it.h
2024-11-27 21:18:41,289 [INFO] CodeEngine:255 - oldGeneratedFile, /Users/Zarina/STM32CubeIDE/workspace_1.16.1/SRAD_Telemetry/Core/Src/stm32f4xx_hal_msp.c_save
2024-11-27 21:18:41,465 [INFO] CodeEngine:279 - Generated code: /Users/Zarina/STM32CubeIDE/workspace_1.16.1/SRAD_Telemetry/Core/Src/stm32f4xx_hal_msp.c
2024-11-27 21:18:41,470 [INFO] CodeEngine:255 - oldGeneratedFile, /Users/Zarina/STM32CubeIDE/workspace_1.16.1/SRAD_Telemetry/MXTmpFiles/system.tmp_save
2024-11-27 21:18:41,603 [INFO] CodeEngine:279 - Generated code: /Users/Zarina/STM32CubeIDE/workspace_1.16.1/SRAD_Telemetry/MXTmpFiles/system.tmp
2024-11-27 21:18:41,613 [INFO] CodeEngine:311 - oldGeneratedFile, /Users/Zarina/STM32CubeIDE/workspace_1.16.1/SRAD_Telemetry/Core/Inc/stm32f4xx_hal_conf.h_save
2024-11-27 21:18:41,769 [INFO] CodeEngine:335 - Generated code: /Users/Zarina/STM32CubeIDE/workspace_1.16.1/SRAD_Telemetry/Core/Inc/stm32f4xx_hal_conf.h
2024-11-27 21:18:41,904 [INFO] CodeEngine:255 - oldGeneratedFile, /Users/Zarina/STM32CubeIDE/workspace_1.16.1/SRAD_Telemetry/Core/Inc/main.h_save
2024-11-27 21:18:42,095 [INFO] CodeEngine:279 - Generated code: /Users/Zarina/STM32CubeIDE/workspace_1.16.1/SRAD_Telemetry/Core/Inc/main.h
2024-11-27 21:18:42,103 [INFO] CodeEngine:255 - oldGeneratedFile, /Users/Zarina/STM32CubeIDE/workspace_1.16.1/SRAD_Telemetry/Core/Src/main.c_save
2024-11-27 21:18:42,442 [INFO] CodeEngine:279 - Generated code: /Users/Zarina/STM32CubeIDE/workspace_1.16.1/SRAD_Telemetry/Core/Src/main.c
2024-11-27 21:18:43,188 [INFO] ProjectBuilder:3249 - Time for Copy HAL[1] : 301mS.
2024-11-27 21:18:43,194 [INFO] ProjectBuilder:4828 - Project Generator version: 4.5.0-B34
2024-11-27 21:18:43,393 [INFO] ConfigFileManager:1531 - The Die is : DIE431
2024-11-27 21:18:45,520 [INFO] ProjectBuilder:5097 - Time for Generating toolchain IDE Files: 2325mS.
2024-11-27 21:18:45,520 [INFO] ProjectBuilder:3107 - Time for Copy CMSIS : 0mS.
2024-11-27 21:18:45,524 [INFO] ProjectBuilder:3107 - Time for Copy CMSIS : 0mS.
